<?xml version="1.0" encoding="UTF-8"?>
<testsuite name="id.ac.ui.cs.advprog.MyAc.controller.PostControllerTest" tests="1" skipped="0" failures="0" errors="0" timestamp="2020-05-12T02:50:41" hostname="DESKTOP-VVI2B95" time="0.121">
  <properties/>
  <testcase name="whenAddUrlIsAccessedItShouldContainNewPost()" classname="id.ac.ui.cs.advprog.MyAc.controller.PostControllerTest" time="0.121"/>
  <system-out><![CDATA[2020-05-11 19:50:39.887  INFO 1276 --- [    Test worker] .b.t.a.w.s.WebMvcTestContextBootstrapper : Neither @ContextConfiguration nor @ContextHierarchy found for test class [id.ac.ui.cs.advprog.MyAc.controller.PostControllerTest], using SpringBootContextLoader
2020-05-11 19:50:39.891  INFO 1276 --- [    Test worker] o.s.t.c.support.AbstractContextLoader    : Could not detect default resource locations for test class [id.ac.ui.cs.advprog.MyAc.controller.PostControllerTest]: no resource found for suffixes {-context.xml, Context.groovy}.
2020-05-11 19:50:39.891  INFO 1276 --- [    Test worker] t.c.s.AnnotationConfigContextLoaderUtils : Could not detect default configuration classes for test class [id.ac.ui.cs.advprog.MyAc.controller.PostControllerTest]: PostControllerTest does not declare any static, non-private, non-final, nested classes annotated with @Configuration.
2020-05-11 19:50:39.903  INFO 1276 --- [    Test worker] .b.t.c.SpringBootTestContextBootstrapper : Found @SpringBootConfiguration id.ac.ui.cs.advprog.MyAc.MyAcApplication for test class id.ac.ui.cs.advprog.MyAc.controller.PostControllerTest
2020-05-11 19:50:39.904  INFO 1276 --- [    Test worker] .b.t.a.w.s.WebMvcTestContextBootstrapper : Loaded default TestExecutionListener class names from location [META-INF/spring.factories]: [org.springframework.security.test.context.support.WithSecurityContextTestExecutionListener, org.springframework.security.test.context.support.ReactorContextTestExecutionListener, org.springframework.boot.test.autoconfigure.restdocs.RestDocsTestExecutionListener, org.springframework.boot.test.autoconfigure.web.client.MockRestServiceServerResetTestExecutionListener, org.springframework.boot.test.autoconfigure.web.servlet.MockMvcPrintOnlyOnFailureTestExecutionListener, org.springframework.boot.test.autoconfigure.web.servlet.WebDriverTestExecutionListener, org.springframework.boot.test.mock.mockito.MockitoTestExecutionListener, org.springframework.boot.test.mock.mockito.ResetMocksTestExecutionListener, org.springframework.test.context.web.ServletTestExecutionListener, org.springframework.test.context.support.DirtiesContextBeforeModesTestExecutionListener, org.springframework.test.context.support.DependencyInjectionTestExecutionListener, org.springframework.test.context.support.DirtiesContextTestExecutionListener, org.springframework.test.context.transaction.TransactionalTestExecutionListener, org.springframework.test.context.jdbc.SqlScriptsTestExecutionListener, org.springframework.test.context.event.EventPublishingTestExecutionListener]
2020-05-11 19:50:39.905  INFO 1276 --- [    Test worker] .b.t.a.w.s.WebMvcTestContextBootstrapper : Using TestExecutionListeners: [org.springframework.test.context.web.ServletTestExecutionListener@6d2b97b9, org.springframework.test.context.support.DirtiesContextBeforeModesTestExecutionListener@19b4d7f0, org.springframework.boot.test.mock.mockito.MockitoTestExecutionListener@4f7f8ba4, org.springframework.boot.test.autoconfigure.SpringBootDependencyInjectionTestExecutionListener@5c5d9718, org.springframework.test.context.support.DirtiesContextTestExecutionListener@6d7a4575, org.springframework.test.context.transaction.TransactionalTestExecutionListener@52ce147d, org.springframework.test.context.jdbc.SqlScriptsTestExecutionListener@61df872b, org.springframework.security.test.context.support.WithSecurityContextTestExecutionListener@510a295f, org.springframework.test.context.event.EventPublishingTestExecutionListener@6ee48fe6, org.springframework.security.test.context.support.ReactorContextTestExecutionListener@4c2b13bb, org.springframework.boot.test.autoconfigure.restdocs.RestDocsTestExecutionListener@51d033ca, org.springframework.boot.test.autoconfigure.web.client.MockRestServiceServerResetTestExecutionListener@5110b87e, org.springframework.boot.test.autoconfigure.web.servlet.MockMvcPrintOnlyOnFailureTestExecutionListener@1bc19605, org.springframework.boot.test.autoconfigure.web.servlet.WebDriverTestExecutionListener@fe3e80d, org.springframework.boot.test.mock.mockito.ResetMocksTestExecutionListener@5ffdd458]

  .   ____          _            __ _ _
 /\\ / ___'_ __ _ _(_)_ __  __ _ \ \ \ \
( ( )\___ | '_ | '_| | '_ \/ _` | \ \ \ \
 \\/  ___)| |_)| | | | | || (_| |  ) ) ) )
  '  |____| .__|_| |_|_| |_\__, | / / / /
 =========|_|==============|___/=/_/_/_/
 :: Spring Boot ::        (v2.2.4.RELEASE)

2020-05-11 19:50:39.993  INFO 1276 --- [    Test worker] i.a.u.c.a.M.c.PostControllerTest         : Starting PostControllerTest on DESKTOP-VVI2B95 with PID 1276 (started by USER in D:\Project\myacademy\myacademy\MyAc)
2020-05-11 19:50:39.996  INFO 1276 --- [    Test worker] i.a.u.c.a.M.c.PostControllerTest         : No active profile set, falling back to default profiles: default
2020-05-11 19:50:40.778  INFO 1276 --- [    Test worker] o.s.s.web.DefaultSecurityFilterChain     : Creating filter chain: any request, [org.springframework.security.web.context.request.async.WebAsyncManagerIntegrationFilter@1c4c9054, org.springframework.security.web.context.SecurityContextPersistenceFilter@5d8c5e1e, org.springframework.security.web.header.HeaderWriterFilter@a38d075, org.springframework.security.web.csrf.CsrfFilter@ecb910d, org.springframework.security.web.authentication.logout.LogoutFilter@4d198fb4, org.springframework.security.web.authentication.UsernamePasswordAuthenticationFilter@443e913a, org.springframework.security.web.savedrequest.RequestCacheAwareFilter@5e781178, org.springframework.security.web.servletapi.SecurityContextHolderAwareRequestFilter@120fd9ba, org.springframework.security.web.authentication.AnonymousAuthenticationFilter@4153d291, org.springframework.security.web.session.SessionManagementFilter@f1de509, org.springframework.security.web.access.ExceptionTranslationFilter@476883f4, org.springframework.security.web.access.intercept.FilterSecurityInterceptor@6bb00559]
2020-05-11 19:50:41.067  INFO 1276 --- [    Test worker] o.s.s.concurrent.ThreadPoolTaskExecutor  : Initializing ExecutorService 'applicationTaskExecutor'
2020-05-11 19:50:41.155  INFO 1276 --- [    Test worker] o.s.b.a.w.s.WelcomePageHandlerMapping    : Adding welcome page template: index
2020-05-11 19:50:41.453  INFO 1276 --- [    Test worker] o.s.b.t.m.w.SpringBootMockServletContext : Initializing Spring TestDispatcherServlet ''
2020-05-11 19:50:41.453  INFO 1276 --- [    Test worker] o.s.t.web.servlet.TestDispatcherServlet  : Initializing Servlet ''
2020-05-11 19:50:41.469  INFO 1276 --- [    Test worker] o.s.t.web.servlet.TestDispatcherServlet  : Completed initialization in 16 ms
2020-05-11 19:50:41.511  INFO 1276 --- [    Test worker] i.a.u.c.a.M.c.PostControllerTest         : Started PostControllerTest in 1.596 seconds (JVM running for 18.228)
]]></system-out>
  <system-err><![CDATA[]]></system-err>
</testsuite>
