<?xml version="1.0" encoding="UTF-8"?>
<testsuite name="id.ac.ui.cs.advprog.MyAc.controller.UserRegistrationControllerTest" tests="1" skipped="0" failures="0" errors="0" timestamp="2020-05-15T08:42:52" hostname="DESKTOP-VVI2B95" time="0.423">
  <properties/>
  <testcase name="whenShowRegistrationFormCalledShouldReturnRegistrationFormPage()" classname="id.ac.ui.cs.advprog.MyAc.controller.UserRegistrationControllerTest" time="0.423"/>
  <system-out><![CDATA[2020-05-15 01:42:50.599  INFO 17616 --- [    Test worker] .b.t.a.w.s.WebMvcTestContextBootstrapper : Neither @ContextConfiguration nor @ContextHierarchy found for test class [id.ac.ui.cs.advprog.MyAc.controller.UserRegistrationControllerTest], using SpringBootContextLoader
2020-05-15 01:42:50.602  INFO 17616 --- [    Test worker] o.s.t.c.support.AbstractContextLoader    : Could not detect default resource locations for test class [id.ac.ui.cs.advprog.MyAc.controller.UserRegistrationControllerTest]: no resource found for suffixes {-context.xml, Context.groovy}.
2020-05-15 01:42:50.602  INFO 17616 --- [    Test worker] t.c.s.AnnotationConfigContextLoaderUtils : Could not detect default configuration classes for test class [id.ac.ui.cs.advprog.MyAc.controller.UserRegistrationControllerTest]: UserRegistrationControllerTest does not declare any static, non-private, non-final, nested classes annotated with @Configuration.
2020-05-15 01:42:50.610  INFO 17616 --- [    Test worker] .b.t.c.SpringBootTestContextBootstrapper : Found @SpringBootConfiguration id.ac.ui.cs.advprog.MyAc.MyAcApplication for test class id.ac.ui.cs.advprog.MyAc.controller.UserRegistrationControllerTest
2020-05-15 01:42:50.611  INFO 17616 --- [    Test worker] .b.t.a.w.s.WebMvcTestContextBootstrapper : Loaded default TestExecutionListener class names from location [META-INF/spring.factories]: [org.springframework.security.test.context.support.WithSecurityContextTestExecutionListener, org.springframework.security.test.context.support.ReactorContextTestExecutionListener, org.springframework.boot.test.autoconfigure.restdocs.RestDocsTestExecutionListener, org.springframework.boot.test.autoconfigure.web.client.MockRestServiceServerResetTestExecutionListener, org.springframework.boot.test.autoconfigure.web.servlet.MockMvcPrintOnlyOnFailureTestExecutionListener, org.springframework.boot.test.autoconfigure.web.servlet.WebDriverTestExecutionListener, org.springframework.boot.test.mock.mockito.MockitoTestExecutionListener, org.springframework.boot.test.mock.mockito.ResetMocksTestExecutionListener, org.springframework.test.context.web.ServletTestExecutionListener, org.springframework.test.context.support.DirtiesContextBeforeModesTestExecutionListener, org.springframework.test.context.support.DependencyInjectionTestExecutionListener, org.springframework.test.context.support.DirtiesContextTestExecutionListener, org.springframework.test.context.transaction.TransactionalTestExecutionListener, org.springframework.test.context.jdbc.SqlScriptsTestExecutionListener, org.springframework.test.context.event.EventPublishingTestExecutionListener]
2020-05-15 01:42:50.614  INFO 17616 --- [    Test worker] .b.t.a.w.s.WebMvcTestContextBootstrapper : Using TestExecutionListeners: [org.springframework.test.context.web.ServletTestExecutionListener@cd514a1, org.springframework.test.context.support.DirtiesContextBeforeModesTestExecutionListener@40c6d715, org.springframework.boot.test.mock.mockito.MockitoTestExecutionListener@de25bec, org.springframework.boot.test.autoconfigure.SpringBootDependencyInjectionTestExecutionListener@23e52e39, org.springframework.test.context.support.DirtiesContextTestExecutionListener@73146f8, org.springframework.test.context.transaction.TransactionalTestExecutionListener@71b95774, org.springframework.test.context.jdbc.SqlScriptsTestExecutionListener@6e9b5f94, org.springframework.security.test.context.support.WithSecurityContextTestExecutionListener@64052098, org.springframework.test.context.event.EventPublishingTestExecutionListener@690eac66, org.springframework.security.test.context.support.ReactorContextTestExecutionListener@52b754c4, org.springframework.boot.test.autoconfigure.restdocs.RestDocsTestExecutionListener@6664d6f9, org.springframework.boot.test.autoconfigure.web.client.MockRestServiceServerResetTestExecutionListener@2b283b4d, org.springframework.boot.test.autoconfigure.web.servlet.MockMvcPrintOnlyOnFailureTestExecutionListener@3759cfd2, org.springframework.boot.test.autoconfigure.web.servlet.WebDriverTestExecutionListener@5f20ac89, org.springframework.boot.test.mock.mockito.ResetMocksTestExecutionListener@1fb36a8a]

  .   ____          _            __ _ _
 /\\ / ___'_ __ _ _(_)_ __  __ _ \ \ \ \
( ( )\___ | '_ | '_| | '_ \/ _` | \ \ \ \
 \\/  ___)| |_)| | | | | || (_| |  ) ) ) )
  '  |____| .__|_| |_|_| |_\__, | / / / /
 =========|_|==============|___/=/_/_/_/
 :: Spring Boot ::        (v2.2.4.RELEASE)

2020-05-15 01:42:50.698  INFO 17616 --- [    Test worker] u.c.a.M.c.UserRegistrationControllerTest : Starting UserRegistrationControllerTest on DESKTOP-VVI2B95 with PID 17616 (started by USER in D:\Project\myacademy\myacademy\MyAc)
2020-05-15 01:42:50.704  INFO 17616 --- [    Test worker] u.c.a.M.c.UserRegistrationControllerTest : No active profile set, falling back to default profiles: default
2020-05-15 01:42:51.473  INFO 17616 --- [    Test worker] o.s.s.web.DefaultSecurityFilterChain     : Creating filter chain: any request, [org.springframework.security.web.context.request.async.WebAsyncManagerIntegrationFilter@66143644, org.springframework.security.web.context.SecurityContextPersistenceFilter@27bb17d9, org.springframework.security.web.header.HeaderWriterFilter@33760d98, org.springframework.security.web.csrf.CsrfFilter@586a172b, org.springframework.security.web.authentication.logout.LogoutFilter@5f29af95, org.springframework.security.web.authentication.UsernamePasswordAuthenticationFilter@152638df, org.springframework.security.web.savedrequest.RequestCacheAwareFilter@8f32278, org.springframework.security.web.servletapi.SecurityContextHolderAwareRequestFilter@b6ae433, org.springframework.security.web.authentication.AnonymousAuthenticationFilter@3b5acc1b, org.springframework.security.web.session.SessionManagementFilter@2fe09e41, org.springframework.security.web.access.ExceptionTranslationFilter@3153d680, org.springframework.security.web.access.intercept.FilterSecurityInterceptor@4eaf9eff]
2020-05-15 01:42:51.780  INFO 17616 --- [    Test worker] o.s.s.concurrent.ThreadPoolTaskExecutor  : Initializing ExecutorService 'applicationTaskExecutor'
2020-05-15 01:42:51.848  INFO 17616 --- [    Test worker] o.s.b.a.w.s.WelcomePageHandlerMapping    : Adding welcome page template: index
2020-05-15 01:42:52.153  INFO 17616 --- [    Test worker] o.s.b.t.m.w.SpringBootMockServletContext : Initializing Spring TestDispatcherServlet ''
2020-05-15 01:42:52.153  INFO 17616 --- [    Test worker] o.s.t.web.servlet.TestDispatcherServlet  : Initializing Servlet ''
2020-05-15 01:42:52.168  INFO 17616 --- [    Test worker] o.s.t.web.servlet.TestDispatcherServlet  : Completed initialization in 14 ms
2020-05-15 01:42:52.201  INFO 17616 --- [    Test worker] u.c.a.M.c.UserRegistrationControllerTest : Started UserRegistrationControllerTest in 1.581 seconds (JVM running for 28.809)
]]></system-out>
  <system-err><![CDATA[]]></system-err>
</testsuite>
