<?xml version="1.0" encoding="UTF-8"?>
<testsuite name="id.ac.ui.cs.advprog.MyAc.service.MatkulServiceImplTest" tests="3" skipped="0" failures="0" errors="0" timestamp="2020-05-04T06:50:52" hostname="DESKTOP-VVI2B95" time="0.264">
  <properties/>
  <testcase name="whenGetIsCalledItShouldCallMatkulRepositoryFindById()" classname="id.ac.ui.cs.advprog.MyAc.service.MatkulServiceImplTest" time="0.257"/>
  <testcase name="whenFindAllIsCalledItShouldCallMatkulRepositoryFindAll()" classname="id.ac.ui.cs.advprog.MyAc.service.MatkulServiceImplTest" time="0.003"/>
  <testcase name="whenGetIsCalledItShouldCallMatkulRepositoryFindBySemester()" classname="id.ac.ui.cs.advprog.MyAc.service.MatkulServiceImplTest" time="0.003"/>
  <system-out><![CDATA[]]></system-out>
  <system-err><![CDATA[]]></system-err>
</testsuite>
