<?xml version="1.0" encoding="UTF-8"?>
<testsuite name="id.ac.ui.cs.advprog.MyAc.controller.PostControllerTest" tests="1" skipped="0" failures="0" errors="0" timestamp="2020-05-12T06:44:20" hostname="DESKTOP-VVI2B95" time="0.091">
  <properties/>
  <testcase name="whenAddUrlIsAccessedItShouldContainNewPost()" classname="id.ac.ui.cs.advprog.MyAc.controller.PostControllerTest" time="0.091"/>
  <system-out><![CDATA[2020-05-11 23:44:19.238  INFO 6368 --- [    Test worker] .b.t.a.w.s.WebMvcTestContextBootstrapper : Neither @ContextConfiguration nor @ContextHierarchy found for test class [id.ac.ui.cs.advprog.MyAc.controller.PostControllerTest], using SpringBootContextLoader
2020-05-11 23:44:19.238  INFO 6368 --- [    Test worker] o.s.t.c.support.AbstractContextLoader    : Could not detect default resource locations for test class [id.ac.ui.cs.advprog.MyAc.controller.PostControllerTest]: no resource found for suffixes {-context.xml, Context.groovy}.
2020-05-11 23:44:19.238  INFO 6368 --- [    Test worker] t.c.s.AnnotationConfigContextLoaderUtils : Could not detect default configuration classes for test class [id.ac.ui.cs.advprog.MyAc.controller.PostControllerTest]: PostControllerTest does not declare any static, non-private, non-final, nested classes annotated with @Configuration.
2020-05-11 23:44:19.253  INFO 6368 --- [    Test worker] .b.t.c.SpringBootTestContextBootstrapper : Found @SpringBootConfiguration id.ac.ui.cs.advprog.MyAc.MyAcApplication for test class id.ac.ui.cs.advprog.MyAc.controller.PostControllerTest
2020-05-11 23:44:19.253  INFO 6368 --- [    Test worker] .b.t.a.w.s.WebMvcTestContextBootstrapper : Loaded default TestExecutionListener class names from location [META-INF/spring.factories]: [org.springframework.security.test.context.support.WithSecurityContextTestExecutionListener, org.springframework.security.test.context.support.ReactorContextTestExecutionListener, org.springframework.boot.test.autoconfigure.restdocs.RestDocsTestExecutionListener, org.springframework.boot.test.autoconfigure.web.client.MockRestServiceServerResetTestExecutionListener, org.springframework.boot.test.autoconfigure.web.servlet.MockMvcPrintOnlyOnFailureTestExecutionListener, org.springframework.boot.test.autoconfigure.web.servlet.WebDriverTestExecutionListener, org.springframework.boot.test.mock.mockito.MockitoTestExecutionListener, org.springframework.boot.test.mock.mockito.ResetMocksTestExecutionListener, org.springframework.test.context.web.ServletTestExecutionListener, org.springframework.test.context.support.DirtiesContextBeforeModesTestExecutionListener, org.springframework.test.context.support.DependencyInjectionTestExecutionListener, org.springframework.test.context.support.DirtiesContextTestExecutionListener, org.springframework.test.context.transaction.TransactionalTestExecutionListener, org.springframework.test.context.jdbc.SqlScriptsTestExecutionListener, org.springframework.test.context.event.EventPublishingTestExecutionListener]
2020-05-11 23:44:19.253  INFO 6368 --- [    Test worker] .b.t.a.w.s.WebMvcTestContextBootstrapper : Using TestExecutionListeners: [org.springframework.test.context.web.ServletTestExecutionListener@36c30b53, org.springframework.test.context.support.DirtiesContextBeforeModesTestExecutionListener@2ca96de4, org.springframework.boot.test.mock.mockito.MockitoTestExecutionListener@16bd37c0, org.springframework.boot.test.autoconfigure.SpringBootDependencyInjectionTestExecutionListener@50e4155e, org.springframework.test.context.support.DirtiesContextTestExecutionListener@7ed31582, org.springframework.test.context.transaction.TransactionalTestExecutionListener@197281f1, org.springframework.test.context.jdbc.SqlScriptsTestExecutionListener@668ea628, org.springframework.security.test.context.support.WithSecurityContextTestExecutionListener@16b00142, org.springframework.test.context.event.EventPublishingTestExecutionListener@70a97913, org.springframework.security.test.context.support.ReactorContextTestExecutionListener@7dd903fe, org.springframework.boot.test.autoconfigure.restdocs.RestDocsTestExecutionListener@6e75558b, org.springframework.boot.test.autoconfigure.web.client.MockRestServiceServerResetTestExecutionListener@7859f316, org.springframework.boot.test.autoconfigure.web.servlet.MockMvcPrintOnlyOnFailureTestExecutionListener@43036cef, org.springframework.boot.test.autoconfigure.web.servlet.WebDriverTestExecutionListener@76704182, org.springframework.boot.test.mock.mockito.ResetMocksTestExecutionListener@326d9bca]

  .   ____          _            __ _ _
 /\\ / ___'_ __ _ _(_)_ __  __ _ \ \ \ \
( ( )\___ | '_ | '_| | '_ \/ _` | \ \ \ \
 \\/  ___)| |_)| | | | | || (_| |  ) ) ) )
  '  |____| .__|_| |_|_| |_\__, | / / / /
 =========|_|==============|___/=/_/_/_/
 :: Spring Boot ::        (v2.2.4.RELEASE)

2020-05-11 23:44:19.300  INFO 6368 --- [    Test worker] i.a.u.c.a.M.c.PostControllerTest         : Starting PostControllerTest on DESKTOP-VVI2B95 with PID 6368 (started by USER in D:\Project\myacademy\myacademy\MyAc)
2020-05-11 23:44:19.300  INFO 6368 --- [    Test worker] i.a.u.c.a.M.c.PostControllerTest         : No active profile set, falling back to default profiles: default
2020-05-11 23:44:19.853  INFO 6368 --- [    Test worker] o.s.s.web.DefaultSecurityFilterChain     : Creating filter chain: any request, [org.springframework.security.web.context.request.async.WebAsyncManagerIntegrationFilter@2f861f6f, org.springframework.security.web.context.SecurityContextPersistenceFilter@412cdb2e, org.springframework.security.web.header.HeaderWriterFilter@4f16c3f5, org.springframework.security.web.csrf.CsrfFilter@6ddc4c8e, org.springframework.security.web.authentication.logout.LogoutFilter@32b280a4, org.springframework.security.web.authentication.UsernamePasswordAuthenticationFilter@83fdea6, org.springframework.security.web.savedrequest.RequestCacheAwareFilter@782db6cc, org.springframework.security.web.servletapi.SecurityContextHolderAwareRequestFilter@1ddcb57, org.springframework.security.web.authentication.AnonymousAuthenticationFilter@2d93ac47, org.springframework.security.web.session.SessionManagementFilter@4e1b565f, org.springframework.security.web.access.ExceptionTranslationFilter@19d41d8a, org.springframework.security.web.access.intercept.FilterSecurityInterceptor@3e2e4f99]
2020-05-11 23:44:20.045  INFO 6368 --- [    Test worker] o.s.s.concurrent.ThreadPoolTaskExecutor  : Initializing ExecutorService 'applicationTaskExecutor'
2020-05-11 23:44:20.097  INFO 6368 --- [    Test worker] o.s.b.a.w.s.WelcomePageHandlerMapping    : Adding welcome page template: index
2020-05-11 23:44:20.317  INFO 6368 --- [    Test worker] o.s.b.t.m.w.SpringBootMockServletContext : Initializing Spring TestDispatcherServlet ''
2020-05-11 23:44:20.317  INFO 6368 --- [    Test worker] o.s.t.web.servlet.TestDispatcherServlet  : Initializing Servlet ''
2020-05-11 23:44:20.332  INFO 6368 --- [    Test worker] o.s.t.web.servlet.TestDispatcherServlet  : Completed initialization in 15 ms
2020-05-11 23:44:20.348  INFO 6368 --- [    Test worker] i.a.u.c.a.M.c.PostControllerTest         : Started PostControllerTest in 1.096 seconds (JVM running for 13.714)
]]></system-out>
  <system-err><![CDATA[]]></system-err>
</testsuite>
