<?xml version="1.0" encoding="UTF-8"?>
<testsuite name="id.ac.ui.cs.advprog.MyAc.controller.ForumControllerTest" tests="1" skipped="0" failures="0" errors="0" timestamp="2020-05-04T14:25:18" hostname="DESKTOP-VVI2B95" time="0.951">
  <properties/>
  <testcase name="whenForumUrlIsAccessedItShouldContainCorrectPostList()" classname="id.ac.ui.cs.advprog.MyAc.controller.ForumControllerTest" time="0.951"/>
  <system-out><![CDATA[07:25:12.502 [Test worker] DEBUG org.springframework.test.context.BootstrapUtils - Instantiating CacheAwareContextLoaderDelegate from class [org.springframework.test.context.cache.DefaultCacheAwareContextLoaderDelegate]
07:25:12.538 [Test worker] DEBUG org.springframework.test.context.BootstrapUtils - Instantiating BootstrapContext using constructor [public org.springframework.test.context.support.DefaultBootstrapContext(java.lang.Class,org.springframework.test.context.CacheAwareContextLoaderDelegate)]
07:25:12.605 [Test worker] DEBUG org.springframework.test.context.BootstrapUtils - Instantiating TestContextBootstrapper for test class [id.ac.ui.cs.advprog.MyAc.controller.ForumControllerTest] from class [org.springframework.boot.test.autoconfigure.web.servlet.WebMvcTestContextBootstrapper]
07:25:12.635 [Test worker] INFO org.springframework.boot.test.autoconfigure.web.servlet.WebMvcTestContextBootstrapper - Neither @ContextConfiguration nor @ContextHierarchy found for test class [id.ac.ui.cs.advprog.MyAc.controller.ForumControllerTest], using SpringBootContextLoader
07:25:12.645 [Test worker] DEBUG org.springframework.test.context.support.AbstractContextLoader - Did not detect default resource location for test class [id.ac.ui.cs.advprog.MyAc.controller.ForumControllerTest]: class path resource [id/ac/ui/cs/advprog/MyAc/controller/ForumControllerTest-context.xml] does not exist
07:25:12.646 [Test worker] DEBUG org.springframework.test.context.support.AbstractContextLoader - Did not detect default resource location for test class [id.ac.ui.cs.advprog.MyAc.controller.ForumControllerTest]: class path resource [id/ac/ui/cs/advprog/MyAc/controller/ForumControllerTestContext.groovy] does not exist
07:25:12.646 [Test worker] INFO org.springframework.test.context.support.AbstractContextLoader - Could not detect default resource locations for test class [id.ac.ui.cs.advprog.MyAc.controller.ForumControllerTest]: no resource found for suffixes {-context.xml, Context.groovy}.
07:25:12.648 [Test worker] INFO org.springframework.test.context.support.AnnotationConfigContextLoaderUtils - Could not detect default configuration classes for test class [id.ac.ui.cs.advprog.MyAc.controller.ForumControllerTest]: ForumControllerTest does not declare any static, non-private, non-final, nested classes annotated with @Configuration.
07:25:12.787 [Test worker] DEBUG org.springframework.test.context.support.ActiveProfilesUtils - Could not find an 'annotation declaring class' for annotation type [org.springframework.test.context.ActiveProfiles] and class [id.ac.ui.cs.advprog.MyAc.controller.ForumControllerTest]
07:25:12.913 [Test worker] DEBUG org.springframework.context.annotation.ClassPathScanningCandidateComponentProvider - Identified candidate component class: file [D:\Project\myacademy fix\myacademy\MyAc\build\classes\java\main\id\ac\ui\cs\advprog\MyAc\MyAcApplication.class]
07:25:12.914 [Test worker] INFO org.springframework.boot.test.context.SpringBootTestContextBootstrapper - Found @SpringBootConfiguration id.ac.ui.cs.advprog.MyAc.MyAcApplication for test class id.ac.ui.cs.advprog.MyAc.controller.ForumControllerTest
07:25:12.918 [Test worker] DEBUG org.springframework.boot.test.autoconfigure.web.servlet.WebMvcTestContextBootstrapper - @TestExecutionListeners is not present for class [id.ac.ui.cs.advprog.MyAc.controller.ForumControllerTest]: using defaults.
07:25:12.919 [Test worker] INFO org.springframework.boot.test.autoconfigure.web.servlet.WebMvcTestContextBootstrapper - Loaded default TestExecutionListener class names from location [META-INF/spring.factories]: [org.springframework.security.test.context.support.WithSecurityContextTestExecutionListener, org.springframework.security.test.context.support.ReactorContextTestExecutionListener, org.springframework.boot.test.autoconfigure.restdocs.RestDocsTestExecutionListener, org.springframework.boot.test.autoconfigure.web.client.MockRestServiceServerResetTestExecutionListener, org.springframework.boot.test.autoconfigure.web.servlet.MockMvcPrintOnlyOnFailureTestExecutionListener, org.springframework.boot.test.autoconfigure.web.servlet.WebDriverTestExecutionListener, org.springframework.boot.test.mock.mockito.MockitoTestExecutionListener, org.springframework.boot.test.mock.mockito.ResetMocksTestExecutionListener, org.springframework.test.context.web.ServletTestExecutionListener, org.springframework.test.context.support.DirtiesContextBeforeModesTestExecutionListener, org.springframework.test.context.support.DependencyInjectionTestExecutionListener, org.springframework.test.context.support.DirtiesContextTestExecutionListener, org.springframework.test.context.transaction.TransactionalTestExecutionListener, org.springframework.test.context.jdbc.SqlScriptsTestExecutionListener, org.springframework.test.context.event.EventPublishingTestExecutionListener]
07:25:12.957 [Test worker] INFO org.springframework.boot.test.autoconfigure.web.servlet.WebMvcTestContextBootstrapper - Using TestExecutionListeners: [org.springframework.test.context.web.ServletTestExecutionListener@79a7c439, org.springframework.test.context.support.DirtiesContextBeforeModesTestExecutionListener@2fd08586, org.springframework.boot.test.mock.mockito.MockitoTestExecutionListener@35518640, org.springframework.boot.test.autoconfigure.SpringBootDependencyInjectionTestExecutionListener@6080bd42, org.springframework.test.context.support.DirtiesContextTestExecutionListener@27412b67, org.springframework.test.context.transaction.TransactionalTestExecutionListener@c1676bc, org.springframework.test.context.jdbc.SqlScriptsTestExecutionListener@354c92f8, org.springframework.security.test.context.support.WithSecurityContextTestExecutionListener@50c353be, org.springframework.test.context.event.EventPublishingTestExecutionListener@7e7740d2, org.springframework.security.test.context.support.ReactorContextTestExecutionListener@416b7a36, org.springframework.boot.test.autoconfigure.restdocs.RestDocsTestExecutionListener@10e1ebb1, org.springframework.boot.test.autoconfigure.web.client.MockRestServiceServerResetTestExecutionListener@5a7504b0, org.springframework.boot.test.autoconfigure.web.servlet.MockMvcPrintOnlyOnFailureTestExecutionListener@1ec0aefc, org.springframework.boot.test.autoconfigure.web.servlet.WebDriverTestExecutionListener@4e0cdd8, org.springframework.boot.test.mock.mockito.ResetMocksTestExecutionListener@1bc31296]
07:25:12.964 [Test worker] DEBUG org.springframework.test.context.support.AbstractDirtiesContextTestExecutionListener - Before test class: context [DefaultTestContext@68a8d8ee testClass = ForumControllerTest, testInstance = [null], testMethod = [null], testException = [null], mergedContextConfiguration = [WebMergedContextConfiguration@17ac8463 testClass = ForumControllerTest, locations = '{}', classes = '{class id.ac.ui.cs.advprog.MyAc.MyAcApplication}', contextInitializerClasses = '[]', activeProfiles = '{}', propertySourceLocations = '{}', propertySourceProperties = '{org.springframework.boot.test.autoconfigure.web.servlet.WebMvcTestContextBootstrapper=true}', contextCustomizers = set[org.springframework.boot.test.autoconfigure.OverrideAutoConfigurationContextCustomizerFactory$DisableAutoConfigurationContextCustomizer@59dd9de6, org.springframework.boot.test.autoconfigure.filter.TypeExcludeFiltersContextCustomizer@f2b8111c, org.springframework.boot.test.autoconfigure.properties.PropertyMappingContextCustomizer@1c802a57, org.springframework.boot.test.autoconfigure.web.servlet.WebDriverContextCustomizerFactory$Customizer@27bf03fe, [ImportsContextCustomizer@5775ca34 key = [org.springframework.boot.autoconfigure.cache.CacheAutoConfiguration, org.springframework.boot.autoconfigure.context.MessageSourceAutoConfiguration, org.springframework.boot.autoconfigure.data.web.SpringDataWebAutoConfiguration, org.springframework.boot.autoconfigure.freemarker.FreeMarkerAutoConfiguration, org.springframework.boot.autoconfigure.groovy.template.GroovyTemplateAutoConfiguration, org.springframework.boot.autoconfigure.gson.GsonAutoConfiguration, org.springframework.boot.autoconfigure.hateoas.HypermediaAutoConfiguration, org.springframework.boot.autoconfigure.http.HttpMessageConvertersAutoConfiguration, org.springframework.boot.autoconfigure.jackson.JacksonAutoConfiguration, org.springframework.boot.autoconfigure.jsonb.JsonbAutoConfiguration, org.springframework.boot.autoconfigure.mustache.MustacheAutoConfiguration, org.springframework.boot.autoconfigure.task.TaskExecutionAutoConfiguration, org.springframework.boot.autoconfigure.thymeleaf.ThymeleafAutoConfiguration, org.springframework.boot.autoconfigure.validation.ValidationAutoConfiguration, org.springframework.boot.autoconfigure.web.servlet.error.ErrorMvcAutoConfiguration, org.springframework.boot.autoconfigure.web.servlet.WebMvcAutoConfiguration, org.springframework.boot.test.autoconfigure.web.servlet.MockMvcAutoConfiguration, org.springframework.boot.test.autoconfigure.web.servlet.MockMvcWebClientAutoConfiguration, org.springframework.boot.test.autoconfigure.web.servlet.MockMvcWebDriverAutoConfiguration, org.springframework.boot.autoconfigure.security.servlet.SecurityAutoConfiguration, org.springframework.boot.autoconfigure.security.servlet.UserDetailsServiceAutoConfiguration, org.springframework.boot.test.autoconfigure.web.servlet.MockMvcSecurityConfiguration]], org.springframework.boot.test.context.filter.ExcludeFilterContextCustomizer@6fb9b8e0, org.springframework.boot.test.json.DuplicateJsonObjectContextCustomizerFactory$DuplicateJsonObjectContextCustomizer@6091cfc, org.springframework.boot.test.mock.mockito.MockitoContextCustomizer@4d759d9c], resourceBasePath = 'src/main/webapp', contextLoader = 'org.springframework.boot.test.context.SpringBootContextLoader', parent = [null]], attributes = map[[empty]]], class annotated with @DirtiesContext [false] with mode [null].
07:25:13.200 [Test worker] DEBUG org.springframework.test.context.support.TestPropertySourceUtils - Adding inlined properties to environment: {spring.jmx.enabled=false, org.springframework.boot.test.autoconfigure.web.servlet.WebMvcTestContextBootstrapper=true, server.port=-1}

  .   ____          _            __ _ _
 /\\ / ___'_ __ _ _(_)_ __  __ _ \ \ \ \
( ( )\___ | '_ | '_| | '_ \/ _` | \ \ \ \
 \\/  ___)| |_)| | | | | || (_| |  ) ) ) )
  '  |____| .__|_| |_|_| |_\__, | / / / /
 =========|_|==============|___/=/_/_/_/
 :: Spring Boot ::        (v2.2.4.RELEASE)

2020-05-04 07:25:13.686  INFO 780 --- [    Test worker] i.a.u.c.a.M.c.ForumControllerTest        : Starting ForumControllerTest on DESKTOP-VVI2B95 with PID 780 (started by USER in D:\Project\myacademy fix\myacademy\MyAc)
2020-05-04 07:25:13.688  INFO 780 --- [    Test worker] i.a.u.c.a.M.c.ForumControllerTest        : No active profile set, falling back to default profiles: default
2020-05-04 07:25:17.076  INFO 780 --- [    Test worker] o.s.s.web.DefaultSecurityFilterChain     : Creating filter chain: any request, [org.springframework.security.web.context.request.async.WebAsyncManagerIntegrationFilter@7b211203, org.springframework.security.web.context.SecurityContextPersistenceFilter@3f344d24, org.springframework.security.web.header.HeaderWriterFilter@25776d, org.springframework.security.web.csrf.CsrfFilter@68f5f130, org.springframework.security.web.authentication.logout.LogoutFilter@1128fbf9, org.springframework.security.web.authentication.UsernamePasswordAuthenticationFilter@6798be9b, org.springframework.security.web.savedrequest.RequestCacheAwareFilter@54b98e0d, org.springframework.security.web.servletapi.SecurityContextHolderAwareRequestFilter@773e8e53, org.springframework.security.web.authentication.AnonymousAuthenticationFilter@36442412, org.springframework.security.web.session.SessionManagementFilter@1d927f4a, org.springframework.security.web.access.ExceptionTranslationFilter@3e2251ea, org.springframework.security.web.access.intercept.FilterSecurityInterceptor@63664cbb]
2020-05-04 07:25:17.861  INFO 780 --- [    Test worker] o.s.s.concurrent.ThreadPoolTaskExecutor  : Initializing ExecutorService 'applicationTaskExecutor'
2020-05-04 07:25:18.095  INFO 780 --- [    Test worker] o.s.b.a.w.s.WelcomePageHandlerMapping    : Adding welcome page template: index
2020-05-04 07:25:18.625  INFO 780 --- [    Test worker] o.s.b.t.m.w.SpringBootMockServletContext : Initializing Spring TestDispatcherServlet ''
2020-05-04 07:25:18.625  INFO 780 --- [    Test worker] o.s.t.web.servlet.TestDispatcherServlet  : Initializing Servlet ''
2020-05-04 07:25:18.663  INFO 780 --- [    Test worker] o.s.t.web.servlet.TestDispatcherServlet  : Completed initialization in 38 ms
2020-05-04 07:25:18.764  INFO 780 --- [    Test worker] i.a.u.c.a.M.c.ForumControllerTest        : Started ForumControllerTest in 5.541 seconds (JVM running for 8.046)
]]></system-out>
  <system-err><![CDATA[]]></system-err>
</testsuite>
