<?xml version="1.0" encoding="UTF-8"?>
<testsuite name="id.ac.ui.cs.advprog.MyAc.controller.ShortPlanControllerTest" tests="1" skipped="0" failures="0" errors="0" timestamp="2020-05-13T13:50:40" hostname="LAPTOP-82VCQFF9" time="0.156">
  <properties/>
  <testcase name="testWhenComponentListURLIsAccessedItShouldContainCorrectDefaultComponentModel()" classname="id.ac.ui.cs.advprog.MyAc.controller.ShortPlanControllerTest" time="0.156"/>
  <system-out><![CDATA[2020-05-13 20:50:36.405  INFO 10340 --- [    Test worker] .b.t.a.w.s.WebMvcTestContextBootstrapper : Neither @ContextConfiguration nor @ContextHierarchy found for test class [id.ac.ui.cs.advprog.MyAc.controller.ShortPlanControllerTest], using SpringBootContextLoader
2020-05-13 20:50:36.405  INFO 10340 --- [    Test worker] o.s.t.c.support.AbstractContextLoader    : Could not detect default resource locations for test class [id.ac.ui.cs.advprog.MyAc.controller.ShortPlanControllerTest]: no resource found for suffixes {-context.xml, Context.groovy}.
2020-05-13 20:50:36.436  INFO 10340 --- [    Test worker] t.c.s.AnnotationConfigContextLoaderUtils : Could not detect default configuration classes for test class [id.ac.ui.cs.advprog.MyAc.controller.ShortPlanControllerTest]: ShortPlanControllerTest does not declare any static, non-private, non-final, nested classes annotated with @Configuration.
2020-05-13 20:50:36.452  INFO 10340 --- [    Test worker] .b.t.c.SpringBootTestContextBootstrapper : Found @SpringBootConfiguration id.ac.ui.cs.advprog.MyAc.MyAcApplication for test class id.ac.ui.cs.advprog.MyAc.controller.ShortPlanControllerTest
2020-05-13 20:50:36.452  INFO 10340 --- [    Test worker] .b.t.a.w.s.WebMvcTestContextBootstrapper : Loaded default TestExecutionListener class names from location [META-INF/spring.factories]: [org.springframework.security.test.context.support.WithSecurityContextTestExecutionListener, org.springframework.security.test.context.support.ReactorContextTestExecutionListener, org.springframework.boot.test.autoconfigure.restdocs.RestDocsTestExecutionListener, org.springframework.boot.test.autoconfigure.web.client.MockRestServiceServerResetTestExecutionListener, org.springframework.boot.test.autoconfigure.web.servlet.MockMvcPrintOnlyOnFailureTestExecutionListener, org.springframework.boot.test.autoconfigure.web.servlet.WebDriverTestExecutionListener, org.springframework.boot.test.mock.mockito.MockitoTestExecutionListener, org.springframework.boot.test.mock.mockito.ResetMocksTestExecutionListener, org.springframework.test.context.web.ServletTestExecutionListener, org.springframework.test.context.support.DirtiesContextBeforeModesTestExecutionListener, org.springframework.test.context.support.DependencyInjectionTestExecutionListener, org.springframework.test.context.support.DirtiesContextTestExecutionListener, org.springframework.test.context.transaction.TransactionalTestExecutionListener, org.springframework.test.context.jdbc.SqlScriptsTestExecutionListener, org.springframework.test.context.event.EventPublishingTestExecutionListener]
2020-05-13 20:50:36.452  INFO 10340 --- [    Test worker] .b.t.a.w.s.WebMvcTestContextBootstrapper : Using TestExecutionListeners: [org.springframework.test.context.web.ServletTestExecutionListener@75bc6c3f, org.springframework.test.context.support.DirtiesContextBeforeModesTestExecutionListener@367b3bf9, org.springframework.boot.test.mock.mockito.MockitoTestExecutionListener@8cc5cdc, org.springframework.boot.test.autoconfigure.SpringBootDependencyInjectionTestExecutionListener@189f46dc, org.springframework.test.context.support.DirtiesContextTestExecutionListener@ed41c64, org.springframework.test.context.transaction.TransactionalTestExecutionListener@619f4ab4, org.springframework.test.context.jdbc.SqlScriptsTestExecutionListener@bdfc0e7, org.springframework.security.test.context.support.WithSecurityContextTestExecutionListener@6914dee6, org.springframework.test.context.event.EventPublishingTestExecutionListener@478dc89c, org.springframework.security.test.context.support.ReactorContextTestExecutionListener@5c5ce033, org.springframework.boot.test.autoconfigure.restdocs.RestDocsTestExecutionListener@29f1cba7, org.springframework.boot.test.autoconfigure.web.client.MockRestServiceServerResetTestExecutionListener@665dc391, org.springframework.boot.test.autoconfigure.web.servlet.MockMvcPrintOnlyOnFailureTestExecutionListener@4fbd2eee, org.springframework.boot.test.autoconfigure.web.servlet.WebDriverTestExecutionListener@745b0252, org.springframework.boot.test.mock.mockito.ResetMocksTestExecutionListener@5350438d]

  .   ____          _            __ _ _
 /\\ / ___'_ __ _ _(_)_ __  __ _ \ \ \ \
( ( )\___ | '_ | '_| | '_ \/ _` | \ \ \ \
 \\/  ___)| |_)| | | | | || (_| |  ) ) ) )
  '  |____| .__|_| |_|_| |_\__, | / / / /
 =========|_|==============|___/=/_/_/_/
 :: Spring Boot ::        (v2.2.4.RELEASE)

2020-05-13 20:50:36.686  INFO 10340 --- [    Test worker] i.a.u.c.a.M.c.ShortPlanControllerTest    : Starting ShortPlanControllerTest on LAPTOP-82VCQFF9 with PID 10340 (started by Ali Irsyaad in C:\Users\Ali Irsyaad\OneDrive - UNIVERSITAS INDONESIA\Ali's Document\Semester 4\AdPro\myacademy\MyAc)
2020-05-13 20:50:36.718  INFO 10340 --- [    Test worker] i.a.u.c.a.M.c.ShortPlanControllerTest    : No active profile set, falling back to default profiles: default
2020-05-13 20:50:39.218  INFO 10340 --- [    Test worker] o.s.s.web.DefaultSecurityFilterChain     : Creating filter chain: any request, [org.springframework.security.web.context.request.async.WebAsyncManagerIntegrationFilter@6eb05681, org.springframework.security.web.context.SecurityContextPersistenceFilter@38bce082, org.springframework.security.web.header.HeaderWriterFilter@59f49d66, org.springframework.security.web.csrf.CsrfFilter@72722116, org.springframework.security.web.authentication.logout.LogoutFilter@3afc7e15, org.springframework.security.web.authentication.UsernamePasswordAuthenticationFilter@364df74, org.springframework.security.web.savedrequest.RequestCacheAwareFilter@6b2cb9ca, org.springframework.security.web.servletapi.SecurityContextHolderAwareRequestFilter@164e1664, org.springframework.security.web.authentication.AnonymousAuthenticationFilter@365c5513, org.springframework.security.web.session.SessionManagementFilter@5b250061, org.springframework.security.web.access.ExceptionTranslationFilter@3b2d1dd2, org.springframework.security.web.access.intercept.FilterSecurityInterceptor@23b667c4]
2020-05-13 20:50:39.796  INFO 10340 --- [    Test worker] o.s.s.concurrent.ThreadPoolTaskExecutor  : Initializing ExecutorService 'applicationTaskExecutor'
2020-05-13 20:50:39.905  INFO 10340 --- [    Test worker] o.s.b.a.w.s.WelcomePageHandlerMapping    : Adding welcome page template: index
2020-05-13 20:50:40.437  INFO 10340 --- [    Test worker] o.s.b.t.m.w.SpringBootMockServletContext : Initializing Spring TestDispatcherServlet ''
2020-05-13 20:50:40.452  INFO 10340 --- [    Test worker] o.s.t.web.servlet.TestDispatcherServlet  : Initializing Servlet ''
2020-05-13 20:50:40.484  INFO 10340 --- [    Test worker] o.s.t.web.servlet.TestDispatcherServlet  : Completed initialization in 32 ms
2020-05-13 20:50:40.609  INFO 10340 --- [    Test worker] i.a.u.c.a.M.c.ShortPlanControllerTest    : Started ShortPlanControllerTest in 4.136 seconds (JVM running for 63.071)
]]></system-out>
  <system-err><![CDATA[]]></system-err>
</testsuite>
