<?xml version="1.0" encoding="UTF-8"?>
<testsuite name="id.ac.ui.cs.advprog.MyAc.service.PostServiceImplTest" tests="4" skipped="0" failures="0" errors="0" timestamp="2020-05-14T07:59:52" hostname="LAPTOP-82VCQFF9" time="0.516">
  <properties/>
  <testcase name="whenSaveIsCalledItShouldCallForumRepositorySave()" classname="id.ac.ui.cs.advprog.MyAc.service.PostServiceImplTest" time="0.401"/>
  <testcase name="whenGetIsCalledItShouldCallForumRepositoryFindById()" classname="id.ac.ui.cs.advprog.MyAc.service.PostServiceImplTest" time="0.011"/>
  <testcase name="whenFindAllIsCalledItShouldCallForumRepositoryFindAll()" classname="id.ac.ui.cs.advprog.MyAc.service.PostServiceImplTest" time="0.01"/>
  <testcase name="whenDeleteIsCalledItShouldCallForumRepositoryDeleteById()" classname="id.ac.ui.cs.advprog.MyAc.service.PostServiceImplTest" time="0.018"/>
  <system-out><![CDATA[]]></system-out>
  <system-err><![CDATA[]]></system-err>
</testsuite>
