<?xml version="1.0" encoding="UTF-8"?>
<testsuite name="id.ac.ui.cs.advprog.tutorial5.service.SoulServiceImplTest" tests="5" skipped="0" failures="0" errors="0" timestamp="2020-03-11T06:30:09" hostname="LAPTOP-930TCP7M" time="0.255">
  <properties/>
  <testcase name="testFindAll()" classname="id.ac.ui.cs.advprog.tutorial5.service.SoulServiceImplTest" time="0.234"/>
  <testcase name="testErase()" classname="id.ac.ui.cs.advprog.tutorial5.service.SoulServiceImplTest" time="0.004"/>
  <testcase name="testRegisterSoul()" classname="id.ac.ui.cs.advprog.tutorial5.service.SoulServiceImplTest" time="0.005"/>
  <testcase name="testFindSoul()" classname="id.ac.ui.cs.advprog.tutorial5.service.SoulServiceImplTest" time="0.004"/>
  <testcase name="testRewriteSoul()" classname="id.ac.ui.cs.advprog.tutorial5.service.SoulServiceImplTest" time="0.003"/>
  <system-out><![CDATA[]]></system-out>
  <system-err><![CDATA[]]></system-err>
</testsuite>
