<?xml version="1.0" encoding="UTF-8"?>
<testsuite name="id.ac.ui.cs.advprog.MyAc.controller.ShortPlanControllerTest" tests="1" skipped="0" failures="0" errors="0" timestamp="2020-05-04T14:25:25" hostname="DESKTOP-VVI2B95" time="0.053">
  <properties/>
  <testcase name="testWhenComponentListURLIsAccessedItShouldContainCorrectDefaultComponentModel()" classname="id.ac.ui.cs.advprog.MyAc.controller.ShortPlanControllerTest" time="0.053"/>
  <system-out><![CDATA[2020-05-04 07:25:23.601  INFO 780 --- [    Test worker] .b.t.a.w.s.WebMvcTestContextBootstrapper : Neither @ContextConfiguration nor @ContextHierarchy found for test class [id.ac.ui.cs.advprog.MyAc.controller.ShortPlanControllerTest], using SpringBootContextLoader
2020-05-04 07:25:23.602  INFO 780 --- [    Test worker] o.s.t.c.support.AbstractContextLoader    : Could not detect default resource locations for test class [id.ac.ui.cs.advprog.MyAc.controller.ShortPlanControllerTest]: no resource found for suffixes {-context.xml, Context.groovy}.
2020-05-04 07:25:23.602  INFO 780 --- [    Test worker] t.c.s.AnnotationConfigContextLoaderUtils : Could not detect default configuration classes for test class [id.ac.ui.cs.advprog.MyAc.controller.ShortPlanControllerTest]: ShortPlanControllerTest does not declare any static, non-private, non-final, nested classes annotated with @Configuration.
2020-05-04 07:25:23.608  INFO 780 --- [    Test worker] .b.t.c.SpringBootTestContextBootstrapper : Found @SpringBootConfiguration id.ac.ui.cs.advprog.MyAc.MyAcApplication for test class id.ac.ui.cs.advprog.MyAc.controller.ShortPlanControllerTest
2020-05-04 07:25:23.608  INFO 780 --- [    Test worker] .b.t.a.w.s.WebMvcTestContextBootstrapper : Loaded default TestExecutionListener class names from location [META-INF/spring.factories]: [org.springframework.security.test.context.support.WithSecurityContextTestExecutionListener, org.springframework.security.test.context.support.ReactorContextTestExecutionListener, org.springframework.boot.test.autoconfigure.restdocs.RestDocsTestExecutionListener, org.springframework.boot.test.autoconfigure.web.client.MockRestServiceServerResetTestExecutionListener, org.springframework.boot.test.autoconfigure.web.servlet.MockMvcPrintOnlyOnFailureTestExecutionListener, org.springframework.boot.test.autoconfigure.web.servlet.WebDriverTestExecutionListener, org.springframework.boot.test.mock.mockito.MockitoTestExecutionListener, org.springframework.boot.test.mock.mockito.ResetMocksTestExecutionListener, org.springframework.test.context.web.ServletTestExecutionListener, org.springframework.test.context.support.DirtiesContextBeforeModesTestExecutionListener, org.springframework.test.context.support.DependencyInjectionTestExecutionListener, org.springframework.test.context.support.DirtiesContextTestExecutionListener, org.springframework.test.context.transaction.TransactionalTestExecutionListener, org.springframework.test.context.jdbc.SqlScriptsTestExecutionListener, org.springframework.test.context.event.EventPublishingTestExecutionListener]
2020-05-04 07:25:23.608  INFO 780 --- [    Test worker] .b.t.a.w.s.WebMvcTestContextBootstrapper : Using TestExecutionListeners: [org.springframework.test.context.web.ServletTestExecutionListener@28f4172c, org.springframework.test.context.support.DirtiesContextBeforeModesTestExecutionListener@36888a4c, org.springframework.boot.test.mock.mockito.MockitoTestExecutionListener@7fb93ea2, org.springframework.boot.test.autoconfigure.SpringBootDependencyInjectionTestExecutionListener@734850f9, org.springframework.test.context.support.DirtiesContextTestExecutionListener@7b8d74cb, org.springframework.test.context.transaction.TransactionalTestExecutionListener@9254b1c, org.springframework.test.context.jdbc.SqlScriptsTestExecutionListener@3fdf28b4, org.springframework.security.test.context.support.WithSecurityContextTestExecutionListener@ea1682e, org.springframework.test.context.event.EventPublishingTestExecutionListener@1e9a6e1d, org.springframework.security.test.context.support.ReactorContextTestExecutionListener@3dc4bb79, org.springframework.boot.test.autoconfigure.restdocs.RestDocsTestExecutionListener@7b18aefd, org.springframework.boot.test.autoconfigure.web.client.MockRestServiceServerResetTestExecutionListener@7efd59a8, org.springframework.boot.test.autoconfigure.web.servlet.MockMvcPrintOnlyOnFailureTestExecutionListener@33da3aec, org.springframework.boot.test.autoconfigure.web.servlet.WebDriverTestExecutionListener@2bdd409d, org.springframework.boot.test.mock.mockito.ResetMocksTestExecutionListener@150c7c5d]

  .   ____          _            __ _ _
 /\\ / ___'_ __ _ _(_)_ __  __ _ \ \ \ \
( ( )\___ | '_ | '_| | '_ \/ _` | \ \ \ \
 \\/  ___)| |_)| | | | | || (_| |  ) ) ) )
  '  |____| .__|_| |_|_| |_\__, | / / / /
 =========|_|==============|___/=/_/_/_/
 :: Spring Boot ::        (v2.2.4.RELEASE)

2020-05-04 07:25:23.758  INFO 780 --- [    Test worker] i.a.u.c.a.M.c.ShortPlanControllerTest    : Starting ShortPlanControllerTest on DESKTOP-VVI2B95 with PID 780 (started by USER in D:\Project\myacademy fix\myacademy\MyAc)
2020-05-04 07:25:23.758  INFO 780 --- [    Test worker] i.a.u.c.a.M.c.ShortPlanControllerTest    : No active profile set, falling back to default profiles: default
2020-05-04 07:25:24.752  INFO 780 --- [    Test worker] o.s.s.web.DefaultSecurityFilterChain     : Creating filter chain: any request, [org.springframework.security.web.context.request.async.WebAsyncManagerIntegrationFilter@5f033e1f, org.springframework.security.web.context.SecurityContextPersistenceFilter@4d522ec0, org.springframework.security.web.header.HeaderWriterFilter@a254f82, org.springframework.security.web.csrf.CsrfFilter@3ec80538, org.springframework.security.web.authentication.logout.LogoutFilter@35e0f5e7, org.springframework.security.web.authentication.UsernamePasswordAuthenticationFilter@28f1e76a, org.springframework.security.web.savedrequest.RequestCacheAwareFilter@12956310, org.springframework.security.web.servletapi.SecurityContextHolderAwareRequestFilter@32ec779f, org.springframework.security.web.authentication.AnonymousAuthenticationFilter@78135462, org.springframework.security.web.session.SessionManagementFilter@334d0c54, org.springframework.security.web.access.ExceptionTranslationFilter@347d7cb6, org.springframework.security.web.access.intercept.FilterSecurityInterceptor@13d99a9a]
2020-05-04 07:25:24.944  INFO 780 --- [    Test worker] o.s.s.concurrent.ThreadPoolTaskExecutor  : Initializing ExecutorService 'applicationTaskExecutor'
2020-05-04 07:25:24.988  INFO 780 --- [    Test worker] o.s.b.a.w.s.WelcomePageHandlerMapping    : Adding welcome page template: index
2020-05-04 07:25:25.153  INFO 780 --- [    Test worker] o.s.b.t.m.w.SpringBootMockServletContext : Initializing Spring TestDispatcherServlet ''
2020-05-04 07:25:25.154  INFO 780 --- [    Test worker] o.s.t.web.servlet.TestDispatcherServlet  : Initializing Servlet ''
2020-05-04 07:25:25.164  INFO 780 --- [    Test worker] o.s.t.web.servlet.TestDispatcherServlet  : Completed initialization in 10 ms
2020-05-04 07:25:25.179  INFO 780 --- [    Test worker] i.a.u.c.a.M.c.ShortPlanControllerTest    : Started ShortPlanControllerTest in 1.56 seconds (JVM running for 14.46)
]]></system-out>
  <system-err><![CDATA[]]></system-err>
</testsuite>
