<?xml version="1.0" encoding="UTF-8"?>
<testsuite name="id.ac.ui.cs.advprog.MyAc.controller.ShortPlanControllerTest" tests="1" skipped="0" failures="0" errors="0" timestamp="2020-05-04T14:10:59" hostname="DESKTOP-VVI2B95" time="0.036">
  <properties/>
  <testcase name="testWhenComponentListURLIsAccessedItShouldContainCorrectDefaultComponentModel()" classname="id.ac.ui.cs.advprog.MyAc.controller.ShortPlanControllerTest" time="0.036"/>
  <system-out><![CDATA[2020-05-04 07:10:58.943  INFO 17164 --- [    Test worker] .b.t.a.w.s.WebMvcTestContextBootstrapper : Neither @ContextConfiguration nor @ContextHierarchy found for test class [id.ac.ui.cs.advprog.MyAc.controller.ShortPlanControllerTest], using SpringBootContextLoader
2020-05-04 07:10:58.944  INFO 17164 --- [    Test worker] o.s.t.c.support.AbstractContextLoader    : Could not detect default resource locations for test class [id.ac.ui.cs.advprog.MyAc.controller.ShortPlanControllerTest]: no resource found for suffixes {-context.xml, Context.groovy}.
2020-05-04 07:10:58.945  INFO 17164 --- [    Test worker] t.c.s.AnnotationConfigContextLoaderUtils : Could not detect default configuration classes for test class [id.ac.ui.cs.advprog.MyAc.controller.ShortPlanControllerTest]: ShortPlanControllerTest does not declare any static, non-private, non-final, nested classes annotated with @Configuration.
2020-05-04 07:10:58.949  INFO 17164 --- [    Test worker] .b.t.c.SpringBootTestContextBootstrapper : Found @SpringBootConfiguration id.ac.ui.cs.advprog.MyAc.MyAcApplication for test class id.ac.ui.cs.advprog.MyAc.controller.ShortPlanControllerTest
2020-05-04 07:10:58.950  INFO 17164 --- [    Test worker] .b.t.a.w.s.WebMvcTestContextBootstrapper : Loaded default TestExecutionListener class names from location [META-INF/spring.factories]: [org.springframework.security.test.context.support.WithSecurityContextTestExecutionListener, org.springframework.security.test.context.support.ReactorContextTestExecutionListener, org.springframework.boot.test.autoconfigure.restdocs.RestDocsTestExecutionListener, org.springframework.boot.test.autoconfigure.web.client.MockRestServiceServerResetTestExecutionListener, org.springframework.boot.test.autoconfigure.web.servlet.MockMvcPrintOnlyOnFailureTestExecutionListener, org.springframework.boot.test.autoconfigure.web.servlet.WebDriverTestExecutionListener, org.springframework.boot.test.mock.mockito.MockitoTestExecutionListener, org.springframework.boot.test.mock.mockito.ResetMocksTestExecutionListener, org.springframework.test.context.web.ServletTestExecutionListener, org.springframework.test.context.support.DirtiesContextBeforeModesTestExecutionListener, org.springframework.test.context.support.DependencyInjectionTestExecutionListener, org.springframework.test.context.support.DirtiesContextTestExecutionListener, org.springframework.test.context.transaction.TransactionalTestExecutionListener, org.springframework.test.context.jdbc.SqlScriptsTestExecutionListener, org.springframework.test.context.event.EventPublishingTestExecutionListener]
2020-05-04 07:10:58.951  INFO 17164 --- [    Test worker] .b.t.a.w.s.WebMvcTestContextBootstrapper : Using TestExecutionListeners: [org.springframework.test.context.web.ServletTestExecutionListener@750296e7, org.springframework.test.context.support.DirtiesContextBeforeModesTestExecutionListener@2f9a6328, org.springframework.boot.test.mock.mockito.MockitoTestExecutionListener@5d83cc33, org.springframework.boot.test.autoconfigure.SpringBootDependencyInjectionTestExecutionListener@60d8ee3f, org.springframework.test.context.support.DirtiesContextTestExecutionListener@10ce96d, org.springframework.test.context.transaction.TransactionalTestExecutionListener@7d735947, org.springframework.test.context.jdbc.SqlScriptsTestExecutionListener@3e52e08e, org.springframework.security.test.context.support.WithSecurityContextTestExecutionListener@19dc486d, org.springframework.test.context.event.EventPublishingTestExecutionListener@7f7d9dba, org.springframework.security.test.context.support.ReactorContextTestExecutionListener@18234a73, org.springframework.boot.test.autoconfigure.restdocs.RestDocsTestExecutionListener@315c9f69, org.springframework.boot.test.autoconfigure.web.client.MockRestServiceServerResetTestExecutionListener@4ab8360f, org.springframework.boot.test.autoconfigure.web.servlet.MockMvcPrintOnlyOnFailureTestExecutionListener@59bbf2af, org.springframework.boot.test.autoconfigure.web.servlet.WebDriverTestExecutionListener@5b495b39, org.springframework.boot.test.mock.mockito.ResetMocksTestExecutionListener@ebb30ee]

  .   ____          _            __ _ _
 /\\ / ___'_ __ _ _(_)_ __  __ _ \ \ \ \
( ( )\___ | '_ | '_| | '_ \/ _` | \ \ \ \
 \\/  ___)| |_)| | | | | || (_| |  ) ) ) )
  '  |____| .__|_| |_|_| |_\__, | / / / /
 =========|_|==============|___/=/_/_/_/
 :: Spring Boot ::        (v2.2.4.RELEASE)

2020-05-04 07:10:58.978  INFO 17164 --- [    Test worker] i.a.u.c.a.M.c.ShortPlanControllerTest    : Starting ShortPlanControllerTest on DESKTOP-VVI2B95 with PID 17164 (started by USER in D:\Project\myacademy fix\myacademy\MyAc)
2020-05-04 07:10:58.978  INFO 17164 --- [    Test worker] i.a.u.c.a.M.c.ShortPlanControllerTest    : No active profile set, falling back to default profiles: default
2020-05-04 07:10:59.341  INFO 17164 --- [    Test worker] o.s.s.web.DefaultSecurityFilterChain     : Creating filter chain: any request, [org.springframework.security.web.context.request.async.WebAsyncManagerIntegrationFilter@4bc44889, org.springframework.security.web.context.SecurityContextPersistenceFilter@5fa1b078, org.springframework.security.web.header.HeaderWriterFilter@53b6474, org.springframework.security.web.csrf.CsrfFilter@2a71d2eb, org.springframework.security.web.authentication.logout.LogoutFilter@3dac972, org.springframework.security.web.authentication.UsernamePasswordAuthenticationFilter@68b3ce83, org.springframework.security.web.savedrequest.RequestCacheAwareFilter@6a7155a9, org.springframework.security.web.servletapi.SecurityContextHolderAwareRequestFilter@34b79457, org.springframework.security.web.authentication.AnonymousAuthenticationFilter@1821141d, org.springframework.security.web.session.SessionManagementFilter@7be3c365, org.springframework.security.web.access.ExceptionTranslationFilter@72b8fbae, org.springframework.security.web.access.intercept.FilterSecurityInterceptor@742b855c]
2020-05-04 07:10:59.451  INFO 17164 --- [    Test worker] o.s.s.concurrent.ThreadPoolTaskExecutor  : Initializing ExecutorService 'applicationTaskExecutor'
2020-05-04 07:10:59.475  INFO 17164 --- [    Test worker] o.s.b.a.w.s.WelcomePageHandlerMapping    : Adding welcome page template: index
2020-05-04 07:10:59.581  INFO 17164 --- [    Test worker] o.s.b.t.m.w.SpringBootMockServletContext : Initializing Spring TestDispatcherServlet ''
2020-05-04 07:10:59.581  INFO 17164 --- [    Test worker] o.s.t.web.servlet.TestDispatcherServlet  : Initializing Servlet ''
2020-05-04 07:10:59.592  INFO 17164 --- [    Test worker] o.s.t.web.servlet.TestDispatcherServlet  : Completed initialization in 11 ms
2020-05-04 07:10:59.602  INFO 17164 --- [    Test worker] i.a.u.c.a.M.c.ShortPlanControllerTest    : Started ShortPlanControllerTest in 0.647 seconds (JVM running for 9.811)
]]></system-out>
  <system-err><![CDATA[]]></system-err>
</testsuite>
