<?xml version="1.0" encoding="UTF-8"?>
<testsuite name="id.ac.ui.cs.advprog.MyAc.controller.ShortPlanControllerTest" tests="1" skipped="0" failures="0" errors="0" timestamp="2020-05-14T08:08:32" hostname="LAPTOP-82VCQFF9" time="0.37">
  <properties/>
  <testcase name="testWhenComponentListURLIsAccessedItShouldContainCorrectDefaultComponentModel()" classname="id.ac.ui.cs.advprog.MyAc.controller.ShortPlanControllerTest" time="0.37"/>
  <system-out><![CDATA[2020-05-14 15:08:24.489  INFO 7340 --- [    Test worker] .b.t.a.w.s.WebMvcTestContextBootstrapper : Neither @ContextConfiguration nor @ContextHierarchy found for test class [id.ac.ui.cs.advprog.MyAc.controller.ShortPlanControllerTest], using SpringBootContextLoader
2020-05-14 15:08:24.492  INFO 7340 --- [    Test worker] o.s.t.c.support.AbstractContextLoader    : Could not detect default resource locations for test class [id.ac.ui.cs.advprog.MyAc.controller.ShortPlanControllerTest]: no resource found for suffixes {-context.xml, Context.groovy}.
2020-05-14 15:08:24.494  INFO 7340 --- [    Test worker] t.c.s.AnnotationConfigContextLoaderUtils : Could not detect default configuration classes for test class [id.ac.ui.cs.advprog.MyAc.controller.ShortPlanControllerTest]: ShortPlanControllerTest does not declare any static, non-private, non-final, nested classes annotated with @Configuration.
2020-05-14 15:08:24.511  INFO 7340 --- [    Test worker] .b.t.c.SpringBootTestContextBootstrapper : Found @SpringBootConfiguration id.ac.ui.cs.advprog.MyAc.MyAcApplication for test class id.ac.ui.cs.advprog.MyAc.controller.ShortPlanControllerTest
2020-05-14 15:08:24.515  INFO 7340 --- [    Test worker] .b.t.a.w.s.WebMvcTestContextBootstrapper : Loaded default TestExecutionListener class names from location [META-INF/spring.factories]: [org.springframework.security.test.context.support.WithSecurityContextTestExecutionListener, org.springframework.security.test.context.support.ReactorContextTestExecutionListener, org.springframework.boot.test.autoconfigure.restdocs.RestDocsTestExecutionListener, org.springframework.boot.test.autoconfigure.web.client.MockRestServiceServerResetTestExecutionListener, org.springframework.boot.test.autoconfigure.web.servlet.MockMvcPrintOnlyOnFailureTestExecutionListener, org.springframework.boot.test.autoconfigure.web.servlet.WebDriverTestExecutionListener, org.springframework.boot.test.mock.mockito.MockitoTestExecutionListener, org.springframework.boot.test.mock.mockito.ResetMocksTestExecutionListener, org.springframework.test.context.web.ServletTestExecutionListener, org.springframework.test.context.support.DirtiesContextBeforeModesTestExecutionListener, org.springframework.test.context.support.DependencyInjectionTestExecutionListener, org.springframework.test.context.support.DirtiesContextTestExecutionListener, org.springframework.test.context.transaction.TransactionalTestExecutionListener, org.springframework.test.context.jdbc.SqlScriptsTestExecutionListener, org.springframework.test.context.event.EventPublishingTestExecutionListener]
2020-05-14 15:08:24.518  INFO 7340 --- [    Test worker] .b.t.a.w.s.WebMvcTestContextBootstrapper : Using TestExecutionListeners: [org.springframework.test.context.web.ServletTestExecutionListener@bbf997a, org.springframework.test.context.support.DirtiesContextBeforeModesTestExecutionListener@5d52de8b, org.springframework.boot.test.mock.mockito.MockitoTestExecutionListener@64cba930, org.springframework.boot.test.autoconfigure.SpringBootDependencyInjectionTestExecutionListener@6b633aa2, org.springframework.test.context.support.DirtiesContextTestExecutionListener@1c600afd, org.springframework.test.context.transaction.TransactionalTestExecutionListener@570d297c, org.springframework.test.context.jdbc.SqlScriptsTestExecutionListener@6eb69884, org.springframework.security.test.context.support.WithSecurityContextTestExecutionListener@1c7219da, org.springframework.test.context.event.EventPublishingTestExecutionListener@59df4b, org.springframework.security.test.context.support.ReactorContextTestExecutionListener@3ea140f5, org.springframework.boot.test.autoconfigure.restdocs.RestDocsTestExecutionListener@64898d1d, org.springframework.boot.test.autoconfigure.web.client.MockRestServiceServerResetTestExecutionListener@6839f49f, org.springframework.boot.test.autoconfigure.web.servlet.MockMvcPrintOnlyOnFailureTestExecutionListener@26d4dd54, org.springframework.boot.test.autoconfigure.web.servlet.WebDriverTestExecutionListener@12469793, org.springframework.boot.test.mock.mockito.ResetMocksTestExecutionListener@3a8f11a3]

  .   ____          _            __ _ _
 /\\ / ___'_ __ _ _(_)_ __  __ _ \ \ \ \
( ( )\___ | '_ | '_| | '_ \/ _` | \ \ \ \
 \\/  ___)| |_)| | | | | || (_| |  ) ) ) )
  '  |____| .__|_| |_|_| |_\__, | / / / /
 =========|_|==============|___/=/_/_/_/
 :: Spring Boot ::        (v2.2.4.RELEASE)

2020-05-14 15:08:25.379  INFO 7340 --- [    Test worker] i.a.u.c.a.M.c.ShortPlanControllerTest    : Starting ShortPlanControllerTest on LAPTOP-82VCQFF9 with PID 7340 (started by Ali Irsyaad in C:\Users\Ali Irsyaad\OneDrive - UNIVERSITAS INDONESIA\Ali's Document\Semester 4\AdPro\myacademy\MyAc)
2020-05-14 15:08:25.386  INFO 7340 --- [    Test worker] i.a.u.c.a.M.c.ShortPlanControllerTest    : No active profile set, falling back to default profiles: default
2020-05-14 15:08:30.159  INFO 7340 --- [    Test worker] o.s.s.web.DefaultSecurityFilterChain     : Creating filter chain: any request, [org.springframework.security.web.context.request.async.WebAsyncManagerIntegrationFilter@75b58639, org.springframework.security.web.context.SecurityContextPersistenceFilter@482239b3, org.springframework.security.web.header.HeaderWriterFilter@1fc7af45, org.springframework.security.web.csrf.CsrfFilter@4f0a2ef1, org.springframework.security.web.authentication.logout.LogoutFilter@2204e0f3, org.springframework.security.web.authentication.UsernamePasswordAuthenticationFilter@389bec1c, org.springframework.security.web.savedrequest.RequestCacheAwareFilter@f41732, org.springframework.security.web.servletapi.SecurityContextHolderAwareRequestFilter@22eb2dee, org.springframework.security.web.authentication.AnonymousAuthenticationFilter@1cfbdf7c, org.springframework.security.web.session.SessionManagementFilter@56c1e83c, org.springframework.security.web.access.ExceptionTranslationFilter@525349ac, org.springframework.security.web.access.intercept.FilterSecurityInterceptor@44e0972f]
2020-05-14 15:08:31.369  INFO 7340 --- [    Test worker] o.s.s.concurrent.ThreadPoolTaskExecutor  : Initializing ExecutorService 'applicationTaskExecutor'
2020-05-14 15:08:31.573  INFO 7340 --- [    Test worker] o.s.b.a.w.s.WelcomePageHandlerMapping    : Adding welcome page template: index
2020-05-14 15:08:32.334  INFO 7340 --- [    Test worker] o.s.b.t.m.w.SpringBootMockServletContext : Initializing Spring TestDispatcherServlet ''
2020-05-14 15:08:32.334  INFO 7340 --- [    Test worker] o.s.t.web.servlet.TestDispatcherServlet  : Initializing Servlet ''
2020-05-14 15:08:32.401  INFO 7340 --- [    Test worker] o.s.t.web.servlet.TestDispatcherServlet  : Completed initialization in 67 ms
2020-05-14 15:08:32.525  INFO 7340 --- [    Test worker] i.a.u.c.a.M.c.ShortPlanControllerTest    : Started ShortPlanControllerTest in 7.99 seconds (JVM running for 112.027)
]]></system-out>
  <system-err><![CDATA[]]></system-err>
</testsuite>
