<?xml version="1.0" encoding="UTF-8"?>
<testsuite name="id.ac.ui.cs.advprog.MyAc.controller.ShortPlanControllerTest" tests="1" skipped="0" failures="0" errors="0" timestamp="2020-05-14T07:59:39" hostname="LAPTOP-82VCQFF9" time="0.427">
  <properties/>
  <testcase name="testWhenComponentListURLIsAccessedItShouldContainCorrectDefaultComponentModel()" classname="id.ac.ui.cs.advprog.MyAc.controller.ShortPlanControllerTest" time="0.427"/>
  <system-out><![CDATA[2020-05-14 14:59:32.615  INFO 12040 --- [    Test worker] .b.t.a.w.s.WebMvcTestContextBootstrapper : Neither @ContextConfiguration nor @ContextHierarchy found for test class [id.ac.ui.cs.advprog.MyAc.controller.ShortPlanControllerTest], using SpringBootContextLoader
2020-05-14 14:59:32.624  INFO 12040 --- [    Test worker] o.s.t.c.support.AbstractContextLoader    : Could not detect default resource locations for test class [id.ac.ui.cs.advprog.MyAc.controller.ShortPlanControllerTest]: no resource found for suffixes {-context.xml, Context.groovy}.
2020-05-14 14:59:32.628  INFO 12040 --- [    Test worker] t.c.s.AnnotationConfigContextLoaderUtils : Could not detect default configuration classes for test class [id.ac.ui.cs.advprog.MyAc.controller.ShortPlanControllerTest]: ShortPlanControllerTest does not declare any static, non-private, non-final, nested classes annotated with @Configuration.
2020-05-14 14:59:32.656  INFO 12040 --- [    Test worker] .b.t.c.SpringBootTestContextBootstrapper : Found @SpringBootConfiguration id.ac.ui.cs.advprog.MyAc.MyAcApplication for test class id.ac.ui.cs.advprog.MyAc.controller.ShortPlanControllerTest
2020-05-14 14:59:32.659  INFO 12040 --- [    Test worker] .b.t.a.w.s.WebMvcTestContextBootstrapper : Loaded default TestExecutionListener class names from location [META-INF/spring.factories]: [org.springframework.security.test.context.support.WithSecurityContextTestExecutionListener, org.springframework.security.test.context.support.ReactorContextTestExecutionListener, org.springframework.boot.test.autoconfigure.restdocs.RestDocsTestExecutionListener, org.springframework.boot.test.autoconfigure.web.client.MockRestServiceServerResetTestExecutionListener, org.springframework.boot.test.autoconfigure.web.servlet.MockMvcPrintOnlyOnFailureTestExecutionListener, org.springframework.boot.test.autoconfigure.web.servlet.WebDriverTestExecutionListener, org.springframework.boot.test.mock.mockito.MockitoTestExecutionListener, org.springframework.boot.test.mock.mockito.ResetMocksTestExecutionListener, org.springframework.test.context.web.ServletTestExecutionListener, org.springframework.test.context.support.DirtiesContextBeforeModesTestExecutionListener, org.springframework.test.context.support.DependencyInjectionTestExecutionListener, org.springframework.test.context.support.DirtiesContextTestExecutionListener, org.springframework.test.context.transaction.TransactionalTestExecutionListener, org.springframework.test.context.jdbc.SqlScriptsTestExecutionListener, org.springframework.test.context.event.EventPublishingTestExecutionListener]
2020-05-14 14:59:32.665  INFO 12040 --- [    Test worker] .b.t.a.w.s.WebMvcTestContextBootstrapper : Using TestExecutionListeners: [org.springframework.test.context.web.ServletTestExecutionListener@77c5747f, org.springframework.test.context.support.DirtiesContextBeforeModesTestExecutionListener@585f9657, org.springframework.boot.test.mock.mockito.MockitoTestExecutionListener@70efef00, org.springframework.boot.test.autoconfigure.SpringBootDependencyInjectionTestExecutionListener@2e6568f2, org.springframework.test.context.support.DirtiesContextTestExecutionListener@725f87cd, org.springframework.test.context.transaction.TransactionalTestExecutionListener@56164aff, org.springframework.test.context.jdbc.SqlScriptsTestExecutionListener@590e28d2, org.springframework.security.test.context.support.WithSecurityContextTestExecutionListener@5c29f9f9, org.springframework.test.context.event.EventPublishingTestExecutionListener@52c67c5e, org.springframework.security.test.context.support.ReactorContextTestExecutionListener@36e3954b, org.springframework.boot.test.autoconfigure.restdocs.RestDocsTestExecutionListener@1e8373fd, org.springframework.boot.test.autoconfigure.web.client.MockRestServiceServerResetTestExecutionListener@d76b7e5, org.springframework.boot.test.autoconfigure.web.servlet.MockMvcPrintOnlyOnFailureTestExecutionListener@6cb30e99, org.springframework.boot.test.autoconfigure.web.servlet.WebDriverTestExecutionListener@46508789, org.springframework.boot.test.mock.mockito.ResetMocksTestExecutionListener@43c91825]

  .   ____          _            __ _ _
 /\\ / ___'_ __ _ _(_)_ __  __ _ \ \ \ \
( ( )\___ | '_ | '_| | '_ \/ _` | \ \ \ \
 \\/  ___)| |_)| | | | | || (_| |  ) ) ) )
  '  |____| .__|_| |_|_| |_\__, | / / / /
 =========|_|==============|___/=/_/_/_/
 :: Spring Boot ::        (v2.2.4.RELEASE)

2020-05-14 14:59:32.912  INFO 12040 --- [    Test worker] i.a.u.c.a.M.c.ShortPlanControllerTest    : Starting ShortPlanControllerTest on LAPTOP-82VCQFF9 with PID 12040 (started by Ali Irsyaad in C:\Users\Ali Irsyaad\OneDrive - UNIVERSITAS INDONESIA\Ali's Document\Semester 4\AdPro\myacademy\MyAc)
2020-05-14 14:59:32.929  INFO 12040 --- [    Test worker] i.a.u.c.a.M.c.ShortPlanControllerTest    : No active profile set, falling back to default profiles: default
2020-05-14 14:59:36.798  INFO 12040 --- [    Test worker] o.s.s.web.DefaultSecurityFilterChain     : Creating filter chain: any request, [org.springframework.security.web.context.request.async.WebAsyncManagerIntegrationFilter@f37a4b9, org.springframework.security.web.context.SecurityContextPersistenceFilter@39ad56e5, org.springframework.security.web.header.HeaderWriterFilter@41c9bfe1, org.springframework.security.web.csrf.CsrfFilter@2cf95ff2, org.springframework.security.web.authentication.logout.LogoutFilter@25347644, org.springframework.security.web.authentication.UsernamePasswordAuthenticationFilter@36ece4cf, org.springframework.security.web.savedrequest.RequestCacheAwareFilter@4918ec6c, org.springframework.security.web.servletapi.SecurityContextHolderAwareRequestFilter@45a26419, org.springframework.security.web.authentication.AnonymousAuthenticationFilter@76c45163, org.springframework.security.web.session.SessionManagementFilter@5fcd8421, org.springframework.security.web.access.ExceptionTranslationFilter@4a074854, org.springframework.security.web.access.intercept.FilterSecurityInterceptor@7baba662]
2020-05-14 14:59:37.795  INFO 12040 --- [    Test worker] o.s.s.concurrent.ThreadPoolTaskExecutor  : Initializing ExecutorService 'applicationTaskExecutor'
2020-05-14 14:59:37.931  INFO 12040 --- [    Test worker] o.s.b.a.w.s.WelcomePageHandlerMapping    : Adding welcome page template: index
2020-05-14 14:59:38.928  INFO 12040 --- [    Test worker] o.s.b.t.m.w.SpringBootMockServletContext : Initializing Spring TestDispatcherServlet ''
2020-05-14 14:59:38.929  INFO 12040 --- [    Test worker] o.s.t.web.servlet.TestDispatcherServlet  : Initializing Servlet ''
2020-05-14 14:59:39.071  INFO 12040 --- [    Test worker] o.s.t.web.servlet.TestDispatcherServlet  : Completed initialization in 141 ms
2020-05-14 14:59:39.218  INFO 12040 --- [    Test worker] i.a.u.c.a.M.c.ShortPlanControllerTest    : Started ShortPlanControllerTest in 6.486 seconds (JVM running for 105.89)
]]></system-out>
  <system-err><![CDATA[]]></system-err>
</testsuite>
