<?xml version="1.0" encoding="UTF-8"?>
<testsuite name="id.ac.ui.cs.advprog.MyAc.controller.ShortPlanControllerTest" tests="2" skipped="0" failures="0" errors="0" timestamp="2020-04-30T07:13:57" hostname="LAPTOP-SJCI920E" time="0.544">
  <properties/>
  <testcase name="testWhenAddComponentURLIsAccessedItShouldCallShortPlanServiceAddComponent()" classname="id.ac.ui.cs.advprog.MyAc.controller.ShortPlanControllerTest" time="0.096"/>
  <testcase name="testWhenComponentListURLIsAccessedItShouldContainCorrectDefaultComponentModel()" classname="id.ac.ui.cs.advprog.MyAc.controller.ShortPlanControllerTest" time="0.446"/>
  <system-out><![CDATA[2020-04-30 14:13:36.637  INFO 150 --- [    Test worker] .b.t.a.w.s.WebMvcTestContextBootstrapper : Neither @ContextConfiguration nor @ContextHierarchy found for test class [id.ac.ui.cs.advprog.MyAc.controller.ShortPlanControllerTest], using SpringBootContextLoader
2020-04-30 14:13:36.664  INFO 150 --- [    Test worker] o.s.t.c.support.AbstractContextLoader    : Could not detect default resource locations for test class [id.ac.ui.cs.advprog.MyAc.controller.ShortPlanControllerTest]: no resource found for suffixes {-context.xml, Context.groovy}.
2020-04-30 14:13:36.664  INFO 150 --- [    Test worker] t.c.s.AnnotationConfigContextLoaderUtils : Could not detect default configuration classes for test class [id.ac.ui.cs.advprog.MyAc.controller.ShortPlanControllerTest]: ShortPlanControllerTest does not declare any static, non-private, non-final, nested classes annotated with @Configuration.
2020-04-30 14:13:36.688  INFO 150 --- [    Test worker] .b.t.c.SpringBootTestContextBootstrapper : Found @SpringBootConfiguration id.ac.ui.cs.advprog.MyAc.MyAcApplication for test class id.ac.ui.cs.advprog.MyAc.controller.ShortPlanControllerTest
2020-04-30 14:13:36.689  INFO 150 --- [    Test worker] .b.t.a.w.s.WebMvcTestContextBootstrapper : Loaded default TestExecutionListener class names from location [META-INF/spring.factories]: [org.springframework.boot.test.autoconfigure.restdocs.RestDocsTestExecutionListener, org.springframework.boot.test.autoconfigure.web.client.MockRestServiceServerResetTestExecutionListener, org.springframework.boot.test.autoconfigure.web.servlet.MockMvcPrintOnlyOnFailureTestExecutionListener, org.springframework.boot.test.autoconfigure.web.servlet.WebDriverTestExecutionListener, org.springframework.boot.test.mock.mockito.MockitoTestExecutionListener, org.springframework.boot.test.mock.mockito.ResetMocksTestExecutionListener, org.springframework.test.context.web.ServletTestExecutionListener, org.springframework.test.context.support.DirtiesContextBeforeModesTestExecutionListener, org.springframework.test.context.support.DependencyInjectionTestExecutionListener, org.springframework.test.context.support.DirtiesContextTestExecutionListener, org.springframework.test.context.transaction.TransactionalTestExecutionListener, org.springframework.test.context.jdbc.SqlScriptsTestExecutionListener, org.springframework.test.context.event.EventPublishingTestExecutionListener]
2020-04-30 14:13:36.689  INFO 150 --- [    Test worker] .b.t.a.w.s.WebMvcTestContextBootstrapper : Using TestExecutionListeners: [org.springframework.test.context.web.ServletTestExecutionListener@52ba7e7c, org.springframework.test.context.support.DirtiesContextBeforeModesTestExecutionListener@4e3fef46, org.springframework.boot.test.mock.mockito.MockitoTestExecutionListener@fb50d94, org.springframework.boot.test.autoconfigure.SpringBootDependencyInjectionTestExecutionListener@30cb3966, org.springframework.test.context.support.DirtiesContextTestExecutionListener@3183f89d, org.springframework.test.context.transaction.TransactionalTestExecutionListener@777434, org.springframework.test.context.jdbc.SqlScriptsTestExecutionListener@27890003, org.springframework.test.context.event.EventPublishingTestExecutionListener@4e600d9d, org.springframework.boot.test.autoconfigure.restdocs.RestDocsTestExecutionListener@608943dc, org.springframework.boot.test.autoconfigure.web.client.MockRestServiceServerResetTestExecutionListener@5be44d2d, org.springframework.boot.test.autoconfigure.web.servlet.MockMvcPrintOnlyOnFailureTestExecutionListener@3402c74a, org.springframework.boot.test.autoconfigure.web.servlet.WebDriverTestExecutionListener@7ac038b2, org.springframework.boot.test.mock.mockito.ResetMocksTestExecutionListener@507d0395]

  .   ____          _            __ _ _
 /\\ / ___'_ __ _ _(_)_ __  __ _ \ \ \ \
( ( )\___ | '_ | '_| | '_ \/ _` | \ \ \ \
 \\/  ___)| |_)| | | | | || (_| |  ) ) ) )
  '  |____| .__|_| |_|_| |_\__, | / / / /
 =========|_|==============|___/=/_/_/_/
 :: Spring Boot ::        (v2.2.4.RELEASE)

2020-04-30 14:13:37.326  INFO 150 --- [    Test worker] i.a.u.c.a.M.c.ShortPlanControllerTest    : Starting ShortPlanControllerTest on LAPTOP-SJCI920E with PID 150 (started by alvinhariman in /mnt/c/Users/Alvin/Desktop/testtt/myacademy/MyAc)
2020-04-30 14:13:37.327  INFO 150 --- [    Test worker] i.a.u.c.a.M.c.ShortPlanControllerTest    : No active profile set, falling back to default profiles: default
2020-04-30 14:13:48.625  INFO 150 --- [    Test worker] o.s.s.concurrent.ThreadPoolTaskExecutor  : Initializing ExecutorService 'applicationTaskExecutor'
2020-04-30 14:13:56.827  INFO 150 --- [    Test worker] o.s.b.t.m.w.SpringBootMockServletContext : Initializing Spring TestDispatcherServlet ''
2020-04-30 14:13:56.828  INFO 150 --- [    Test worker] o.s.t.web.servlet.TestDispatcherServlet  : Initializing Servlet ''
2020-04-30 14:13:57.251  INFO 150 --- [    Test worker] o.s.t.web.servlet.TestDispatcherServlet  : Completed initialization in 423 ms
2020-04-30 14:13:57.745  INFO 150 --- [    Test worker] i.a.u.c.a.M.c.ShortPlanControllerTest    : Started ShortPlanControllerTest in 21.037 seconds (JVM running for 112.579)
]]></system-out>
  <system-err><![CDATA[]]></system-err>
</testsuite>
