<?xml version="1.0" encoding="UTF-8"?>
<testsuite name="id.ac.ui.cs.advprog.MyAc.controller.PostControllerTest" tests="1" skipped="0" failures="0" errors="0" timestamp="2020-05-14T07:59:31" hostname="LAPTOP-82VCQFF9" time="0.725">
  <properties/>
  <testcase name="whenAddUrlIsAccessedItShouldContainNewPost()" classname="id.ac.ui.cs.advprog.MyAc.controller.PostControllerTest" time="0.725"/>
  <system-out><![CDATA[2020-05-14 14:59:25.358  INFO 12040 --- [    Test worker] .b.t.a.w.s.WebMvcTestContextBootstrapper : Neither @ContextConfiguration nor @ContextHierarchy found for test class [id.ac.ui.cs.advprog.MyAc.controller.PostControllerTest], using SpringBootContextLoader
2020-05-14 14:59:25.370  INFO 12040 --- [    Test worker] o.s.t.c.support.AbstractContextLoader    : Could not detect default resource locations for test class [id.ac.ui.cs.advprog.MyAc.controller.PostControllerTest]: no resource found for suffixes {-context.xml, Context.groovy}.
2020-05-14 14:59:25.371  INFO 12040 --- [    Test worker] t.c.s.AnnotationConfigContextLoaderUtils : Could not detect default configuration classes for test class [id.ac.ui.cs.advprog.MyAc.controller.PostControllerTest]: PostControllerTest does not declare any static, non-private, non-final, nested classes annotated with @Configuration.
2020-05-14 14:59:25.405  INFO 12040 --- [    Test worker] .b.t.c.SpringBootTestContextBootstrapper : Found @SpringBootConfiguration id.ac.ui.cs.advprog.MyAc.MyAcApplication for test class id.ac.ui.cs.advprog.MyAc.controller.PostControllerTest
2020-05-14 14:59:25.578  INFO 12040 --- [    Test worker] .b.t.a.w.s.WebMvcTestContextBootstrapper : Loaded default TestExecutionListener class names from location [META-INF/spring.factories]: [org.springframework.security.test.context.support.WithSecurityContextTestExecutionListener, org.springframework.security.test.context.support.ReactorContextTestExecutionListener, org.springframework.boot.test.autoconfigure.restdocs.RestDocsTestExecutionListener, org.springframework.boot.test.autoconfigure.web.client.MockRestServiceServerResetTestExecutionListener, org.springframework.boot.test.autoconfigure.web.servlet.MockMvcPrintOnlyOnFailureTestExecutionListener, org.springframework.boot.test.autoconfigure.web.servlet.WebDriverTestExecutionListener, org.springframework.boot.test.mock.mockito.MockitoTestExecutionListener, org.springframework.boot.test.mock.mockito.ResetMocksTestExecutionListener, org.springframework.test.context.web.ServletTestExecutionListener, org.springframework.test.context.support.DirtiesContextBeforeModesTestExecutionListener, org.springframework.test.context.support.DependencyInjectionTestExecutionListener, org.springframework.test.context.support.DirtiesContextTestExecutionListener, org.springframework.test.context.transaction.TransactionalTestExecutionListener, org.springframework.test.context.jdbc.SqlScriptsTestExecutionListener, org.springframework.test.context.event.EventPublishingTestExecutionListener]
2020-05-14 14:59:25.585  INFO 12040 --- [    Test worker] .b.t.a.w.s.WebMvcTestContextBootstrapper : Using TestExecutionListeners: [org.springframework.test.context.web.ServletTestExecutionListener@6ba6a2f3, org.springframework.test.context.support.DirtiesContextBeforeModesTestExecutionListener@7091971c, org.springframework.boot.test.mock.mockito.MockitoTestExecutionListener@3f39d14, org.springframework.boot.test.autoconfigure.SpringBootDependencyInjectionTestExecutionListener@6afd3e75, org.springframework.test.context.support.DirtiesContextTestExecutionListener@3492a8e3, org.springframework.test.context.transaction.TransactionalTestExecutionListener@4847f01a, org.springframework.test.context.jdbc.SqlScriptsTestExecutionListener@5743cf3b, org.springframework.security.test.context.support.WithSecurityContextTestExecutionListener@544e4d30, org.springframework.test.context.event.EventPublishingTestExecutionListener@753a32ea, org.springframework.security.test.context.support.ReactorContextTestExecutionListener@20adb77, org.springframework.boot.test.autoconfigure.restdocs.RestDocsTestExecutionListener@4bf9e61a, org.springframework.boot.test.autoconfigure.web.client.MockRestServiceServerResetTestExecutionListener@6d780598, org.springframework.boot.test.autoconfigure.web.servlet.MockMvcPrintOnlyOnFailureTestExecutionListener@4971d7bf, org.springframework.boot.test.autoconfigure.web.servlet.WebDriverTestExecutionListener@1d746c85, org.springframework.boot.test.mock.mockito.ResetMocksTestExecutionListener@19398007]

  .   ____          _            __ _ _
 /\\ / ___'_ __ _ _(_)_ __  __ _ \ \ \ \
( ( )\___ | '_ | '_| | '_ \/ _` | \ \ \ \
 \\/  ___)| |_)| | | | | || (_| |  ) ) ) )
  '  |____| .__|_| |_|_| |_\__, | / / / /
 =========|_|==============|___/=/_/_/_/
 :: Spring Boot ::        (v2.2.4.RELEASE)

2020-05-14 14:59:26.006  INFO 12040 --- [    Test worker] i.a.u.c.a.M.c.PostControllerTest         : Starting PostControllerTest on LAPTOP-82VCQFF9 with PID 12040 (started by Ali Irsyaad in C:\Users\Ali Irsyaad\OneDrive - UNIVERSITAS INDONESIA\Ali's Document\Semester 4\AdPro\myacademy\MyAc)
2020-05-14 14:59:26.012  INFO 12040 --- [    Test worker] i.a.u.c.a.M.c.PostControllerTest         : No active profile set, falling back to default profiles: default
2020-05-14 14:59:29.186  INFO 12040 --- [    Test worker] o.s.s.web.DefaultSecurityFilterChain     : Creating filter chain: any request, [org.springframework.security.web.context.request.async.WebAsyncManagerIntegrationFilter@7916246e, org.springframework.security.web.context.SecurityContextPersistenceFilter@55ef0c2f, org.springframework.security.web.header.HeaderWriterFilter@ec26785, org.springframework.security.web.csrf.CsrfFilter@47841a11, org.springframework.security.web.authentication.logout.LogoutFilter@10c9559a, org.springframework.security.web.authentication.UsernamePasswordAuthenticationFilter@77e86fa9, org.springframework.security.web.savedrequest.RequestCacheAwareFilter@7466c509, org.springframework.security.web.servletapi.SecurityContextHolderAwareRequestFilter@69057a4f, org.springframework.security.web.authentication.AnonymousAuthenticationFilter@479e6384, org.springframework.security.web.session.SessionManagementFilter@325ccce7, org.springframework.security.web.access.ExceptionTranslationFilter@3ef3fb60, org.springframework.security.web.access.intercept.FilterSecurityInterceptor@6fbe966b]
2020-05-14 14:59:30.433  INFO 12040 --- [    Test worker] o.s.s.concurrent.ThreadPoolTaskExecutor  : Initializing ExecutorService 'applicationTaskExecutor'
2020-05-14 14:59:30.690  INFO 12040 --- [    Test worker] o.s.b.a.w.s.WelcomePageHandlerMapping    : Adding welcome page template: index
2020-05-14 14:59:31.504  INFO 12040 --- [    Test worker] o.s.b.t.m.w.SpringBootMockServletContext : Initializing Spring TestDispatcherServlet ''
2020-05-14 14:59:31.507  INFO 12040 --- [    Test worker] o.s.t.web.servlet.TestDispatcherServlet  : Initializing Servlet ''
2020-05-14 14:59:31.588  INFO 12040 --- [    Test worker] o.s.t.web.servlet.TestDispatcherServlet  : Completed initialization in 79 ms
2020-05-14 14:59:31.805  INFO 12040 --- [    Test worker] i.a.u.c.a.M.c.PostControllerTest         : Started PostControllerTest in 6.2 seconds (JVM running for 98.477)
]]></system-out>
  <system-err><![CDATA[]]></system-err>
</testsuite>
