<?xml version="1.0" encoding="UTF-8"?>
<testsuite name="id.ac.ui.cs.advprog.MyAc.controller.LongPlanControllerTest" tests="3" skipped="0" failures="0" errors="0" timestamp="2020-05-14T08:07:58" hostname="LAPTOP-82VCQFF9" time="3.687">
  <properties/>
  <testcase name="whenLongPlanUrlAccessedShouldReturnLongPlanPage()" classname="id.ac.ui.cs.advprog.MyAc.controller.LongPlanControllerTest" time="3.175"/>
  <testcase name="whenLongPlanEditUrlAccessedShouldReturnLongPlanEditPage()" classname="id.ac.ui.cs.advprog.MyAc.controller.LongPlanControllerTest" time="0.268"/>
  <testcase name="whenLongPlanCreateUrlAccessedShouldReturnLongPlanCreatePage()" classname="id.ac.ui.cs.advprog.MyAc.controller.LongPlanControllerTest" time="0.151"/>
  <system-out><![CDATA[2020-05-14 15:07:48.843  INFO 7340 --- [    Test worker] .b.t.a.w.s.WebMvcTestContextBootstrapper : Neither @ContextConfiguration nor @ContextHierarchy found for test class [id.ac.ui.cs.advprog.MyAc.controller.LongPlanControllerTest], using SpringBootContextLoader
2020-05-14 15:07:48.847  INFO 7340 --- [    Test worker] o.s.t.c.support.AbstractContextLoader    : Could not detect default resource locations for test class [id.ac.ui.cs.advprog.MyAc.controller.LongPlanControllerTest]: no resource found for suffixes {-context.xml, Context.groovy}.
2020-05-14 15:07:48.849  INFO 7340 --- [    Test worker] t.c.s.AnnotationConfigContextLoaderUtils : Could not detect default configuration classes for test class [id.ac.ui.cs.advprog.MyAc.controller.LongPlanControllerTest]: LongPlanControllerTest does not declare any static, non-private, non-final, nested classes annotated with @Configuration.
2020-05-14 15:07:48.946  INFO 7340 --- [    Test worker] .b.t.c.SpringBootTestContextBootstrapper : Found @SpringBootConfiguration id.ac.ui.cs.advprog.MyAc.MyAcApplication for test class id.ac.ui.cs.advprog.MyAc.controller.LongPlanControllerTest
2020-05-14 15:07:48.950  INFO 7340 --- [    Test worker] .b.t.a.w.s.WebMvcTestContextBootstrapper : Loaded default TestExecutionListener class names from location [META-INF/spring.factories]: [org.springframework.security.test.context.support.WithSecurityContextTestExecutionListener, org.springframework.security.test.context.support.ReactorContextTestExecutionListener, org.springframework.boot.test.autoconfigure.restdocs.RestDocsTestExecutionListener, org.springframework.boot.test.autoconfigure.web.client.MockRestServiceServerResetTestExecutionListener, org.springframework.boot.test.autoconfigure.web.servlet.MockMvcPrintOnlyOnFailureTestExecutionListener, org.springframework.boot.test.autoconfigure.web.servlet.WebDriverTestExecutionListener, org.springframework.boot.test.mock.mockito.MockitoTestExecutionListener, org.springframework.boot.test.mock.mockito.ResetMocksTestExecutionListener, org.springframework.test.context.web.ServletTestExecutionListener, org.springframework.test.context.support.DirtiesContextBeforeModesTestExecutionListener, org.springframework.test.context.support.DependencyInjectionTestExecutionListener, org.springframework.test.context.support.DirtiesContextTestExecutionListener, org.springframework.test.context.transaction.TransactionalTestExecutionListener, org.springframework.test.context.jdbc.SqlScriptsTestExecutionListener, org.springframework.test.context.event.EventPublishingTestExecutionListener]
2020-05-14 15:07:48.960  INFO 7340 --- [    Test worker] .b.t.a.w.s.WebMvcTestContextBootstrapper : Using TestExecutionListeners: [org.springframework.test.context.web.ServletTestExecutionListener@7a07a679, org.springframework.test.context.support.DirtiesContextBeforeModesTestExecutionListener@3ff4b01a, org.springframework.boot.test.mock.mockito.MockitoTestExecutionListener@10934e77, org.springframework.boot.test.autoconfigure.SpringBootDependencyInjectionTestExecutionListener@4f24fc15, org.springframework.test.context.support.DirtiesContextTestExecutionListener@857afe6, org.springframework.test.context.transaction.TransactionalTestExecutionListener@1239ba96, org.springframework.test.context.jdbc.SqlScriptsTestExecutionListener@18d3ae50, org.springframework.security.test.context.support.WithSecurityContextTestExecutionListener@707f3d0b, org.springframework.test.context.event.EventPublishingTestExecutionListener@45e2847d, org.springframework.security.test.context.support.ReactorContextTestExecutionListener@1ad07b5d, org.springframework.boot.test.autoconfigure.restdocs.RestDocsTestExecutionListener@1ff4f779, org.springframework.boot.test.autoconfigure.web.client.MockRestServiceServerResetTestExecutionListener@16ea16e9, org.springframework.boot.test.autoconfigure.web.servlet.MockMvcPrintOnlyOnFailureTestExecutionListener@47fab925, org.springframework.boot.test.autoconfigure.web.servlet.WebDriverTestExecutionListener@5e693814, org.springframework.boot.test.mock.mockito.ResetMocksTestExecutionListener@661e439f]

  .   ____          _            __ _ _
 /\\ / ___'_ __ _ _(_)_ __  __ _ \ \ \ \
( ( )\___ | '_ | '_| | '_ \/ _` | \ \ \ \
 \\/  ___)| |_)| | | | | || (_| |  ) ) ) )
  '  |____| .__|_| |_|_| |_\__, | / / / /
 =========|_|==============|___/=/_/_/_/
 :: Spring Boot ::        (v2.2.4.RELEASE)

2020-05-14 15:07:49.378  INFO 7340 --- [    Test worker] i.a.u.c.a.M.c.LongPlanControllerTest     : Starting LongPlanControllerTest on LAPTOP-82VCQFF9 with PID 7340 (started by Ali Irsyaad in C:\Users\Ali Irsyaad\OneDrive - UNIVERSITAS INDONESIA\Ali's Document\Semester 4\AdPro\myacademy\MyAc)
2020-05-14 15:07:49.390  INFO 7340 --- [    Test worker] i.a.u.c.a.M.c.LongPlanControllerTest     : No active profile set, falling back to default profiles: default
2020-05-14 15:07:54.746  INFO 7340 --- [    Test worker] o.s.s.web.DefaultSecurityFilterChain     : Creating filter chain: any request, [org.springframework.security.web.context.request.async.WebAsyncManagerIntegrationFilter@137987dc, org.springframework.security.web.context.SecurityContextPersistenceFilter@3c67bd9b, org.springframework.security.web.header.HeaderWriterFilter@41aeb380, org.springframework.security.web.csrf.CsrfFilter@5dbadf1f, org.springframework.security.web.authentication.logout.LogoutFilter@474918d3, org.springframework.security.web.authentication.UsernamePasswordAuthenticationFilter@e5dc3c3, org.springframework.security.web.savedrequest.RequestCacheAwareFilter@33d8cbee, org.springframework.security.web.servletapi.SecurityContextHolderAwareRequestFilter@7de4ca6, org.springframework.security.web.authentication.AnonymousAuthenticationFilter@51a7adab, org.springframework.security.web.session.SessionManagementFilter@372ece46, org.springframework.security.web.access.ExceptionTranslationFilter@67bd11a8, org.springframework.security.web.access.intercept.FilterSecurityInterceptor@1b4b01ee]
2020-05-14 15:07:56.199  INFO 7340 --- [    Test worker] o.s.s.concurrent.ThreadPoolTaskExecutor  : Initializing ExecutorService 'applicationTaskExecutor'
2020-05-14 15:07:56.506  INFO 7340 --- [    Test worker] o.s.b.a.w.s.WelcomePageHandlerMapping    : Adding welcome page template: index
2020-05-14 15:07:58.190  INFO 7340 --- [    Test worker] o.s.b.t.m.w.SpringBootMockServletContext : Initializing Spring TestDispatcherServlet ''
2020-05-14 15:07:58.193  INFO 7340 --- [    Test worker] o.s.t.web.servlet.TestDispatcherServlet  : Initializing Servlet ''
2020-05-14 15:07:58.250  INFO 7340 --- [    Test worker] o.s.t.web.servlet.TestDispatcherServlet  : Completed initialization in 53 ms
2020-05-14 15:07:58.399  INFO 7340 --- [    Test worker] i.a.u.c.a.M.c.LongPlanControllerTest     : Started LongPlanControllerTest in 9.396 seconds (JVM running for 77.9)
Administrasi Bisnis
Aljabar Linier
Aljabar Linier Numerik
Analisis dan Perancangan Sistem Informasi
Administrasi Sistem
Analisis Numerik
Analitika Media Sosial
Aproksimasi Sistem Nonlinier
Arsitektur & Pemrograman Aplikasi Perusahaan
Basis Data
Basis Data Lanjut
Bioinformatika
Dasar-Dasar Arsitektur Komputer
Dasar-Dasar Audit SI
Dasar-Dasar Pemrograman 1
Dasar-Dasar Pemrograman 2
Data Science & Analytics
Desain & Analisis Algoritma
Fisika Dasar
]]></system-out>
  <system-err><![CDATA[]]></system-err>
</testsuite>
