<?xml version="1.0" encoding="UTF-8"?>
<testsuite name="id.ac.ui.cs.advprog.MyAc.controller.ForumControllerTest" tests="1" skipped="0" failures="0" errors="0" timestamp="2020-05-14T22:38:21" hostname="DESKTOP-VVI2B95" time="0.86">
  <properties/>
  <testcase name="whenForumUrlIsAccessedItShouldContainCorrectPostList()" classname="id.ac.ui.cs.advprog.MyAc.controller.ForumControllerTest" time="0.86"/>
  <system-out><![CDATA[15:38:14.557 [Test worker] DEBUG org.springframework.test.context.BootstrapUtils - Instantiating CacheAwareContextLoaderDelegate from class [org.springframework.test.context.cache.DefaultCacheAwareContextLoaderDelegate]
15:38:14.612 [Test worker] DEBUG org.springframework.test.context.BootstrapUtils - Instantiating BootstrapContext using constructor [public org.springframework.test.context.support.DefaultBootstrapContext(java.lang.Class,org.springframework.test.context.CacheAwareContextLoaderDelegate)]
15:38:14.713 [Test worker] DEBUG org.springframework.test.context.BootstrapUtils - Instantiating TestContextBootstrapper for test class [id.ac.ui.cs.advprog.MyAc.controller.ForumControllerTest] from class [org.springframework.boot.test.autoconfigure.web.servlet.WebMvcTestContextBootstrapper]
15:38:14.760 [Test worker] INFO org.springframework.boot.test.autoconfigure.web.servlet.WebMvcTestContextBootstrapper - Neither @ContextConfiguration nor @ContextHierarchy found for test class [id.ac.ui.cs.advprog.MyAc.controller.ForumControllerTest], using SpringBootContextLoader
15:38:14.777 [Test worker] DEBUG org.springframework.test.context.support.AbstractContextLoader - Did not detect default resource location for test class [id.ac.ui.cs.advprog.MyAc.controller.ForumControllerTest]: class path resource [id/ac/ui/cs/advprog/MyAc/controller/ForumControllerTest-context.xml] does not exist
15:38:14.779 [Test worker] DEBUG org.springframework.test.context.support.AbstractContextLoader - Did not detect default resource location for test class [id.ac.ui.cs.advprog.MyAc.controller.ForumControllerTest]: class path resource [id/ac/ui/cs/advprog/MyAc/controller/ForumControllerTestContext.groovy] does not exist
15:38:14.779 [Test worker] INFO org.springframework.test.context.support.AbstractContextLoader - Could not detect default resource locations for test class [id.ac.ui.cs.advprog.MyAc.controller.ForumControllerTest]: no resource found for suffixes {-context.xml, Context.groovy}.
15:38:14.782 [Test worker] INFO org.springframework.test.context.support.AnnotationConfigContextLoaderUtils - Could not detect default configuration classes for test class [id.ac.ui.cs.advprog.MyAc.controller.ForumControllerTest]: ForumControllerTest does not declare any static, non-private, non-final, nested classes annotated with @Configuration.
15:38:14.969 [Test worker] DEBUG org.springframework.test.context.support.ActiveProfilesUtils - Could not find an 'annotation declaring class' for annotation type [org.springframework.test.context.ActiveProfiles] and class [id.ac.ui.cs.advprog.MyAc.controller.ForumControllerTest]
15:38:15.169 [Test worker] DEBUG org.springframework.context.annotation.ClassPathScanningCandidateComponentProvider - Identified candidate component class: file [D:\Project\myacademy\myacademy\MyAc\build\classes\java\main\id\ac\ui\cs\advprog\MyAc\MyAcApplication.class]
15:38:15.170 [Test worker] INFO org.springframework.boot.test.context.SpringBootTestContextBootstrapper - Found @SpringBootConfiguration id.ac.ui.cs.advprog.MyAc.MyAcApplication for test class id.ac.ui.cs.advprog.MyAc.controller.ForumControllerTest
15:38:15.174 [Test worker] DEBUG org.springframework.boot.test.autoconfigure.web.servlet.WebMvcTestContextBootstrapper - @TestExecutionListeners is not present for class [id.ac.ui.cs.advprog.MyAc.controller.ForumControllerTest]: using defaults.
15:38:15.176 [Test worker] INFO org.springframework.boot.test.autoconfigure.web.servlet.WebMvcTestContextBootstrapper - Loaded default TestExecutionListener class names from location [META-INF/spring.factories]: [org.springframework.security.test.context.support.WithSecurityContextTestExecutionListener, org.springframework.security.test.context.support.ReactorContextTestExecutionListener, org.springframework.boot.test.autoconfigure.restdocs.RestDocsTestExecutionListener, org.springframework.boot.test.autoconfigure.web.client.MockRestServiceServerResetTestExecutionListener, org.springframework.boot.test.autoconfigure.web.servlet.MockMvcPrintOnlyOnFailureTestExecutionListener, org.springframework.boot.test.autoconfigure.web.servlet.WebDriverTestExecutionListener, org.springframework.boot.test.mock.mockito.MockitoTestExecutionListener, org.springframework.boot.test.mock.mockito.ResetMocksTestExecutionListener, org.springframework.test.context.web.ServletTestExecutionListener, org.springframework.test.context.support.DirtiesContextBeforeModesTestExecutionListener, org.springframework.test.context.support.DependencyInjectionTestExecutionListener, org.springframework.test.context.support.DirtiesContextTestExecutionListener, org.springframework.test.context.transaction.TransactionalTestExecutionListener, org.springframework.test.context.jdbc.SqlScriptsTestExecutionListener, org.springframework.test.context.event.EventPublishingTestExecutionListener]
15:38:15.229 [Test worker] INFO org.springframework.boot.test.autoconfigure.web.servlet.WebMvcTestContextBootstrapper - Using TestExecutionListeners: [org.springframework.test.context.web.ServletTestExecutionListener@6e5fec9b, org.springframework.test.context.support.DirtiesContextBeforeModesTestExecutionListener@52d8d64, org.springframework.boot.test.mock.mockito.MockitoTestExecutionListener@5aef253f, org.springframework.boot.test.autoconfigure.SpringBootDependencyInjectionTestExecutionListener@68ad8ea8, org.springframework.test.context.support.DirtiesContextTestExecutionListener@79079c12, org.springframework.test.context.transaction.TransactionalTestExecutionListener@10a878fb, org.springframework.test.context.jdbc.SqlScriptsTestExecutionListener@334d710c, org.springframework.security.test.context.support.WithSecurityContextTestExecutionListener@37117103, org.springframework.test.context.event.EventPublishingTestExecutionListener@72b39cff, org.springframework.security.test.context.support.ReactorContextTestExecutionListener@210f5df2, org.springframework.boot.test.autoconfigure.restdocs.RestDocsTestExecutionListener@79129dce, org.springframework.boot.test.autoconfigure.web.client.MockRestServiceServerResetTestExecutionListener@45376286, org.springframework.boot.test.autoconfigure.web.servlet.MockMvcPrintOnlyOnFailureTestExecutionListener@2b8d4abb, org.springframework.boot.test.autoconfigure.web.servlet.WebDriverTestExecutionListener@70b662f5, org.springframework.boot.test.mock.mockito.ResetMocksTestExecutionListener@1da76dc0]
15:38:15.237 [Test worker] DEBUG org.springframework.test.context.support.AbstractDirtiesContextTestExecutionListener - Before test class: context [DefaultTestContext@1fa3ebdb testClass = ForumControllerTest, testInstance = [null], testMethod = [null], testException = [null], mergedContextConfiguration = [WebMergedContextConfiguration@5852870f testClass = ForumControllerTest, locations = '{}', classes = '{class id.ac.ui.cs.advprog.MyAc.MyAcApplication}', contextInitializerClasses = '[]', activeProfiles = '{}', propertySourceLocations = '{}', propertySourceProperties = '{org.springframework.boot.test.autoconfigure.web.servlet.WebMvcTestContextBootstrapper=true}', contextCustomizers = set[org.springframework.boot.test.autoconfigure.OverrideAutoConfigurationContextCustomizerFactory$DisableAutoConfigurationContextCustomizer@70454728, org.springframework.boot.test.autoconfigure.filter.TypeExcludeFiltersContextCustomizer@2afff5d3, org.springframework.boot.test.autoconfigure.properties.PropertyMappingContextCustomizer@ff58a4ac, org.springframework.boot.test.autoconfigure.web.servlet.WebDriverContextCustomizerFactory$Customizer@fd936bd, [ImportsContextCustomizer@e4161e1 key = [org.springframework.boot.autoconfigure.cache.CacheAutoConfiguration, org.springframework.boot.autoconfigure.context.MessageSourceAutoConfiguration, org.springframework.boot.autoconfigure.data.web.SpringDataWebAutoConfiguration, org.springframework.boot.autoconfigure.freemarker.FreeMarkerAutoConfiguration, org.springframework.boot.autoconfigure.groovy.template.GroovyTemplateAutoConfiguration, org.springframework.boot.autoconfigure.gson.GsonAutoConfiguration, org.springframework.boot.autoconfigure.hateoas.HypermediaAutoConfiguration, org.springframework.boot.autoconfigure.http.HttpMessageConvertersAutoConfiguration, org.springframework.boot.autoconfigure.jackson.JacksonAutoConfiguration, org.springframework.boot.autoconfigure.jsonb.JsonbAutoConfiguration, org.springframework.boot.autoconfigure.mustache.MustacheAutoConfiguration, org.springframework.boot.autoconfigure.task.TaskExecutionAutoConfiguration, org.springframework.boot.autoconfigure.thymeleaf.ThymeleafAutoConfiguration, org.springframework.boot.autoconfigure.validation.ValidationAutoConfiguration, org.springframework.boot.autoconfigure.web.servlet.error.ErrorMvcAutoConfiguration, org.springframework.boot.autoconfigure.web.servlet.WebMvcAutoConfiguration, org.springframework.boot.test.autoconfigure.web.servlet.MockMvcAutoConfiguration, org.springframework.boot.test.autoconfigure.web.servlet.MockMvcWebClientAutoConfiguration, org.springframework.boot.test.autoconfigure.web.servlet.MockMvcWebDriverAutoConfiguration, org.springframework.boot.autoconfigure.security.servlet.SecurityAutoConfiguration, org.springframework.boot.autoconfigure.security.servlet.UserDetailsServiceAutoConfiguration, org.springframework.boot.test.autoconfigure.web.servlet.MockMvcSecurityConfiguration]], org.springframework.boot.test.context.filter.ExcludeFilterContextCustomizer@2eee8333, org.springframework.boot.test.json.DuplicateJsonObjectContextCustomizerFactory$DuplicateJsonObjectContextCustomizer@735c23c1, org.springframework.boot.test.mock.mockito.MockitoContextCustomizer@3e648414], resourceBasePath = 'src/main/webapp', contextLoader = 'org.springframework.boot.test.context.SpringBootContextLoader', parent = [null]], attributes = map[[empty]]], class annotated with @DirtiesContext [false] with mode [null].
15:38:15.554 [Test worker] DEBUG org.springframework.test.context.support.TestPropertySourceUtils - Adding inlined properties to environment: {spring.jmx.enabled=false, org.springframework.boot.test.autoconfigure.web.servlet.WebMvcTestContextBootstrapper=true, server.port=-1}

  .   ____          _            __ _ _
 /\\ / ___'_ __ _ _(_)_ __  __ _ \ \ \ \
( ( )\___ | '_ | '_| | '_ \/ _` | \ \ \ \
 \\/  ___)| |_)| | | | | || (_| |  ) ) ) )
  '  |____| .__|_| |_|_| |_\__, | / / / /
 =========|_|==============|___/=/_/_/_/
 :: Spring Boot ::        (v2.2.4.RELEASE)

2020-05-14 15:38:16.275  INFO 18852 --- [    Test worker] i.a.u.c.a.M.c.ForumControllerTest        : Starting ForumControllerTest on DESKTOP-VVI2B95 with PID 18852 (started by USER in D:\Project\myacademy\myacademy\MyAc)
2020-05-14 15:38:16.281  INFO 18852 --- [    Test worker] i.a.u.c.a.M.c.ForumControllerTest        : No active profile set, falling back to default profiles: default
2020-05-14 15:38:20.172  INFO 18852 --- [    Test worker] o.s.s.web.DefaultSecurityFilterChain     : Creating filter chain: any request, [org.springframework.security.web.context.request.async.WebAsyncManagerIntegrationFilter@f7452fe, org.springframework.security.web.context.SecurityContextPersistenceFilter@30f4b514, org.springframework.security.web.header.HeaderWriterFilter@7990fbd9, org.springframework.security.web.csrf.CsrfFilter@681a7584, org.springframework.security.web.authentication.logout.LogoutFilter@475b4763, org.springframework.security.web.authentication.UsernamePasswordAuthenticationFilter@3fb63154, org.springframework.security.web.savedrequest.RequestCacheAwareFilter@6b535e66, org.springframework.security.web.servletapi.SecurityContextHolderAwareRequestFilter@5a5812ee, org.springframework.security.web.authentication.AnonymousAuthenticationFilter@412e7e14, org.springframework.security.web.session.SessionManagementFilter@45f0cf3c, org.springframework.security.web.access.ExceptionTranslationFilter@1aab6eab, org.springframework.security.web.access.intercept.FilterSecurityInterceptor@66b14307]
2020-05-14 15:38:20.778  INFO 18852 --- [    Test worker] o.s.s.concurrent.ThreadPoolTaskExecutor  : Initializing ExecutorService 'applicationTaskExecutor'
2020-05-14 15:38:20.992  INFO 18852 --- [    Test worker] o.s.b.a.w.s.WelcomePageHandlerMapping    : Adding welcome page template: index
2020-05-14 15:38:21.405  INFO 18852 --- [    Test worker] o.s.b.t.m.w.SpringBootMockServletContext : Initializing Spring TestDispatcherServlet ''
2020-05-14 15:38:21.406  INFO 18852 --- [    Test worker] o.s.t.web.servlet.TestDispatcherServlet  : Initializing Servlet ''
2020-05-14 15:38:21.430  INFO 18852 --- [    Test worker] o.s.t.web.servlet.TestDispatcherServlet  : Completed initialization in 24 ms
2020-05-14 15:38:21.488  INFO 18852 --- [    Test worker] i.a.u.c.a.M.c.ForumControllerTest        : Started ForumControllerTest in 5.904 seconds (JVM running for 9.503)
]]></system-out>
  <system-err><![CDATA[]]></system-err>
</testsuite>
