<?xml version="1.0" encoding="UTF-8"?>
<testsuite name="id.ac.ui.cs.advprog.MyAc.controller.PostControllerTest" tests="1" skipped="0" failures="0" errors="0" timestamp="2020-05-04T06:50:50" hostname="DESKTOP-VVI2B95" time="0.409">
  <properties/>
  <testcase name="whenAddUrlIsAccessedItShouldContainNewPost()" classname="id.ac.ui.cs.advprog.MyAc.controller.PostControllerTest" time="0.409"/>
  <system-out><![CDATA[2020-05-03 23:50:49.128  INFO 15332 --- [    Test worker] .b.t.a.w.s.WebMvcTestContextBootstrapper : Neither @ContextConfiguration nor @ContextHierarchy found for test class [id.ac.ui.cs.advprog.MyAc.controller.PostControllerTest], using SpringBootContextLoader
2020-05-03 23:50:49.130  INFO 15332 --- [    Test worker] o.s.t.c.support.AbstractContextLoader    : Could not detect default resource locations for test class [id.ac.ui.cs.advprog.MyAc.controller.PostControllerTest]: no resource found for suffixes {-context.xml, Context.groovy}.
2020-05-03 23:50:49.131  INFO 15332 --- [    Test worker] t.c.s.AnnotationConfigContextLoaderUtils : Could not detect default configuration classes for test class [id.ac.ui.cs.advprog.MyAc.controller.PostControllerTest]: PostControllerTest does not declare any static, non-private, non-final, nested classes annotated with @Configuration.
2020-05-03 23:50:49.138  INFO 15332 --- [    Test worker] .b.t.c.SpringBootTestContextBootstrapper : Found @SpringBootConfiguration id.ac.ui.cs.advprog.MyAc.MyAcApplication for test class id.ac.ui.cs.advprog.MyAc.controller.PostControllerTest
2020-05-03 23:50:49.139  INFO 15332 --- [    Test worker] .b.t.a.w.s.WebMvcTestContextBootstrapper : Loaded default TestExecutionListener class names from location [META-INF/spring.factories]: [org.springframework.security.test.context.support.WithSecurityContextTestExecutionListener, org.springframework.security.test.context.support.ReactorContextTestExecutionListener, org.springframework.boot.test.autoconfigure.restdocs.RestDocsTestExecutionListener, org.springframework.boot.test.autoconfigure.web.client.MockRestServiceServerResetTestExecutionListener, org.springframework.boot.test.autoconfigure.web.servlet.MockMvcPrintOnlyOnFailureTestExecutionListener, org.springframework.boot.test.autoconfigure.web.servlet.WebDriverTestExecutionListener, org.springframework.boot.test.mock.mockito.MockitoTestExecutionListener, org.springframework.boot.test.mock.mockito.ResetMocksTestExecutionListener, org.springframework.test.context.web.ServletTestExecutionListener, org.springframework.test.context.support.DirtiesContextBeforeModesTestExecutionListener, org.springframework.test.context.support.DependencyInjectionTestExecutionListener, org.springframework.test.context.support.DirtiesContextTestExecutionListener, org.springframework.test.context.transaction.TransactionalTestExecutionListener, org.springframework.test.context.jdbc.SqlScriptsTestExecutionListener, org.springframework.test.context.event.EventPublishingTestExecutionListener]
2020-05-03 23:50:49.141  INFO 15332 --- [    Test worker] .b.t.a.w.s.WebMvcTestContextBootstrapper : Using TestExecutionListeners: [org.springframework.test.context.web.ServletTestExecutionListener@5bfd8541, org.springframework.test.context.support.DirtiesContextBeforeModesTestExecutionListener@2c8c4dee, org.springframework.boot.test.mock.mockito.MockitoTestExecutionListener@33c22f33, org.springframework.boot.test.autoconfigure.SpringBootDependencyInjectionTestExecutionListener@78a81fad, org.springframework.test.context.support.DirtiesContextTestExecutionListener@4f485a74, org.springframework.test.context.transaction.TransactionalTestExecutionListener@1659d4e, org.springframework.test.context.jdbc.SqlScriptsTestExecutionListener@237c91e6, org.springframework.security.test.context.support.WithSecurityContextTestExecutionListener@1b91a753, org.springframework.test.context.event.EventPublishingTestExecutionListener@1687c5af, org.springframework.security.test.context.support.ReactorContextTestExecutionListener@3b25b5dc, org.springframework.boot.test.autoconfigure.restdocs.RestDocsTestExecutionListener@7c91f0ff, org.springframework.boot.test.autoconfigure.web.client.MockRestServiceServerResetTestExecutionListener@6aac7b01, org.springframework.boot.test.autoconfigure.web.servlet.MockMvcPrintOnlyOnFailureTestExecutionListener@42ae6146, org.springframework.boot.test.autoconfigure.web.servlet.WebDriverTestExecutionListener@54b3a79a, org.springframework.boot.test.mock.mockito.ResetMocksTestExecutionListener@27d6b3fb]

  .   ____          _            __ _ _
 /\\ / ___'_ __ _ _(_)_ __  __ _ \ \ \ \
( ( )\___ | '_ | '_| | '_ \/ _` | \ \ \ \
 \\/  ___)| |_)| | | | | || (_| |  ) ) ) )
  '  |____| .__|_| |_|_| |_\__, | / / / /
 =========|_|==============|___/=/_/_/_/
 :: Spring Boot ::        (v2.2.4.RELEASE)

2020-05-03 23:50:49.190  INFO 15332 --- [    Test worker] i.a.u.c.a.M.c.PostControllerTest         : Starting PostControllerTest on DESKTOP-VVI2B95 with PID 15332 (started by USER in D:\Project\myacademy fix\myacademy\MyAc)
2020-05-03 23:50:49.197  INFO 15332 --- [    Test worker] i.a.u.c.a.M.c.PostControllerTest         : No active profile set, falling back to default profiles: default
2020-05-03 23:50:49.747  INFO 15332 --- [    Test worker] o.s.s.concurrent.ThreadPoolTaskExecutor  : Initializing ExecutorService 'applicationTaskExecutor'
2020-05-03 23:50:50.016  INFO 15332 --- [    Test worker] .s.s.UserDetailsServiceAutoConfiguration : 

Using generated security password: efdeaa53-b3db-4817-8f71-2b4ea0cf7bb1

2020-05-03 23:50:50.157  INFO 15332 --- [    Test worker] o.s.s.web.DefaultSecurityFilterChain     : Creating filter chain: any request, [org.springframework.security.web.context.request.async.WebAsyncManagerIntegrationFilter@7bc43c9b, org.springframework.security.web.context.SecurityContextPersistenceFilter@135f49fa, org.springframework.security.web.header.HeaderWriterFilter@5c437986, org.springframework.security.web.csrf.CsrfFilter@36caf4e2, org.springframework.security.web.authentication.logout.LogoutFilter@1f8f1672, org.springframework.security.web.authentication.UsernamePasswordAuthenticationFilter@4b384d28, org.springframework.security.web.authentication.ui.DefaultLoginPageGeneratingFilter@45a92e93, org.springframework.security.web.authentication.ui.DefaultLogoutPageGeneratingFilter@52547429, org.springframework.security.web.authentication.www.BasicAuthenticationFilter@68eae9a1, org.springframework.security.web.savedrequest.RequestCacheAwareFilter@6e2bb8fd, org.springframework.security.web.servletapi.SecurityContextHolderAwareRequestFilter@29e363f7, org.springframework.security.web.authentication.AnonymousAuthenticationFilter@5b8c3246, org.springframework.security.web.session.SessionManagementFilter@72d3cea6, org.springframework.security.web.access.ExceptionTranslationFilter@13ddda86, org.springframework.security.web.access.intercept.FilterSecurityInterceptor@6fc8ce24]
2020-05-03 23:50:50.187  INFO 15332 --- [    Test worker] o.s.b.t.m.w.SpringBootMockServletContext : Initializing Spring TestDispatcherServlet ''
2020-05-03 23:50:50.187  INFO 15332 --- [    Test worker] o.s.t.web.servlet.TestDispatcherServlet  : Initializing Servlet ''
2020-05-03 23:50:50.198  INFO 15332 --- [    Test worker] o.s.t.web.servlet.TestDispatcherServlet  : Completed initialization in 11 ms
2020-05-03 23:50:50.218  INFO 15332 --- [    Test worker] i.a.u.c.a.M.c.PostControllerTest         : Started PostControllerTest in 1.079 seconds (JVM running for 11.496)
]]></system-out>
  <system-err><![CDATA[]]></system-err>
</testsuite>
