<?xml version="1.0" encoding="UTF-8"?>
<testsuite name="id.ac.ui.cs.advprog.MyAc.controller.UserRegistrationControllerTest" tests="1" skipped="0" failures="0" errors="0" timestamp="2020-05-15T08:26:11" hostname="DESKTOP-VVI2B95" time="0.222">
  <properties/>
  <testcase name="whenShowRegistrationFormCalledShouldReturnRegistrationFormPage()" classname="id.ac.ui.cs.advprog.MyAc.controller.UserRegistrationControllerTest" time="0.222"/>
  <system-out><![CDATA[2020-05-15 01:26:10.043  INFO 13400 --- [    Test worker] .b.t.a.w.s.WebMvcTestContextBootstrapper : Neither @ContextConfiguration nor @ContextHierarchy found for test class [id.ac.ui.cs.advprog.MyAc.controller.UserRegistrationControllerTest], using SpringBootContextLoader
2020-05-15 01:26:10.045  INFO 13400 --- [    Test worker] o.s.t.c.support.AbstractContextLoader    : Could not detect default resource locations for test class [id.ac.ui.cs.advprog.MyAc.controller.UserRegistrationControllerTest]: no resource found for suffixes {-context.xml, Context.groovy}.
2020-05-15 01:26:10.046  INFO 13400 --- [    Test worker] t.c.s.AnnotationConfigContextLoaderUtils : Could not detect default configuration classes for test class [id.ac.ui.cs.advprog.MyAc.controller.UserRegistrationControllerTest]: UserRegistrationControllerTest does not declare any static, non-private, non-final, nested classes annotated with @Configuration.
2020-05-15 01:26:10.059  INFO 13400 --- [    Test worker] .b.t.c.SpringBootTestContextBootstrapper : Found @SpringBootConfiguration id.ac.ui.cs.advprog.MyAc.MyAcApplication for test class id.ac.ui.cs.advprog.MyAc.controller.UserRegistrationControllerTest
2020-05-15 01:26:10.060  INFO 13400 --- [    Test worker] .b.t.a.w.s.WebMvcTestContextBootstrapper : Loaded default TestExecutionListener class names from location [META-INF/spring.factories]: [org.springframework.security.test.context.support.WithSecurityContextTestExecutionListener, org.springframework.security.test.context.support.ReactorContextTestExecutionListener, org.springframework.boot.test.autoconfigure.restdocs.RestDocsTestExecutionListener, org.springframework.boot.test.autoconfigure.web.client.MockRestServiceServerResetTestExecutionListener, org.springframework.boot.test.autoconfigure.web.servlet.MockMvcPrintOnlyOnFailureTestExecutionListener, org.springframework.boot.test.autoconfigure.web.servlet.WebDriverTestExecutionListener, org.springframework.boot.test.mock.mockito.MockitoTestExecutionListener, org.springframework.boot.test.mock.mockito.ResetMocksTestExecutionListener, org.springframework.test.context.web.ServletTestExecutionListener, org.springframework.test.context.support.DirtiesContextBeforeModesTestExecutionListener, org.springframework.test.context.support.DependencyInjectionTestExecutionListener, org.springframework.test.context.support.DirtiesContextTestExecutionListener, org.springframework.test.context.transaction.TransactionalTestExecutionListener, org.springframework.test.context.jdbc.SqlScriptsTestExecutionListener, org.springframework.test.context.event.EventPublishingTestExecutionListener]
2020-05-15 01:26:10.063  INFO 13400 --- [    Test worker] .b.t.a.w.s.WebMvcTestContextBootstrapper : Using TestExecutionListeners: [org.springframework.test.context.web.ServletTestExecutionListener@239ebe8d, org.springframework.test.context.support.DirtiesContextBeforeModesTestExecutionListener@7e7224fc, org.springframework.boot.test.mock.mockito.MockitoTestExecutionListener@431cf16b, org.springframework.boot.test.autoconfigure.SpringBootDependencyInjectionTestExecutionListener@20954f28, org.springframework.test.context.support.DirtiesContextTestExecutionListener@7629e761, org.springframework.test.context.transaction.TransactionalTestExecutionListener@1913789c, org.springframework.test.context.jdbc.SqlScriptsTestExecutionListener@3d20457c, org.springframework.security.test.context.support.WithSecurityContextTestExecutionListener@37c6b1ff, org.springframework.test.context.event.EventPublishingTestExecutionListener@eed5a89, org.springframework.security.test.context.support.ReactorContextTestExecutionListener@cb80450, org.springframework.boot.test.autoconfigure.restdocs.RestDocsTestExecutionListener@330cab1e, org.springframework.boot.test.autoconfigure.web.client.MockRestServiceServerResetTestExecutionListener@31c7bdc9, org.springframework.boot.test.autoconfigure.web.servlet.MockMvcPrintOnlyOnFailureTestExecutionListener@551a906a, org.springframework.boot.test.autoconfigure.web.servlet.WebDriverTestExecutionListener@194c941d, org.springframework.boot.test.mock.mockito.ResetMocksTestExecutionListener@4fce9871]

  .   ____          _            __ _ _
 /\\ / ___'_ __ _ _(_)_ __  __ _ \ \ \ \
( ( )\___ | '_ | '_| | '_ \/ _` | \ \ \ \
 \\/  ___)| |_)| | | | | || (_| |  ) ) ) )
  '  |____| .__|_| |_|_| |_\__, | / / / /
 =========|_|==============|___/=/_/_/_/
 :: Spring Boot ::        (v2.2.4.RELEASE)

2020-05-15 01:26:10.129  INFO 13400 --- [    Test worker] u.c.a.M.c.UserRegistrationControllerTest : Starting UserRegistrationControllerTest on DESKTOP-VVI2B95 with PID 13400 (started by USER in D:\Project\myacademy\myacademy\MyAc)
2020-05-15 01:26:10.133  INFO 13400 --- [    Test worker] u.c.a.M.c.UserRegistrationControllerTest : No active profile set, falling back to default profiles: default
2020-05-15 01:26:10.914  INFO 13400 --- [    Test worker] o.s.s.web.DefaultSecurityFilterChain     : Creating filter chain: any request, [org.springframework.security.web.context.request.async.WebAsyncManagerIntegrationFilter@2432ed08, org.springframework.security.web.context.SecurityContextPersistenceFilter@1f847adc, org.springframework.security.web.header.HeaderWriterFilter@ee7004a, org.springframework.security.web.csrf.CsrfFilter@565b324f, org.springframework.security.web.authentication.logout.LogoutFilter@64ac4f71, org.springframework.security.web.authentication.UsernamePasswordAuthenticationFilter@4ca9170b, org.springframework.security.web.savedrequest.RequestCacheAwareFilter@698a50dd, org.springframework.security.web.servletapi.SecurityContextHolderAwareRequestFilter@5fd9e8f6, org.springframework.security.web.authentication.AnonymousAuthenticationFilter@1ba0200a, org.springframework.security.web.session.SessionManagementFilter@10c2ebc1, org.springframework.security.web.access.ExceptionTranslationFilter@5cf551a0, org.springframework.security.web.access.intercept.FilterSecurityInterceptor@ccfb5b4]
2020-05-15 01:26:11.214  INFO 13400 --- [    Test worker] o.s.s.concurrent.ThreadPoolTaskExecutor  : Initializing ExecutorService 'applicationTaskExecutor'
2020-05-15 01:26:11.284  INFO 13400 --- [    Test worker] o.s.b.a.w.s.WelcomePageHandlerMapping    : Adding welcome page template: index
2020-05-15 01:26:11.582  INFO 13400 --- [    Test worker] o.s.b.t.m.w.SpringBootMockServletContext : Initializing Spring TestDispatcherServlet ''
2020-05-15 01:26:11.582  INFO 13400 --- [    Test worker] o.s.t.web.servlet.TestDispatcherServlet  : Initializing Servlet ''
2020-05-15 01:26:11.599  INFO 13400 --- [    Test worker] o.s.t.web.servlet.TestDispatcherServlet  : Completed initialization in 16 ms
2020-05-15 01:26:11.634  INFO 13400 --- [    Test worker] u.c.a.M.c.UserRegistrationControllerTest : Started UserRegistrationControllerTest in 1.562 seconds (JVM running for 18.309)
]]></system-out>
  <system-err><![CDATA[]]></system-err>
</testsuite>
