<?xml version="1.0" encoding="UTF-8"?>
<testsuite name="id.ac.ui.cs.advprog.MyAc.controller.PostControllerTest" tests="1" skipped="0" failures="0" errors="0" timestamp="2020-05-04T08:56:21" hostname="DESKTOP-VVI2B95" time="1.423">
  <properties/>
  <testcase name="whenAddUrlIsAccessedItShouldContainNewPost()" classname="id.ac.ui.cs.advprog.MyAc.controller.PostControllerTest" time="1.423"/>
  <system-out><![CDATA[01:56:13.334 [Test worker] DEBUG org.springframework.test.context.BootstrapUtils - Instantiating CacheAwareContextLoaderDelegate from class [org.springframework.test.context.cache.DefaultCacheAwareContextLoaderDelegate]
01:56:13.402 [Test worker] DEBUG org.springframework.test.context.BootstrapUtils - Instantiating BootstrapContext using constructor [public org.springframework.test.context.support.DefaultBootstrapContext(java.lang.Class,org.springframework.test.context.CacheAwareContextLoaderDelegate)]
01:56:13.530 [Test worker] DEBUG org.springframework.test.context.BootstrapUtils - Instantiating TestContextBootstrapper for test class [id.ac.ui.cs.advprog.MyAc.controller.PostControllerTest] from class [org.springframework.boot.test.autoconfigure.web.servlet.WebMvcTestContextBootstrapper]
01:56:13.583 [Test worker] INFO org.springframework.boot.test.autoconfigure.web.servlet.WebMvcTestContextBootstrapper - Neither @ContextConfiguration nor @ContextHierarchy found for test class [id.ac.ui.cs.advprog.MyAc.controller.PostControllerTest], using SpringBootContextLoader
01:56:13.601 [Test worker] DEBUG org.springframework.test.context.support.AbstractContextLoader - Did not detect default resource location for test class [id.ac.ui.cs.advprog.MyAc.controller.PostControllerTest]: class path resource [id/ac/ui/cs/advprog/MyAc/controller/PostControllerTest-context.xml] does not exist
01:56:13.602 [Test worker] DEBUG org.springframework.test.context.support.AbstractContextLoader - Did not detect default resource location for test class [id.ac.ui.cs.advprog.MyAc.controller.PostControllerTest]: class path resource [id/ac/ui/cs/advprog/MyAc/controller/PostControllerTestContext.groovy] does not exist
01:56:13.603 [Test worker] INFO org.springframework.test.context.support.AbstractContextLoader - Could not detect default resource locations for test class [id.ac.ui.cs.advprog.MyAc.controller.PostControllerTest]: no resource found for suffixes {-context.xml, Context.groovy}.
01:56:13.605 [Test worker] INFO org.springframework.test.context.support.AnnotationConfigContextLoaderUtils - Could not detect default configuration classes for test class [id.ac.ui.cs.advprog.MyAc.controller.PostControllerTest]: PostControllerTest does not declare any static, non-private, non-final, nested classes annotated with @Configuration.
01:56:13.924 [Test worker] DEBUG org.springframework.test.context.support.ActiveProfilesUtils - Could not find an 'annotation declaring class' for annotation type [org.springframework.test.context.ActiveProfiles] and class [id.ac.ui.cs.advprog.MyAc.controller.PostControllerTest]
01:56:14.229 [Test worker] DEBUG org.springframework.context.annotation.ClassPathScanningCandidateComponentProvider - Identified candidate component class: file [D:\Project\myacademy fix\myacademy\MyAc\build\classes\java\main\id\ac\ui\cs\advprog\MyAc\MyAcApplication.class]
01:56:14.231 [Test worker] INFO org.springframework.boot.test.context.SpringBootTestContextBootstrapper - Found @SpringBootConfiguration id.ac.ui.cs.advprog.MyAc.MyAcApplication for test class id.ac.ui.cs.advprog.MyAc.controller.PostControllerTest
01:56:14.237 [Test worker] DEBUG org.springframework.boot.test.autoconfigure.web.servlet.WebMvcTestContextBootstrapper - @TestExecutionListeners is not present for class [id.ac.ui.cs.advprog.MyAc.controller.PostControllerTest]: using defaults.
01:56:14.239 [Test worker] INFO org.springframework.boot.test.autoconfigure.web.servlet.WebMvcTestContextBootstrapper - Loaded default TestExecutionListener class names from location [META-INF/spring.factories]: [org.springframework.security.test.context.support.WithSecurityContextTestExecutionListener, org.springframework.security.test.context.support.ReactorContextTestExecutionListener, org.springframework.boot.test.autoconfigure.restdocs.RestDocsTestExecutionListener, org.springframework.boot.test.autoconfigure.web.client.MockRestServiceServerResetTestExecutionListener, org.springframework.boot.test.autoconfigure.web.servlet.MockMvcPrintOnlyOnFailureTestExecutionListener, org.springframework.boot.test.autoconfigure.web.servlet.WebDriverTestExecutionListener, org.springframework.boot.test.mock.mockito.MockitoTestExecutionListener, org.springframework.boot.test.mock.mockito.ResetMocksTestExecutionListener, org.springframework.test.context.web.ServletTestExecutionListener, org.springframework.test.context.support.DirtiesContextBeforeModesTestExecutionListener, org.springframework.test.context.support.DependencyInjectionTestExecutionListener, org.springframework.test.context.support.DirtiesContextTestExecutionListener, org.springframework.test.context.transaction.TransactionalTestExecutionListener, org.springframework.test.context.jdbc.SqlScriptsTestExecutionListener, org.springframework.test.context.event.EventPublishingTestExecutionListener]
01:56:14.353 [Test worker] INFO org.springframework.boot.test.autoconfigure.web.servlet.WebMvcTestContextBootstrapper - Using TestExecutionListeners: [org.springframework.test.context.web.ServletTestExecutionListener@3f1364ac, org.springframework.test.context.support.DirtiesContextBeforeModesTestExecutionListener@4b73e23d, org.springframework.boot.test.mock.mockito.MockitoTestExecutionListener@37b7bdd9, org.springframework.boot.test.autoconfigure.SpringBootDependencyInjectionTestExecutionListener@432a45a, org.springframework.test.context.support.DirtiesContextTestExecutionListener@20209674, org.springframework.test.context.transaction.TransactionalTestExecutionListener@7416fa47, org.springframework.test.context.jdbc.SqlScriptsTestExecutionListener@7e45d869, org.springframework.security.test.context.support.WithSecurityContextTestExecutionListener@6fc4b38f, org.springframework.test.context.event.EventPublishingTestExecutionListener@4b730b35, org.springframework.security.test.context.support.ReactorContextTestExecutionListener@87414de, org.springframework.boot.test.autoconfigure.restdocs.RestDocsTestExecutionListener@58a20329, org.springframework.boot.test.autoconfigure.web.client.MockRestServiceServerResetTestExecutionListener@12309b79, org.springframework.boot.test.autoconfigure.web.servlet.MockMvcPrintOnlyOnFailureTestExecutionListener@414900a9, org.springframework.boot.test.autoconfigure.web.servlet.WebDriverTestExecutionListener@69332eba, org.springframework.boot.test.mock.mockito.ResetMocksTestExecutionListener@21c0d3fe]
01:56:14.400 [Test worker] DEBUG org.springframework.test.context.support.AbstractDirtiesContextTestExecutionListener - Before test class: context [DefaultTestContext@f996bdc testClass = PostControllerTest, testInstance = [null], testMethod = [null], testException = [null], mergedContextConfiguration = [WebMergedContextConfiguration@452b9a09 testClass = PostControllerTest, locations = '{}', classes = '{class id.ac.ui.cs.advprog.MyAc.MyAcApplication}', contextInitializerClasses = '[]', activeProfiles = '{}', propertySourceLocations = '{}', propertySourceProperties = '{org.springframework.boot.test.autoconfigure.web.servlet.WebMvcTestContextBootstrapper=true}', contextCustomizers = set[org.springframework.boot.test.autoconfigure.OverrideAutoConfigurationContextCustomizerFactory$DisableAutoConfigurationContextCustomizer@13dbba8, org.springframework.boot.test.autoconfigure.filter.TypeExcludeFiltersContextCustomizer@cc068075, org.springframework.boot.test.autoconfigure.properties.PropertyMappingContextCustomizer@1dc5fddb, org.springframework.boot.test.autoconfigure.web.servlet.WebDriverContextCustomizerFactory$Customizer@2c7b9e7a, [ImportsContextCustomizer@31f5b203 key = [org.springframework.boot.autoconfigure.cache.CacheAutoConfiguration, org.springframework.boot.autoconfigure.context.MessageSourceAutoConfiguration, org.springframework.boot.autoconfigure.data.web.SpringDataWebAutoConfiguration, org.springframework.boot.autoconfigure.freemarker.FreeMarkerAutoConfiguration, org.springframework.boot.autoconfigure.groovy.template.GroovyTemplateAutoConfiguration, org.springframework.boot.autoconfigure.gson.GsonAutoConfiguration, org.springframework.boot.autoconfigure.hateoas.HypermediaAutoConfiguration, org.springframework.boot.autoconfigure.http.HttpMessageConvertersAutoConfiguration, org.springframework.boot.autoconfigure.jackson.JacksonAutoConfiguration, org.springframework.boot.autoconfigure.jsonb.JsonbAutoConfiguration, org.springframework.boot.autoconfigure.mustache.MustacheAutoConfiguration, org.springframework.boot.autoconfigure.task.TaskExecutionAutoConfiguration, org.springframework.boot.autoconfigure.thymeleaf.ThymeleafAutoConfiguration, org.springframework.boot.autoconfigure.validation.ValidationAutoConfiguration, org.springframework.boot.autoconfigure.web.servlet.error.ErrorMvcAutoConfiguration, org.springframework.boot.autoconfigure.web.servlet.WebMvcAutoConfiguration, org.springframework.boot.test.autoconfigure.web.servlet.MockMvcAutoConfiguration, org.springframework.boot.test.autoconfigure.web.servlet.MockMvcWebClientAutoConfiguration, org.springframework.boot.test.autoconfigure.web.servlet.MockMvcWebDriverAutoConfiguration, org.springframework.boot.autoconfigure.security.servlet.SecurityAutoConfiguration, org.springframework.boot.autoconfigure.security.servlet.UserDetailsServiceAutoConfiguration, org.springframework.boot.test.autoconfigure.web.servlet.MockMvcSecurityConfiguration]], org.springframework.boot.test.context.filter.ExcludeFilterContextCustomizer@70af2a02, org.springframework.boot.test.json.DuplicateJsonObjectContextCustomizerFactory$DuplicateJsonObjectContextCustomizer@18d12d39, org.springframework.boot.test.mock.mockito.MockitoContextCustomizer@2143c250], resourceBasePath = 'src/main/webapp', contextLoader = 'org.springframework.boot.test.context.SpringBootContextLoader', parent = [null]], attributes = map[[empty]]], class annotated with @DirtiesContext [false] with mode [null].
01:56:14.848 [Test worker] DEBUG org.springframework.test.context.support.TestPropertySourceUtils - Adding inlined properties to environment: {spring.jmx.enabled=false, org.springframework.boot.test.autoconfigure.web.servlet.WebMvcTestContextBootstrapper=true, server.port=-1}

  .   ____          _            __ _ _
 /\\ / ___'_ __ _ _(_)_ __  __ _ \ \ \ \
( ( )\___ | '_ | '_| | '_ \/ _` | \ \ \ \
 \\/  ___)| |_)| | | | | || (_| |  ) ) ) )
  '  |____| .__|_| |_|_| |_\__, | / / / /
 =========|_|==============|___/=/_/_/_/
 :: Spring Boot ::        (v2.2.4.RELEASE)

2020-05-04 01:56:15.914  INFO 18496 --- [    Test worker] i.a.u.c.a.M.c.PostControllerTest         : Starting PostControllerTest on DESKTOP-VVI2B95 with PID 18496 (started by USER in D:\Project\myacademy fix\myacademy\MyAc)
2020-05-04 01:56:15.920  INFO 18496 --- [    Test worker] i.a.u.c.a.M.c.PostControllerTest         : No active profile set, falling back to default profiles: default
2020-05-04 01:56:20.409  INFO 18496 --- [    Test worker] o.s.s.web.DefaultSecurityFilterChain     : Creating filter chain: any request, [org.springframework.security.web.context.request.async.WebAsyncManagerIntegrationFilter@1a37e3a5, org.springframework.security.web.context.SecurityContextPersistenceFilter@1c08fb5a, org.springframework.security.web.header.HeaderWriterFilter@32ebf3cc, org.springframework.security.web.csrf.CsrfFilter@466e6ffa, org.springframework.security.web.authentication.logout.LogoutFilter@67fb30c9, org.springframework.security.web.authentication.UsernamePasswordAuthenticationFilter@28ed3645, org.springframework.security.web.savedrequest.RequestCacheAwareFilter@4b1aa3d9, org.springframework.security.web.servletapi.SecurityContextHolderAwareRequestFilter@25f2c61d, org.springframework.security.web.authentication.AnonymousAuthenticationFilter@55a9a4ce, org.springframework.security.web.session.SessionManagementFilter@2f14d853, org.springframework.security.web.access.ExceptionTranslationFilter@75eee55f, org.springframework.security.web.access.intercept.FilterSecurityInterceptor@20bd4020]
2020-05-04 01:56:21.086  INFO 18496 --- [    Test worker] o.s.s.concurrent.ThreadPoolTaskExecutor  : Initializing ExecutorService 'applicationTaskExecutor'
2020-05-04 01:56:21.849  INFO 18496 --- [    Test worker] o.s.b.t.m.w.SpringBootMockServletContext : Initializing Spring TestDispatcherServlet ''
2020-05-04 01:56:21.850  INFO 18496 --- [    Test worker] o.s.t.web.servlet.TestDispatcherServlet  : Initializing Servlet ''
2020-05-04 01:56:21.885  INFO 18496 --- [    Test worker] o.s.t.web.servlet.TestDispatcherServlet  : Completed initialization in 35 ms
2020-05-04 01:56:21.961  INFO 18496 --- [    Test worker] i.a.u.c.a.M.c.PostControllerTest         : Started PostControllerTest in 7.078 seconds (JVM running for 12.83)
]]></system-out>
  <system-err><![CDATA[]]></system-err>
</testsuite>
