<?xml version="1.0" encoding="UTF-8"?>
<testsuite name="id.ac.ui.cs.advprog.MyAc.controller.LongPlanControllerTest" tests="3" skipped="0" failures="0" errors="0" timestamp="2020-05-14T22:38:23" hostname="DESKTOP-VVI2B95" time="1.875">
  <properties/>
  <testcase name="whenLongPlanUrlAccessedShouldReturnLongPlanPage()" classname="id.ac.ui.cs.advprog.MyAc.controller.LongPlanControllerTest" time="1.832"/>
  <testcase name="whenLongPlanEditUrlAccessedShouldReturnLongPlanEditPage()" classname="id.ac.ui.cs.advprog.MyAc.controller.LongPlanControllerTest" time="0.02"/>
  <testcase name="whenLongPlanCreateUrlAccessedShouldReturnLongPlanCreatePage()" classname="id.ac.ui.cs.advprog.MyAc.controller.LongPlanControllerTest" time="0.018"/>
  <system-out><![CDATA[2020-05-14 15:38:22.370  INFO 18852 --- [    Test worker] .b.t.a.w.s.WebMvcTestContextBootstrapper : Neither @ContextConfiguration nor @ContextHierarchy found for test class [id.ac.ui.cs.advprog.MyAc.controller.LongPlanControllerTest], using SpringBootContextLoader
2020-05-14 15:38:22.372  INFO 18852 --- [    Test worker] o.s.t.c.support.AbstractContextLoader    : Could not detect default resource locations for test class [id.ac.ui.cs.advprog.MyAc.controller.LongPlanControllerTest]: no resource found for suffixes {-context.xml, Context.groovy}.
2020-05-14 15:38:22.372  INFO 18852 --- [    Test worker] t.c.s.AnnotationConfigContextLoaderUtils : Could not detect default configuration classes for test class [id.ac.ui.cs.advprog.MyAc.controller.LongPlanControllerTest]: LongPlanControllerTest does not declare any static, non-private, non-final, nested classes annotated with @Configuration.
2020-05-14 15:38:22.378  INFO 18852 --- [    Test worker] .b.t.c.SpringBootTestContextBootstrapper : Found @SpringBootConfiguration id.ac.ui.cs.advprog.MyAc.MyAcApplication for test class id.ac.ui.cs.advprog.MyAc.controller.LongPlanControllerTest
2020-05-14 15:38:22.380  INFO 18852 --- [    Test worker] .b.t.a.w.s.WebMvcTestContextBootstrapper : Loaded default TestExecutionListener class names from location [META-INF/spring.factories]: [org.springframework.security.test.context.support.WithSecurityContextTestExecutionListener, org.springframework.security.test.context.support.ReactorContextTestExecutionListener, org.springframework.boot.test.autoconfigure.restdocs.RestDocsTestExecutionListener, org.springframework.boot.test.autoconfigure.web.client.MockRestServiceServerResetTestExecutionListener, org.springframework.boot.test.autoconfigure.web.servlet.MockMvcPrintOnlyOnFailureTestExecutionListener, org.springframework.boot.test.autoconfigure.web.servlet.WebDriverTestExecutionListener, org.springframework.boot.test.mock.mockito.MockitoTestExecutionListener, org.springframework.boot.test.mock.mockito.ResetMocksTestExecutionListener, org.springframework.test.context.web.ServletTestExecutionListener, org.springframework.test.context.support.DirtiesContextBeforeModesTestExecutionListener, org.springframework.test.context.support.DependencyInjectionTestExecutionListener, org.springframework.test.context.support.DirtiesContextTestExecutionListener, org.springframework.test.context.transaction.TransactionalTestExecutionListener, org.springframework.test.context.jdbc.SqlScriptsTestExecutionListener, org.springframework.test.context.event.EventPublishingTestExecutionListener]
2020-05-14 15:38:22.381  INFO 18852 --- [    Test worker] .b.t.a.w.s.WebMvcTestContextBootstrapper : Using TestExecutionListeners: [org.springframework.test.context.web.ServletTestExecutionListener@16c91459, org.springframework.test.context.support.DirtiesContextBeforeModesTestExecutionListener@1581ac88, org.springframework.boot.test.mock.mockito.MockitoTestExecutionListener@60c6cf84, org.springframework.boot.test.autoconfigure.SpringBootDependencyInjectionTestExecutionListener@2e6e10ab, org.springframework.test.context.support.DirtiesContextTestExecutionListener@70dbb2e3, org.springframework.test.context.transaction.TransactionalTestExecutionListener@6826b59c, org.springframework.test.context.jdbc.SqlScriptsTestExecutionListener@3ecaedf3, org.springframework.security.test.context.support.WithSecurityContextTestExecutionListener@60ff49c9, org.springframework.test.context.event.EventPublishingTestExecutionListener@4d1eb39f, org.springframework.security.test.context.support.ReactorContextTestExecutionListener@10c965f5, org.springframework.boot.test.autoconfigure.restdocs.RestDocsTestExecutionListener@7905b76a, org.springframework.boot.test.autoconfigure.web.client.MockRestServiceServerResetTestExecutionListener@63ae0882, org.springframework.boot.test.autoconfigure.web.servlet.MockMvcPrintOnlyOnFailureTestExecutionListener@5b94cd23, org.springframework.boot.test.autoconfigure.web.servlet.WebDriverTestExecutionListener@29fd69, org.springframework.boot.test.mock.mockito.ResetMocksTestExecutionListener@54c3b4e1]

  .   ____          _            __ _ _
 /\\ / ___'_ __ _ _(_)_ __  __ _ \ \ \ \
( ( )\___ | '_ | '_| | '_ \/ _` | \ \ \ \
 \\/  ___)| |_)| | | | | || (_| |  ) ) ) )
  '  |____| .__|_| |_|_| |_\__, | / / / /
 =========|_|==============|___/=/_/_/_/
 :: Spring Boot ::        (v2.2.4.RELEASE)

2020-05-14 15:38:22.432  INFO 18852 --- [    Test worker] i.a.u.c.a.M.c.LongPlanControllerTest     : Starting LongPlanControllerTest on DESKTOP-VVI2B95 with PID 18852 (started by USER in D:\Project\myacademy\myacademy\MyAc)
2020-05-14 15:38:22.435  INFO 18852 --- [    Test worker] i.a.u.c.a.M.c.LongPlanControllerTest     : No active profile set, falling back to default profiles: default
2020-05-14 15:38:23.099  INFO 18852 --- [    Test worker] o.s.s.web.DefaultSecurityFilterChain     : Creating filter chain: any request, [org.springframework.security.web.context.request.async.WebAsyncManagerIntegrationFilter@7eb1e007, org.springframework.security.web.context.SecurityContextPersistenceFilter@1a26f83e, org.springframework.security.web.header.HeaderWriterFilter@47edb17d, org.springframework.security.web.csrf.CsrfFilter@528335b8, org.springframework.security.web.authentication.logout.LogoutFilter@43ad81eb, org.springframework.security.web.authentication.UsernamePasswordAuthenticationFilter@6c3a72f, org.springframework.security.web.savedrequest.RequestCacheAwareFilter@c6aa156, org.springframework.security.web.servletapi.SecurityContextHolderAwareRequestFilter@26269fff, org.springframework.security.web.authentication.AnonymousAuthenticationFilter@21db2459, org.springframework.security.web.session.SessionManagementFilter@51c3294b, org.springframework.security.web.access.ExceptionTranslationFilter@6d5f70bc, org.springframework.security.web.access.intercept.FilterSecurityInterceptor@4ce4542d]
2020-05-14 15:38:23.326  INFO 18852 --- [    Test worker] o.s.s.concurrent.ThreadPoolTaskExecutor  : Initializing ExecutorService 'applicationTaskExecutor'
2020-05-14 15:38:23.378  INFO 18852 --- [    Test worker] o.s.b.a.w.s.WelcomePageHandlerMapping    : Adding welcome page template: index
2020-05-14 15:38:23.590  INFO 18852 --- [    Test worker] o.s.b.t.m.w.SpringBootMockServletContext : Initializing Spring TestDispatcherServlet ''
2020-05-14 15:38:23.591  INFO 18852 --- [    Test worker] o.s.t.web.servlet.TestDispatcherServlet  : Initializing Servlet ''
2020-05-14 15:38:23.604  INFO 18852 --- [    Test worker] o.s.t.web.servlet.TestDispatcherServlet  : Completed initialization in 12 ms
2020-05-14 15:38:23.624  INFO 18852 --- [    Test worker] i.a.u.c.a.M.c.LongPlanControllerTest     : Started LongPlanControllerTest in 1.237 seconds (JVM running for 11.639)
Administrasi Bisnis
Aljabar Linier
Aljabar Linier Numerik
Analisis dan Perancangan Sistem Informasi
Administrasi Sistem
Analisis Numerik
Analitika Media Sosial
Aproksimasi Sistem Nonlinier
Arsitektur & Pemrograman Aplikasi Perusahaan
Basis Data
Basis Data Lanjut
Bioinformatika
Dasar-Dasar Arsitektur Komputer
Dasar-Dasar Audit SI
Dasar-Dasar Pemrograman 1
Dasar-Dasar Pemrograman 2
Data Science & Analytics
Desain & Analisis Algoritma
Fisika Dasar
]]></system-out>
  <system-err><![CDATA[]]></system-err>
</testsuite>
