<?xml version="1.0" encoding="UTF-8"?>
<testsuite name="id.ac.ui.cs.advprog.MyAc.controller.PostControllerTest" tests="1" skipped="0" failures="0" errors="0" timestamp="2020-04-28T01:01:24" hostname="LAPTOP-CAQMALIR" time="3.986">
  <properties/>
  <testcase name="whenAddUrlIsAccessedItShouldContainNewPost()" classname="id.ac.ui.cs.advprog.MyAc.controller.PostControllerTest" time="3.986"/>
  <system-out><![CDATA[2020-04-28 08:01:22.782  INFO 29484 --- [    Test worker] .b.t.a.w.s.WebMvcTestContextBootstrapper : Neither @ContextConfiguration nor @ContextHierarchy found for test class [id.ac.ui.cs.advprog.MyAc.controller.PostControllerTest], using SpringBootContextLoader
2020-04-28 08:01:22.782  INFO 29484 --- [    Test worker] o.s.t.c.support.AbstractContextLoader    : Could not detect default resource locations for test class [id.ac.ui.cs.advprog.MyAc.controller.PostControllerTest]: no resource found for suffixes {-context.xml, Context.groovy}.
2020-04-28 08:01:22.782  INFO 29484 --- [    Test worker] t.c.s.AnnotationConfigContextLoaderUtils : Could not detect default configuration classes for test class [id.ac.ui.cs.advprog.MyAc.controller.PostControllerTest]: PostControllerTest does not declare any static, non-private, non-final, nested classes annotated with @Configuration.
2020-04-28 08:01:22.798  INFO 29484 --- [    Test worker] .b.t.c.SpringBootTestContextBootstrapper : Found @SpringBootConfiguration id.ac.ui.cs.advprog.MyAc.MyAcApplication for test class id.ac.ui.cs.advprog.MyAc.controller.PostControllerTest
2020-04-28 08:01:22.798  INFO 29484 --- [    Test worker] .b.t.a.w.s.WebMvcTestContextBootstrapper : Loaded default TestExecutionListener class names from location [META-INF/spring.factories]: [org.springframework.boot.test.autoconfigure.restdocs.RestDocsTestExecutionListener, org.springframework.boot.test.autoconfigure.web.client.MockRestServiceServerResetTestExecutionListener, org.springframework.boot.test.autoconfigure.web.servlet.MockMvcPrintOnlyOnFailureTestExecutionListener, org.springframework.boot.test.autoconfigure.web.servlet.WebDriverTestExecutionListener, org.springframework.boot.test.mock.mockito.MockitoTestExecutionListener, org.springframework.boot.test.mock.mockito.ResetMocksTestExecutionListener, org.springframework.test.context.web.ServletTestExecutionListener, org.springframework.test.context.support.DirtiesContextBeforeModesTestExecutionListener, org.springframework.test.context.support.DependencyInjectionTestExecutionListener, org.springframework.test.context.support.DirtiesContextTestExecutionListener, org.springframework.test.context.transaction.TransactionalTestExecutionListener, org.springframework.test.context.jdbc.SqlScriptsTestExecutionListener, org.springframework.test.context.event.EventPublishingTestExecutionListener]
2020-04-28 08:01:22.814  INFO 29484 --- [    Test worker] .b.t.a.w.s.WebMvcTestContextBootstrapper : Using TestExecutionListeners: [org.springframework.test.context.web.ServletTestExecutionListener@76cebde3, org.springframework.test.context.support.DirtiesContextBeforeModesTestExecutionListener@5c9a2078, org.springframework.boot.test.mock.mockito.MockitoTestExecutionListener@6f91e82c, org.springframework.boot.test.autoconfigure.SpringBootDependencyInjectionTestExecutionListener@43816ac7, org.springframework.test.context.support.DirtiesContextTestExecutionListener@40a3f6f1, org.springframework.test.context.transaction.TransactionalTestExecutionListener@4d37977d, org.springframework.test.context.jdbc.SqlScriptsTestExecutionListener@2d87d67f, org.springframework.test.context.event.EventPublishingTestExecutionListener@6598465a, org.springframework.boot.test.autoconfigure.restdocs.RestDocsTestExecutionListener@3a532066, org.springframework.boot.test.autoconfigure.web.client.MockRestServiceServerResetTestExecutionListener@4baec42e, org.springframework.boot.test.autoconfigure.web.servlet.MockMvcPrintOnlyOnFailureTestExecutionListener@5809c70a, org.springframework.boot.test.autoconfigure.web.servlet.WebDriverTestExecutionListener@7f04f0c7, org.springframework.boot.test.mock.mockito.ResetMocksTestExecutionListener@5c77af51]

  .   ____          _            __ _ _
 /\\ / ___'_ __ _ _(_)_ __  __ _ \ \ \ \
( ( )\___ | '_ | '_| | '_ \/ _` | \ \ \ \
 \\/  ___)| |_)| | | | | || (_| |  ) ) ) )
  '  |____| .__|_| |_|_| |_\__, | / / / /
 =========|_|==============|___/=/_/_/_/
 :: Spring Boot ::        (v2.2.4.RELEASE)

2020-04-28 08:01:23.190  INFO 29484 --- [    Test worker] i.a.u.c.a.M.c.PostControllerTest         : Starting PostControllerTest on LAPTOP-CAQMALIR with PID 29484 (started by Milhamag in C:\Users\Milhamag\Desktop\Ngampus\AdProg\DAREAL PROJ\myacademy\MyAc)
2020-04-28 08:01:23.190  INFO 29484 --- [    Test worker] i.a.u.c.a.M.c.PostControllerTest         : No active profile set, falling back to default profiles: default
2020-04-28 08:01:24.031  INFO 29484 --- [    Test worker] o.s.s.concurrent.ThreadPoolTaskExecutor  : Initializing ExecutorService 'applicationTaskExecutor'
2020-04-28 08:01:24.552  INFO 29484 --- [    Test worker] o.s.b.t.m.w.SpringBootMockServletContext : Initializing Spring TestDispatcherServlet ''
2020-04-28 08:01:24.552  INFO 29484 --- [    Test worker] o.s.t.web.servlet.TestDispatcherServlet  : Initializing Servlet ''
2020-04-28 08:01:24.646  INFO 29484 --- [    Test worker] o.s.t.web.servlet.TestDispatcherServlet  : Completed initialization in 94 ms
2020-04-28 08:01:24.881  INFO 29484 --- [    Test worker] i.a.u.c.a.M.c.PostControllerTest         : Started PostControllerTest in 2.03 seconds (JVM running for 23.999)
]]></system-out>
  <system-err><![CDATA[]]></system-err>
</testsuite>
