<?xml version="1.0" encoding="UTF-8"?>
<testsuite name="id.ac.ui.cs.advprog.MyAc.controller.ShortPlanControllerTest" tests="1" skipped="0" failures="0" errors="0" timestamp="2020-05-12T02:50:43" hostname="DESKTOP-VVI2B95" time="0.084">
  <properties/>
  <testcase name="testWhenComponentListURLIsAccessedItShouldContainCorrectDefaultComponentModel()" classname="id.ac.ui.cs.advprog.MyAc.controller.ShortPlanControllerTest" time="0.084"/>
  <system-out><![CDATA[2020-05-11 19:50:41.653  INFO 1276 --- [    Test worker] .b.t.a.w.s.WebMvcTestContextBootstrapper : Neither @ContextConfiguration nor @ContextHierarchy found for test class [id.ac.ui.cs.advprog.MyAc.controller.ShortPlanControllerTest], using SpringBootContextLoader
2020-05-11 19:50:41.665  INFO 1276 --- [    Test worker] o.s.t.c.support.AbstractContextLoader    : Could not detect default resource locations for test class [id.ac.ui.cs.advprog.MyAc.controller.ShortPlanControllerTest]: no resource found for suffixes {-context.xml, Context.groovy}.
2020-05-11 19:50:41.665  INFO 1276 --- [    Test worker] t.c.s.AnnotationConfigContextLoaderUtils : Could not detect default configuration classes for test class [id.ac.ui.cs.advprog.MyAc.controller.ShortPlanControllerTest]: ShortPlanControllerTest does not declare any static, non-private, non-final, nested classes annotated with @Configuration.
2020-05-11 19:50:41.674  INFO 1276 --- [    Test worker] .b.t.c.SpringBootTestContextBootstrapper : Found @SpringBootConfiguration id.ac.ui.cs.advprog.MyAc.MyAcApplication for test class id.ac.ui.cs.advprog.MyAc.controller.ShortPlanControllerTest
2020-05-11 19:50:41.675  INFO 1276 --- [    Test worker] .b.t.a.w.s.WebMvcTestContextBootstrapper : Loaded default TestExecutionListener class names from location [META-INF/spring.factories]: [org.springframework.security.test.context.support.WithSecurityContextTestExecutionListener, org.springframework.security.test.context.support.ReactorContextTestExecutionListener, org.springframework.boot.test.autoconfigure.restdocs.RestDocsTestExecutionListener, org.springframework.boot.test.autoconfigure.web.client.MockRestServiceServerResetTestExecutionListener, org.springframework.boot.test.autoconfigure.web.servlet.MockMvcPrintOnlyOnFailureTestExecutionListener, org.springframework.boot.test.autoconfigure.web.servlet.WebDriverTestExecutionListener, org.springframework.boot.test.mock.mockito.MockitoTestExecutionListener, org.springframework.boot.test.mock.mockito.ResetMocksTestExecutionListener, org.springframework.test.context.web.ServletTestExecutionListener, org.springframework.test.context.support.DirtiesContextBeforeModesTestExecutionListener, org.springframework.test.context.support.DependencyInjectionTestExecutionListener, org.springframework.test.context.support.DirtiesContextTestExecutionListener, org.springframework.test.context.transaction.TransactionalTestExecutionListener, org.springframework.test.context.jdbc.SqlScriptsTestExecutionListener, org.springframework.test.context.event.EventPublishingTestExecutionListener]
2020-05-11 19:50:41.675  INFO 1276 --- [    Test worker] .b.t.a.w.s.WebMvcTestContextBootstrapper : Using TestExecutionListeners: [org.springframework.test.context.web.ServletTestExecutionListener@1954ee5c, org.springframework.test.context.support.DirtiesContextBeforeModesTestExecutionListener@27f1b1d7, org.springframework.boot.test.mock.mockito.MockitoTestExecutionListener@76cdafeb, org.springframework.boot.test.autoconfigure.SpringBootDependencyInjectionTestExecutionListener@6c41480d, org.springframework.test.context.support.DirtiesContextTestExecutionListener@52596dd7, org.springframework.test.context.transaction.TransactionalTestExecutionListener@788c1142, org.springframework.test.context.jdbc.SqlScriptsTestExecutionListener@63254b4f, org.springframework.security.test.context.support.WithSecurityContextTestExecutionListener@5427606, org.springframework.test.context.event.EventPublishingTestExecutionListener@1cec84ac, org.springframework.security.test.context.support.ReactorContextTestExecutionListener@4728072, org.springframework.boot.test.autoconfigure.restdocs.RestDocsTestExecutionListener@4dc4dc80, org.springframework.boot.test.autoconfigure.web.client.MockRestServiceServerResetTestExecutionListener@5ba06178, org.springframework.boot.test.autoconfigure.web.servlet.MockMvcPrintOnlyOnFailureTestExecutionListener@23115744, org.springframework.boot.test.autoconfigure.web.servlet.WebDriverTestExecutionListener@33702244, org.springframework.boot.test.mock.mockito.ResetMocksTestExecutionListener@583bc876]

  .   ____          _            __ _ _
 /\\ / ___'_ __ _ _(_)_ __  __ _ \ \ \ \
( ( )\___ | '_ | '_| | '_ \/ _` | \ \ \ \
 \\/  ___)| |_)| | | | | || (_| |  ) ) ) )
  '  |____| .__|_| |_|_| |_\__, | / / / /
 =========|_|==============|___/=/_/_/_/
 :: Spring Boot ::        (v2.2.4.RELEASE)

2020-05-11 19:50:41.737  INFO 1276 --- [    Test worker] i.a.u.c.a.M.c.ShortPlanControllerTest    : Starting ShortPlanControllerTest on DESKTOP-VVI2B95 with PID 1276 (started by USER in D:\Project\myacademy\myacademy\MyAc)
2020-05-11 19:50:41.737  INFO 1276 --- [    Test worker] i.a.u.c.a.M.c.ShortPlanControllerTest    : No active profile set, falling back to default profiles: default
2020-05-11 19:50:42.516  INFO 1276 --- [    Test worker] o.s.s.web.DefaultSecurityFilterChain     : Creating filter chain: any request, [org.springframework.security.web.context.request.async.WebAsyncManagerIntegrationFilter@6bbcf4d3, org.springframework.security.web.context.SecurityContextPersistenceFilter@627c1bef, org.springframework.security.web.header.HeaderWriterFilter@5536dd88, org.springframework.security.web.csrf.CsrfFilter@37f81ed6, org.springframework.security.web.authentication.logout.LogoutFilter@55f4ee5f, org.springframework.security.web.authentication.UsernamePasswordAuthenticationFilter@43ddd08c, org.springframework.security.web.savedrequest.RequestCacheAwareFilter@c18a2ed, org.springframework.security.web.servletapi.SecurityContextHolderAwareRequestFilter@6f21e47b, org.springframework.security.web.authentication.AnonymousAuthenticationFilter@281aa6f3, org.springframework.security.web.session.SessionManagementFilter@1585b927, org.springframework.security.web.access.ExceptionTranslationFilter@67713f62, org.springframework.security.web.access.intercept.FilterSecurityInterceptor@3acc4746]
2020-05-11 19:50:42.739  INFO 1276 --- [    Test worker] o.s.s.concurrent.ThreadPoolTaskExecutor  : Initializing ExecutorService 'applicationTaskExecutor'
2020-05-11 19:50:42.803  INFO 1276 --- [    Test worker] o.s.b.a.w.s.WelcomePageHandlerMapping    : Adding welcome page template: index
2020-05-11 19:50:43.040  INFO 1276 --- [    Test worker] o.s.b.t.m.w.SpringBootMockServletContext : Initializing Spring TestDispatcherServlet ''
2020-05-11 19:50:43.040  INFO 1276 --- [    Test worker] o.s.t.web.servlet.TestDispatcherServlet  : Initializing Servlet ''
2020-05-11 19:50:43.065  INFO 1276 --- [    Test worker] o.s.t.web.servlet.TestDispatcherServlet  : Completed initialization in 25 ms
2020-05-11 19:50:43.086  INFO 1276 --- [    Test worker] i.a.u.c.a.M.c.ShortPlanControllerTest    : Started ShortPlanControllerTest in 1.405 seconds (JVM running for 19.802)
]]></system-out>
  <system-err><![CDATA[]]></system-err>
</testsuite>
