<?xml version="1.0" encoding="UTF-8"?>
<testsuite name="id.ac.ui.cs.advprog.MyAc.controller.MainControllerTest" tests="3" skipped="0" failures="0" errors="0" timestamp="2020-05-14T07:59:24" hostname="LAPTOP-82VCQFF9" time="0.847">
  <properties/>
  <testcase name="whenLoginUrlAccessedShouldReturnLoginPage()" classname="id.ac.ui.cs.advprog.MyAc.controller.MainControllerTest" time="0.518"/>
  <testcase name="whenIndexUrlAccessedShouldReturnIndexPage()" classname="id.ac.ui.cs.advprog.MyAc.controller.MainControllerTest" time="0.15"/>
  <testcase name="whenHomeUrlAccessedShouldReturnHomePage()" classname="id.ac.ui.cs.advprog.MyAc.controller.MainControllerTest" time="0.092"/>
  <system-out><![CDATA[2020-05-14 14:59:15.186  INFO 12040 --- [    Test worker] .b.t.a.w.s.WebMvcTestContextBootstrapper : Neither @ContextConfiguration nor @ContextHierarchy found for test class [id.ac.ui.cs.advprog.MyAc.controller.MainControllerTest], using SpringBootContextLoader
2020-05-14 14:59:15.206  INFO 12040 --- [    Test worker] o.s.t.c.support.AbstractContextLoader    : Could not detect default resource locations for test class [id.ac.ui.cs.advprog.MyAc.controller.MainControllerTest]: no resource found for suffixes {-context.xml, Context.groovy}.
2020-05-14 14:59:15.207  INFO 12040 --- [    Test worker] t.c.s.AnnotationConfigContextLoaderUtils : Could not detect default configuration classes for test class [id.ac.ui.cs.advprog.MyAc.controller.MainControllerTest]: MainControllerTest does not declare any static, non-private, non-final, nested classes annotated with @Configuration.
2020-05-14 14:59:15.239  INFO 12040 --- [    Test worker] .b.t.c.SpringBootTestContextBootstrapper : Found @SpringBootConfiguration id.ac.ui.cs.advprog.MyAc.MyAcApplication for test class id.ac.ui.cs.advprog.MyAc.controller.MainControllerTest
2020-05-14 14:59:15.242  INFO 12040 --- [    Test worker] .b.t.a.w.s.WebMvcTestContextBootstrapper : Loaded default TestExecutionListener class names from location [META-INF/spring.factories]: [org.springframework.security.test.context.support.WithSecurityContextTestExecutionListener, org.springframework.security.test.context.support.ReactorContextTestExecutionListener, org.springframework.boot.test.autoconfigure.restdocs.RestDocsTestExecutionListener, org.springframework.boot.test.autoconfigure.web.client.MockRestServiceServerResetTestExecutionListener, org.springframework.boot.test.autoconfigure.web.servlet.MockMvcPrintOnlyOnFailureTestExecutionListener, org.springframework.boot.test.autoconfigure.web.servlet.WebDriverTestExecutionListener, org.springframework.boot.test.mock.mockito.MockitoTestExecutionListener, org.springframework.boot.test.mock.mockito.ResetMocksTestExecutionListener, org.springframework.test.context.web.ServletTestExecutionListener, org.springframework.test.context.support.DirtiesContextBeforeModesTestExecutionListener, org.springframework.test.context.support.DependencyInjectionTestExecutionListener, org.springframework.test.context.support.DirtiesContextTestExecutionListener, org.springframework.test.context.transaction.TransactionalTestExecutionListener, org.springframework.test.context.jdbc.SqlScriptsTestExecutionListener, org.springframework.test.context.event.EventPublishingTestExecutionListener]
2020-05-14 14:59:15.250  INFO 12040 --- [    Test worker] .b.t.a.w.s.WebMvcTestContextBootstrapper : Using TestExecutionListeners: [org.springframework.test.context.web.ServletTestExecutionListener@37434909, org.springframework.test.context.support.DirtiesContextBeforeModesTestExecutionListener@2862adad, org.springframework.boot.test.mock.mockito.MockitoTestExecutionListener@39585d76, org.springframework.boot.test.autoconfigure.SpringBootDependencyInjectionTestExecutionListener@30ceb762, org.springframework.test.context.support.DirtiesContextTestExecutionListener@1de8bb73, org.springframework.test.context.transaction.TransactionalTestExecutionListener@20da72a6, org.springframework.test.context.jdbc.SqlScriptsTestExecutionListener@5b922826, org.springframework.security.test.context.support.WithSecurityContextTestExecutionListener@1ea2e191, org.springframework.test.context.event.EventPublishingTestExecutionListener@46c9e215, org.springframework.security.test.context.support.ReactorContextTestExecutionListener@3575f728, org.springframework.boot.test.autoconfigure.restdocs.RestDocsTestExecutionListener@7fec3ab8, org.springframework.boot.test.autoconfigure.web.client.MockRestServiceServerResetTestExecutionListener@76cbf2bd, org.springframework.boot.test.autoconfigure.web.servlet.MockMvcPrintOnlyOnFailureTestExecutionListener@7f9b7f3b, org.springframework.boot.test.autoconfigure.web.servlet.WebDriverTestExecutionListener@65cd0b57, org.springframework.boot.test.mock.mockito.ResetMocksTestExecutionListener@7bead4ac]

  .   ____          _            __ _ _
 /\\ / ___'_ __ _ _(_)_ __  __ _ \ \ \ \
( ( )\___ | '_ | '_| | '_ \/ _` | \ \ \ \
 \\/  ___)| |_)| | | | | || (_| |  ) ) ) )
  '  |____| .__|_| |_|_| |_\__, | / / / /
 =========|_|==============|___/=/_/_/_/
 :: Spring Boot ::        (v2.2.4.RELEASE)

2020-05-14 14:59:15.910  INFO 12040 --- [    Test worker] i.a.u.c.a.M.c.MainControllerTest         : Starting MainControllerTest on LAPTOP-82VCQFF9 with PID 12040 (started by Ali Irsyaad in C:\Users\Ali Irsyaad\OneDrive - UNIVERSITAS INDONESIA\Ali's Document\Semester 4\AdPro\myacademy\MyAc)
2020-05-14 14:59:15.913  INFO 12040 --- [    Test worker] i.a.u.c.a.M.c.MainControllerTest         : No active profile set, falling back to default profiles: default
2020-05-14 14:59:19.885  INFO 12040 --- [    Test worker] o.s.s.web.DefaultSecurityFilterChain     : Creating filter chain: any request, [org.springframework.security.web.context.request.async.WebAsyncManagerIntegrationFilter@3fc102ee, org.springframework.security.web.context.SecurityContextPersistenceFilter@51c29bac, org.springframework.security.web.header.HeaderWriterFilter@3682684b, org.springframework.security.web.csrf.CsrfFilter@6c56634c, org.springframework.security.web.authentication.logout.LogoutFilter@28cbb6d5, org.springframework.security.web.authentication.UsernamePasswordAuthenticationFilter@17e2c9db, org.springframework.security.web.savedrequest.RequestCacheAwareFilter@480cde43, org.springframework.security.web.servletapi.SecurityContextHolderAwareRequestFilter@6d692739, org.springframework.security.web.authentication.AnonymousAuthenticationFilter@33445ad2, org.springframework.security.web.session.SessionManagementFilter@e51d529, org.springframework.security.web.access.ExceptionTranslationFilter@16d1f0df, org.springframework.security.web.access.intercept.FilterSecurityInterceptor@3de35010]
2020-05-14 14:59:21.095  INFO 12040 --- [    Test worker] o.s.s.concurrent.ThreadPoolTaskExecutor  : Initializing ExecutorService 'applicationTaskExecutor'
2020-05-14 14:59:21.529  INFO 12040 --- [    Test worker] o.s.b.a.w.s.WelcomePageHandlerMapping    : Adding welcome page template: index
2020-05-14 14:59:23.775  INFO 12040 --- [    Test worker] o.s.b.t.m.w.SpringBootMockServletContext : Initializing Spring TestDispatcherServlet ''
2020-05-14 14:59:23.778  INFO 12040 --- [    Test worker] o.s.t.web.servlet.TestDispatcherServlet  : Initializing Servlet ''
2020-05-14 14:59:24.018  INFO 12040 --- [    Test worker] o.s.t.web.servlet.TestDispatcherServlet  : Completed initialization in 70 ms
2020-05-14 14:59:24.451  INFO 12040 --- [    Test worker] i.a.u.c.a.M.c.MainControllerTest         : Started MainControllerTest in 9.191 seconds (JVM running for 91.122)
]]></system-out>
  <system-err><![CDATA[]]></system-err>
</testsuite>
