<?xml version="1.0" encoding="UTF-8"?>
<testsuite name="id.ac.ui.cs.advprog.MyAc.service.ForumServiceImplTest" tests="4" skipped="0" failures="0" errors="0" timestamp="2020-04-23T09:19:23" hostname="LAPTOP-CAQMALIR" time="0.487">
  <properties/>
  <testcase name="whenSaveIsCalledItShouldCallForumRepositorySave()" classname="id.ac.ui.cs.advprog.MyAc.service.ForumServiceImplTest" time="0.453"/>
  <testcase name="whenGetIsCalledItShouldCallForumRepositoryFindById()" classname="id.ac.ui.cs.advprog.MyAc.service.ForumServiceImplTest" time="0.012"/>
  <testcase name="whenFindAllIsCalledItShouldCallForumRepositoryFindAll()" classname="id.ac.ui.cs.advprog.MyAc.service.ForumServiceImplTest" time="0.007"/>
  <testcase name="whenDeleteIsCalledItShouldCallForumRepositoryDeleteById()" classname="id.ac.ui.cs.advprog.MyAc.service.ForumServiceImplTest" time="0.007"/>
  <system-out><![CDATA[]]></system-out>
  <system-err><![CDATA[]]></system-err>
</testsuite>
