<?xml version="1.0" encoding="UTF-8"?>
<testsuite name="id.ac.ui.cs.advprog.MyAc.model.MatkulTest" tests="4" skipped="0" failures="0" errors="0" timestamp="2020-05-01T06:59:26" hostname="DESKTOP-VVI2B95" time="0.005">
  <properties/>
  <testcase name="testGetIsiPost()" classname="id.ac.ui.cs.advprog.MyAc.model.MatkulTest" time="0.001"/>
  <testcase name="testGetKode()" classname="id.ac.ui.cs.advprog.MyAc.model.MatkulTest" time="0.0"/>
  <testcase name="testGetNama()" classname="id.ac.ui.cs.advprog.MyAc.model.MatkulTest" time="0.0"/>
  <testcase name="testGetTopikMataKuliah()" classname="id.ac.ui.cs.advprog.MyAc.model.MatkulTest" time="0.001"/>
  <system-out><![CDATA[]]></system-out>
  <system-err><![CDATA[]]></system-err>
</testsuite>
