<?xml version="1.0" encoding="UTF-8"?>
<testsuite name="id.ac.ui.cs.advprog.MyAc.service.ShortPlanServiceImplTest" tests="4" skipped="0" failures="0" errors="0" timestamp="2020-05-14T08:08:43" hostname="LAPTOP-82VCQFF9" time="0.065">
  <properties/>
  <testcase name="testGetGrade()" classname="id.ac.ui.cs.advprog.MyAc.service.ShortPlanServiceImplTest" time="0.014"/>
  <testcase name="testGetFinalScore()" classname="id.ac.ui.cs.advprog.MyAc.service.ShortPlanServiceImplTest" time="0.014"/>
  <testcase name="testGetComponents()" classname="id.ac.ui.cs.advprog.MyAc.service.ShortPlanServiceImplTest" time="0.006"/>
  <testcase name="testAddComponents()" classname="id.ac.ui.cs.advprog.MyAc.service.ShortPlanServiceImplTest" time="0.011"/>
  <system-out><![CDATA[]]></system-out>
  <system-err><![CDATA[]]></system-err>
</testsuite>
