<?xml version="1.0" encoding="UTF-8"?>
<testsuite name="id.ac.ui.cs.advprog.MyAc.controller.PostControllerTest" tests="1" skipped="0" failures="0" errors="0" timestamp="2020-05-04T14:10:58" hostname="DESKTOP-VVI2B95" time="0.054">
  <properties/>
  <testcase name="whenAddUrlIsAccessedItShouldContainNewPost()" classname="id.ac.ui.cs.advprog.MyAc.controller.PostControllerTest" time="0.054"/>
  <system-out><![CDATA[2020-05-04 07:10:58.048  INFO 17164 --- [    Test worker] .b.t.a.w.s.WebMvcTestContextBootstrapper : Neither @ContextConfiguration nor @ContextHierarchy found for test class [id.ac.ui.cs.advprog.MyAc.controller.PostControllerTest], using SpringBootContextLoader
2020-05-04 07:10:58.049  INFO 17164 --- [    Test worker] o.s.t.c.support.AbstractContextLoader    : Could not detect default resource locations for test class [id.ac.ui.cs.advprog.MyAc.controller.PostControllerTest]: no resource found for suffixes {-context.xml, Context.groovy}.
2020-05-04 07:10:58.050  INFO 17164 --- [    Test worker] t.c.s.AnnotationConfigContextLoaderUtils : Could not detect default configuration classes for test class [id.ac.ui.cs.advprog.MyAc.controller.PostControllerTest]: PostControllerTest does not declare any static, non-private, non-final, nested classes annotated with @Configuration.
2020-05-04 07:10:58.054  INFO 17164 --- [    Test worker] .b.t.c.SpringBootTestContextBootstrapper : Found @SpringBootConfiguration id.ac.ui.cs.advprog.MyAc.MyAcApplication for test class id.ac.ui.cs.advprog.MyAc.controller.PostControllerTest
2020-05-04 07:10:58.055  INFO 17164 --- [    Test worker] .b.t.a.w.s.WebMvcTestContextBootstrapper : Loaded default TestExecutionListener class names from location [META-INF/spring.factories]: [org.springframework.security.test.context.support.WithSecurityContextTestExecutionListener, org.springframework.security.test.context.support.ReactorContextTestExecutionListener, org.springframework.boot.test.autoconfigure.restdocs.RestDocsTestExecutionListener, org.springframework.boot.test.autoconfigure.web.client.MockRestServiceServerResetTestExecutionListener, org.springframework.boot.test.autoconfigure.web.servlet.MockMvcPrintOnlyOnFailureTestExecutionListener, org.springframework.boot.test.autoconfigure.web.servlet.WebDriverTestExecutionListener, org.springframework.boot.test.mock.mockito.MockitoTestExecutionListener, org.springframework.boot.test.mock.mockito.ResetMocksTestExecutionListener, org.springframework.test.context.web.ServletTestExecutionListener, org.springframework.test.context.support.DirtiesContextBeforeModesTestExecutionListener, org.springframework.test.context.support.DependencyInjectionTestExecutionListener, org.springframework.test.context.support.DirtiesContextTestExecutionListener, org.springframework.test.context.transaction.TransactionalTestExecutionListener, org.springframework.test.context.jdbc.SqlScriptsTestExecutionListener, org.springframework.test.context.event.EventPublishingTestExecutionListener]
2020-05-04 07:10:58.057  INFO 17164 --- [    Test worker] .b.t.a.w.s.WebMvcTestContextBootstrapper : Using TestExecutionListeners: [org.springframework.test.context.web.ServletTestExecutionListener@7c8175e3, org.springframework.test.context.support.DirtiesContextBeforeModesTestExecutionListener@495ae9b8, org.springframework.boot.test.mock.mockito.MockitoTestExecutionListener@6eb30024, org.springframework.boot.test.autoconfigure.SpringBootDependencyInjectionTestExecutionListener@63fa0488, org.springframework.test.context.support.DirtiesContextTestExecutionListener@14235b79, org.springframework.test.context.transaction.TransactionalTestExecutionListener@aaa676c, org.springframework.test.context.jdbc.SqlScriptsTestExecutionListener@7ceee43d, org.springframework.security.test.context.support.WithSecurityContextTestExecutionListener@4f03716c, org.springframework.test.context.event.EventPublishingTestExecutionListener@41f51366, org.springframework.security.test.context.support.ReactorContextTestExecutionListener@18bd8d33, org.springframework.boot.test.autoconfigure.restdocs.RestDocsTestExecutionListener@13795d15, org.springframework.boot.test.autoconfigure.web.client.MockRestServiceServerResetTestExecutionListener@47a5d607, org.springframework.boot.test.autoconfigure.web.servlet.MockMvcPrintOnlyOnFailureTestExecutionListener@2e2283b6, org.springframework.boot.test.autoconfigure.web.servlet.WebDriverTestExecutionListener@5a824754, org.springframework.boot.test.mock.mockito.ResetMocksTestExecutionListener@34a28e4]

  .   ____          _            __ _ _
 /\\ / ___'_ __ _ _(_)_ __  __ _ \ \ \ \
( ( )\___ | '_ | '_| | '_ \/ _` | \ \ \ \
 \\/  ___)| |_)| | | | | || (_| |  ) ) ) )
  '  |____| .__|_| |_|_| |_\__, | / / / /
 =========|_|==============|___/=/_/_/_/
 :: Spring Boot ::        (v2.2.4.RELEASE)

2020-05-04 07:10:58.089  INFO 17164 --- [    Test worker] i.a.u.c.a.M.c.PostControllerTest         : Starting PostControllerTest on DESKTOP-VVI2B95 with PID 17164 (started by USER in D:\Project\myacademy fix\myacademy\MyAc)
2020-05-04 07:10:58.091  INFO 17164 --- [    Test worker] i.a.u.c.a.M.c.PostControllerTest         : No active profile set, falling back to default profiles: default
2020-05-04 07:10:58.525  INFO 17164 --- [    Test worker] o.s.s.web.DefaultSecurityFilterChain     : Creating filter chain: any request, [org.springframework.security.web.context.request.async.WebAsyncManagerIntegrationFilter@39c98270, org.springframework.security.web.context.SecurityContextPersistenceFilter@4cb3d8b2, org.springframework.security.web.header.HeaderWriterFilter@6e78d775, org.springframework.security.web.csrf.CsrfFilter@dc9860b, org.springframework.security.web.authentication.logout.LogoutFilter@1fd584b, org.springframework.security.web.authentication.UsernamePasswordAuthenticationFilter@19591a92, org.springframework.security.web.savedrequest.RequestCacheAwareFilter@299d66c5, org.springframework.security.web.servletapi.SecurityContextHolderAwareRequestFilter@176dffc, org.springframework.security.web.authentication.AnonymousAuthenticationFilter@cbe2f21, org.springframework.security.web.session.SessionManagementFilter@d0beec6, org.springframework.security.web.access.ExceptionTranslationFilter@1def048d, org.springframework.security.web.access.intercept.FilterSecurityInterceptor@334335c6]
2020-05-04 07:10:58.658  INFO 17164 --- [    Test worker] o.s.s.concurrent.ThreadPoolTaskExecutor  : Initializing ExecutorService 'applicationTaskExecutor'
2020-05-04 07:10:58.692  INFO 17164 --- [    Test worker] o.s.b.a.w.s.WelcomePageHandlerMapping    : Adding welcome page template: index
2020-05-04 07:10:58.854  INFO 17164 --- [    Test worker] o.s.b.t.m.w.SpringBootMockServletContext : Initializing Spring TestDispatcherServlet ''
2020-05-04 07:10:58.854  INFO 17164 --- [    Test worker] o.s.t.web.servlet.TestDispatcherServlet  : Initializing Servlet ''
2020-05-04 07:10:58.864  INFO 17164 --- [    Test worker] o.s.t.web.servlet.TestDispatcherServlet  : Completed initialization in 10 ms
2020-05-04 07:10:58.878  INFO 17164 --- [    Test worker] i.a.u.c.a.M.c.PostControllerTest         : Started PostControllerTest in 0.817 seconds (JVM running for 9.087)
]]></system-out>
  <system-err><![CDATA[]]></system-err>
</testsuite>
