<?xml version="1.0" encoding="UTF-8"?>
<testsuite name="id.ac.ui.cs.advprog.MyAc.model.MatkulTest" tests="4" skipped="0" failures="0" errors="0" timestamp="2020-04-23T08:14:15" hostname="LAPTOP-930TCP7M" time="0.116">
  <properties/>
  <testcase name="testGetIsiPost()" classname="id.ac.ui.cs.advprog.MyAc.model.MatkulTest" time="0.09"/>
  <testcase name="testGetKode()" classname="id.ac.ui.cs.advprog.MyAc.model.MatkulTest" time="0.017"/>
  <testcase name="testGetNama()" classname="id.ac.ui.cs.advprog.MyAc.model.MatkulTest" time="0.002"/>
  <testcase name="testGetTopikMataKuliah()" classname="id.ac.ui.cs.advprog.MyAc.model.MatkulTest" time="0.001"/>
  <system-out><![CDATA[]]></system-out>
  <system-err><![CDATA[]]></system-err>
</testsuite>
