<?xml version="1.0" encoding="UTF-8"?>
<testsuite name="id.ac.ui.cs.advprog.MyAc.service.ForumServiceImplTest" tests="4" skipped="0" failures="0" errors="0" timestamp="2020-04-21T02:24:21" hostname="LAPTOP-CAQMALIR" time="0.338">
  <properties/>
  <testcase name="whenSaveIsCalledItShouldCallForumRepositorySave()" classname="id.ac.ui.cs.advprog.MyAc.service.ForumServiceImplTest" time="0.322"/>
  <testcase name="whenGetIsCalledItShouldCallForumRepositoryFindById()" classname="id.ac.ui.cs.advprog.MyAc.service.ForumServiceImplTest" time="0.005"/>
  <testcase name="whenFindAllIsCalledItShouldCallForumRepositoryFindAll()" classname="id.ac.ui.cs.advprog.MyAc.service.ForumServiceImplTest" time="0.004"/>
  <testcase name="whenDeleteIsCalledItShouldCallForumRepositoryDeleteById()" classname="id.ac.ui.cs.advprog.MyAc.service.ForumServiceImplTest" time="0.003"/>
  <system-out><![CDATA[]]></system-out>
  <system-err><![CDATA[]]></system-err>
</testsuite>
