<?xml version="1.0" encoding="UTF-8"?>
<testsuite name="id.ac.ui.cs.advprog.MyAc.model.PostTest" tests="8" skipped="0" failures="0" errors="0" timestamp="2020-04-30T07:13:58" hostname="LAPTOP-SJCI920E" time="0.009">
  <properties/>
  <testcase name="testGetPostText()" classname="id.ac.ui.cs.advprog.MyAc.model.PostTest" time="0.001"/>
  <testcase name="testGetCourseTopic()" classname="id.ac.ui.cs.advprog.MyAc.model.PostTest" time="0.0"/>
  <testcase name="testGetTitle()" classname="id.ac.ui.cs.advprog.MyAc.model.PostTest" time="0.0"/>
  <testcase name="testGetCreateDate()" classname="id.ac.ui.cs.advprog.MyAc.model.PostTest" time="0.001"/>
  <testcase name="testGetId()" classname="id.ac.ui.cs.advprog.MyAc.model.PostTest" time="0.001"/>
  <testcase name="testSetCourseTopic()" classname="id.ac.ui.cs.advprog.MyAc.model.PostTest" time="0.0"/>
  <testcase name="testSetPostText()" classname="id.ac.ui.cs.advprog.MyAc.model.PostTest" time="0.001"/>
  <testcase name="testSetTitle()" classname="id.ac.ui.cs.advprog.MyAc.model.PostTest" time="0.001"/>
  <system-out><![CDATA[]]></system-out>
  <system-err><![CDATA[]]></system-err>
</testsuite>
