<?xml version="1.0" encoding="UTF-8"?>
<testsuite name="id.ac.ui.cs.advprog.MyAc.model.ComponentTest" tests="3" skipped="0" failures="0" errors="0" timestamp="2020-04-20T19:17:14" hostname="LAPTOP-SJCI920E" time="0.053">
  <properties/>
  <testcase name="testGetScore()" classname="id.ac.ui.cs.advprog.MyAc.model.ComponentTest" time="0.027"/>
  <testcase name="testGetComponentName()" classname="id.ac.ui.cs.advprog.MyAc.model.ComponentTest" time="0.023"/>
  <testcase name="testGetPercentage()" classname="id.ac.ui.cs.advprog.MyAc.model.ComponentTest" time="0.001"/>
  <system-out><![CDATA[]]></system-out>
  <system-err><![CDATA[]]></system-err>
</testsuite>
