<?xml version="1.0" encoding="UTF-8"?>
<<<<<<< HEAD
<testsuite name="id.ac.ui.cs.advprog.MyAc.service.ShortPlanServiceImplTest" tests="4" skipped="0" failures="0" errors="0" timestamp="2020-05-13T14:59:01" hostname="LAPTOP-82VCQFF9" time="0.112">
  <properties/>
  <testcase name="testGetGrade()" classname="id.ac.ui.cs.advprog.MyAc.service.ShortPlanServiceImplTest" time="0.027"/>
  <testcase name="testGetFinalScore()" classname="id.ac.ui.cs.advprog.MyAc.service.ShortPlanServiceImplTest" time="0.024"/>
  <testcase name="testGetComponents()" classname="id.ac.ui.cs.advprog.MyAc.service.ShortPlanServiceImplTest" time="0.01"/>
  <testcase name="testAddComponents()" classname="id.ac.ui.cs.advprog.MyAc.service.ShortPlanServiceImplTest" time="0.01"/>
=======
<testsuite name="id.ac.ui.cs.advprog.MyAc.service.ShortPlanServiceImplTest" tests="4" skipped="0" failures="0" errors="0" timestamp="2020-05-14T07:32:52" hostname="LAPTOP-930TCP7M" time="0.013">
  <properties/>
  <testcase name="testGetGrade()" classname="id.ac.ui.cs.advprog.MyAc.service.ShortPlanServiceImplTest" time="0.002"/>
  <testcase name="testGetFinalScore()" classname="id.ac.ui.cs.advprog.MyAc.service.ShortPlanServiceImplTest" time="0.0"/>
  <testcase name="testGetComponents()" classname="id.ac.ui.cs.advprog.MyAc.service.ShortPlanServiceImplTest" time="0.001"/>
  <testcase name="testAddComponents()" classname="id.ac.ui.cs.advprog.MyAc.service.ShortPlanServiceImplTest" time="0.005"/>
>>>>>>> InformasiDetailPerMatkul
  <system-out><![CDATA[]]></system-out>
  <system-err><![CDATA[]]></system-err>
</testsuite>
