<?xml version="1.0" encoding="UTF-8"?>
<testsuite name="id.ac.ui.cs.advprog.MyAc.controller.PostControllerTest" tests="1" skipped="0" failures="0" errors="0" timestamp="2020-05-14T06:23:50" hostname="LAPTOP-82VCQFF9" time="0.326">
  <properties/>
  <testcase name="whenAddUrlIsAccessedItShouldContainNewPost()" classname="id.ac.ui.cs.advprog.MyAc.controller.PostControllerTest" time="0.326"/>
  <system-out><![CDATA[2020-05-14 13:23:45.075  INFO 15112 --- [    Test worker] .b.t.a.w.s.WebMvcTestContextBootstrapper : Neither @ContextConfiguration nor @ContextHierarchy found for test class [id.ac.ui.cs.advprog.MyAc.controller.PostControllerTest], using SpringBootContextLoader
2020-05-14 13:23:45.075  INFO 15112 --- [    Test worker] o.s.t.c.support.AbstractContextLoader    : Could not detect default resource locations for test class [id.ac.ui.cs.advprog.MyAc.controller.PostControllerTest]: no resource found for suffixes {-context.xml, Context.groovy}.
2020-05-14 13:23:45.075  INFO 15112 --- [    Test worker] t.c.s.AnnotationConfigContextLoaderUtils : Could not detect default configuration classes for test class [id.ac.ui.cs.advprog.MyAc.controller.PostControllerTest]: PostControllerTest does not declare any static, non-private, non-final, nested classes annotated with @Configuration.
2020-05-14 13:23:45.168  INFO 15112 --- [    Test worker] .b.t.c.SpringBootTestContextBootstrapper : Found @SpringBootConfiguration id.ac.ui.cs.advprog.MyAc.MyAcApplication for test class id.ac.ui.cs.advprog.MyAc.controller.PostControllerTest
2020-05-14 13:23:45.168  INFO 15112 --- [    Test worker] .b.t.a.w.s.WebMvcTestContextBootstrapper : Loaded default TestExecutionListener class names from location [META-INF/spring.factories]: [org.springframework.security.test.context.support.WithSecurityContextTestExecutionListener, org.springframework.security.test.context.support.ReactorContextTestExecutionListener, org.springframework.boot.test.autoconfigure.restdocs.RestDocsTestExecutionListener, org.springframework.boot.test.autoconfigure.web.client.MockRestServiceServerResetTestExecutionListener, org.springframework.boot.test.autoconfigure.web.servlet.MockMvcPrintOnlyOnFailureTestExecutionListener, org.springframework.boot.test.autoconfigure.web.servlet.WebDriverTestExecutionListener, org.springframework.boot.test.mock.mockito.MockitoTestExecutionListener, org.springframework.boot.test.mock.mockito.ResetMocksTestExecutionListener, org.springframework.test.context.web.ServletTestExecutionListener, org.springframework.test.context.support.DirtiesContextBeforeModesTestExecutionListener, org.springframework.test.context.support.DependencyInjectionTestExecutionListener, org.springframework.test.context.support.DirtiesContextTestExecutionListener, org.springframework.test.context.transaction.TransactionalTestExecutionListener, org.springframework.test.context.jdbc.SqlScriptsTestExecutionListener, org.springframework.test.context.event.EventPublishingTestExecutionListener]
2020-05-14 13:23:45.168  INFO 15112 --- [    Test worker] .b.t.a.w.s.WebMvcTestContextBootstrapper : Using TestExecutionListeners: [org.springframework.test.context.web.ServletTestExecutionListener@2ef518f2, org.springframework.test.context.support.DirtiesContextBeforeModesTestExecutionListener@19d8df17, org.springframework.boot.test.mock.mockito.MockitoTestExecutionListener@4d8c489d, org.springframework.boot.test.autoconfigure.SpringBootDependencyInjectionTestExecutionListener@3ea9a6ce, org.springframework.test.context.support.DirtiesContextTestExecutionListener@389d1b61, org.springframework.test.context.transaction.TransactionalTestExecutionListener@67625b02, org.springframework.test.context.jdbc.SqlScriptsTestExecutionListener@48852fd3, org.springframework.security.test.context.support.WithSecurityContextTestExecutionListener@3b697fdb, org.springframework.test.context.event.EventPublishingTestExecutionListener@6bff3dc4, org.springframework.security.test.context.support.ReactorContextTestExecutionListener@1eb0c1f2, org.springframework.boot.test.autoconfigure.restdocs.RestDocsTestExecutionListener@7faa9e40, org.springframework.boot.test.autoconfigure.web.client.MockRestServiceServerResetTestExecutionListener@fcda1c9, org.springframework.boot.test.autoconfigure.web.servlet.MockMvcPrintOnlyOnFailureTestExecutionListener@1d4ebce9, org.springframework.boot.test.autoconfigure.web.servlet.WebDriverTestExecutionListener@5e951e3, org.springframework.boot.test.mock.mockito.ResetMocksTestExecutionListener@2e9a9780]

  .   ____          _            __ _ _
 /\\ / ___'_ __ _ _(_)_ __  __ _ \ \ \ \
( ( )\___ | '_ | '_| | '_ \/ _` | \ \ \ \
 \\/  ___)| |_)| | | | | || (_| |  ) ) ) )
  '  |____| .__|_| |_|_| |_\__, | / / / /
 =========|_|==============|___/=/_/_/_/
 :: Spring Boot ::        (v2.2.4.RELEASE)

2020-05-14 13:23:45.403  INFO 15112 --- [    Test worker] i.a.u.c.a.M.c.PostControllerTest         : Starting PostControllerTest on LAPTOP-82VCQFF9 with PID 15112 (started by Ali Irsyaad in C:\Users\Ali Irsyaad\OneDrive - UNIVERSITAS INDONESIA\Ali's Document\Semester 4\AdPro\myacademy\MyAc)
2020-05-14 13:23:45.465  INFO 15112 --- [    Test worker] i.a.u.c.a.M.c.PostControllerTest         : No active profile set, falling back to default profiles: default
2020-05-14 13:23:48.028  INFO 15112 --- [    Test worker] o.s.s.web.DefaultSecurityFilterChain     : Creating filter chain: any request, [org.springframework.security.web.context.request.async.WebAsyncManagerIntegrationFilter@7c43ee11, org.springframework.security.web.context.SecurityContextPersistenceFilter@27ff491c, org.springframework.security.web.header.HeaderWriterFilter@101d2ca7, org.springframework.security.web.csrf.CsrfFilter@79a34f17, org.springframework.security.web.authentication.logout.LogoutFilter@1e8c025d, org.springframework.security.web.authentication.UsernamePasswordAuthenticationFilter@44fb022e, org.springframework.security.web.savedrequest.RequestCacheAwareFilter@45b4863e, org.springframework.security.web.servletapi.SecurityContextHolderAwareRequestFilter@3cb5f23b, org.springframework.security.web.authentication.AnonymousAuthenticationFilter@1e931079, org.springframework.security.web.session.SessionManagementFilter@44c76d64, org.springframework.security.web.access.ExceptionTranslationFilter@26788a2f, org.springframework.security.web.access.intercept.FilterSecurityInterceptor@2c775c5e]
2020-05-14 13:23:48.950  INFO 15112 --- [    Test worker] o.s.s.concurrent.ThreadPoolTaskExecutor  : Initializing ExecutorService 'applicationTaskExecutor'
2020-05-14 13:23:49.106  INFO 15112 --- [    Test worker] o.s.b.a.w.s.WelcomePageHandlerMapping    : Adding welcome page template: index
2020-05-14 13:23:50.091  INFO 15112 --- [    Test worker] o.s.b.t.m.w.SpringBootMockServletContext : Initializing Spring TestDispatcherServlet ''
2020-05-14 13:23:50.091  INFO 15112 --- [    Test worker] o.s.t.web.servlet.TestDispatcherServlet  : Initializing Servlet ''
2020-05-14 13:23:50.122  INFO 15112 --- [    Test worker] o.s.t.web.servlet.TestDispatcherServlet  : Completed initialization in 31 ms
2020-05-14 13:23:50.247  INFO 15112 --- [    Test worker] i.a.u.c.a.M.c.PostControllerTest         : Started PostControllerTest in 5.06 seconds (JVM running for 48.874)
]]></system-out>
  <system-err><![CDATA[]]></system-err>
</testsuite>
