<?xml version="1.0" encoding="UTF-8"?>
<testsuite name="id.ac.ui.cs.advprog.MyAc.controller.PostControllerTest" tests="1" skipped="0" failures="0" errors="0" timestamp="2020-05-04T13:40:31" hostname="DESKTOP-VVI2B95" time="0.494">
  <properties/>
  <testcase name="whenAddUrlIsAccessedItShouldContainNewPost()" classname="id.ac.ui.cs.advprog.MyAc.controller.PostControllerTest" time="0.494"/>
  <system-out><![CDATA[2020-05-04 06:40:30.127  INFO 1336 --- [    Test worker] .b.t.a.w.s.WebMvcTestContextBootstrapper : Neither @ContextConfiguration nor @ContextHierarchy found for test class [id.ac.ui.cs.advprog.MyAc.controller.PostControllerTest], using SpringBootContextLoader
2020-05-04 06:40:30.127  INFO 1336 --- [    Test worker] o.s.t.c.support.AbstractContextLoader    : Could not detect default resource locations for test class [id.ac.ui.cs.advprog.MyAc.controller.PostControllerTest]: no resource found for suffixes {-context.xml, Context.groovy}.
2020-05-04 06:40:30.127  INFO 1336 --- [    Test worker] t.c.s.AnnotationConfigContextLoaderUtils : Could not detect default configuration classes for test class [id.ac.ui.cs.advprog.MyAc.controller.PostControllerTest]: PostControllerTest does not declare any static, non-private, non-final, nested classes annotated with @Configuration.
2020-05-04 06:40:30.140  INFO 1336 --- [    Test worker] .b.t.c.SpringBootTestContextBootstrapper : Found @SpringBootConfiguration id.ac.ui.cs.advprog.MyAc.MyAcApplication for test class id.ac.ui.cs.advprog.MyAc.controller.PostControllerTest
2020-05-04 06:40:30.140  INFO 1336 --- [    Test worker] .b.t.a.w.s.WebMvcTestContextBootstrapper : Loaded default TestExecutionListener class names from location [META-INF/spring.factories]: [org.springframework.security.test.context.support.WithSecurityContextTestExecutionListener, org.springframework.security.test.context.support.ReactorContextTestExecutionListener, org.springframework.boot.test.autoconfigure.restdocs.RestDocsTestExecutionListener, org.springframework.boot.test.autoconfigure.web.client.MockRestServiceServerResetTestExecutionListener, org.springframework.boot.test.autoconfigure.web.servlet.MockMvcPrintOnlyOnFailureTestExecutionListener, org.springframework.boot.test.autoconfigure.web.servlet.WebDriverTestExecutionListener, org.springframework.boot.test.mock.mockito.MockitoTestExecutionListener, org.springframework.boot.test.mock.mockito.ResetMocksTestExecutionListener, org.springframework.test.context.web.ServletTestExecutionListener, org.springframework.test.context.support.DirtiesContextBeforeModesTestExecutionListener, org.springframework.test.context.support.DependencyInjectionTestExecutionListener, org.springframework.test.context.support.DirtiesContextTestExecutionListener, org.springframework.test.context.transaction.TransactionalTestExecutionListener, org.springframework.test.context.jdbc.SqlScriptsTestExecutionListener, org.springframework.test.context.event.EventPublishingTestExecutionListener]
2020-05-04 06:40:30.145  INFO 1336 --- [    Test worker] .b.t.a.w.s.WebMvcTestContextBootstrapper : Using TestExecutionListeners: [org.springframework.test.context.web.ServletTestExecutionListener@27a6bc7a, org.springframework.test.context.support.DirtiesContextBeforeModesTestExecutionListener@44e73974, org.springframework.boot.test.mock.mockito.MockitoTestExecutionListener@25f76f5, org.springframework.boot.test.autoconfigure.SpringBootDependencyInjectionTestExecutionListener@52e351bc, org.springframework.test.context.support.DirtiesContextTestExecutionListener@403462f6, org.springframework.test.context.transaction.TransactionalTestExecutionListener@3d65df1d, org.springframework.test.context.jdbc.SqlScriptsTestExecutionListener@4474ee9a, org.springframework.security.test.context.support.WithSecurityContextTestExecutionListener@cd22919, org.springframework.test.context.event.EventPublishingTestExecutionListener@6f12d9a7, org.springframework.security.test.context.support.ReactorContextTestExecutionListener@7c9c6e6f, org.springframework.boot.test.autoconfigure.restdocs.RestDocsTestExecutionListener@1fff4f58, org.springframework.boot.test.autoconfigure.web.client.MockRestServiceServerResetTestExecutionListener@2f8275f, org.springframework.boot.test.autoconfigure.web.servlet.MockMvcPrintOnlyOnFailureTestExecutionListener@7b5e1946, org.springframework.boot.test.autoconfigure.web.servlet.WebDriverTestExecutionListener@64aeef54, org.springframework.boot.test.mock.mockito.ResetMocksTestExecutionListener@14ee916]

  .   ____          _            __ _ _
 /\\ / ___'_ __ _ _(_)_ __  __ _ \ \ \ \
( ( )\___ | '_ | '_| | '_ \/ _` | \ \ \ \
 \\/  ___)| |_)| | | | | || (_| |  ) ) ) )
  '  |____| .__|_| |_|_| |_\__, | / / / /
 =========|_|==============|___/=/_/_/_/
 :: Spring Boot ::        (v2.2.4.RELEASE)

2020-05-04 06:40:30.234  INFO 1336 --- [    Test worker] i.a.u.c.a.M.c.PostControllerTest         : Starting PostControllerTest on DESKTOP-VVI2B95 with PID 1336 (started by USER in D:\Project\myacademy fix\myacademy\MyAc)
2020-05-04 06:40:30.235  INFO 1336 --- [    Test worker] i.a.u.c.a.M.c.PostControllerTest         : No active profile set, falling back to default profiles: default
2020-05-04 06:40:31.131  INFO 1336 --- [    Test worker] o.s.s.web.DefaultSecurityFilterChain     : Creating filter chain: any request, [org.springframework.security.web.context.request.async.WebAsyncManagerIntegrationFilter@7e773b, org.springframework.security.web.context.SecurityContextPersistenceFilter@127176bd, org.springframework.security.web.header.HeaderWriterFilter@40a5c249, org.springframework.security.web.csrf.CsrfFilter@342fc238, org.springframework.security.web.authentication.logout.LogoutFilter@e85a473, org.springframework.security.web.authentication.UsernamePasswordAuthenticationFilter@6faf781a, org.springframework.security.web.savedrequest.RequestCacheAwareFilter@b7aac4d, org.springframework.security.web.servletapi.SecurityContextHolderAwareRequestFilter@65a380e1, org.springframework.security.web.authentication.AnonymousAuthenticationFilter@c51968a, org.springframework.security.web.session.SessionManagementFilter@58054187, org.springframework.security.web.access.ExceptionTranslationFilter@36c5eaf4, org.springframework.security.web.access.intercept.FilterSecurityInterceptor@dc8610e]
2020-05-04 06:40:31.372  INFO 1336 --- [    Test worker] o.s.s.concurrent.ThreadPoolTaskExecutor  : Initializing ExecutorService 'applicationTaskExecutor'
2020-05-04 06:40:31.416  INFO 1336 --- [    Test worker] o.s.b.a.w.s.WelcomePageHandlerMapping    : Adding welcome page template: index
2020-05-04 06:40:31.599  INFO 1336 --- [    Test worker] o.s.b.t.m.w.SpringBootMockServletContext : Initializing Spring TestDispatcherServlet ''
2020-05-04 06:40:31.600  INFO 1336 --- [    Test worker] o.s.t.web.servlet.TestDispatcherServlet  : Initializing Servlet ''
2020-05-04 06:40:31.613  INFO 1336 --- [    Test worker] o.s.t.web.servlet.TestDispatcherServlet  : Completed initialization in 13 ms
2020-05-04 06:40:31.648  INFO 1336 --- [    Test worker] i.a.u.c.a.M.c.PostControllerTest         : Started PostControllerTest in 1.497 seconds (JVM running for 12.992)
]]></system-out>
  <system-err><![CDATA[]]></system-err>
</testsuite>
