<?xml version="1.0" encoding="UTF-8"?>
<testsuite name="id.ac.ui.cs.advprog.MyAc.model.RoleTest" tests="6" skipped="0" failures="0" errors="0" timestamp="2020-05-15T08:26:11" hostname="DESKTOP-VVI2B95" time="0.018">
  <properties/>
  <testcase name="testGetId()" classname="id.ac.ui.cs.advprog.MyAc.model.RoleTest" time="0.004"/>
  <testcase name="testSetId()" classname="id.ac.ui.cs.advprog.MyAc.model.RoleTest" time="0.002"/>
  <testcase name="testToString()" classname="id.ac.ui.cs.advprog.MyAc.model.RoleTest" time="0.002"/>
  <testcase name="testGetName()" classname="id.ac.ui.cs.advprog.MyAc.model.RoleTest" time="0.001"/>
  <testcase name="testSetName()" classname="id.ac.ui.cs.advprog.MyAc.model.RoleTest" time="0.002"/>
  <testcase name="testDefaultConstructor()" classname="id.ac.ui.cs.advprog.MyAc.model.RoleTest" time="0.001"/>
  <system-out><![CDATA[]]></system-out>
  <system-err><![CDATA[]]></system-err>
</testsuite>
