<?xml version="1.0" encoding="UTF-8"?>
<testsuite name="id.ac.ui.cs.advprog.MyAc.controller.ShortPlanControllerTest" tests="2" skipped="0" failures="0" errors="0" timestamp="2020-04-20T19:17:11" hostname="LAPTOP-SJCI920E" time="2.402">
  <properties/>
  <testcase name="testWhenAddComponentURLIsAccessedItShouldCallShortPlanServiceAddComponent()" classname="id.ac.ui.cs.advprog.MyAc.controller.ShortPlanControllerTest" time="2.313"/>
  <testcase name="testWhenComponentListURLIsAccessedItShouldContainCorrectDefaultComponentModel()" classname="id.ac.ui.cs.advprog.MyAc.controller.ShortPlanControllerTest" time="0.086"/>
  <system-out><![CDATA[02:16:14.813 [Test worker] DEBUG org.springframework.test.context.BootstrapUtils - Instantiating CacheAwareContextLoaderDelegate from class [org.springframework.test.context.cache.DefaultCacheAwareContextLoaderDelegate]
02:16:15.070 [Test worker] DEBUG org.springframework.test.context.BootstrapUtils - Instantiating BootstrapContext using constructor [public org.springframework.test.context.support.DefaultBootstrapContext(java.lang.Class,org.springframework.test.context.CacheAwareContextLoaderDelegate)]
02:16:15.526 [Test worker] DEBUG org.springframework.test.context.BootstrapUtils - Instantiating TestContextBootstrapper for test class [id.ac.ui.cs.advprog.MyAc.controller.ShortPlanControllerTest] from class [org.springframework.boot.test.autoconfigure.web.servlet.WebMvcTestContextBootstrapper]
02:16:15.983 [Test worker] INFO org.springframework.boot.test.autoconfigure.web.servlet.WebMvcTestContextBootstrapper - Neither @ContextConfiguration nor @ContextHierarchy found for test class [id.ac.ui.cs.advprog.MyAc.controller.ShortPlanControllerTest], using SpringBootContextLoader
02:16:16.095 [Test worker] DEBUG org.springframework.test.context.support.AbstractContextLoader - Did not detect default resource location for test class [id.ac.ui.cs.advprog.MyAc.controller.ShortPlanControllerTest]: class path resource [id/ac/ui/cs/advprog/MyAc/controller/ShortPlanControllerTest-context.xml] does not exist
02:16:16.131 [Test worker] DEBUG org.springframework.test.context.support.AbstractContextLoader - Did not detect default resource location for test class [id.ac.ui.cs.advprog.MyAc.controller.ShortPlanControllerTest]: class path resource [id/ac/ui/cs/advprog/MyAc/controller/ShortPlanControllerTestContext.groovy] does not exist
02:16:16.132 [Test worker] INFO org.springframework.test.context.support.AbstractContextLoader - Could not detect default resource locations for test class [id.ac.ui.cs.advprog.MyAc.controller.ShortPlanControllerTest]: no resource found for suffixes {-context.xml, Context.groovy}.
02:16:16.152 [Test worker] INFO org.springframework.test.context.support.AnnotationConfigContextLoaderUtils - Could not detect default configuration classes for test class [id.ac.ui.cs.advprog.MyAc.controller.ShortPlanControllerTest]: ShortPlanControllerTest does not declare any static, non-private, non-final, nested classes annotated with @Configuration.
02:16:17.703 [Test worker] DEBUG org.springframework.test.context.support.ActiveProfilesUtils - Could not find an 'annotation declaring class' for annotation type [org.springframework.test.context.ActiveProfiles] and class [id.ac.ui.cs.advprog.MyAc.controller.ShortPlanControllerTest]
02:16:19.538 [Test worker] DEBUG org.springframework.context.annotation.ClassPathScanningCandidateComponentProvider - Identified candidate component class: file [/mnt/c/Users/Alvin/Desktop/Adprog/myacademy/MyAc/build/classes/java/main/id/ac/ui/cs/advprog/MyAc/MyAcApplication.class]
02:16:19.566 [Test worker] INFO org.springframework.boot.test.context.SpringBootTestContextBootstrapper - Found @SpringBootConfiguration id.ac.ui.cs.advprog.MyAc.MyAcApplication for test class id.ac.ui.cs.advprog.MyAc.controller.ShortPlanControllerTest
02:16:19.585 [Test worker] DEBUG org.springframework.boot.test.autoconfigure.web.servlet.WebMvcTestContextBootstrapper - @TestExecutionListeners is not present for class [id.ac.ui.cs.advprog.MyAc.controller.ShortPlanControllerTest]: using defaults.
02:16:19.591 [Test worker] INFO org.springframework.boot.test.autoconfigure.web.servlet.WebMvcTestContextBootstrapper - Loaded default TestExecutionListener class names from location [META-INF/spring.factories]: [org.springframework.boot.test.autoconfigure.restdocs.RestDocsTestExecutionListener, org.springframework.boot.test.autoconfigure.web.client.MockRestServiceServerResetTestExecutionListener, org.springframework.boot.test.autoconfigure.web.servlet.MockMvcPrintOnlyOnFailureTestExecutionListener, org.springframework.boot.test.autoconfigure.web.servlet.WebDriverTestExecutionListener, org.springframework.boot.test.mock.mockito.MockitoTestExecutionListener, org.springframework.boot.test.mock.mockito.ResetMocksTestExecutionListener, org.springframework.test.context.web.ServletTestExecutionListener, org.springframework.test.context.support.DirtiesContextBeforeModesTestExecutionListener, org.springframework.test.context.support.DependencyInjectionTestExecutionListener, org.springframework.test.context.support.DirtiesContextTestExecutionListener, org.springframework.test.context.transaction.TransactionalTestExecutionListener, org.springframework.test.context.jdbc.SqlScriptsTestExecutionListener, org.springframework.test.context.event.EventPublishingTestExecutionListener]
02:16:20.300 [Test worker] INFO org.springframework.boot.test.autoconfigure.web.servlet.WebMvcTestContextBootstrapper - Using TestExecutionListeners: [org.springframework.test.context.web.ServletTestExecutionListener@564a7931, org.springframework.test.context.support.DirtiesContextBeforeModesTestExecutionListener@e29303c, org.springframework.boot.test.mock.mockito.MockitoTestExecutionListener@40a0c618, org.springframework.boot.test.autoconfigure.SpringBootDependencyInjectionTestExecutionListener@db5d913, org.springframework.test.context.support.DirtiesContextTestExecutionListener@8b3ba65, org.springframework.test.context.transaction.TransactionalTestExecutionListener@4fdcc39f, org.springframework.test.context.jdbc.SqlScriptsTestExecutionListener@98a4c7a, org.springframework.test.context.event.EventPublishingTestExecutionListener@2ad47119, org.springframework.boot.test.autoconfigure.restdocs.RestDocsTestExecutionListener@3f2186b4, org.springframework.boot.test.autoconfigure.web.client.MockRestServiceServerResetTestExecutionListener@16c86af4, org.springframework.boot.test.autoconfigure.web.servlet.MockMvcPrintOnlyOnFailureTestExecutionListener@4d7a0dcb, org.springframework.boot.test.autoconfigure.web.servlet.WebDriverTestExecutionListener@44aff1c4, org.springframework.boot.test.mock.mockito.ResetMocksTestExecutionListener@7708cbc3]
02:16:20.431 [Test worker] DEBUG org.springframework.test.context.support.AbstractDirtiesContextTestExecutionListener - Before test class: context [DefaultTestContext@6978fcd testClass = ShortPlanControllerTest, testInstance = [null], testMethod = [null], testException = [null], mergedContextConfiguration = [WebMergedContextConfiguration@25d5503f testClass = ShortPlanControllerTest, locations = '{}', classes = '{class id.ac.ui.cs.advprog.MyAc.MyAcApplication}', contextInitializerClasses = '[]', activeProfiles = '{}', propertySourceLocations = '{}', propertySourceProperties = '{org.springframework.boot.test.autoconfigure.web.servlet.WebMvcTestContextBootstrapper=true}', contextCustomizers = set[org.springframework.boot.test.autoconfigure.OverrideAutoConfigurationContextCustomizerFactory$DisableAutoConfigurationContextCustomizer@55b5c7b8, org.springframework.boot.test.autoconfigure.filter.TypeExcludeFiltersContextCustomizer@3b99be9b, org.springframework.boot.test.autoconfigure.properties.PropertyMappingContextCustomizer@46a2cf3b, org.springframework.boot.test.autoconfigure.web.servlet.WebDriverContextCustomizerFactory$Customizer@50f666b7, [ImportsContextCustomizer@8109a98 key = [org.springframework.boot.autoconfigure.cache.CacheAutoConfiguration, org.springframework.boot.autoconfigure.context.MessageSourceAutoConfiguration, org.springframework.boot.autoconfigure.data.web.SpringDataWebAutoConfiguration, org.springframework.boot.autoconfigure.freemarker.FreeMarkerAutoConfiguration, org.springframework.boot.autoconfigure.groovy.template.GroovyTemplateAutoConfiguration, org.springframework.boot.autoconfigure.gson.GsonAutoConfiguration, org.springframework.boot.autoconfigure.hateoas.HypermediaAutoConfiguration, org.springframework.boot.autoconfigure.http.HttpMessageConvertersAutoConfiguration, org.springframework.boot.autoconfigure.jackson.JacksonAutoConfiguration, org.springframework.boot.autoconfigure.jsonb.JsonbAutoConfiguration, org.springframework.boot.autoconfigure.mustache.MustacheAutoConfiguration, org.springframework.boot.autoconfigure.task.TaskExecutionAutoConfiguration, org.springframework.boot.autoconfigure.thymeleaf.ThymeleafAutoConfiguration, org.springframework.boot.autoconfigure.validation.ValidationAutoConfiguration, org.springframework.boot.autoconfigure.web.servlet.error.ErrorMvcAutoConfiguration, org.springframework.boot.autoconfigure.web.servlet.WebMvcAutoConfiguration, org.springframework.boot.test.autoconfigure.web.servlet.MockMvcAutoConfiguration, org.springframework.boot.test.autoconfigure.web.servlet.MockMvcWebClientAutoConfiguration, org.springframework.boot.test.autoconfigure.web.servlet.MockMvcWebDriverAutoConfiguration, org.springframework.boot.autoconfigure.security.servlet.SecurityAutoConfiguration, org.springframework.boot.autoconfigure.security.servlet.UserDetailsServiceAutoConfiguration, org.springframework.boot.test.autoconfigure.web.servlet.MockMvcSecurityConfiguration]], org.springframework.boot.test.context.filter.ExcludeFilterContextCustomizer@19085b48, org.springframework.boot.test.json.DuplicateJsonObjectContextCustomizerFactory$DuplicateJsonObjectContextCustomizer@61d8cb28, org.springframework.boot.test.mock.mockito.MockitoContextCustomizer@af648eea], resourceBasePath = 'src/main/webapp', contextLoader = 'org.springframework.boot.test.context.SpringBootContextLoader', parent = [null]], attributes = map[[empty]]], class annotated with @DirtiesContext [false] with mode [null].
02:16:24.062 [Test worker] DEBUG org.springframework.test.context.support.TestPropertySourceUtils - Adding inlined properties to environment: {spring.jmx.enabled=false, org.springframework.boot.test.autoconfigure.web.servlet.WebMvcTestContextBootstrapper=true, server.port=-1}

  .   ____          _            __ _ _
 /\\ / ___'_ __ _ _(_)_ __  __ _ \ \ \ \
( ( )\___ | '_ | '_| | '_ \/ _` | \ \ \ \
 \\/  ___)| |_)| | | | | || (_| |  ) ) ) )
  '  |____| .__|_| |_|_| |_\__, | / / / /
 =========|_|==============|___/=/_/_/_/
 :: Spring Boot ::        (v2.2.4.RELEASE)

2020-04-21 02:16:27.482  INFO 3829 --- [    Test worker] i.a.u.c.a.M.c.ShortPlanControllerTest    : Starting ShortPlanControllerTest on LAPTOP-SJCI920E with PID 3829 (started by alvinhariman in /mnt/c/Users/Alvin/Desktop/Adprog/myacademy/MyAc)
2020-04-21 02:16:27.490  INFO 3829 --- [    Test worker] i.a.u.c.a.M.c.ShortPlanControllerTest    : No active profile set, falling back to default profiles: default
2020-04-21 02:17:04.287  INFO 3829 --- [    Test worker] o.s.s.concurrent.ThreadPoolTaskExecutor  : Initializing ExecutorService 'applicationTaskExecutor'
2020-04-21 02:17:10.928  INFO 3829 --- [    Test worker] o.s.b.t.m.w.SpringBootMockServletContext : Initializing Spring TestDispatcherServlet ''
2020-04-21 02:17:10.929  INFO 3829 --- [    Test worker] o.s.t.web.servlet.TestDispatcherServlet  : Initializing Servlet ''
2020-04-21 02:17:11.252  INFO 3829 --- [    Test worker] o.s.t.web.servlet.TestDispatcherServlet  : Completed initialization in 323 ms
2020-04-21 02:17:11.767  INFO 3829 --- [    Test worker] i.a.u.c.a.M.c.ShortPlanControllerTest    : Started ShortPlanControllerTest in 47.523 seconds (JVM running for 65.617)
]]></system-out>
  <system-err><![CDATA[]]></system-err>
</testsuite>
