<?xml version="1.0" encoding="UTF-8"?>
<testsuite name="id.ac.ui.cs.advprog.MyAc.service.UserServiceImplTest" tests="3" skipped="0" failures="0" errors="0" timestamp="2020-05-14T07:59:53" hostname="LAPTOP-82VCQFF9" time="1.027">
  <properties/>
  <testcase name="testWhenFindByEmailCalledShouldCallFindByEmail()" classname="id.ac.ui.cs.advprog.MyAc.service.UserServiceImplTest" time="0.986"/>
  <testcase name="testWhenSaveCalledShouldSaveDto()" classname="id.ac.ui.cs.advprog.MyAc.service.UserServiceImplTest" time="0.019"/>
  <testcase name="testWhenLoadByUserNameCalledShouldCallLoadByUsername()" classname="id.ac.ui.cs.advprog.MyAc.service.UserServiceImplTest" time="0.006"/>
  <system-out><![CDATA[]]></system-out>
  <system-err><![CDATA[]]></system-err>
</testsuite>
