<?xml version="1.0" encoding="UTF-8"?>
<testsuite name="id.ac.ui.cs.advprog.tutorial5.controller.SoulControllerTest" tests="5" skipped="0" failures="0" errors="0" timestamp="2020-03-11T06:30:08" hostname="LAPTOP-930TCP7M" time="0.642">
  <properties/>
  <testcase name="testFindAll()" classname="id.ac.ui.cs.advprog.tutorial5.controller.SoulControllerTest" time="0.327"/>
  <testcase name="testFindById()" classname="id.ac.ui.cs.advprog.tutorial5.controller.SoulControllerTest" time="0.142"/>
  <testcase name="testCreate()" classname="id.ac.ui.cs.advprog.tutorial5.controller.SoulControllerTest" time="0.131"/>
  <testcase name="testDelete()" classname="id.ac.ui.cs.advprog.tutorial5.controller.SoulControllerTest" time="0.01"/>
  <testcase name="testUpdate()" classname="id.ac.ui.cs.advprog.tutorial5.controller.SoulControllerTest" time="0.015"/>
  <system-out><![CDATA[13:30:00.451 [Test worker] DEBUG org.springframework.test.context.BootstrapUtils - Instantiating CacheAwareContextLoaderDelegate from class [org.springframework.test.context.cache.DefaultCacheAwareContextLoaderDelegate]
13:30:00.539 [Test worker] DEBUG org.springframework.test.context.BootstrapUtils - Instantiating BootstrapContext using constructor [public org.springframework.test.context.support.DefaultBootstrapContext(java.lang.Class,org.springframework.test.context.CacheAwareContextLoaderDelegate)]
13:30:00.715 [Test worker] DEBUG org.springframework.test.context.BootstrapUtils - Instantiating TestContextBootstrapper for test class [id.ac.ui.cs.advprog.tutorial5.controller.SoulControllerTest] from class [org.springframework.boot.test.autoconfigure.web.servlet.WebMvcTestContextBootstrapper]
13:30:00.791 [Test worker] INFO org.springframework.boot.test.autoconfigure.web.servlet.WebMvcTestContextBootstrapper - Neither @ContextConfiguration nor @ContextHierarchy found for test class [id.ac.ui.cs.advprog.tutorial5.controller.SoulControllerTest], using SpringBootContextLoader
13:30:00.811 [Test worker] DEBUG org.springframework.test.context.support.AbstractContextLoader - Did not detect default resource location for test class [id.ac.ui.cs.advprog.tutorial5.controller.SoulControllerTest]: class path resource [id/ac/ui/cs/advprog/tutorial5/controller/SoulControllerTest-context.xml] does not exist
13:30:00.815 [Test worker] DEBUG org.springframework.test.context.support.AbstractContextLoader - Did not detect default resource location for test class [id.ac.ui.cs.advprog.tutorial5.controller.SoulControllerTest]: class path resource [id/ac/ui/cs/advprog/tutorial5/controller/SoulControllerTestContext.groovy] does not exist
13:30:00.815 [Test worker] INFO org.springframework.test.context.support.AbstractContextLoader - Could not detect default resource locations for test class [id.ac.ui.cs.advprog.tutorial5.controller.SoulControllerTest]: no resource found for suffixes {-context.xml, Context.groovy}.
13:30:00.819 [Test worker] INFO org.springframework.test.context.support.AnnotationConfigContextLoaderUtils - Could not detect default configuration classes for test class [id.ac.ui.cs.advprog.tutorial5.controller.SoulControllerTest]: SoulControllerTest does not declare any static, non-private, non-final, nested classes annotated with @Configuration.
13:30:01.075 [Test worker] DEBUG org.springframework.test.context.support.ActiveProfilesUtils - Could not find an 'annotation declaring class' for annotation type [org.springframework.test.context.ActiveProfiles] and class [id.ac.ui.cs.advprog.tutorial5.controller.SoulControllerTest]
13:30:01.335 [Test worker] DEBUG org.springframework.context.annotation.ClassPathScanningCandidateComponentProvider - Identified candidate component class: file [C:\Users\Gafi Irfandi\OneDrive\Documents\Semester 4\AdPro\Tutorial\tutorial\advance-programming-2020\tutorial-5\build\classes\java\main\id\ac\ui\cs\advprog\tutorial5\Tutorial5Application.class]
13:30:01.339 [Test worker] INFO org.springframework.boot.test.context.SpringBootTestContextBootstrapper - Found @SpringBootConfiguration id.ac.ui.cs.advprog.tutorial5.Tutorial5Application for test class id.ac.ui.cs.advprog.tutorial5.controller.SoulControllerTest
13:30:01.343 [Test worker] DEBUG org.springframework.boot.test.autoconfigure.web.servlet.WebMvcTestContextBootstrapper - @TestExecutionListeners is not present for class [id.ac.ui.cs.advprog.tutorial5.controller.SoulControllerTest]: using defaults.
13:30:01.347 [Test worker] INFO org.springframework.boot.test.autoconfigure.web.servlet.WebMvcTestContextBootstrapper - Loaded default TestExecutionListener class names from location [META-INF/spring.factories]: [org.springframework.boot.test.autoconfigure.restdocs.RestDocsTestExecutionListener, org.springframework.boot.test.autoconfigure.web.client.MockRestServiceServerResetTestExecutionListener, org.springframework.boot.test.autoconfigure.web.servlet.MockMvcPrintOnlyOnFailureTestExecutionListener, org.springframework.boot.test.autoconfigure.web.servlet.WebDriverTestExecutionListener, org.springframework.boot.test.mock.mockito.MockitoTestExecutionListener, org.springframework.boot.test.mock.mockito.ResetMocksTestExecutionListener, org.springframework.test.context.web.ServletTestExecutionListener, org.springframework.test.context.support.DirtiesContextBeforeModesTestExecutionListener, org.springframework.test.context.support.DependencyInjectionTestExecutionListener, org.springframework.test.context.support.DirtiesContextTestExecutionListener, org.springframework.test.context.transaction.TransactionalTestExecutionListener, org.springframework.test.context.jdbc.SqlScriptsTestExecutionListener, org.springframework.test.context.event.EventPublishingTestExecutionListener]
13:30:01.423 [Test worker] INFO org.springframework.boot.test.autoconfigure.web.servlet.WebMvcTestContextBootstrapper - Using TestExecutionListeners: [org.springframework.test.context.web.ServletTestExecutionListener@1485d82b, org.springframework.test.context.support.DirtiesContextBeforeModesTestExecutionListener@3c165ca6, org.springframework.boot.test.mock.mockito.MockitoTestExecutionListener@e60582a, org.springframework.boot.test.autoconfigure.SpringBootDependencyInjectionTestExecutionListener@1c70560d, org.springframework.test.context.support.DirtiesContextTestExecutionListener@268e8128, org.springframework.test.context.transaction.TransactionalTestExecutionListener@28f31a33, org.springframework.test.context.jdbc.SqlScriptsTestExecutionListener@245ea60f, org.springframework.test.context.event.EventPublishingTestExecutionListener@3a804cb7, org.springframework.boot.test.autoconfigure.restdocs.RestDocsTestExecutionListener@68551d0e, org.springframework.boot.test.autoconfigure.web.client.MockRestServiceServerResetTestExecutionListener@5847a0b5, org.springframework.boot.test.autoconfigure.web.servlet.MockMvcPrintOnlyOnFailureTestExecutionListener@9780b6c, org.springframework.boot.test.autoconfigure.web.servlet.WebDriverTestExecutionListener@31250b00, org.springframework.boot.test.mock.mockito.ResetMocksTestExecutionListener@71d8dd47]
13:30:01.439 [Test worker] DEBUG org.springframework.test.context.support.AbstractDirtiesContextTestExecutionListener - Before test class: context [DefaultTestContext@41501655 testClass = SoulControllerTest, testInstance = [null], testMethod = [null], testException = [null], mergedContextConfiguration = [WebMergedContextConfiguration@65479b3a testClass = SoulControllerTest, locations = '{}', classes = '{class id.ac.ui.cs.advprog.tutorial5.Tutorial5Application}', contextInitializerClasses = '[]', activeProfiles = '{}', propertySourceLocations = '{}', propertySourceProperties = '{org.springframework.boot.test.autoconfigure.web.servlet.WebMvcTestContextBootstrapper=true}', contextCustomizers = set[org.springframework.boot.test.autoconfigure.OverrideAutoConfigurationContextCustomizerFactory$DisableAutoConfigurationContextCustomizer@2c961b65, org.springframework.boot.test.autoconfigure.filter.TypeExcludeFiltersContextCustomizer@10886792, org.springframework.boot.test.autoconfigure.properties.PropertyMappingContextCustomizer@d7beaa84, org.springframework.boot.test.autoconfigure.web.servlet.WebDriverContextCustomizerFactory$Customizer@6c955d41, [ImportsContextCustomizer@378db608 key = [org.springframework.boot.autoconfigure.cache.CacheAutoConfiguration, org.springframework.boot.autoconfigure.context.MessageSourceAutoConfiguration, org.springframework.boot.autoconfigure.data.web.SpringDataWebAutoConfiguration, org.springframework.boot.autoconfigure.freemarker.FreeMarkerAutoConfiguration, org.springframework.boot.autoconfigure.groovy.template.GroovyTemplateAutoConfiguration, org.springframework.boot.autoconfigure.gson.GsonAutoConfiguration, org.springframework.boot.autoconfigure.hateoas.HypermediaAutoConfiguration, org.springframework.boot.autoconfigure.http.HttpMessageConvertersAutoConfiguration, org.springframework.boot.autoconfigure.jackson.JacksonAutoConfiguration, org.springframework.boot.autoconfigure.jsonb.JsonbAutoConfiguration, org.springframework.boot.autoconfigure.mustache.MustacheAutoConfiguration, org.springframework.boot.autoconfigure.task.TaskExecutionAutoConfiguration, org.springframework.boot.autoconfigure.thymeleaf.ThymeleafAutoConfiguration, org.springframework.boot.autoconfigure.validation.ValidationAutoConfiguration, org.springframework.boot.autoconfigure.web.servlet.error.ErrorMvcAutoConfiguration, org.springframework.boot.autoconfigure.web.servlet.WebMvcAutoConfiguration, org.springframework.boot.test.autoconfigure.web.servlet.MockMvcAutoConfiguration, org.springframework.boot.test.autoconfigure.web.servlet.MockMvcWebClientAutoConfiguration, org.springframework.boot.test.autoconfigure.web.servlet.MockMvcWebDriverAutoConfiguration, org.springframework.boot.autoconfigure.security.servlet.SecurityAutoConfiguration, org.springframework.boot.autoconfigure.security.servlet.UserDetailsServiceAutoConfiguration, org.springframework.boot.test.autoconfigure.web.servlet.MockMvcSecurityConfiguration]], org.springframework.boot.test.context.filter.ExcludeFilterContextCustomizer@28d6a4f0, org.springframework.boot.test.json.DuplicateJsonObjectContextCustomizerFactory$DuplicateJsonObjectContextCustomizer@5aa70b79, org.springframework.boot.test.mock.mockito.MockitoContextCustomizer@b7b9373d], resourceBasePath = 'src/main/webapp', contextLoader = 'org.springframework.boot.test.context.SpringBootContextLoader', parent = [null]], attributes = map[[empty]]], class annotated with @DirtiesContext [false] with mode [null].
13:30:01.919 [Test worker] DEBUG org.springframework.test.context.support.TestPropertySourceUtils - Adding inlined properties to environment: {spring.jmx.enabled=false, org.springframework.boot.test.autoconfigure.web.servlet.WebMvcTestContextBootstrapper=true, server.port=-1}

  .   ____          _            __ _ _
 /\\ / ___'_ __ _ _(_)_ __  __ _ \ \ \ \
( ( )\___ | '_ | '_| | '_ \/ _` | \ \ \ \
 \\/  ___)| |_)| | | | | || (_| |  ) ) ) )
  '  |____| .__|_| |_|_| |_\__, | / / / /
 =========|_|==============|___/=/_/_/_/
 :: Spring Boot ::        (v2.2.4.RELEASE)

2020-03-11 13:30:02.879  INFO 19272 --- [    Test worker] i.a.u.c.a.t.c.SoulControllerTest         : Starting SoulControllerTest on LAPTOP-930TCP7M with PID 19272 (started by Gafi Irfandi in C:\Users\Gafi Irfandi\OneDrive\Documents\Semester 4\AdPro\Tutorial\tutorial\advance-programming-2020\tutorial-5)
2020-03-11 13:30:02.883  INFO 19272 --- [    Test worker] i.a.u.c.a.t.c.SoulControllerTest         : No active profile set, falling back to default profiles: default
2020-03-11 13:30:08.191  INFO 19272 --- [    Test worker] o.s.s.concurrent.ThreadPoolTaskExecutor  : Initializing ExecutorService 'applicationTaskExecutor'
2020-03-11 13:30:08.607  WARN 19272 --- [    Test worker] ion$DefaultTemplateResolverConfiguration : Cannot find template location: classpath:/templates/ (please add some templates or check your Thymeleaf configuration)
2020-03-11 13:30:08.747  INFO 19272 --- [    Test worker] o.s.b.t.m.w.SpringBootMockServletContext : Initializing Spring TestDispatcherServlet ''
2020-03-11 13:30:08.747  INFO 19272 --- [    Test worker] o.s.t.web.servlet.TestDispatcherServlet  : Initializing Servlet ''
2020-03-11 13:30:08.831  INFO 19272 --- [    Test worker] o.s.t.web.servlet.TestDispatcherServlet  : Completed initialization in 84 ms
2020-03-11 13:30:08.959  INFO 19272 --- [    Test worker] i.a.u.c.a.t.c.SoulControllerTest         : Started SoulControllerTest in 7.002 seconds (JVM running for 11.378)
]]></system-out>
  <system-err><![CDATA[]]></system-err>
</testsuite>
