<?xml version="1.0" encoding="UTF-8"?>
<testsuite name="id.ac.ui.cs.advprog.MyAc.model.PostTest" tests="8" skipped="0" failures="0" errors="0" timestamp="2020-04-28T01:01:28" hostname="LAPTOP-CAQMALIR" time="0.477">
  <properties/>
  <testcase name="testGetPostText()" classname="id.ac.ui.cs.advprog.MyAc.model.PostTest" time="0.386"/>
  <testcase name="testGetCourseTopic()" classname="id.ac.ui.cs.advprog.MyAc.model.PostTest" time="0.008"/>
  <testcase name="testGetTitle()" classname="id.ac.ui.cs.advprog.MyAc.model.PostTest" time="0.008"/>
  <testcase name="testGetCreateDate()" classname="id.ac.ui.cs.advprog.MyAc.model.PostTest" time="0.01"/>
  <testcase name="testGetId()" classname="id.ac.ui.cs.advprog.MyAc.model.PostTest" time="0.007"/>
  <testcase name="testSetCourseTopic()" classname="id.ac.ui.cs.advprog.MyAc.model.PostTest" time="0.009"/>
  <testcase name="testSetPostText()" classname="id.ac.ui.cs.advprog.MyAc.model.PostTest" time="0.007"/>
  <testcase name="testSetTitle()" classname="id.ac.ui.cs.advprog.MyAc.model.PostTest" time="0.003"/>
  <system-out><![CDATA[]]></system-out>
  <system-err><![CDATA[]]></system-err>
</testsuite>
