<?xml version="1.0" encoding="UTF-8"?>
<<<<<<< HEAD
<testsuite name="id.ac.ui.cs.advprog.MyAc.model.MatkulTest" tests="4" skipped="0" failures="0" errors="0" timestamp="2020-05-13T14:58:59" hostname="LAPTOP-82VCQFF9" time="0.115">
  <properties/>
  <testcase name="testGetIsiPost()" classname="id.ac.ui.cs.advprog.MyAc.model.MatkulTest" time="0.059"/>
  <testcase name="testGetKode()" classname="id.ac.ui.cs.advprog.MyAc.model.MatkulTest" time="0.006"/>
  <testcase name="testGetNama()" classname="id.ac.ui.cs.advprog.MyAc.model.MatkulTest" time="0.005"/>
  <testcase name="testGetTopikMataKuliah()" classname="id.ac.ui.cs.advprog.MyAc.model.MatkulTest" time="0.019"/>
=======
<testsuite name="id.ac.ui.cs.advprog.MyAc.model.MatkulTest" tests="5" skipped="0" failures="0" errors="0" timestamp="2020-05-14T07:32:52" hostname="LAPTOP-930TCP7M" time="0.01">
  <properties/>
  <testcase name="testGetSemester()" classname="id.ac.ui.cs.advprog.MyAc.model.MatkulTest" time="0.001"/>
  <testcase name="testGetKode()" classname="id.ac.ui.cs.advprog.MyAc.model.MatkulTest" time="0.001"/>
  <testcase name="testGetNama()" classname="id.ac.ui.cs.advprog.MyAc.model.MatkulTest" time="0.001"/>
  <testcase name="testGetPenjelasan()" classname="id.ac.ui.cs.advprog.MyAc.model.MatkulTest" time="0.001"/>
  <testcase name="testGetSks()" classname="id.ac.ui.cs.advprog.MyAc.model.MatkulTest" time="0.001"/>
>>>>>>> InformasiDetailPerMatkul
  <system-out><![CDATA[]]></system-out>
  <system-err><![CDATA[]]></system-err>
</testsuite>
