<?xml version="1.0" encoding="UTF-8"?>
<testsuite name="id.ac.ui.cs.advprog.MyAc.service.SemesterPlanServiceImplTest" tests="2" skipped="0" failures="0" errors="0" timestamp="2020-05-14T22:38:30" hostname="DESKTOP-VVI2B95" time="0.067">
  <properties/>
  <testcase name="whenGetIsCalledItShouldCallSemesterPlanRepositoryFindById()" classname="id.ac.ui.cs.advprog.MyAc.service.SemesterPlanServiceImplTest" time="0.064"/>
  <testcase name="whenFindAllIsCalledItShouldCallSemesterPlanRepositoryFindAll()" classname="id.ac.ui.cs.advprog.MyAc.service.SemesterPlanServiceImplTest" time="0.002"/>
  <system-out><![CDATA[]]></system-out>
  <system-err><![CDATA[]]></system-err>
</testsuite>
