<?xml version="1.0" encoding="UTF-8"?>
<testsuite name="id.ac.ui.cs.advprog.MyAc.controller.ShortPlanControllerTest" tests="1" skipped="0" failures="0" errors="0" timestamp="2020-05-13T14:58:51" hostname="LAPTOP-82VCQFF9" time="0.586">
  <properties/>
  <testcase name="testWhenComponentListURLIsAccessedItShouldContainCorrectDefaultComponentModel()" classname="id.ac.ui.cs.advprog.MyAc.controller.ShortPlanControllerTest" time="0.586"/>
  <system-out><![CDATA[2020-05-13 21:58:42.702  INFO 4932 --- [    Test worker] .b.t.a.w.s.WebMvcTestContextBootstrapper : Neither @ContextConfiguration nor @ContextHierarchy found for test class [id.ac.ui.cs.advprog.MyAc.controller.ShortPlanControllerTest], using SpringBootContextLoader
2020-05-13 21:58:42.715  INFO 4932 --- [    Test worker] o.s.t.c.support.AbstractContextLoader    : Could not detect default resource locations for test class [id.ac.ui.cs.advprog.MyAc.controller.ShortPlanControllerTest]: no resource found for suffixes {-context.xml, Context.groovy}.
2020-05-13 21:58:42.718  INFO 4932 --- [    Test worker] t.c.s.AnnotationConfigContextLoaderUtils : Could not detect default configuration classes for test class [id.ac.ui.cs.advprog.MyAc.controller.ShortPlanControllerTest]: ShortPlanControllerTest does not declare any static, non-private, non-final, nested classes annotated with @Configuration.
2020-05-13 21:58:42.894  INFO 4932 --- [    Test worker] .b.t.c.SpringBootTestContextBootstrapper : Found @SpringBootConfiguration id.ac.ui.cs.advprog.MyAc.MyAcApplication for test class id.ac.ui.cs.advprog.MyAc.controller.ShortPlanControllerTest
2020-05-13 21:58:42.937  INFO 4932 --- [    Test worker] .b.t.a.w.s.WebMvcTestContextBootstrapper : Loaded default TestExecutionListener class names from location [META-INF/spring.factories]: [org.springframework.security.test.context.support.WithSecurityContextTestExecutionListener, org.springframework.security.test.context.support.ReactorContextTestExecutionListener, org.springframework.boot.test.autoconfigure.restdocs.RestDocsTestExecutionListener, org.springframework.boot.test.autoconfigure.web.client.MockRestServiceServerResetTestExecutionListener, org.springframework.boot.test.autoconfigure.web.servlet.MockMvcPrintOnlyOnFailureTestExecutionListener, org.springframework.boot.test.autoconfigure.web.servlet.WebDriverTestExecutionListener, org.springframework.boot.test.mock.mockito.MockitoTestExecutionListener, org.springframework.boot.test.mock.mockito.ResetMocksTestExecutionListener, org.springframework.test.context.web.ServletTestExecutionListener, org.springframework.test.context.support.DirtiesContextBeforeModesTestExecutionListener, org.springframework.test.context.support.DependencyInjectionTestExecutionListener, org.springframework.test.context.support.DirtiesContextTestExecutionListener, org.springframework.test.context.transaction.TransactionalTestExecutionListener, org.springframework.test.context.jdbc.SqlScriptsTestExecutionListener, org.springframework.test.context.event.EventPublishingTestExecutionListener]
2020-05-13 21:58:43.043  INFO 4932 --- [    Test worker] .b.t.a.w.s.WebMvcTestContextBootstrapper : Using TestExecutionListeners: [org.springframework.test.context.web.ServletTestExecutionListener@1faf7a41, org.springframework.test.context.support.DirtiesContextBeforeModesTestExecutionListener@605ea770, org.springframework.boot.test.mock.mockito.MockitoTestExecutionListener@398d1521, org.springframework.boot.test.autoconfigure.SpringBootDependencyInjectionTestExecutionListener@5755fe0a, org.springframework.test.context.support.DirtiesContextTestExecutionListener@33ccebd3, org.springframework.test.context.transaction.TransactionalTestExecutionListener@26bcaffd, org.springframework.test.context.jdbc.SqlScriptsTestExecutionListener@77499216, org.springframework.security.test.context.support.WithSecurityContextTestExecutionListener@f94875b, org.springframework.test.context.event.EventPublishingTestExecutionListener@5b527709, org.springframework.security.test.context.support.ReactorContextTestExecutionListener@1852e8d9, org.springframework.boot.test.autoconfigure.restdocs.RestDocsTestExecutionListener@233010e7, org.springframework.boot.test.autoconfigure.web.client.MockRestServiceServerResetTestExecutionListener@8b5f585, org.springframework.boot.test.autoconfigure.web.servlet.MockMvcPrintOnlyOnFailureTestExecutionListener@401731a5, org.springframework.boot.test.autoconfigure.web.servlet.WebDriverTestExecutionListener@4f8c1d5e, org.springframework.boot.test.mock.mockito.ResetMocksTestExecutionListener@6c188b60]

  .   ____          _            __ _ _
 /\\ / ___'_ __ _ _(_)_ __  __ _ \ \ \ \
( ( )\___ | '_ | '_| | '_ \/ _` | \ \ \ \
 \\/  ___)| |_)| | | | | || (_| |  ) ) ) )
  '  |____| .__|_| |_|_| |_\__, | / / / /
 =========|_|==============|___/=/_/_/_/
 :: Spring Boot ::        (v2.2.4.RELEASE)

2020-05-13 21:58:43.675  INFO 4932 --- [    Test worker] i.a.u.c.a.M.c.ShortPlanControllerTest    : Starting ShortPlanControllerTest on LAPTOP-82VCQFF9 with PID 4932 (started by Ali Irsyaad in C:\Users\Ali Irsyaad\OneDrive - UNIVERSITAS INDONESIA\Ali's Document\Semester 4\AdPro\myacademy\MyAc)
2020-05-13 21:58:43.685  INFO 4932 --- [    Test worker] i.a.u.c.a.M.c.ShortPlanControllerTest    : No active profile set, falling back to default profiles: default
2020-05-13 21:58:47.963  INFO 4932 --- [    Test worker] o.s.s.web.DefaultSecurityFilterChain     : Creating filter chain: any request, [org.springframework.security.web.context.request.async.WebAsyncManagerIntegrationFilter@15dd2205, org.springframework.security.web.context.SecurityContextPersistenceFilter@1dcf1dc2, org.springframework.security.web.header.HeaderWriterFilter@63a96a50, org.springframework.security.web.csrf.CsrfFilter@2e43c99a, org.springframework.security.web.authentication.logout.LogoutFilter@428bff56, org.springframework.security.web.authentication.UsernamePasswordAuthenticationFilter@7e743860, org.springframework.security.web.savedrequest.RequestCacheAwareFilter@22b632c9, org.springframework.security.web.servletapi.SecurityContextHolderAwareRequestFilter@a653725, org.springframework.security.web.authentication.AnonymousAuthenticationFilter@539d9fce, org.springframework.security.web.session.SessionManagementFilter@2df01eff, org.springframework.security.web.access.ExceptionTranslationFilter@3e903ac8, org.springframework.security.web.access.intercept.FilterSecurityInterceptor@9e7d203]
2020-05-13 21:58:49.060  INFO 4932 --- [    Test worker] o.s.s.concurrent.ThreadPoolTaskExecutor  : Initializing ExecutorService 'applicationTaskExecutor'
2020-05-13 21:58:49.438  INFO 4932 --- [    Test worker] o.s.b.a.w.s.WelcomePageHandlerMapping    : Adding welcome page template: index
2020-05-13 21:58:50.826  INFO 4932 --- [    Test worker] o.s.b.t.m.w.SpringBootMockServletContext : Initializing Spring TestDispatcherServlet ''
2020-05-13 21:58:50.886  INFO 4932 --- [    Test worker] o.s.t.web.servlet.TestDispatcherServlet  : Initializing Servlet ''
2020-05-13 21:58:51.059  INFO 4932 --- [    Test worker] o.s.t.web.servlet.TestDispatcherServlet  : Completed initialization in 170 ms
2020-05-13 21:58:51.306  INFO 4932 --- [    Test worker] i.a.u.c.a.M.c.ShortPlanControllerTest    : Started ShortPlanControllerTest in 8.242 seconds (JVM running for 113.581)
]]></system-out>
  <system-err><![CDATA[]]></system-err>
</testsuite>
