<?xml version="1.0" encoding="UTF-8"?>
<testsuite name="id.ac.ui.cs.advprog.MyAc.controller.ShortPlanControllerTest" tests="2" skipped="0" failures="0" errors="0" timestamp="2020-05-01T06:59:26" hostname="DESKTOP-VVI2B95" time="0.053">
  <properties/>
  <testcase name="testWhenAddComponentURLIsAccessedItShouldCallShortPlanServiceAddComponent()" classname="id.ac.ui.cs.advprog.MyAc.controller.ShortPlanControllerTest" time="0.019"/>
  <testcase name="testWhenComponentListURLIsAccessedItShouldContainCorrectDefaultComponentModel()" classname="id.ac.ui.cs.advprog.MyAc.controller.ShortPlanControllerTest" time="0.032"/>
  <system-out><![CDATA[2020-04-30 23:59:25.548  INFO 4740 --- [    Test worker] .b.t.a.w.s.WebMvcTestContextBootstrapper : Neither @ContextConfiguration nor @ContextHierarchy found for test class [id.ac.ui.cs.advprog.MyAc.controller.ShortPlanControllerTest], using SpringBootContextLoader
2020-04-30 23:59:25.549  INFO 4740 --- [    Test worker] o.s.t.c.support.AbstractContextLoader    : Could not detect default resource locations for test class [id.ac.ui.cs.advprog.MyAc.controller.ShortPlanControllerTest]: no resource found for suffixes {-context.xml, Context.groovy}.
2020-04-30 23:59:25.549  INFO 4740 --- [    Test worker] t.c.s.AnnotationConfigContextLoaderUtils : Could not detect default configuration classes for test class [id.ac.ui.cs.advprog.MyAc.controller.ShortPlanControllerTest]: ShortPlanControllerTest does not declare any static, non-private, non-final, nested classes annotated with @Configuration.
2020-04-30 23:59:25.553  INFO 4740 --- [    Test worker] .b.t.c.SpringBootTestContextBootstrapper : Found @SpringBootConfiguration id.ac.ui.cs.advprog.MyAc.MyAcApplication for test class id.ac.ui.cs.advprog.MyAc.controller.ShortPlanControllerTest
2020-04-30 23:59:25.553  INFO 4740 --- [    Test worker] .b.t.a.w.s.WebMvcTestContextBootstrapper : Loaded default TestExecutionListener class names from location [META-INF/spring.factories]: [org.springframework.boot.test.autoconfigure.restdocs.RestDocsTestExecutionListener, org.springframework.boot.test.autoconfigure.web.client.MockRestServiceServerResetTestExecutionListener, org.springframework.boot.test.autoconfigure.web.servlet.MockMvcPrintOnlyOnFailureTestExecutionListener, org.springframework.boot.test.autoconfigure.web.servlet.WebDriverTestExecutionListener, org.springframework.boot.test.mock.mockito.MockitoTestExecutionListener, org.springframework.boot.test.mock.mockito.ResetMocksTestExecutionListener, org.springframework.test.context.web.ServletTestExecutionListener, org.springframework.test.context.support.DirtiesContextBeforeModesTestExecutionListener, org.springframework.test.context.support.DependencyInjectionTestExecutionListener, org.springframework.test.context.support.DirtiesContextTestExecutionListener, org.springframework.test.context.transaction.TransactionalTestExecutionListener, org.springframework.test.context.jdbc.SqlScriptsTestExecutionListener, org.springframework.test.context.event.EventPublishingTestExecutionListener]
2020-04-30 23:59:25.554  INFO 4740 --- [    Test worker] .b.t.a.w.s.WebMvcTestContextBootstrapper : Using TestExecutionListeners: [org.springframework.test.context.web.ServletTestExecutionListener@47eb95c7, org.springframework.test.context.support.DirtiesContextBeforeModesTestExecutionListener@413eeded, org.springframework.boot.test.mock.mockito.MockitoTestExecutionListener@27e4b003, org.springframework.boot.test.autoconfigure.SpringBootDependencyInjectionTestExecutionListener@1bbbabce, org.springframework.test.context.support.DirtiesContextTestExecutionListener@e540d3, org.springframework.test.context.transaction.TransactionalTestExecutionListener@368294a7, org.springframework.test.context.jdbc.SqlScriptsTestExecutionListener@34645edc, org.springframework.test.context.event.EventPublishingTestExecutionListener@72477645, org.springframework.boot.test.autoconfigure.restdocs.RestDocsTestExecutionListener@588e4306, org.springframework.boot.test.autoconfigure.web.client.MockRestServiceServerResetTestExecutionListener@7a8bc31c, org.springframework.boot.test.autoconfigure.web.servlet.MockMvcPrintOnlyOnFailureTestExecutionListener@6c8fe02f, org.springframework.boot.test.autoconfigure.web.servlet.WebDriverTestExecutionListener@253356a5, org.springframework.boot.test.mock.mockito.ResetMocksTestExecutionListener@f8fa776]

  .   ____          _            __ _ _
 /\\ / ___'_ __ _ _(_)_ __  __ _ \ \ \ \
( ( )\___ | '_ | '_| | '_ \/ _` | \ \ \ \
 \\/  ___)| |_)| | | | | || (_| |  ) ) ) )
  '  |____| .__|_| |_|_| |_\__, | / / / /
 =========|_|==============|___/=/_/_/_/
 :: Spring Boot ::        (v2.2.4.RELEASE)

2020-04-30 23:59:25.576  INFO 4740 --- [    Test worker] i.a.u.c.a.M.c.ShortPlanControllerTest    : Starting ShortPlanControllerTest on DESKTOP-VVI2B95 with PID 4740 (started by USER in D:\Project\myacademy fix\myacademy\MyAc)
2020-04-30 23:59:25.577  INFO 4740 --- [    Test worker] i.a.u.c.a.M.c.ShortPlanControllerTest    : No active profile set, falling back to default profiles: default
2020-04-30 23:59:25.905  INFO 4740 --- [    Test worker] o.s.s.concurrent.ThreadPoolTaskExecutor  : Initializing ExecutorService 'applicationTaskExecutor'
2020-04-30 23:59:26.051  INFO 4740 --- [    Test worker] o.s.b.t.m.w.SpringBootMockServletContext : Initializing Spring TestDispatcherServlet ''
2020-04-30 23:59:26.051  INFO 4740 --- [    Test worker] o.s.t.web.servlet.TestDispatcherServlet  : Initializing Servlet ''
2020-04-30 23:59:26.060  INFO 4740 --- [    Test worker] o.s.t.web.servlet.TestDispatcherServlet  : Completed initialization in 9 ms
2020-04-30 23:59:26.077  INFO 4740 --- [    Test worker] i.a.u.c.a.M.c.ShortPlanControllerTest    : Started ShortPlanControllerTest in 0.519 seconds (JVM running for 7.168)
]]></system-out>
  <system-err><![CDATA[]]></system-err>
</testsuite>
