<?xml version="1.0" encoding="UTF-8"?>
<testsuite name="id.ac.ui.cs.advprog.MyAc.controller.LongPlanControllerTest" tests="3" skipped="0" failures="0" errors="0" timestamp="2020-05-14T07:59:11" hostname="LAPTOP-82VCQFF9" time="3.336">
  <properties/>
  <testcase name="whenLongPlanUrlAccessedShouldReturnLongPlanPage()" classname="id.ac.ui.cs.advprog.MyAc.controller.LongPlanControllerTest" time="3.16"/>
  <testcase name="whenLongPlanEditUrlAccessedShouldReturnLongPlanEditPage()" classname="id.ac.ui.cs.advprog.MyAc.controller.LongPlanControllerTest" time="0.068"/>
  <testcase name="whenLongPlanCreateUrlAccessedShouldReturnLongPlanCreatePage()" classname="id.ac.ui.cs.advprog.MyAc.controller.LongPlanControllerTest" time="0.097"/>
  <system-out><![CDATA[2020-05-14 14:58:59.200  INFO 12040 --- [    Test worker] .b.t.a.w.s.WebMvcTestContextBootstrapper : Neither @ContextConfiguration nor @ContextHierarchy found for test class [id.ac.ui.cs.advprog.MyAc.controller.LongPlanControllerTest], using SpringBootContextLoader
2020-05-14 14:58:59.209  INFO 12040 --- [    Test worker] o.s.t.c.support.AbstractContextLoader    : Could not detect default resource locations for test class [id.ac.ui.cs.advprog.MyAc.controller.LongPlanControllerTest]: no resource found for suffixes {-context.xml, Context.groovy}.
2020-05-14 14:58:59.215  INFO 12040 --- [    Test worker] t.c.s.AnnotationConfigContextLoaderUtils : Could not detect default configuration classes for test class [id.ac.ui.cs.advprog.MyAc.controller.LongPlanControllerTest]: LongPlanControllerTest does not declare any static, non-private, non-final, nested classes annotated with @Configuration.
2020-05-14 14:58:59.241  INFO 12040 --- [    Test worker] .b.t.c.SpringBootTestContextBootstrapper : Found @SpringBootConfiguration id.ac.ui.cs.advprog.MyAc.MyAcApplication for test class id.ac.ui.cs.advprog.MyAc.controller.LongPlanControllerTest
2020-05-14 14:58:59.244  INFO 12040 --- [    Test worker] .b.t.a.w.s.WebMvcTestContextBootstrapper : Loaded default TestExecutionListener class names from location [META-INF/spring.factories]: [org.springframework.security.test.context.support.WithSecurityContextTestExecutionListener, org.springframework.security.test.context.support.ReactorContextTestExecutionListener, org.springframework.boot.test.autoconfigure.restdocs.RestDocsTestExecutionListener, org.springframework.boot.test.autoconfigure.web.client.MockRestServiceServerResetTestExecutionListener, org.springframework.boot.test.autoconfigure.web.servlet.MockMvcPrintOnlyOnFailureTestExecutionListener, org.springframework.boot.test.autoconfigure.web.servlet.WebDriverTestExecutionListener, org.springframework.boot.test.mock.mockito.MockitoTestExecutionListener, org.springframework.boot.test.mock.mockito.ResetMocksTestExecutionListener, org.springframework.test.context.web.ServletTestExecutionListener, org.springframework.test.context.support.DirtiesContextBeforeModesTestExecutionListener, org.springframework.test.context.support.DependencyInjectionTestExecutionListener, org.springframework.test.context.support.DirtiesContextTestExecutionListener, org.springframework.test.context.transaction.TransactionalTestExecutionListener, org.springframework.test.context.jdbc.SqlScriptsTestExecutionListener, org.springframework.test.context.event.EventPublishingTestExecutionListener]
2020-05-14 14:58:59.255  INFO 12040 --- [    Test worker] .b.t.a.w.s.WebMvcTestContextBootstrapper : Using TestExecutionListeners: [org.springframework.test.context.web.ServletTestExecutionListener@5d9291e1, org.springframework.test.context.support.DirtiesContextBeforeModesTestExecutionListener@6a6489e1, org.springframework.boot.test.mock.mockito.MockitoTestExecutionListener@47511f46, org.springframework.boot.test.autoconfigure.SpringBootDependencyInjectionTestExecutionListener@2f7b5215, org.springframework.test.context.support.DirtiesContextTestExecutionListener@66afc382, org.springframework.test.context.transaction.TransactionalTestExecutionListener@28ca6537, org.springframework.test.context.jdbc.SqlScriptsTestExecutionListener@672ee447, org.springframework.security.test.context.support.WithSecurityContextTestExecutionListener@12b0f94d, org.springframework.test.context.event.EventPublishingTestExecutionListener@a1b9b4a, org.springframework.security.test.context.support.ReactorContextTestExecutionListener@7183a4e3, org.springframework.boot.test.autoconfigure.restdocs.RestDocsTestExecutionListener@619f7a48, org.springframework.boot.test.autoconfigure.web.client.MockRestServiceServerResetTestExecutionListener@74709da7, org.springframework.boot.test.autoconfigure.web.servlet.MockMvcPrintOnlyOnFailureTestExecutionListener@226789a8, org.springframework.boot.test.autoconfigure.web.servlet.WebDriverTestExecutionListener@4eaf95bb, org.springframework.boot.test.mock.mockito.ResetMocksTestExecutionListener@5478eb1c]

  .   ____          _            __ _ _
 /\\ / ___'_ __ _ _(_)_ __  __ _ \ \ \ \
( ( )\___ | '_ | '_| | '_ \/ _` | \ \ \ \
 \\/  ___)| |_)| | | | | || (_| |  ) ) ) )
  '  |____| .__|_| |_|_| |_\__, | / / / /
 =========|_|==============|___/=/_/_/_/
 :: Spring Boot ::        (v2.2.4.RELEASE)

2020-05-14 14:58:59.538  INFO 12040 --- [    Test worker] i.a.u.c.a.M.c.LongPlanControllerTest     : Starting LongPlanControllerTest on LAPTOP-82VCQFF9 with PID 12040 (started by Ali Irsyaad in C:\Users\Ali Irsyaad\OneDrive - UNIVERSITAS INDONESIA\Ali's Document\Semester 4\AdPro\myacademy\MyAc)
2020-05-14 14:58:59.570  INFO 12040 --- [    Test worker] i.a.u.c.a.M.c.LongPlanControllerTest     : No active profile set, falling back to default profiles: default
2020-05-14 14:59:06.838  INFO 12040 --- [    Test worker] o.s.s.web.DefaultSecurityFilterChain     : Creating filter chain: any request, [org.springframework.security.web.context.request.async.WebAsyncManagerIntegrationFilter@11c63627, org.springframework.security.web.context.SecurityContextPersistenceFilter@e6becdf, org.springframework.security.web.header.HeaderWriterFilter@43c96bb4, org.springframework.security.web.csrf.CsrfFilter@559c56fd, org.springframework.security.web.authentication.logout.LogoutFilter@6d6c158b, org.springframework.security.web.authentication.UsernamePasswordAuthenticationFilter@1f2d22f8, org.springframework.security.web.savedrequest.RequestCacheAwareFilter@362cb976, org.springframework.security.web.servletapi.SecurityContextHolderAwareRequestFilter@3eb0f0cc, org.springframework.security.web.authentication.AnonymousAuthenticationFilter@3c0a6311, org.springframework.security.web.session.SessionManagementFilter@39f76ea2, org.springframework.security.web.access.ExceptionTranslationFilter@3661d3cf, org.springframework.security.web.access.intercept.FilterSecurityInterceptor@3fcecbc0]
2020-05-14 14:59:08.950  INFO 12040 --- [    Test worker] o.s.s.concurrent.ThreadPoolTaskExecutor  : Initializing ExecutorService 'applicationTaskExecutor'
2020-05-14 14:59:09.387  INFO 12040 --- [    Test worker] o.s.b.a.w.s.WelcomePageHandlerMapping    : Adding welcome page template: index
2020-05-14 14:59:11.338  INFO 12040 --- [    Test worker] o.s.b.t.m.w.SpringBootMockServletContext : Initializing Spring TestDispatcherServlet ''
2020-05-14 14:59:11.346  INFO 12040 --- [    Test worker] o.s.t.web.servlet.TestDispatcherServlet  : Initializing Servlet ''
2020-05-14 14:59:11.487  INFO 12040 --- [    Test worker] o.s.t.web.servlet.TestDispatcherServlet  : Completed initialization in 137 ms
2020-05-14 14:59:11.658  INFO 12040 --- [    Test worker] i.a.u.c.a.M.c.LongPlanControllerTest     : Started LongPlanControllerTest in 12.388 seconds (JVM running for 78.33)
Administrasi Bisnis
Aljabar Linier
Aljabar Linier Numerik
Analisis dan Perancangan Sistem Informasi
Administrasi Sistem
Analisis Numerik
Analitika Media Sosial
Aproksimasi Sistem Nonlinier
Arsitektur & Pemrograman Aplikasi Perusahaan
Basis Data
Basis Data Lanjut
Bioinformatika
Dasar-Dasar Arsitektur Komputer
Dasar-Dasar Audit SI
Dasar-Dasar Pemrograman 1
Dasar-Dasar Pemrograman 2
Data Science & Analytics
Desain & Analisis Algoritma
Fisika Dasar
]]></system-out>
  <system-err><![CDATA[]]></system-err>
</testsuite>
