<?xml version="1.0" encoding="UTF-8"?>
<testsuite name="id.ac.ui.cs.advprog.MyAc.service.MatkulServiceImplTest" tests="3" skipped="0" failures="0" errors="0" timestamp="2020-05-14T07:59:51" hostname="LAPTOP-82VCQFF9" time="0.549">
  <properties/>
  <testcase name="whenGetIsCalledItShouldCallMatkulRepositoryFindById()" classname="id.ac.ui.cs.advprog.MyAc.service.MatkulServiceImplTest" time="0.508"/>
  <testcase name="whenFindAllIsCalledItShouldCallMatkulRepositoryFindAll()" classname="id.ac.ui.cs.advprog.MyAc.service.MatkulServiceImplTest" time="0.014"/>
  <testcase name="whenGetIsCalledItShouldCallMatkulRepositoryFindBySemester()" classname="id.ac.ui.cs.advprog.MyAc.service.MatkulServiceImplTest" time="0.013"/>
  <system-out><![CDATA[]]></system-out>
  <system-err><![CDATA[]]></system-err>
</testsuite>
