<?xml version="1.0" encoding="UTF-8"?>
<testsuite name="id.ac.ui.cs.advprog.MyAc.model.MatkulPlanTest" tests="3" skipped="0" failures="0" errors="0" timestamp="2020-05-14T06:48:07" hostname="LAPTOP-82VCQFF9" time="0.017">
  <properties/>
  <testcase name="testGetId()" classname="id.ac.ui.cs.advprog.MyAc.model.MatkulPlanTest" time="0.003"/>
  <testcase name="testGetKodeMatkul()" classname="id.ac.ui.cs.advprog.MyAc.model.MatkulPlanTest" time="0.004"/>
  <testcase name="testGetIdSemester()" classname="id.ac.ui.cs.advprog.MyAc.model.MatkulPlanTest" time="0.003"/>
  <system-out><![CDATA[]]></system-out>
  <system-err><![CDATA[]]></system-err>
</testsuite>
