<?xml version="1.0" encoding="UTF-8"?>
<<<<<<< HEAD
<testsuite name="id.ac.ui.cs.advprog.MyAc.dto.UserRegistrationDtoTest" tests="1" skipped="0" failures="0" errors="0" timestamp="2020-05-12T06:44:23" hostname="DESKTOP-VVI2B95" time="0.017">
  <properties/>
  <testcase name="testSetFirstName()" classname="id.ac.ui.cs.advprog.MyAc.dto.UserRegistrationDtoTest" time="0.017"/>
=======
<testsuite name="id.ac.ui.cs.advprog.MyAc.dto.UserRegistrationDtoTest" tests="1" skipped="0" failures="0" errors="0" timestamp="2020-05-13T13:50:45" hostname="LAPTOP-82VCQFF9" time="0.036">
  <properties/>
  <testcase name="testSetFirstName()" classname="id.ac.ui.cs.advprog.MyAc.dto.UserRegistrationDtoTest" time="0.036"/>
>>>>>>> ali
  <system-out><![CDATA[]]></system-out>
  <system-err><![CDATA[]]></system-err>
</testsuite>
