<?xml version="1.0" encoding="UTF-8"?>
<testsuite name="id.ac.ui.cs.advprog.MyAc.controller.PostControllerTest" tests="1" skipped="0" failures="0" errors="0" timestamp="2020-05-14T22:38:28" hostname="DESKTOP-VVI2B95" time="0.106">
  <properties/>
  <testcase name="whenAddUrlIsAccessedItShouldContainNewPost()" classname="id.ac.ui.cs.advprog.MyAc.controller.PostControllerTest" time="0.106"/>
  <system-out><![CDATA[2020-05-14 15:38:26.953  INFO 18852 --- [    Test worker] .b.t.a.w.s.WebMvcTestContextBootstrapper : Neither @ContextConfiguration nor @ContextHierarchy found for test class [id.ac.ui.cs.advprog.MyAc.controller.PostControllerTest], using SpringBootContextLoader
2020-05-14 15:38:26.955  INFO 18852 --- [    Test worker] o.s.t.c.support.AbstractContextLoader    : Could not detect default resource locations for test class [id.ac.ui.cs.advprog.MyAc.controller.PostControllerTest]: no resource found for suffixes {-context.xml, Context.groovy}.
2020-05-14 15:38:26.955  INFO 18852 --- [    Test worker] t.c.s.AnnotationConfigContextLoaderUtils : Could not detect default configuration classes for test class [id.ac.ui.cs.advprog.MyAc.controller.PostControllerTest]: PostControllerTest does not declare any static, non-private, non-final, nested classes annotated with @Configuration.
2020-05-14 15:38:26.962  INFO 18852 --- [    Test worker] .b.t.c.SpringBootTestContextBootstrapper : Found @SpringBootConfiguration id.ac.ui.cs.advprog.MyAc.MyAcApplication for test class id.ac.ui.cs.advprog.MyAc.controller.PostControllerTest
2020-05-14 15:38:26.963  INFO 18852 --- [    Test worker] .b.t.a.w.s.WebMvcTestContextBootstrapper : Loaded default TestExecutionListener class names from location [META-INF/spring.factories]: [org.springframework.security.test.context.support.WithSecurityContextTestExecutionListener, org.springframework.security.test.context.support.ReactorContextTestExecutionListener, org.springframework.boot.test.autoconfigure.restdocs.RestDocsTestExecutionListener, org.springframework.boot.test.autoconfigure.web.client.MockRestServiceServerResetTestExecutionListener, org.springframework.boot.test.autoconfigure.web.servlet.MockMvcPrintOnlyOnFailureTestExecutionListener, org.springframework.boot.test.autoconfigure.web.servlet.WebDriverTestExecutionListener, org.springframework.boot.test.mock.mockito.MockitoTestExecutionListener, org.springframework.boot.test.mock.mockito.ResetMocksTestExecutionListener, org.springframework.test.context.web.ServletTestExecutionListener, org.springframework.test.context.support.DirtiesContextBeforeModesTestExecutionListener, org.springframework.test.context.support.DependencyInjectionTestExecutionListener, org.springframework.test.context.support.DirtiesContextTestExecutionListener, org.springframework.test.context.transaction.TransactionalTestExecutionListener, org.springframework.test.context.jdbc.SqlScriptsTestExecutionListener, org.springframework.test.context.event.EventPublishingTestExecutionListener]
2020-05-14 15:38:26.965  INFO 18852 --- [    Test worker] .b.t.a.w.s.WebMvcTestContextBootstrapper : Using TestExecutionListeners: [org.springframework.test.context.web.ServletTestExecutionListener@b661c1e, org.springframework.test.context.support.DirtiesContextBeforeModesTestExecutionListener@7b9390f6, org.springframework.boot.test.mock.mockito.MockitoTestExecutionListener@6b661da, org.springframework.boot.test.autoconfigure.SpringBootDependencyInjectionTestExecutionListener@7f33379d, org.springframework.test.context.support.DirtiesContextTestExecutionListener@440e4289, org.springframework.test.context.transaction.TransactionalTestExecutionListener@237d7ede, org.springframework.test.context.jdbc.SqlScriptsTestExecutionListener@16f073da, org.springframework.security.test.context.support.WithSecurityContextTestExecutionListener@70192146, org.springframework.test.context.event.EventPublishingTestExecutionListener@46353fc6, org.springframework.security.test.context.support.ReactorContextTestExecutionListener@e763250, org.springframework.boot.test.autoconfigure.restdocs.RestDocsTestExecutionListener@1b8deee7, org.springframework.boot.test.autoconfigure.web.client.MockRestServiceServerResetTestExecutionListener@2227efc1, org.springframework.boot.test.autoconfigure.web.servlet.MockMvcPrintOnlyOnFailureTestExecutionListener@4d033f4c, org.springframework.boot.test.autoconfigure.web.servlet.WebDriverTestExecutionListener@72d8600e, org.springframework.boot.test.mock.mockito.ResetMocksTestExecutionListener@6564264]

  .   ____          _            __ _ _
 /\\ / ___'_ __ _ _(_)_ __  __ _ \ \ \ \
( ( )\___ | '_ | '_| | '_ \/ _` | \ \ \ \
 \\/  ___)| |_)| | | | | || (_| |  ) ) ) )
  '  |____| .__|_| |_|_| |_\__, | / / / /
 =========|_|==============|___/=/_/_/_/
 :: Spring Boot ::        (v2.2.4.RELEASE)

2020-05-14 15:38:27.015  INFO 18852 --- [    Test worker] i.a.u.c.a.M.c.PostControllerTest         : Starting PostControllerTest on DESKTOP-VVI2B95 with PID 18852 (started by USER in D:\Project\myacademy\myacademy\MyAc)
2020-05-14 15:38:27.017  INFO 18852 --- [    Test worker] i.a.u.c.a.M.c.PostControllerTest         : No active profile set, falling back to default profiles: default
2020-05-14 15:38:27.556  INFO 18852 --- [    Test worker] o.s.s.web.DefaultSecurityFilterChain     : Creating filter chain: any request, [org.springframework.security.web.context.request.async.WebAsyncManagerIntegrationFilter@5954fe5f, org.springframework.security.web.context.SecurityContextPersistenceFilter@4bc625fc, org.springframework.security.web.header.HeaderWriterFilter@5776e774, org.springframework.security.web.csrf.CsrfFilter@74b14a3a, org.springframework.security.web.authentication.logout.LogoutFilter@62da8ade, org.springframework.security.web.authentication.UsernamePasswordAuthenticationFilter@2fdb0d4b, org.springframework.security.web.savedrequest.RequestCacheAwareFilter@f8445ce, org.springframework.security.web.servletapi.SecurityContextHolderAwareRequestFilter@6fa94e0d, org.springframework.security.web.authentication.AnonymousAuthenticationFilter@c8593dd, org.springframework.security.web.session.SessionManagementFilter@355849f7, org.springframework.security.web.access.ExceptionTranslationFilter@1e3b57b5, org.springframework.security.web.access.intercept.FilterSecurityInterceptor@6684e3ef]
2020-05-14 15:38:27.737  INFO 18852 --- [    Test worker] o.s.s.concurrent.ThreadPoolTaskExecutor  : Initializing ExecutorService 'applicationTaskExecutor'
2020-05-14 15:38:27.784  INFO 18852 --- [    Test worker] o.s.b.a.w.s.WelcomePageHandlerMapping    : Adding welcome page template: index
2020-05-14 15:38:27.975  INFO 18852 --- [    Test worker] o.s.b.t.m.w.SpringBootMockServletContext : Initializing Spring TestDispatcherServlet ''
2020-05-14 15:38:27.975  INFO 18852 --- [    Test worker] o.s.t.web.servlet.TestDispatcherServlet  : Initializing Servlet ''
2020-05-14 15:38:27.988  INFO 18852 --- [    Test worker] o.s.t.web.servlet.TestDispatcherServlet  : Completed initialization in 13 ms
2020-05-14 15:38:28.010  INFO 18852 --- [    Test worker] i.a.u.c.a.M.c.PostControllerTest         : Started PostControllerTest in 1.039 seconds (JVM running for 16.025)
]]></system-out>
  <system-err><![CDATA[]]></system-err>
</testsuite>
