<?xml version="1.0" encoding="UTF-8"?>
<testsuite name="id.ac.ui.cs.advprog.MyAc.controller.MainControllerTest" tests="3" skipped="0" failures="0" errors="0" timestamp="2020-05-12T02:50:39" hostname="DESKTOP-VVI2B95" time="0.663">
  <properties/>
  <testcase name="whenLoginUrlAccessedShouldReturnLoginPage()" classname="id.ac.ui.cs.advprog.MyAc.controller.MainControllerTest" time="0.603"/>
  <testcase name="whenIndexUrlAccessedShouldReturnIndexPage()" classname="id.ac.ui.cs.advprog.MyAc.controller.MainControllerTest" time="0.027"/>
  <testcase name="whenHomeUrlAccessedShouldReturnHomePage()" classname="id.ac.ui.cs.advprog.MyAc.controller.MainControllerTest" time="0.027"/>
  <system-out><![CDATA[2020-05-11 19:50:37.558  INFO 1276 --- [    Test worker] .b.t.a.w.s.WebMvcTestContextBootstrapper : Neither @ContextConfiguration nor @ContextHierarchy found for test class [id.ac.ui.cs.advprog.MyAc.controller.MainControllerTest], using SpringBootContextLoader
2020-05-11 19:50:37.560  INFO 1276 --- [    Test worker] o.s.t.c.support.AbstractContextLoader    : Could not detect default resource locations for test class [id.ac.ui.cs.advprog.MyAc.controller.MainControllerTest]: no resource found for suffixes {-context.xml, Context.groovy}.
2020-05-11 19:50:37.563  INFO 1276 --- [    Test worker] t.c.s.AnnotationConfigContextLoaderUtils : Could not detect default configuration classes for test class [id.ac.ui.cs.advprog.MyAc.controller.MainControllerTest]: MainControllerTest does not declare any static, non-private, non-final, nested classes annotated with @Configuration.
2020-05-11 19:50:37.574  INFO 1276 --- [    Test worker] .b.t.c.SpringBootTestContextBootstrapper : Found @SpringBootConfiguration id.ac.ui.cs.advprog.MyAc.MyAcApplication for test class id.ac.ui.cs.advprog.MyAc.controller.MainControllerTest
2020-05-11 19:50:37.575  INFO 1276 --- [    Test worker] .b.t.a.w.s.WebMvcTestContextBootstrapper : Loaded default TestExecutionListener class names from location [META-INF/spring.factories]: [org.springframework.security.test.context.support.WithSecurityContextTestExecutionListener, org.springframework.security.test.context.support.ReactorContextTestExecutionListener, org.springframework.boot.test.autoconfigure.restdocs.RestDocsTestExecutionListener, org.springframework.boot.test.autoconfigure.web.client.MockRestServiceServerResetTestExecutionListener, org.springframework.boot.test.autoconfigure.web.servlet.MockMvcPrintOnlyOnFailureTestExecutionListener, org.springframework.boot.test.autoconfigure.web.servlet.WebDriverTestExecutionListener, org.springframework.boot.test.mock.mockito.MockitoTestExecutionListener, org.springframework.boot.test.mock.mockito.ResetMocksTestExecutionListener, org.springframework.test.context.web.ServletTestExecutionListener, org.springframework.test.context.support.DirtiesContextBeforeModesTestExecutionListener, org.springframework.test.context.support.DependencyInjectionTestExecutionListener, org.springframework.test.context.support.DirtiesContextTestExecutionListener, org.springframework.test.context.transaction.TransactionalTestExecutionListener, org.springframework.test.context.jdbc.SqlScriptsTestExecutionListener, org.springframework.test.context.event.EventPublishingTestExecutionListener]
2020-05-11 19:50:37.578  INFO 1276 --- [    Test worker] .b.t.a.w.s.WebMvcTestContextBootstrapper : Using TestExecutionListeners: [org.springframework.test.context.web.ServletTestExecutionListener@3c5f3397, org.springframework.test.context.support.DirtiesContextBeforeModesTestExecutionListener@795d195d, org.springframework.boot.test.mock.mockito.MockitoTestExecutionListener@5c1f5b64, org.springframework.boot.test.autoconfigure.SpringBootDependencyInjectionTestExecutionListener@78e8f658, org.springframework.test.context.support.DirtiesContextTestExecutionListener@3deeb159, org.springframework.test.context.transaction.TransactionalTestExecutionListener@2ce8c048, org.springframework.test.context.jdbc.SqlScriptsTestExecutionListener@a0a7aca, org.springframework.security.test.context.support.WithSecurityContextTestExecutionListener@356f17e5, org.springframework.test.context.event.EventPublishingTestExecutionListener@7dc30c68, org.springframework.security.test.context.support.ReactorContextTestExecutionListener@17437918, org.springframework.boot.test.autoconfigure.restdocs.RestDocsTestExecutionListener@4ec69d10, org.springframework.boot.test.autoconfigure.web.client.MockRestServiceServerResetTestExecutionListener@35b6b12, org.springframework.boot.test.autoconfigure.web.servlet.MockMvcPrintOnlyOnFailureTestExecutionListener@661e975d, org.springframework.boot.test.autoconfigure.web.servlet.WebDriverTestExecutionListener@6a19a93f, org.springframework.boot.test.mock.mockito.ResetMocksTestExecutionListener@10cd8771]

  .   ____          _            __ _ _
 /\\ / ___'_ __ _ _(_)_ __  __ _ \ \ \ \
( ( )\___ | '_ | '_| | '_ \/ _` | \ \ \ \
 \\/  ___)| |_)| | | | | || (_| |  ) ) ) )
  '  |____| .__|_| |_|_| |_\__, | / / / /
 =========|_|==============|___/=/_/_/_/
 :: Spring Boot ::        (v2.2.4.RELEASE)

2020-05-11 19:50:37.646  INFO 1276 --- [    Test worker] i.a.u.c.a.M.c.MainControllerTest         : Starting MainControllerTest on DESKTOP-VVI2B95 with PID 1276 (started by USER in D:\Project\myacademy\myacademy\MyAc)
2020-05-11 19:50:37.651  INFO 1276 --- [    Test worker] i.a.u.c.a.M.c.MainControllerTest         : No active profile set, falling back to default profiles: default
2020-05-11 19:50:38.452  INFO 1276 --- [    Test worker] o.s.s.web.DefaultSecurityFilterChain     : Creating filter chain: any request, [org.springframework.security.web.context.request.async.WebAsyncManagerIntegrationFilter@6b4f2ca3, org.springframework.security.web.context.SecurityContextPersistenceFilter@487947aa, org.springframework.security.web.header.HeaderWriterFilter@34d4a221, org.springframework.security.web.csrf.CsrfFilter@2e5a0574, org.springframework.security.web.authentication.logout.LogoutFilter@1b6963ce, org.springframework.security.web.authentication.UsernamePasswordAuthenticationFilter@372cb93e, org.springframework.security.web.savedrequest.RequestCacheAwareFilter@aa2a8ef, org.springframework.security.web.servletapi.SecurityContextHolderAwareRequestFilter@1bf6c630, org.springframework.security.web.authentication.AnonymousAuthenticationFilter@73bd0d14, org.springframework.security.web.session.SessionManagementFilter@36f695a5, org.springframework.security.web.access.ExceptionTranslationFilter@6424c7a5, org.springframework.security.web.access.intercept.FilterSecurityInterceptor@717258e4]
2020-05-11 19:50:38.723  INFO 1276 --- [    Test worker] o.s.s.concurrent.ThreadPoolTaskExecutor  : Initializing ExecutorService 'applicationTaskExecutor'
2020-05-11 19:50:38.783  INFO 1276 --- [    Test worker] o.s.b.a.w.s.WelcomePageHandlerMapping    : Adding welcome page template: index
2020-05-11 19:50:39.149  INFO 1276 --- [    Test worker] o.s.b.t.m.w.SpringBootMockServletContext : Initializing Spring TestDispatcherServlet ''
2020-05-11 19:50:39.151  INFO 1276 --- [    Test worker] o.s.t.web.servlet.TestDispatcherServlet  : Initializing Servlet ''
2020-05-11 19:50:39.171  INFO 1276 --- [    Test worker] o.s.t.web.servlet.TestDispatcherServlet  : Completed initialization in 20 ms
2020-05-11 19:50:39.202  INFO 1276 --- [    Test worker] i.a.u.c.a.M.c.MainControllerTest         : Started MainControllerTest in 1.612 seconds (JVM running for 15.914)
]]></system-out>
  <system-err><![CDATA[]]></system-err>
</testsuite>
