<?xml version="1.0" encoding="UTF-8"?>
<testsuite name="id.ac.ui.cs.advprog.MyAc.controller.UserRegistrationControllerTest" tests="1" skipped="0" failures="0" errors="0" timestamp="2020-05-14T08:08:39" hostname="LAPTOP-82VCQFF9" time="0.587">
  <properties/>
  <testcase name="whenShowRegistrationFormCalledShouldReturnRegistrationFormPage()" classname="id.ac.ui.cs.advprog.MyAc.controller.UserRegistrationControllerTest" time="0.587"/>
  <system-out><![CDATA[2020-05-14 15:08:32.945  INFO 7340 --- [    Test worker] .b.t.a.w.s.WebMvcTestContextBootstrapper : Neither @ContextConfiguration nor @ContextHierarchy found for test class [id.ac.ui.cs.advprog.MyAc.controller.UserRegistrationControllerTest], using SpringBootContextLoader
2020-05-14 15:08:32.951  INFO 7340 --- [    Test worker] o.s.t.c.support.AbstractContextLoader    : Could not detect default resource locations for test class [id.ac.ui.cs.advprog.MyAc.controller.UserRegistrationControllerTest]: no resource found for suffixes {-context.xml, Context.groovy}.
2020-05-14 15:08:32.952  INFO 7340 --- [    Test worker] t.c.s.AnnotationConfigContextLoaderUtils : Could not detect default configuration classes for test class [id.ac.ui.cs.advprog.MyAc.controller.UserRegistrationControllerTest]: UserRegistrationControllerTest does not declare any static, non-private, non-final, nested classes annotated with @Configuration.
2020-05-14 15:08:32.962  INFO 7340 --- [    Test worker] .b.t.c.SpringBootTestContextBootstrapper : Found @SpringBootConfiguration id.ac.ui.cs.advprog.MyAc.MyAcApplication for test class id.ac.ui.cs.advprog.MyAc.controller.UserRegistrationControllerTest
2020-05-14 15:08:33.035  INFO 7340 --- [    Test worker] .b.t.a.w.s.WebMvcTestContextBootstrapper : Loaded default TestExecutionListener class names from location [META-INF/spring.factories]: [org.springframework.security.test.context.support.WithSecurityContextTestExecutionListener, org.springframework.security.test.context.support.ReactorContextTestExecutionListener, org.springframework.boot.test.autoconfigure.restdocs.RestDocsTestExecutionListener, org.springframework.boot.test.autoconfigure.web.client.MockRestServiceServerResetTestExecutionListener, org.springframework.boot.test.autoconfigure.web.servlet.MockMvcPrintOnlyOnFailureTestExecutionListener, org.springframework.boot.test.autoconfigure.web.servlet.WebDriverTestExecutionListener, org.springframework.boot.test.mock.mockito.MockitoTestExecutionListener, org.springframework.boot.test.mock.mockito.ResetMocksTestExecutionListener, org.springframework.test.context.web.ServletTestExecutionListener, org.springframework.test.context.support.DirtiesContextBeforeModesTestExecutionListener, org.springframework.test.context.support.DependencyInjectionTestExecutionListener, org.springframework.test.context.support.DirtiesContextTestExecutionListener, org.springframework.test.context.transaction.TransactionalTestExecutionListener, org.springframework.test.context.jdbc.SqlScriptsTestExecutionListener, org.springframework.test.context.event.EventPublishingTestExecutionListener]
2020-05-14 15:08:33.040  INFO 7340 --- [    Test worker] .b.t.a.w.s.WebMvcTestContextBootstrapper : Using TestExecutionListeners: [org.springframework.test.context.web.ServletTestExecutionListener@3535022b, org.springframework.test.context.support.DirtiesContextBeforeModesTestExecutionListener@60bdd5ee, org.springframework.boot.test.mock.mockito.MockitoTestExecutionListener@4f74ebee, org.springframework.boot.test.autoconfigure.SpringBootDependencyInjectionTestExecutionListener@b382d88, org.springframework.test.context.support.DirtiesContextTestExecutionListener@1681429e, org.springframework.test.context.transaction.TransactionalTestExecutionListener@189df705, org.springframework.test.context.jdbc.SqlScriptsTestExecutionListener@705e4463, org.springframework.security.test.context.support.WithSecurityContextTestExecutionListener@3a40638d, org.springframework.test.context.event.EventPublishingTestExecutionListener@26c953e9, org.springframework.security.test.context.support.ReactorContextTestExecutionListener@511bbdea, org.springframework.boot.test.autoconfigure.restdocs.RestDocsTestExecutionListener@536496f6, org.springframework.boot.test.autoconfigure.web.client.MockRestServiceServerResetTestExecutionListener@6a81cb1c, org.springframework.boot.test.autoconfigure.web.servlet.MockMvcPrintOnlyOnFailureTestExecutionListener@63b9bbe, org.springframework.boot.test.autoconfigure.web.servlet.WebDriverTestExecutionListener@a43827e, org.springframework.boot.test.mock.mockito.ResetMocksTestExecutionListener@7de766e6]

  .   ____          _            __ _ _
 /\\ / ___'_ __ _ _(_)_ __  __ _ \ \ \ \
( ( )\___ | '_ | '_| | '_ \/ _` | \ \ \ \
 \\/  ___)| |_)| | | | | || (_| |  ) ) ) )
  '  |____| .__|_| |_|_| |_\__, | / / / /
 =========|_|==============|___/=/_/_/_/
 :: Spring Boot ::        (v2.2.4.RELEASE)

2020-05-14 15:08:33.611  INFO 7340 --- [    Test worker] u.c.a.M.c.UserRegistrationControllerTest : Starting UserRegistrationControllerTest on LAPTOP-82VCQFF9 with PID 7340 (started by Ali Irsyaad in C:\Users\Ali Irsyaad\OneDrive - UNIVERSITAS INDONESIA\Ali's Document\Semester 4\AdPro\myacademy\MyAc)
2020-05-14 15:08:33.618  INFO 7340 --- [    Test worker] u.c.a.M.c.UserRegistrationControllerTest : No active profile set, falling back to default profiles: default
2020-05-14 15:08:36.922  INFO 7340 --- [    Test worker] o.s.s.web.DefaultSecurityFilterChain     : Creating filter chain: any request, [org.springframework.security.web.context.request.async.WebAsyncManagerIntegrationFilter@330c4a71, org.springframework.security.web.context.SecurityContextPersistenceFilter@6dfa586d, org.springframework.security.web.header.HeaderWriterFilter@3d640153, org.springframework.security.web.csrf.CsrfFilter@5873c71, org.springframework.security.web.authentication.logout.LogoutFilter@2cf96355, org.springframework.security.web.authentication.UsernamePasswordAuthenticationFilter@14612e5f, org.springframework.security.web.savedrequest.RequestCacheAwareFilter@4bff487d, org.springframework.security.web.servletapi.SecurityContextHolderAwareRequestFilter@568cb6c8, org.springframework.security.web.authentication.AnonymousAuthenticationFilter@335ed396, org.springframework.security.web.session.SessionManagementFilter@5122828c, org.springframework.security.web.access.ExceptionTranslationFilter@3b93a601, org.springframework.security.web.access.intercept.FilterSecurityInterceptor@542cb511]
2020-05-14 15:08:37.799  INFO 7340 --- [    Test worker] o.s.s.concurrent.ThreadPoolTaskExecutor  : Initializing ExecutorService 'applicationTaskExecutor'
2020-05-14 15:08:37.944  INFO 7340 --- [    Test worker] o.s.b.a.w.s.WelcomePageHandlerMapping    : Adding welcome page template: index
2020-05-14 15:08:38.827  INFO 7340 --- [    Test worker] o.s.b.t.m.w.SpringBootMockServletContext : Initializing Spring TestDispatcherServlet ''
2020-05-14 15:08:38.834  INFO 7340 --- [    Test worker] o.s.t.web.servlet.TestDispatcherServlet  : Initializing Servlet ''
2020-05-14 15:08:38.897  INFO 7340 --- [    Test worker] o.s.t.web.servlet.TestDispatcherServlet  : Completed initialization in 62 ms
2020-05-14 15:08:38.988  INFO 7340 --- [    Test worker] u.c.a.M.c.UserRegistrationControllerTest : Started UserRegistrationControllerTest in 5.93 seconds (JVM running for 118.491)
]]></system-out>
  <system-err><![CDATA[]]></system-err>
</testsuite>
