<?xml version="1.0" encoding="UTF-8"?>
<testsuite name="id.ac.ui.cs.advprog.MyAc.controller.PostControllerTest" tests="1" skipped="0" failures="0" errors="0" timestamp="2020-05-13T13:50:35" hostname="LAPTOP-82VCQFF9" time="0.376">
  <properties/>
  <testcase name="whenAddUrlIsAccessedItShouldContainNewPost()" classname="id.ac.ui.cs.advprog.MyAc.controller.PostControllerTest" time="0.376"/>
  <system-out><![CDATA[2020-05-13 20:50:30.311  INFO 10340 --- [    Test worker] .b.t.a.w.s.WebMvcTestContextBootstrapper : Neither @ContextConfiguration nor @ContextHierarchy found for test class [id.ac.ui.cs.advprog.MyAc.controller.PostControllerTest], using SpringBootContextLoader
2020-05-13 20:50:30.327  INFO 10340 --- [    Test worker] o.s.t.c.support.AbstractContextLoader    : Could not detect default resource locations for test class [id.ac.ui.cs.advprog.MyAc.controller.PostControllerTest]: no resource found for suffixes {-context.xml, Context.groovy}.
2020-05-13 20:50:30.327  INFO 10340 --- [    Test worker] t.c.s.AnnotationConfigContextLoaderUtils : Could not detect default configuration classes for test class [id.ac.ui.cs.advprog.MyAc.controller.PostControllerTest]: PostControllerTest does not declare any static, non-private, non-final, nested classes annotated with @Configuration.
2020-05-13 20:50:30.358  INFO 10340 --- [    Test worker] .b.t.c.SpringBootTestContextBootstrapper : Found @SpringBootConfiguration id.ac.ui.cs.advprog.MyAc.MyAcApplication for test class id.ac.ui.cs.advprog.MyAc.controller.PostControllerTest
2020-05-13 20:50:30.358  INFO 10340 --- [    Test worker] .b.t.a.w.s.WebMvcTestContextBootstrapper : Loaded default TestExecutionListener class names from location [META-INF/spring.factories]: [org.springframework.security.test.context.support.WithSecurityContextTestExecutionListener, org.springframework.security.test.context.support.ReactorContextTestExecutionListener, org.springframework.boot.test.autoconfigure.restdocs.RestDocsTestExecutionListener, org.springframework.boot.test.autoconfigure.web.client.MockRestServiceServerResetTestExecutionListener, org.springframework.boot.test.autoconfigure.web.servlet.MockMvcPrintOnlyOnFailureTestExecutionListener, org.springframework.boot.test.autoconfigure.web.servlet.WebDriverTestExecutionListener, org.springframework.boot.test.mock.mockito.MockitoTestExecutionListener, org.springframework.boot.test.mock.mockito.ResetMocksTestExecutionListener, org.springframework.test.context.web.ServletTestExecutionListener, org.springframework.test.context.support.DirtiesContextBeforeModesTestExecutionListener, org.springframework.test.context.support.DependencyInjectionTestExecutionListener, org.springframework.test.context.support.DirtiesContextTestExecutionListener, org.springframework.test.context.transaction.TransactionalTestExecutionListener, org.springframework.test.context.jdbc.SqlScriptsTestExecutionListener, org.springframework.test.context.event.EventPublishingTestExecutionListener]
2020-05-13 20:50:30.358  INFO 10340 --- [    Test worker] .b.t.a.w.s.WebMvcTestContextBootstrapper : Using TestExecutionListeners: [org.springframework.test.context.web.ServletTestExecutionListener@6d4e7114, org.springframework.test.context.support.DirtiesContextBeforeModesTestExecutionListener@1cf51b5f, org.springframework.boot.test.mock.mockito.MockitoTestExecutionListener@257c1ef5, org.springframework.boot.test.autoconfigure.SpringBootDependencyInjectionTestExecutionListener@6bf01b94, org.springframework.test.context.support.DirtiesContextTestExecutionListener@7528112f, org.springframework.test.context.transaction.TransactionalTestExecutionListener@41b3c336, org.springframework.test.context.jdbc.SqlScriptsTestExecutionListener@4fdf643, org.springframework.security.test.context.support.WithSecurityContextTestExecutionListener@6fba71f3, org.springframework.test.context.event.EventPublishingTestExecutionListener@5aaea442, org.springframework.security.test.context.support.ReactorContextTestExecutionListener@5db7652, org.springframework.boot.test.autoconfigure.restdocs.RestDocsTestExecutionListener@6effc744, org.springframework.boot.test.autoconfigure.web.client.MockRestServiceServerResetTestExecutionListener@52f60681, org.springframework.boot.test.autoconfigure.web.servlet.MockMvcPrintOnlyOnFailureTestExecutionListener@7d552429, org.springframework.boot.test.autoconfigure.web.servlet.WebDriverTestExecutionListener@2362b437, org.springframework.boot.test.mock.mockito.ResetMocksTestExecutionListener@33b782f8]

  .   ____          _            __ _ _
 /\\ / ___'_ __ _ _(_)_ __  __ _ \ \ \ \
( ( )\___ | '_ | '_| | '_ \/ _` | \ \ \ \
 \\/  ___)| |_)| | | | | || (_| |  ) ) ) )
  '  |____| .__|_| |_|_| |_\__, | / / / /
 =========|_|==============|___/=/_/_/_/
 :: Spring Boot ::        (v2.2.4.RELEASE)

2020-05-13 20:50:30.655  INFO 10340 --- [    Test worker] i.a.u.c.a.M.c.PostControllerTest         : Starting PostControllerTest on LAPTOP-82VCQFF9 with PID 10340 (started by Ali Irsyaad in C:\Users\Ali Irsyaad\OneDrive - UNIVERSITAS INDONESIA\Ali's Document\Semester 4\AdPro\myacademy\MyAc)
2020-05-13 20:50:30.655  INFO 10340 --- [    Test worker] i.a.u.c.a.M.c.PostControllerTest         : No active profile set, falling back to default profiles: default
2020-05-13 20:50:33.639  INFO 10340 --- [    Test worker] o.s.s.web.DefaultSecurityFilterChain     : Creating filter chain: any request, [org.springframework.security.web.context.request.async.WebAsyncManagerIntegrationFilter@521f6716, org.springframework.security.web.context.SecurityContextPersistenceFilter@644328c9, org.springframework.security.web.header.HeaderWriterFilter@1cc826f2, org.springframework.security.web.csrf.CsrfFilter@3cdf296b, org.springframework.security.web.authentication.logout.LogoutFilter@23ba6f39, org.springframework.security.web.authentication.UsernamePasswordAuthenticationFilter@7eac46a0, org.springframework.security.web.savedrequest.RequestCacheAwareFilter@340a4f98, org.springframework.security.web.servletapi.SecurityContextHolderAwareRequestFilter@69a8005d, org.springframework.security.web.authentication.AnonymousAuthenticationFilter@785727b, org.springframework.security.web.session.SessionManagementFilter@2192c9e1, org.springframework.security.web.access.ExceptionTranslationFilter@314c2aab, org.springframework.security.web.access.intercept.FilterSecurityInterceptor@41819a78]
2020-05-13 20:50:34.530  INFO 10340 --- [    Test worker] o.s.s.concurrent.ThreadPoolTaskExecutor  : Initializing ExecutorService 'applicationTaskExecutor'
2020-05-13 20:50:34.733  INFO 10340 --- [    Test worker] o.s.b.a.w.s.WelcomePageHandlerMapping    : Adding welcome page template: index
2020-05-13 20:50:35.796  INFO 10340 --- [    Test worker] o.s.b.t.m.w.SpringBootMockServletContext : Initializing Spring TestDispatcherServlet ''
2020-05-13 20:50:35.796  INFO 10340 --- [    Test worker] o.s.t.web.servlet.TestDispatcherServlet  : Initializing Servlet ''
2020-05-13 20:50:35.827  INFO 10340 --- [    Test worker] o.s.t.web.servlet.TestDispatcherServlet  : Completed initialization in 31 ms
2020-05-13 20:50:35.968  INFO 10340 --- [    Test worker] i.a.u.c.a.M.c.PostControllerTest         : Started PostControllerTest in 5.6 seconds (JVM running for 58.443)
]]></system-out>
  <system-err><![CDATA[]]></system-err>
</testsuite>
