<?xml version="1.0" encoding="UTF-8"?>
<testsuite name="id.ac.ui.cs.advprog.MyAc.model.LongPlanTest" tests="3" skipped="0" failures="0" errors="0" timestamp="2020-05-14T07:59:49" hostname="LAPTOP-82VCQFF9" time="0.014">
  <properties/>
  <testcase name="testGetId()" classname="id.ac.ui.cs.advprog.MyAc.model.LongPlanTest" time="0.003"/>
  <testcase name="testGetNamaLongPlan()" classname="id.ac.ui.cs.advprog.MyAc.model.LongPlanTest" time="0.003"/>
  <testcase name="testGetKodeUser()" classname="id.ac.ui.cs.advprog.MyAc.model.LongPlanTest" time="0.003"/>
  <system-out><![CDATA[]]></system-out>
  <system-err><![CDATA[]]></system-err>
</testsuite>
