<?xml version="1.0" encoding="UTF-8"?>
<testsuite name="id.ac.ui.cs.advprog.MyAc.controller.UserRegistrationControllerTest" tests="1" skipped="0" failures="0" errors="0" timestamp="2020-05-12T02:50:44" hostname="DESKTOP-VVI2B95" time="0.104">
  <properties/>
  <testcase name="whenShowRegistrationFormCalledShouldReturnRegistrationFormPage()" classname="id.ac.ui.cs.advprog.MyAc.controller.UserRegistrationControllerTest" time="0.104"/>
  <system-out><![CDATA[2020-05-11 19:50:43.187  INFO 1276 --- [    Test worker] .b.t.a.w.s.WebMvcTestContextBootstrapper : Neither @ContextConfiguration nor @ContextHierarchy found for test class [id.ac.ui.cs.advprog.MyAc.controller.UserRegistrationControllerTest], using SpringBootContextLoader
2020-05-11 19:50:43.189  INFO 1276 --- [    Test worker] o.s.t.c.support.AbstractContextLoader    : Could not detect default resource locations for test class [id.ac.ui.cs.advprog.MyAc.controller.UserRegistrationControllerTest]: no resource found for suffixes {-context.xml, Context.groovy}.
2020-05-11 19:50:43.190  INFO 1276 --- [    Test worker] t.c.s.AnnotationConfigContextLoaderUtils : Could not detect default configuration classes for test class [id.ac.ui.cs.advprog.MyAc.controller.UserRegistrationControllerTest]: UserRegistrationControllerTest does not declare any static, non-private, non-final, nested classes annotated with @Configuration.
2020-05-11 19:50:43.196  INFO 1276 --- [    Test worker] .b.t.c.SpringBootTestContextBootstrapper : Found @SpringBootConfiguration id.ac.ui.cs.advprog.MyAc.MyAcApplication for test class id.ac.ui.cs.advprog.MyAc.controller.UserRegistrationControllerTest
2020-05-11 19:50:43.196  INFO 1276 --- [    Test worker] .b.t.a.w.s.WebMvcTestContextBootstrapper : Loaded default TestExecutionListener class names from location [META-INF/spring.factories]: [org.springframework.security.test.context.support.WithSecurityContextTestExecutionListener, org.springframework.security.test.context.support.ReactorContextTestExecutionListener, org.springframework.boot.test.autoconfigure.restdocs.RestDocsTestExecutionListener, org.springframework.boot.test.autoconfigure.web.client.MockRestServiceServerResetTestExecutionListener, org.springframework.boot.test.autoconfigure.web.servlet.MockMvcPrintOnlyOnFailureTestExecutionListener, org.springframework.boot.test.autoconfigure.web.servlet.WebDriverTestExecutionListener, org.springframework.boot.test.mock.mockito.MockitoTestExecutionListener, org.springframework.boot.test.mock.mockito.ResetMocksTestExecutionListener, org.springframework.test.context.web.ServletTestExecutionListener, org.springframework.test.context.support.DirtiesContextBeforeModesTestExecutionListener, org.springframework.test.context.support.DependencyInjectionTestExecutionListener, org.springframework.test.context.support.DirtiesContextTestExecutionListener, org.springframework.test.context.transaction.TransactionalTestExecutionListener, org.springframework.test.context.jdbc.SqlScriptsTestExecutionListener, org.springframework.test.context.event.EventPublishingTestExecutionListener]
2020-05-11 19:50:43.196  INFO 1276 --- [    Test worker] .b.t.a.w.s.WebMvcTestContextBootstrapper : Using TestExecutionListeners: [org.springframework.test.context.web.ServletTestExecutionListener@3f22207c, org.springframework.test.context.support.DirtiesContextBeforeModesTestExecutionListener@6419eb24, org.springframework.boot.test.mock.mockito.MockitoTestExecutionListener@230d18, org.springframework.boot.test.autoconfigure.SpringBootDependencyInjectionTestExecutionListener@71836e04, org.springframework.test.context.support.DirtiesContextTestExecutionListener@5f0c8188, org.springframework.test.context.transaction.TransactionalTestExecutionListener@74e71186, org.springframework.test.context.jdbc.SqlScriptsTestExecutionListener@6cb499cf, org.springframework.security.test.context.support.WithSecurityContextTestExecutionListener@62d2913, org.springframework.test.context.event.EventPublishingTestExecutionListener@3d96e89f, org.springframework.security.test.context.support.ReactorContextTestExecutionListener@71b1b58a, org.springframework.boot.test.autoconfigure.restdocs.RestDocsTestExecutionListener@39033092, org.springframework.boot.test.autoconfigure.web.client.MockRestServiceServerResetTestExecutionListener@5609e310, org.springframework.boot.test.autoconfigure.web.servlet.MockMvcPrintOnlyOnFailureTestExecutionListener@5cd12b5e, org.springframework.boot.test.autoconfigure.web.servlet.WebDriverTestExecutionListener@20b0d8ab, org.springframework.boot.test.mock.mockito.ResetMocksTestExecutionListener@17fb8f]

  .   ____          _            __ _ _
 /\\ / ___'_ __ _ _(_)_ __  __ _ \ \ \ \
( ( )\___ | '_ | '_| | '_ \/ _` | \ \ \ \
 \\/  ___)| |_)| | | | | || (_| |  ) ) ) )
  '  |____| .__|_| |_|_| |_\__, | / / / /
 =========|_|==============|___/=/_/_/_/
 :: Spring Boot ::        (v2.2.4.RELEASE)

2020-05-11 19:50:43.287  INFO 1276 --- [    Test worker] u.c.a.M.c.UserRegistrationControllerTest : Starting UserRegistrationControllerTest on DESKTOP-VVI2B95 with PID 1276 (started by USER in D:\Project\myacademy\myacademy\MyAc)
2020-05-11 19:50:43.287  INFO 1276 --- [    Test worker] u.c.a.M.c.UserRegistrationControllerTest : No active profile set, falling back to default profiles: default
2020-05-11 19:50:44.057  INFO 1276 --- [    Test worker] o.s.s.web.DefaultSecurityFilterChain     : Creating filter chain: any request, [org.springframework.security.web.context.request.async.WebAsyncManagerIntegrationFilter@77353bdc, org.springframework.security.web.context.SecurityContextPersistenceFilter@86bb6de, org.springframework.security.web.header.HeaderWriterFilter@3ea1ec43, org.springframework.security.web.csrf.CsrfFilter@4053543, org.springframework.security.web.authentication.logout.LogoutFilter@4a708b97, org.springframework.security.web.authentication.UsernamePasswordAuthenticationFilter@3cbe4719, org.springframework.security.web.savedrequest.RequestCacheAwareFilter@420f933c, org.springframework.security.web.servletapi.SecurityContextHolderAwareRequestFilter@737dacca, org.springframework.security.web.authentication.AnonymousAuthenticationFilter@2161a323, org.springframework.security.web.session.SessionManagementFilter@25e9200d, org.springframework.security.web.access.ExceptionTranslationFilter@233d3275, org.springframework.security.web.access.intercept.FilterSecurityInterceptor@277428b5]
2020-05-11 19:50:44.286  INFO 1276 --- [    Test worker] o.s.s.concurrent.ThreadPoolTaskExecutor  : Initializing ExecutorService 'applicationTaskExecutor'
2020-05-11 19:50:44.353  INFO 1276 --- [    Test worker] o.s.b.a.w.s.WelcomePageHandlerMapping    : Adding welcome page template: index
2020-05-11 19:50:44.620  INFO 1276 --- [    Test worker] o.s.b.t.m.w.SpringBootMockServletContext : Initializing Spring TestDispatcherServlet ''
2020-05-11 19:50:44.620  INFO 1276 --- [    Test worker] o.s.t.web.servlet.TestDispatcherServlet  : Initializing Servlet ''
2020-05-11 19:50:44.636  INFO 1276 --- [    Test worker] o.s.t.web.servlet.TestDispatcherServlet  : Completed initialization in 16 ms
2020-05-11 19:50:44.652  INFO 1276 --- [    Test worker] u.c.a.M.c.UserRegistrationControllerTest : Started UserRegistrationControllerTest in 1.458 seconds (JVM running for 21.377)
]]></system-out>
  <system-err><![CDATA[]]></system-err>
</testsuite>
