<?xml version="1.0" encoding="UTF-8"?>
<testsuite name="id.ac.ui.cs.advprog.MyAc.controller.UserRegistrationControllerTest" tests="1" skipped="0" failures="0" errors="0" timestamp="2020-05-15T04:52:04" hostname="DESKTOP-VVI2B95" time="0.135">
  <properties/>
  <testcase name="whenShowRegistrationFormCalledShouldReturnRegistrationFormPage()" classname="id.ac.ui.cs.advprog.MyAc.controller.UserRegistrationControllerTest" time="0.135"/>
  <system-out><![CDATA[2020-05-14 21:52:03.227  INFO 13992 --- [    Test worker] .b.t.a.w.s.WebMvcTestContextBootstrapper : Neither @ContextConfiguration nor @ContextHierarchy found for test class [id.ac.ui.cs.advprog.MyAc.controller.UserRegistrationControllerTest], using SpringBootContextLoader
2020-05-14 21:52:03.229  INFO 13992 --- [    Test worker] o.s.t.c.support.AbstractContextLoader    : Could not detect default resource locations for test class [id.ac.ui.cs.advprog.MyAc.controller.UserRegistrationControllerTest]: no resource found for suffixes {-context.xml, Context.groovy}.
2020-05-14 21:52:03.230  INFO 13992 --- [    Test worker] t.c.s.AnnotationConfigContextLoaderUtils : Could not detect default configuration classes for test class [id.ac.ui.cs.advprog.MyAc.controller.UserRegistrationControllerTest]: UserRegistrationControllerTest does not declare any static, non-private, non-final, nested classes annotated with @Configuration.
2020-05-14 21:52:03.237  INFO 13992 --- [    Test worker] .b.t.c.SpringBootTestContextBootstrapper : Found @SpringBootConfiguration id.ac.ui.cs.advprog.MyAc.MyAcApplication for test class id.ac.ui.cs.advprog.MyAc.controller.UserRegistrationControllerTest
2020-05-14 21:52:03.238  INFO 13992 --- [    Test worker] .b.t.a.w.s.WebMvcTestContextBootstrapper : Loaded default TestExecutionListener class names from location [META-INF/spring.factories]: [org.springframework.security.test.context.support.WithSecurityContextTestExecutionListener, org.springframework.security.test.context.support.ReactorContextTestExecutionListener, org.springframework.boot.test.autoconfigure.restdocs.RestDocsTestExecutionListener, org.springframework.boot.test.autoconfigure.web.client.MockRestServiceServerResetTestExecutionListener, org.springframework.boot.test.autoconfigure.web.servlet.MockMvcPrintOnlyOnFailureTestExecutionListener, org.springframework.boot.test.autoconfigure.web.servlet.WebDriverTestExecutionListener, org.springframework.boot.test.mock.mockito.MockitoTestExecutionListener, org.springframework.boot.test.mock.mockito.ResetMocksTestExecutionListener, org.springframework.test.context.web.ServletTestExecutionListener, org.springframework.test.context.support.DirtiesContextBeforeModesTestExecutionListener, org.springframework.test.context.support.DependencyInjectionTestExecutionListener, org.springframework.test.context.support.DirtiesContextTestExecutionListener, org.springframework.test.context.transaction.TransactionalTestExecutionListener, org.springframework.test.context.jdbc.SqlScriptsTestExecutionListener, org.springframework.test.context.event.EventPublishingTestExecutionListener]
2020-05-14 21:52:03.240  INFO 13992 --- [    Test worker] .b.t.a.w.s.WebMvcTestContextBootstrapper : Using TestExecutionListeners: [org.springframework.test.context.web.ServletTestExecutionListener@6005242a, org.springframework.test.context.support.DirtiesContextBeforeModesTestExecutionListener@3278f36f, org.springframework.boot.test.mock.mockito.MockitoTestExecutionListener@10933319, org.springframework.boot.test.autoconfigure.SpringBootDependencyInjectionTestExecutionListener@72d816e6, org.springframework.test.context.support.DirtiesContextTestExecutionListener@3bb548e3, org.springframework.test.context.transaction.TransactionalTestExecutionListener@4e232771, org.springframework.test.context.jdbc.SqlScriptsTestExecutionListener@47a1de57, org.springframework.security.test.context.support.WithSecurityContextTestExecutionListener@757c8f63, org.springframework.test.context.event.EventPublishingTestExecutionListener@641f237f, org.springframework.security.test.context.support.ReactorContextTestExecutionListener@33508822, org.springframework.boot.test.autoconfigure.restdocs.RestDocsTestExecutionListener@7acaab79, org.springframework.boot.test.autoconfigure.web.client.MockRestServiceServerResetTestExecutionListener@6b5c34d4, org.springframework.boot.test.autoconfigure.web.servlet.MockMvcPrintOnlyOnFailureTestExecutionListener@7645f61b, org.springframework.boot.test.autoconfigure.web.servlet.WebDriverTestExecutionListener@41636169, org.springframework.boot.test.mock.mockito.ResetMocksTestExecutionListener@6edd8b5f]

  .   ____          _            __ _ _
 /\\ / ___'_ __ _ _(_)_ __  __ _ \ \ \ \
( ( )\___ | '_ | '_| | '_ \/ _` | \ \ \ \
 \\/  ___)| |_)| | | | | || (_| |  ) ) ) )
  '  |____| .__|_| |_|_| |_\__, | / / / /
 =========|_|==============|___/=/_/_/_/
 :: Spring Boot ::        (v2.2.4.RELEASE)

2020-05-14 21:52:03.283  INFO 13992 --- [    Test worker] u.c.a.M.c.UserRegistrationControllerTest : Starting UserRegistrationControllerTest on DESKTOP-VVI2B95 with PID 13992 (started by USER in D:\Project\myacademy\myacademy\MyAc)
2020-05-14 21:52:03.287  INFO 13992 --- [    Test worker] u.c.a.M.c.UserRegistrationControllerTest : No active profile set, falling back to default profiles: default
2020-05-14 21:52:03.794  INFO 13992 --- [    Test worker] o.s.s.web.DefaultSecurityFilterChain     : Creating filter chain: any request, [org.springframework.security.web.context.request.async.WebAsyncManagerIntegrationFilter@3970f7fc, org.springframework.security.web.context.SecurityContextPersistenceFilter@54379ef4, org.springframework.security.web.header.HeaderWriterFilter@23f88f35, org.springframework.security.web.csrf.CsrfFilter@2c234c8d, org.springframework.security.web.authentication.logout.LogoutFilter@6a9a42e1, org.springframework.security.web.authentication.UsernamePasswordAuthenticationFilter@1d0aca3f, org.springframework.security.web.savedrequest.RequestCacheAwareFilter@30cf114f, org.springframework.security.web.servletapi.SecurityContextHolderAwareRequestFilter@57a9a144, org.springframework.security.web.authentication.AnonymousAuthenticationFilter@5a6a3d2, org.springframework.security.web.session.SessionManagementFilter@62c6e105, org.springframework.security.web.access.ExceptionTranslationFilter@69d1b9a4, org.springframework.security.web.access.intercept.FilterSecurityInterceptor@3674b9d1]
2020-05-14 21:52:03.969  INFO 13992 --- [    Test worker] o.s.s.concurrent.ThreadPoolTaskExecutor  : Initializing ExecutorService 'applicationTaskExecutor'
2020-05-14 21:52:04.007  INFO 13992 --- [    Test worker] o.s.b.a.w.s.WelcomePageHandlerMapping    : Adding welcome page template: index
2020-05-14 21:52:04.193  INFO 13992 --- [    Test worker] o.s.b.t.m.w.SpringBootMockServletContext : Initializing Spring TestDispatcherServlet ''
2020-05-14 21:52:04.194  INFO 13992 --- [    Test worker] o.s.t.web.servlet.TestDispatcherServlet  : Initializing Servlet ''
2020-05-14 21:52:04.204  INFO 13992 --- [    Test worker] o.s.t.web.servlet.TestDispatcherServlet  : Completed initialization in 10 ms
2020-05-14 21:52:04.220  INFO 13992 --- [    Test worker] u.c.a.M.c.UserRegistrationControllerTest : Started UserRegistrationControllerTest in 0.975 seconds (JVM running for 9.116)
]]></system-out>
  <system-err><![CDATA[]]></system-err>
</testsuite>
