<?xml version="1.0" encoding="UTF-8"?>
<testsuite name="id.ac.ui.cs.advprog.MyAc.controller.MainControllerTest" tests="3" skipped="0" failures="0" errors="0" timestamp="2020-05-14T06:47:52" hostname="LAPTOP-82VCQFF9" time="1.145">
  <properties/>
  <testcase name="whenLoginUrlAccessedShouldReturnLoginPage()" classname="id.ac.ui.cs.advprog.MyAc.controller.MainControllerTest" time="0.986"/>
  <testcase name="whenIndexUrlAccessedShouldReturnIndexPage()" classname="id.ac.ui.cs.advprog.MyAc.controller.MainControllerTest" time="0.101"/>
  <testcase name="whenHomeUrlAccessedShouldReturnHomePage()" classname="id.ac.ui.cs.advprog.MyAc.controller.MainControllerTest" time="0.048"/>
  <system-out><![CDATA[2020-05-14 13:47:47.366  INFO 15060 --- [    Test worker] .b.t.a.w.s.WebMvcTestContextBootstrapper : Neither @ContextConfiguration nor @ContextHierarchy found for test class [id.ac.ui.cs.advprog.MyAc.controller.MainControllerTest], using SpringBootContextLoader
2020-05-14 13:47:47.382  INFO 15060 --- [    Test worker] o.s.t.c.support.AbstractContextLoader    : Could not detect default resource locations for test class [id.ac.ui.cs.advprog.MyAc.controller.MainControllerTest]: no resource found for suffixes {-context.xml, Context.groovy}.
2020-05-14 13:47:47.382  INFO 15060 --- [    Test worker] t.c.s.AnnotationConfigContextLoaderUtils : Could not detect default configuration classes for test class [id.ac.ui.cs.advprog.MyAc.controller.MainControllerTest]: MainControllerTest does not declare any static, non-private, non-final, nested classes annotated with @Configuration.
2020-05-14 13:47:47.382  INFO 15060 --- [    Test worker] .b.t.c.SpringBootTestContextBootstrapper : Found @SpringBootConfiguration id.ac.ui.cs.advprog.MyAc.MyAcApplication for test class id.ac.ui.cs.advprog.MyAc.controller.MainControllerTest
2020-05-14 13:47:47.397  INFO 15060 --- [    Test worker] .b.t.a.w.s.WebMvcTestContextBootstrapper : Loaded default TestExecutionListener class names from location [META-INF/spring.factories]: [org.springframework.security.test.context.support.WithSecurityContextTestExecutionListener, org.springframework.security.test.context.support.ReactorContextTestExecutionListener, org.springframework.boot.test.autoconfigure.restdocs.RestDocsTestExecutionListener, org.springframework.boot.test.autoconfigure.web.client.MockRestServiceServerResetTestExecutionListener, org.springframework.boot.test.autoconfigure.web.servlet.MockMvcPrintOnlyOnFailureTestExecutionListener, org.springframework.boot.test.autoconfigure.web.servlet.WebDriverTestExecutionListener, org.springframework.boot.test.mock.mockito.MockitoTestExecutionListener, org.springframework.boot.test.mock.mockito.ResetMocksTestExecutionListener, org.springframework.test.context.web.ServletTestExecutionListener, org.springframework.test.context.support.DirtiesContextBeforeModesTestExecutionListener, org.springframework.test.context.support.DependencyInjectionTestExecutionListener, org.springframework.test.context.support.DirtiesContextTestExecutionListener, org.springframework.test.context.transaction.TransactionalTestExecutionListener, org.springframework.test.context.jdbc.SqlScriptsTestExecutionListener, org.springframework.test.context.event.EventPublishingTestExecutionListener]
2020-05-14 13:47:47.397  INFO 15060 --- [    Test worker] .b.t.a.w.s.WebMvcTestContextBootstrapper : Using TestExecutionListeners: [org.springframework.test.context.web.ServletTestExecutionListener@c83a8ee, org.springframework.test.context.support.DirtiesContextBeforeModesTestExecutionListener@44841628, org.springframework.boot.test.mock.mockito.MockitoTestExecutionListener@f820230, org.springframework.boot.test.autoconfigure.SpringBootDependencyInjectionTestExecutionListener@30a109a, org.springframework.test.context.support.DirtiesContextTestExecutionListener@125f0ccd, org.springframework.test.context.transaction.TransactionalTestExecutionListener@768e7df8, org.springframework.test.context.jdbc.SqlScriptsTestExecutionListener@6902629b, org.springframework.security.test.context.support.WithSecurityContextTestExecutionListener@3adf21e1, org.springframework.test.context.event.EventPublishingTestExecutionListener@508c7b13, org.springframework.security.test.context.support.ReactorContextTestExecutionListener@55e8ad47, org.springframework.boot.test.autoconfigure.restdocs.RestDocsTestExecutionListener@2f840bdb, org.springframework.boot.test.autoconfigure.web.client.MockRestServiceServerResetTestExecutionListener@6c97f7e3, org.springframework.boot.test.autoconfigure.web.servlet.MockMvcPrintOnlyOnFailureTestExecutionListener@5ff05d81, org.springframework.boot.test.autoconfigure.web.servlet.WebDriverTestExecutionListener@4f6251ad, org.springframework.boot.test.mock.mockito.ResetMocksTestExecutionListener@40b74149]

  .   ____          _            __ _ _
 /\\ / ___'_ __ _ _(_)_ __  __ _ \ \ \ \
( ( )\___ | '_ | '_| | '_ \/ _` | \ \ \ \
 \\/  ___)| |_)| | | | | || (_| |  ) ) ) )
  '  |____| .__|_| |_|_| |_\__, | / / / /
 =========|_|==============|___/=/_/_/_/
 :: Spring Boot ::        (v2.2.4.RELEASE)

2020-05-14 13:47:47.788  INFO 15060 --- [    Test worker] i.a.u.c.a.M.c.MainControllerTest         : Starting MainControllerTest on LAPTOP-82VCQFF9 with PID 15060 (started by Ali Irsyaad in C:\Users\Ali Irsyaad\OneDrive - UNIVERSITAS INDONESIA\Ali's Document\Semester 4\AdPro\myacademy\MyAc)
2020-05-14 13:47:47.788  INFO 15060 --- [    Test worker] i.a.u.c.a.M.c.MainControllerTest         : No active profile set, falling back to default profiles: default
2020-05-14 13:47:50.116  INFO 15060 --- [    Test worker] o.s.s.web.DefaultSecurityFilterChain     : Creating filter chain: any request, [org.springframework.security.web.context.request.async.WebAsyncManagerIntegrationFilter@3e33fef6, org.springframework.security.web.context.SecurityContextPersistenceFilter@4d088e2f, org.springframework.security.web.header.HeaderWriterFilter@34798df9, org.springframework.security.web.csrf.CsrfFilter@78d41c2b, org.springframework.security.web.authentication.logout.LogoutFilter@5808c381, org.springframework.security.web.authentication.UsernamePasswordAuthenticationFilter@7335195, org.springframework.security.web.savedrequest.RequestCacheAwareFilter@13a68d27, org.springframework.security.web.servletapi.SecurityContextHolderAwareRequestFilter@6b48dcef, org.springframework.security.web.authentication.AnonymousAuthenticationFilter@27ca4ac1, org.springframework.security.web.session.SessionManagementFilter@15e5edfc, org.springframework.security.web.access.ExceptionTranslationFilter@4de26253, org.springframework.security.web.access.intercept.FilterSecurityInterceptor@3966c38d]
2020-05-14 13:47:50.945  INFO 15060 --- [    Test worker] o.s.s.concurrent.ThreadPoolTaskExecutor  : Initializing ExecutorService 'applicationTaskExecutor'
2020-05-14 13:47:51.132  INFO 15060 --- [    Test worker] o.s.b.a.w.s.WelcomePageHandlerMapping    : Adding welcome page template: index
2020-05-14 13:47:52.007  INFO 15060 --- [    Test worker] o.s.b.t.m.w.SpringBootMockServletContext : Initializing Spring TestDispatcherServlet ''
2020-05-14 13:47:52.007  INFO 15060 --- [    Test worker] o.s.t.web.servlet.TestDispatcherServlet  : Initializing Servlet ''
2020-05-14 13:47:52.038  INFO 15060 --- [    Test worker] o.s.t.web.servlet.TestDispatcherServlet  : Completed initialization in 31 ms
2020-05-14 13:47:52.132  INFO 15060 --- [    Test worker] i.a.u.c.a.M.c.MainControllerTest         : Started MainControllerTest in 4.606 seconds (JVM running for 59.756)
]]></system-out>
  <system-err><![CDATA[]]></system-err>
</testsuite>
