<?xml version="1.0" encoding="UTF-8"?>
<testsuite name="id.ac.ui.cs.advprog.MyAc.model.ComponentTest" tests="3" skipped="0" failures="0" errors="0" timestamp="2020-05-14T07:59:49" hostname="LAPTOP-82VCQFF9" time="0.01">
  <properties/>
  <testcase name="testGetScore()" classname="id.ac.ui.cs.advprog.MyAc.model.ComponentTest" time="0.002"/>
  <testcase name="testGetComponentName()" classname="id.ac.ui.cs.advprog.MyAc.model.ComponentTest" time="0.003"/>
  <testcase name="testGetPercentage()" classname="id.ac.ui.cs.advprog.MyAc.model.ComponentTest" time="0.003"/>
  <system-out><![CDATA[]]></system-out>
  <system-err><![CDATA[]]></system-err>
</testsuite>
