<?xml version="1.0" encoding="UTF-8"?>
<testsuite name="id.ac.ui.cs.advprog.MyAc.controller.UserRegistrationControllerTest" tests="1" skipped="0" failures="0" errors="0" timestamp="2020-05-13T14:58:58" hostname="LAPTOP-82VCQFF9" time="0.547">
  <properties/>
  <testcase name="whenShowRegistrationFormCalledShouldReturnRegistrationFormPage()" classname="id.ac.ui.cs.advprog.MyAc.controller.UserRegistrationControllerTest" time="0.547"/>
  <system-out><![CDATA[2020-05-13 21:58:51.928  INFO 4932 --- [    Test worker] .b.t.a.w.s.WebMvcTestContextBootstrapper : Neither @ContextConfiguration nor @ContextHierarchy found for test class [id.ac.ui.cs.advprog.MyAc.controller.UserRegistrationControllerTest], using SpringBootContextLoader
2020-05-13 21:58:51.936  INFO 4932 --- [    Test worker] o.s.t.c.support.AbstractContextLoader    : Could not detect default resource locations for test class [id.ac.ui.cs.advprog.MyAc.controller.UserRegistrationControllerTest]: no resource found for suffixes {-context.xml, Context.groovy}.
2020-05-13 21:58:51.936  INFO 4932 --- [    Test worker] t.c.s.AnnotationConfigContextLoaderUtils : Could not detect default configuration classes for test class [id.ac.ui.cs.advprog.MyAc.controller.UserRegistrationControllerTest]: UserRegistrationControllerTest does not declare any static, non-private, non-final, nested classes annotated with @Configuration.
2020-05-13 21:58:52.122  INFO 4932 --- [    Test worker] .b.t.c.SpringBootTestContextBootstrapper : Found @SpringBootConfiguration id.ac.ui.cs.advprog.MyAc.MyAcApplication for test class id.ac.ui.cs.advprog.MyAc.controller.UserRegistrationControllerTest
2020-05-13 21:58:52.123  INFO 4932 --- [    Test worker] .b.t.a.w.s.WebMvcTestContextBootstrapper : Loaded default TestExecutionListener class names from location [META-INF/spring.factories]: [org.springframework.security.test.context.support.WithSecurityContextTestExecutionListener, org.springframework.security.test.context.support.ReactorContextTestExecutionListener, org.springframework.boot.test.autoconfigure.restdocs.RestDocsTestExecutionListener, org.springframework.boot.test.autoconfigure.web.client.MockRestServiceServerResetTestExecutionListener, org.springframework.boot.test.autoconfigure.web.servlet.MockMvcPrintOnlyOnFailureTestExecutionListener, org.springframework.boot.test.autoconfigure.web.servlet.WebDriverTestExecutionListener, org.springframework.boot.test.mock.mockito.MockitoTestExecutionListener, org.springframework.boot.test.mock.mockito.ResetMocksTestExecutionListener, org.springframework.test.context.web.ServletTestExecutionListener, org.springframework.test.context.support.DirtiesContextBeforeModesTestExecutionListener, org.springframework.test.context.support.DependencyInjectionTestExecutionListener, org.springframework.test.context.support.DirtiesContextTestExecutionListener, org.springframework.test.context.transaction.TransactionalTestExecutionListener, org.springframework.test.context.jdbc.SqlScriptsTestExecutionListener, org.springframework.test.context.event.EventPublishingTestExecutionListener]
2020-05-13 21:58:52.127  INFO 4932 --- [    Test worker] .b.t.a.w.s.WebMvcTestContextBootstrapper : Using TestExecutionListeners: [org.springframework.test.context.web.ServletTestExecutionListener@6ba901dd, org.springframework.test.context.support.DirtiesContextBeforeModesTestExecutionListener@3a375185, org.springframework.boot.test.mock.mockito.MockitoTestExecutionListener@50417ec8, org.springframework.boot.test.autoconfigure.SpringBootDependencyInjectionTestExecutionListener@66e8c221, org.springframework.test.context.support.DirtiesContextTestExecutionListener@456c80c8, org.springframework.test.context.transaction.TransactionalTestExecutionListener@45574a99, org.springframework.test.context.jdbc.SqlScriptsTestExecutionListener@1ebbdbc5, org.springframework.security.test.context.support.WithSecurityContextTestExecutionListener@3e62fbf9, org.springframework.test.context.event.EventPublishingTestExecutionListener@1f29463d, org.springframework.security.test.context.support.ReactorContextTestExecutionListener@6055d4c3, org.springframework.boot.test.autoconfigure.restdocs.RestDocsTestExecutionListener@20705eff, org.springframework.boot.test.autoconfigure.web.client.MockRestServiceServerResetTestExecutionListener@964c43b, org.springframework.boot.test.autoconfigure.web.servlet.MockMvcPrintOnlyOnFailureTestExecutionListener@5ca97384, org.springframework.boot.test.autoconfigure.web.servlet.WebDriverTestExecutionListener@1214571e, org.springframework.boot.test.mock.mockito.ResetMocksTestExecutionListener@30b16405]

  .   ____          _            __ _ _
 /\\ / ___'_ __ _ _(_)_ __  __ _ \ \ \ \
( ( )\___ | '_ | '_| | '_ \/ _` | \ \ \ \
 \\/  ___)| |_)| | | | | || (_| |  ) ) ) )
  '  |____| .__|_| |_|_| |_\__, | / / / /
 =========|_|==============|___/=/_/_/_/
 :: Spring Boot ::        (v2.2.4.RELEASE)

2020-05-13 21:58:52.393  INFO 4932 --- [    Test worker] u.c.a.M.c.UserRegistrationControllerTest : Starting UserRegistrationControllerTest on LAPTOP-82VCQFF9 with PID 4932 (started by Ali Irsyaad in C:\Users\Ali Irsyaad\OneDrive - UNIVERSITAS INDONESIA\Ali's Document\Semester 4\AdPro\myacademy\MyAc)
2020-05-13 21:58:52.397  INFO 4932 --- [    Test worker] u.c.a.M.c.UserRegistrationControllerTest : No active profile set, falling back to default profiles: default
2020-05-13 21:58:55.853  INFO 4932 --- [    Test worker] o.s.s.web.DefaultSecurityFilterChain     : Creating filter chain: any request, [org.springframework.security.web.context.request.async.WebAsyncManagerIntegrationFilter@2af465d, org.springframework.security.web.context.SecurityContextPersistenceFilter@4fe96108, org.springframework.security.web.header.HeaderWriterFilter@732d6e62, org.springframework.security.web.csrf.CsrfFilter@f227805, org.springframework.security.web.authentication.logout.LogoutFilter@3b32a7d6, org.springframework.security.web.authentication.UsernamePasswordAuthenticationFilter@f9cab15, org.springframework.security.web.savedrequest.RequestCacheAwareFilter@4a22ac1f, org.springframework.security.web.servletapi.SecurityContextHolderAwareRequestFilter@52e48547, org.springframework.security.web.authentication.AnonymousAuthenticationFilter@6dc6e5e4, org.springframework.security.web.session.SessionManagementFilter@5317d93f, org.springframework.security.web.access.ExceptionTranslationFilter@4d990ae0, org.springframework.security.web.access.intercept.FilterSecurityInterceptor@3ac0f5bf]
2020-05-13 21:58:56.900  INFO 4932 --- [    Test worker] o.s.s.concurrent.ThreadPoolTaskExecutor  : Initializing ExecutorService 'applicationTaskExecutor'
2020-05-13 21:58:57.096  INFO 4932 --- [    Test worker] o.s.b.a.w.s.WelcomePageHandlerMapping    : Adding welcome page template: index
2020-05-13 21:58:57.968  INFO 4932 --- [    Test worker] o.s.b.t.m.w.SpringBootMockServletContext : Initializing Spring TestDispatcherServlet ''
2020-05-13 21:58:57.982  INFO 4932 --- [    Test worker] o.s.t.web.servlet.TestDispatcherServlet  : Initializing Servlet ''
2020-05-13 21:58:58.068  INFO 4932 --- [    Test worker] o.s.t.web.servlet.TestDispatcherServlet  : Completed initialization in 35 ms
2020-05-13 21:58:58.144  INFO 4932 --- [    Test worker] u.c.a.M.c.UserRegistrationControllerTest : Started UserRegistrationControllerTest in 6.004 seconds (JVM running for 120.419)
]]></system-out>
  <system-err><![CDATA[]]></system-err>
</testsuite>
