<?xml version="1.0" encoding="UTF-8"?>
<testsuite name="id.ac.ui.cs.advprog.MyAc.service.ShortPlanServiceImplTest" tests="4" skipped="0" failures="0" errors="0" timestamp="2020-05-14T06:48:09" hostname="LAPTOP-82VCQFF9" time="0.032">
  <properties/>
  <testcase name="testGetGrade()" classname="id.ac.ui.cs.advprog.MyAc.service.ShortPlanServiceImplTest" time="0.007"/>
  <testcase name="testGetFinalScore()" classname="id.ac.ui.cs.advprog.MyAc.service.ShortPlanServiceImplTest" time="0.004"/>
  <testcase name="testGetComponents()" classname="id.ac.ui.cs.advprog.MyAc.service.ShortPlanServiceImplTest" time="0.002"/>
  <testcase name="testAddComponents()" classname="id.ac.ui.cs.advprog.MyAc.service.ShortPlanServiceImplTest" time="0.005"/>
  <system-out><![CDATA[]]></system-out>
  <system-err><![CDATA[]]></system-err>
</testsuite>
