<?xml version="1.0" encoding="UTF-8"?>
<testsuite name="id.ac.ui.cs.advprog.MyAc.model.MatkulTest" tests="5" skipped="0" failures="0" errors="0" timestamp="2020-05-14T07:32:52" hostname="LAPTOP-930TCP7M" time="0.01">
  <properties/>
  <testcase name="testGetSemester()" classname="id.ac.ui.cs.advprog.MyAc.model.MatkulTest" time="0.001"/>
  <testcase name="testGetKode()" classname="id.ac.ui.cs.advprog.MyAc.model.MatkulTest" time="0.001"/>
  <testcase name="testGetNama()" classname="id.ac.ui.cs.advprog.MyAc.model.MatkulTest" time="0.001"/>
  <testcase name="testGetPenjelasan()" classname="id.ac.ui.cs.advprog.MyAc.model.MatkulTest" time="0.001"/>
  <testcase name="testGetSks()" classname="id.ac.ui.cs.advprog.MyAc.model.MatkulTest" time="0.001"/>
  <system-out><![CDATA[]]></system-out>
  <system-err><![CDATA[]]></system-err>
</testsuite>
