<?xml version="1.0" encoding="UTF-8"?>
<testsuite name="id.ac.ui.cs.advprog.MyAc.controller.ShortPlanControllerTest" tests="1" skipped="0" failures="0" errors="0" timestamp="2020-05-14T06:48:02" hostname="LAPTOP-82VCQFF9" time="0.458">
  <properties/>
  <testcase name="testWhenComponentListURLIsAccessedItShouldContainCorrectDefaultComponentModel()" classname="id.ac.ui.cs.advprog.MyAc.controller.ShortPlanControllerTest" time="0.458"/>
  <system-out><![CDATA[2020-05-14 13:47:58.117  INFO 15060 --- [    Test worker] .b.t.a.w.s.WebMvcTestContextBootstrapper : Neither @ContextConfiguration nor @ContextHierarchy found for test class [id.ac.ui.cs.advprog.MyAc.controller.ShortPlanControllerTest], using SpringBootContextLoader
2020-05-14 13:47:58.117  INFO 15060 --- [    Test worker] o.s.t.c.support.AbstractContextLoader    : Could not detect default resource locations for test class [id.ac.ui.cs.advprog.MyAc.controller.ShortPlanControllerTest]: no resource found for suffixes {-context.xml, Context.groovy}.
2020-05-14 13:47:58.117  INFO 15060 --- [    Test worker] t.c.s.AnnotationConfigContextLoaderUtils : Could not detect default configuration classes for test class [id.ac.ui.cs.advprog.MyAc.controller.ShortPlanControllerTest]: ShortPlanControllerTest does not declare any static, non-private, non-final, nested classes annotated with @Configuration.
2020-05-14 13:47:58.133  INFO 15060 --- [    Test worker] .b.t.c.SpringBootTestContextBootstrapper : Found @SpringBootConfiguration id.ac.ui.cs.advprog.MyAc.MyAcApplication for test class id.ac.ui.cs.advprog.MyAc.controller.ShortPlanControllerTest
2020-05-14 13:47:58.133  INFO 15060 --- [    Test worker] .b.t.a.w.s.WebMvcTestContextBootstrapper : Loaded default TestExecutionListener class names from location [META-INF/spring.factories]: [org.springframework.security.test.context.support.WithSecurityContextTestExecutionListener, org.springframework.security.test.context.support.ReactorContextTestExecutionListener, org.springframework.boot.test.autoconfigure.restdocs.RestDocsTestExecutionListener, org.springframework.boot.test.autoconfigure.web.client.MockRestServiceServerResetTestExecutionListener, org.springframework.boot.test.autoconfigure.web.servlet.MockMvcPrintOnlyOnFailureTestExecutionListener, org.springframework.boot.test.autoconfigure.web.servlet.WebDriverTestExecutionListener, org.springframework.boot.test.mock.mockito.MockitoTestExecutionListener, org.springframework.boot.test.mock.mockito.ResetMocksTestExecutionListener, org.springframework.test.context.web.ServletTestExecutionListener, org.springframework.test.context.support.DirtiesContextBeforeModesTestExecutionListener, org.springframework.test.context.support.DependencyInjectionTestExecutionListener, org.springframework.test.context.support.DirtiesContextTestExecutionListener, org.springframework.test.context.transaction.TransactionalTestExecutionListener, org.springframework.test.context.jdbc.SqlScriptsTestExecutionListener, org.springframework.test.context.event.EventPublishingTestExecutionListener]
2020-05-14 13:47:58.148  INFO 15060 --- [    Test worker] .b.t.a.w.s.WebMvcTestContextBootstrapper : Using TestExecutionListeners: [org.springframework.test.context.web.ServletTestExecutionListener@4cc089d4, org.springframework.test.context.support.DirtiesContextBeforeModesTestExecutionListener@260060e, org.springframework.boot.test.mock.mockito.MockitoTestExecutionListener@313560ba, org.springframework.boot.test.autoconfigure.SpringBootDependencyInjectionTestExecutionListener@71a496f2, org.springframework.test.context.support.DirtiesContextTestExecutionListener@39e23f3b, org.springframework.test.context.transaction.TransactionalTestExecutionListener@3bb00e7f, org.springframework.test.context.jdbc.SqlScriptsTestExecutionListener@219a9903, org.springframework.security.test.context.support.WithSecurityContextTestExecutionListener@74dc98c4, org.springframework.test.context.event.EventPublishingTestExecutionListener@5c6f7a83, org.springframework.security.test.context.support.ReactorContextTestExecutionListener@67974487, org.springframework.boot.test.autoconfigure.restdocs.RestDocsTestExecutionListener@12b09bf7, org.springframework.boot.test.autoconfigure.web.client.MockRestServiceServerResetTestExecutionListener@2ba3bdd, org.springframework.boot.test.autoconfigure.web.servlet.MockMvcPrintOnlyOnFailureTestExecutionListener@2526e26b, org.springframework.boot.test.autoconfigure.web.servlet.WebDriverTestExecutionListener@78482934, org.springframework.boot.test.mock.mockito.ResetMocksTestExecutionListener@6eb17ae9]

  .   ____          _            __ _ _
 /\\ / ___'_ __ _ _(_)_ __  __ _ \ \ \ \
( ( )\___ | '_ | '_| | '_ \/ _` | \ \ \ \
 \\/  ___)| |_)| | | | | || (_| |  ) ) ) )
  '  |____| .__|_| |_|_| |_\__, | / / / /
 =========|_|==============|___/=/_/_/_/
 :: Spring Boot ::        (v2.2.4.RELEASE)

2020-05-14 13:47:58.320  INFO 15060 --- [    Test worker] i.a.u.c.a.M.c.ShortPlanControllerTest    : Starting ShortPlanControllerTest on LAPTOP-82VCQFF9 with PID 15060 (started by Ali Irsyaad in C:\Users\Ali Irsyaad\OneDrive - UNIVERSITAS INDONESIA\Ali's Document\Semester 4\AdPro\myacademy\MyAc)
2020-05-14 13:47:58.320  INFO 15060 --- [    Test worker] i.a.u.c.a.M.c.ShortPlanControllerTest    : No active profile set, falling back to default profiles: default
2020-05-14 13:48:01.039  INFO 15060 --- [    Test worker] o.s.s.web.DefaultSecurityFilterChain     : Creating filter chain: any request, [org.springframework.security.web.context.request.async.WebAsyncManagerIntegrationFilter@8b76ff8, org.springframework.security.web.context.SecurityContextPersistenceFilter@3a4d1fd8, org.springframework.security.web.header.HeaderWriterFilter@123b4b6e, org.springframework.security.web.csrf.CsrfFilter@1c1f8ea5, org.springframework.security.web.authentication.logout.LogoutFilter@18ac1991, org.springframework.security.web.authentication.UsernamePasswordAuthenticationFilter@8c24cc2, org.springframework.security.web.savedrequest.RequestCacheAwareFilter@6602fdcc, org.springframework.security.web.servletapi.SecurityContextHolderAwareRequestFilter@2eaaba59, org.springframework.security.web.authentication.AnonymousAuthenticationFilter@3b9519b, org.springframework.security.web.session.SessionManagementFilter@5ac7d883, org.springframework.security.web.access.ExceptionTranslationFilter@6de63ebb, org.springframework.security.web.access.intercept.FilterSecurityInterceptor@1d4969a9]
2020-05-14 13:48:01.883  INFO 15060 --- [    Test worker] o.s.s.concurrent.ThreadPoolTaskExecutor  : Initializing ExecutorService 'applicationTaskExecutor'
2020-05-14 13:48:01.992  INFO 15060 --- [    Test worker] o.s.b.a.w.s.WelcomePageHandlerMapping    : Adding welcome page template: index
2020-05-14 13:48:02.602  INFO 15060 --- [    Test worker] o.s.b.t.m.w.SpringBootMockServletContext : Initializing Spring TestDispatcherServlet ''
2020-05-14 13:48:02.602  INFO 15060 --- [    Test worker] o.s.t.web.servlet.TestDispatcherServlet  : Initializing Servlet ''
2020-05-14 13:48:02.648  INFO 15060 --- [    Test worker] o.s.t.web.servlet.TestDispatcherServlet  : Completed initialization in 46 ms
2020-05-14 13:48:02.758  INFO 15060 --- [    Test worker] i.a.u.c.a.M.c.ShortPlanControllerTest    : Started ShortPlanControllerTest in 4.611 seconds (JVM running for 70.393)
]]></system-out>
  <system-err><![CDATA[]]></system-err>
</testsuite>
