<?xml version="1.0" encoding="UTF-8"?>
<testsuite name="id.ac.ui.cs.advprog.MyAc.service.LongPlanServiceImplTest" tests="2" skipped="0" failures="0" errors="0" timestamp="2020-05-14T07:59:49" hostname="LAPTOP-82VCQFF9" time="1.252">
  <properties/>
  <testcase name="whenFindAllIsCalledItShouldCallLongPlanRepositoryFindAll()" classname="id.ac.ui.cs.advprog.MyAc.service.LongPlanServiceImplTest" time="1.235"/>
  <testcase name="whenGetIsCalledItShouldCallLongPlanRepositoryFindById()" classname="id.ac.ui.cs.advprog.MyAc.service.LongPlanServiceImplTest" time="0.016"/>
  <system-out><![CDATA[]]></system-out>
  <system-err><![CDATA[]]></system-err>
</testsuite>
