<?xml version="1.0" encoding="UTF-8"?>
<testsuite name="id.ac.ui.cs.advprog.MyAc.controller.UserRegistrationControllerTest" tests="1" skipped="0" failures="0" errors="0" timestamp="2020-05-13T13:50:45" hostname="LAPTOP-82VCQFF9" time="0.332">
  <properties/>
  <testcase name="whenShowRegistrationFormCalledShouldReturnRegistrationFormPage()" classname="id.ac.ui.cs.advprog.MyAc.controller.UserRegistrationControllerTest" time="0.332"/>
  <system-out><![CDATA[2020-05-13 20:50:40.890  INFO 10340 --- [    Test worker] .b.t.a.w.s.WebMvcTestContextBootstrapper : Neither @ContextConfiguration nor @ContextHierarchy found for test class [id.ac.ui.cs.advprog.MyAc.controller.UserRegistrationControllerTest], using SpringBootContextLoader
2020-05-13 20:50:40.905  INFO 10340 --- [    Test worker] o.s.t.c.support.AbstractContextLoader    : Could not detect default resource locations for test class [id.ac.ui.cs.advprog.MyAc.controller.UserRegistrationControllerTest]: no resource found for suffixes {-context.xml, Context.groovy}.
2020-05-13 20:50:40.905  INFO 10340 --- [    Test worker] t.c.s.AnnotationConfigContextLoaderUtils : Could not detect default configuration classes for test class [id.ac.ui.cs.advprog.MyAc.controller.UserRegistrationControllerTest]: UserRegistrationControllerTest does not declare any static, non-private, non-final, nested classes annotated with @Configuration.
2020-05-13 20:50:40.937  INFO 10340 --- [    Test worker] .b.t.c.SpringBootTestContextBootstrapper : Found @SpringBootConfiguration id.ac.ui.cs.advprog.MyAc.MyAcApplication for test class id.ac.ui.cs.advprog.MyAc.controller.UserRegistrationControllerTest
2020-05-13 20:50:40.937  INFO 10340 --- [    Test worker] .b.t.a.w.s.WebMvcTestContextBootstrapper : Loaded default TestExecutionListener class names from location [META-INF/spring.factories]: [org.springframework.security.test.context.support.WithSecurityContextTestExecutionListener, org.springframework.security.test.context.support.ReactorContextTestExecutionListener, org.springframework.boot.test.autoconfigure.restdocs.RestDocsTestExecutionListener, org.springframework.boot.test.autoconfigure.web.client.MockRestServiceServerResetTestExecutionListener, org.springframework.boot.test.autoconfigure.web.servlet.MockMvcPrintOnlyOnFailureTestExecutionListener, org.springframework.boot.test.autoconfigure.web.servlet.WebDriverTestExecutionListener, org.springframework.boot.test.mock.mockito.MockitoTestExecutionListener, org.springframework.boot.test.mock.mockito.ResetMocksTestExecutionListener, org.springframework.test.context.web.ServletTestExecutionListener, org.springframework.test.context.support.DirtiesContextBeforeModesTestExecutionListener, org.springframework.test.context.support.DependencyInjectionTestExecutionListener, org.springframework.test.context.support.DirtiesContextTestExecutionListener, org.springframework.test.context.transaction.TransactionalTestExecutionListener, org.springframework.test.context.jdbc.SqlScriptsTestExecutionListener, org.springframework.test.context.event.EventPublishingTestExecutionListener]
2020-05-13 20:50:40.952  INFO 10340 --- [    Test worker] .b.t.a.w.s.WebMvcTestContextBootstrapper : Using TestExecutionListeners: [org.springframework.test.context.web.ServletTestExecutionListener@61a4c61d, org.springframework.test.context.support.DirtiesContextBeforeModesTestExecutionListener@69e4bd6e, org.springframework.boot.test.mock.mockito.MockitoTestExecutionListener@23d365a7, org.springframework.boot.test.autoconfigure.SpringBootDependencyInjectionTestExecutionListener@1decd2b2, org.springframework.test.context.support.DirtiesContextTestExecutionListener@5abf6b3c, org.springframework.test.context.transaction.TransactionalTestExecutionListener@16fcb2c8, org.springframework.test.context.jdbc.SqlScriptsTestExecutionListener@2e3a03ed, org.springframework.security.test.context.support.WithSecurityContextTestExecutionListener@55382dda, org.springframework.test.context.event.EventPublishingTestExecutionListener@74ff5aca, org.springframework.security.test.context.support.ReactorContextTestExecutionListener@7e6dc6f, org.springframework.boot.test.autoconfigure.restdocs.RestDocsTestExecutionListener@79bd8215, org.springframework.boot.test.autoconfigure.web.client.MockRestServiceServerResetTestExecutionListener@6dff3605, org.springframework.boot.test.autoconfigure.web.servlet.MockMvcPrintOnlyOnFailureTestExecutionListener@63d8087a, org.springframework.boot.test.autoconfigure.web.servlet.WebDriverTestExecutionListener@526cb5ca, org.springframework.boot.test.mock.mockito.ResetMocksTestExecutionListener@47d438b8]

  .   ____          _            __ _ _
 /\\ / ___'_ __ _ _(_)_ __  __ _ \ \ \ \
( ( )\___ | '_ | '_| | '_ \/ _` | \ \ \ \
 \\/  ___)| |_)| | | | | || (_| |  ) ) ) )
  '  |____| .__|_| |_|_| |_\__, | / / / /
 =========|_|==============|___/=/_/_/_/
 :: Spring Boot ::        (v2.2.4.RELEASE)

2020-05-13 20:50:41.109  INFO 10340 --- [    Test worker] u.c.a.M.c.UserRegistrationControllerTest : Starting UserRegistrationControllerTest on LAPTOP-82VCQFF9 with PID 10340 (started by Ali Irsyaad in C:\Users\Ali Irsyaad\OneDrive - UNIVERSITAS INDONESIA\Ali's Document\Semester 4\AdPro\myacademy\MyAc)
2020-05-13 20:50:41.109  INFO 10340 --- [    Test worker] u.c.a.M.c.UserRegistrationControllerTest : No active profile set, falling back to default profiles: default
2020-05-13 20:50:43.921  INFO 10340 --- [    Test worker] o.s.s.web.DefaultSecurityFilterChain     : Creating filter chain: any request, [org.springframework.security.web.context.request.async.WebAsyncManagerIntegrationFilter@65bb4c6b, org.springframework.security.web.context.SecurityContextPersistenceFilter@18d8f050, org.springframework.security.web.header.HeaderWriterFilter@2264f374, org.springframework.security.web.csrf.CsrfFilter@622a7468, org.springframework.security.web.authentication.logout.LogoutFilter@2916e383, org.springframework.security.web.authentication.UsernamePasswordAuthenticationFilter@9a15295, org.springframework.security.web.savedrequest.RequestCacheAwareFilter@58638291, org.springframework.security.web.servletapi.SecurityContextHolderAwareRequestFilter@5d1925ba, org.springframework.security.web.authentication.AnonymousAuthenticationFilter@1bf106f8, org.springframework.security.web.session.SessionManagementFilter@29605820, org.springframework.security.web.access.ExceptionTranslationFilter@28ad1ac0, org.springframework.security.web.access.intercept.FilterSecurityInterceptor@1c155fdc]
2020-05-13 20:50:44.484  INFO 10340 --- [    Test worker] o.s.s.concurrent.ThreadPoolTaskExecutor  : Initializing ExecutorService 'applicationTaskExecutor'
2020-05-13 20:50:44.609  INFO 10340 --- [    Test worker] o.s.b.a.w.s.WelcomePageHandlerMapping    : Adding welcome page template: index
2020-05-13 20:50:45.281  INFO 10340 --- [    Test worker] o.s.b.t.m.w.SpringBootMockServletContext : Initializing Spring TestDispatcherServlet ''
2020-05-13 20:50:45.281  INFO 10340 --- [    Test worker] o.s.t.web.servlet.TestDispatcherServlet  : Initializing Servlet ''
2020-05-13 20:50:45.312  INFO 10340 --- [    Test worker] o.s.t.web.servlet.TestDispatcherServlet  : Completed initialization in 31 ms
2020-05-13 20:50:45.374  INFO 10340 --- [    Test worker] u.c.a.M.c.UserRegistrationControllerTest : Started UserRegistrationControllerTest in 4.423 seconds (JVM running for 67.845)
]]></system-out>
  <system-err><![CDATA[]]></system-err>
</testsuite>
