<?xml version="1.0" encoding="UTF-8"?>
<testsuite name="id.ac.ui.cs.advprog.MyAc.controller.UserRegistrationControllerTest" tests="1" skipped="0" failures="0" errors="0" timestamp="2020-05-14T07:59:48" hostname="LAPTOP-82VCQFF9" time="0.858">
  <properties/>
  <testcase name="whenShowRegistrationFormCalledShouldReturnRegistrationFormPage()" classname="id.ac.ui.cs.advprog.MyAc.controller.UserRegistrationControllerTest" time="0.858"/>
  <system-out><![CDATA[2020-05-14 14:59:39.741  INFO 12040 --- [    Test worker] .b.t.a.w.s.WebMvcTestContextBootstrapper : Neither @ContextConfiguration nor @ContextHierarchy found for test class [id.ac.ui.cs.advprog.MyAc.controller.UserRegistrationControllerTest], using SpringBootContextLoader
2020-05-14 14:59:39.807  INFO 12040 --- [    Test worker] o.s.t.c.support.AbstractContextLoader    : Could not detect default resource locations for test class [id.ac.ui.cs.advprog.MyAc.controller.UserRegistrationControllerTest]: no resource found for suffixes {-context.xml, Context.groovy}.
2020-05-14 14:59:39.808  INFO 12040 --- [    Test worker] t.c.s.AnnotationConfigContextLoaderUtils : Could not detect default configuration classes for test class [id.ac.ui.cs.advprog.MyAc.controller.UserRegistrationControllerTest]: UserRegistrationControllerTest does not declare any static, non-private, non-final, nested classes annotated with @Configuration.
2020-05-14 14:59:39.829  INFO 12040 --- [    Test worker] .b.t.c.SpringBootTestContextBootstrapper : Found @SpringBootConfiguration id.ac.ui.cs.advprog.MyAc.MyAcApplication for test class id.ac.ui.cs.advprog.MyAc.controller.UserRegistrationControllerTest
2020-05-14 14:59:39.830  INFO 12040 --- [    Test worker] .b.t.a.w.s.WebMvcTestContextBootstrapper : Loaded default TestExecutionListener class names from location [META-INF/spring.factories]: [org.springframework.security.test.context.support.WithSecurityContextTestExecutionListener, org.springframework.security.test.context.support.ReactorContextTestExecutionListener, org.springframework.boot.test.autoconfigure.restdocs.RestDocsTestExecutionListener, org.springframework.boot.test.autoconfigure.web.client.MockRestServiceServerResetTestExecutionListener, org.springframework.boot.test.autoconfigure.web.servlet.MockMvcPrintOnlyOnFailureTestExecutionListener, org.springframework.boot.test.autoconfigure.web.servlet.WebDriverTestExecutionListener, org.springframework.boot.test.mock.mockito.MockitoTestExecutionListener, org.springframework.boot.test.mock.mockito.ResetMocksTestExecutionListener, org.springframework.test.context.web.ServletTestExecutionListener, org.springframework.test.context.support.DirtiesContextBeforeModesTestExecutionListener, org.springframework.test.context.support.DependencyInjectionTestExecutionListener, org.springframework.test.context.support.DirtiesContextTestExecutionListener, org.springframework.test.context.transaction.TransactionalTestExecutionListener, org.springframework.test.context.jdbc.SqlScriptsTestExecutionListener, org.springframework.test.context.event.EventPublishingTestExecutionListener]
2020-05-14 14:59:39.834  INFO 12040 --- [    Test worker] .b.t.a.w.s.WebMvcTestContextBootstrapper : Using TestExecutionListeners: [org.springframework.test.context.web.ServletTestExecutionListener@e1c93af, org.springframework.test.context.support.DirtiesContextBeforeModesTestExecutionListener@15eb1394, org.springframework.boot.test.mock.mockito.MockitoTestExecutionListener@65933917, org.springframework.boot.test.autoconfigure.SpringBootDependencyInjectionTestExecutionListener@2f19c7c9, org.springframework.test.context.support.DirtiesContextTestExecutionListener@45f2b86e, org.springframework.test.context.transaction.TransactionalTestExecutionListener@8c864f7, org.springframework.test.context.jdbc.SqlScriptsTestExecutionListener@74efaf78, org.springframework.security.test.context.support.WithSecurityContextTestExecutionListener@15a919a3, org.springframework.test.context.event.EventPublishingTestExecutionListener@45c8f2b0, org.springframework.security.test.context.support.ReactorContextTestExecutionListener@eecd922, org.springframework.boot.test.autoconfigure.restdocs.RestDocsTestExecutionListener@7f123e8, org.springframework.boot.test.autoconfigure.web.client.MockRestServiceServerResetTestExecutionListener@5a4856b4, org.springframework.boot.test.autoconfigure.web.servlet.MockMvcPrintOnlyOnFailureTestExecutionListener@5897723f, org.springframework.boot.test.autoconfigure.web.servlet.WebDriverTestExecutionListener@30da85c6, org.springframework.boot.test.mock.mockito.ResetMocksTestExecutionListener@3e3a1e56]

  .   ____          _            __ _ _
 /\\ / ___'_ __ _ _(_)_ __  __ _ \ \ \ \
( ( )\___ | '_ | '_| | '_ \/ _` | \ \ \ \
 \\/  ___)| |_)| | | | | || (_| |  ) ) ) )
  '  |____| .__|_| |_|_| |_\__, | / / / /
 =========|_|==============|___/=/_/_/_/
 :: Spring Boot ::        (v2.2.4.RELEASE)

2020-05-14 14:59:40.071  INFO 12040 --- [    Test worker] u.c.a.M.c.UserRegistrationControllerTest : Starting UserRegistrationControllerTest on LAPTOP-82VCQFF9 with PID 12040 (started by Ali Irsyaad in C:\Users\Ali Irsyaad\OneDrive - UNIVERSITAS INDONESIA\Ali's Document\Semester 4\AdPro\myacademy\MyAc)
2020-05-14 14:59:40.154  INFO 12040 --- [    Test worker] u.c.a.M.c.UserRegistrationControllerTest : No active profile set, falling back to default profiles: default
2020-05-14 14:59:45.154  INFO 12040 --- [    Test worker] o.s.s.web.DefaultSecurityFilterChain     : Creating filter chain: any request, [org.springframework.security.web.context.request.async.WebAsyncManagerIntegrationFilter@a715a5b, org.springframework.security.web.context.SecurityContextPersistenceFilter@30300fa5, org.springframework.security.web.header.HeaderWriterFilter@4ab17ece, org.springframework.security.web.csrf.CsrfFilter@24cd4683, org.springframework.security.web.authentication.logout.LogoutFilter@6b6fe35e, org.springframework.security.web.authentication.UsernamePasswordAuthenticationFilter@20030e4, org.springframework.security.web.savedrequest.RequestCacheAwareFilter@596d0e11, org.springframework.security.web.servletapi.SecurityContextHolderAwareRequestFilter@18eb5cfc, org.springframework.security.web.authentication.AnonymousAuthenticationFilter@429f4ae7, org.springframework.security.web.session.SessionManagementFilter@7e87b7a8, org.springframework.security.web.access.ExceptionTranslationFilter@2c68ab91, org.springframework.security.web.access.intercept.FilterSecurityInterceptor@1d850e64]
2020-05-14 14:59:46.151  INFO 12040 --- [    Test worker] o.s.s.concurrent.ThreadPoolTaskExecutor  : Initializing ExecutorService 'applicationTaskExecutor'
2020-05-14 14:59:46.376  INFO 12040 --- [    Test worker] o.s.b.a.w.s.WelcomePageHandlerMapping    : Adding welcome page template: index
2020-05-14 14:59:48.105  INFO 12040 --- [    Test worker] o.s.b.t.m.w.SpringBootMockServletContext : Initializing Spring TestDispatcherServlet ''
2020-05-14 14:59:48.106  INFO 12040 --- [    Test worker] o.s.t.web.servlet.TestDispatcherServlet  : Initializing Servlet ''
2020-05-14 14:59:48.160  INFO 12040 --- [    Test worker] o.s.t.web.servlet.TestDispatcherServlet  : Completed initialization in 53 ms
2020-05-14 14:59:48.254  INFO 12040 --- [    Test worker] u.c.a.M.c.UserRegistrationControllerTest : Started UserRegistrationControllerTest in 8.413 seconds (JVM running for 114.925)
]]></system-out>
  <system-err><![CDATA[]]></system-err>
</testsuite>
