<?xml version="1.0" encoding="UTF-8"?>
<testsuite name="id.ac.ui.cs.advprog.MyAc.controller.MainControllerTest" tests="3" skipped="0" failures="0" errors="0" timestamp="2020-05-13T14:58:29" hostname="LAPTOP-82VCQFF9" time="1.979">
  <properties/>
  <testcase name="whenLoginUrlAccessedShouldReturnLoginPage()" classname="id.ac.ui.cs.advprog.MyAc.controller.MainControllerTest" time="1.495"/>
  <testcase name="whenIndexUrlAccessedShouldReturnIndexPage()" classname="id.ac.ui.cs.advprog.MyAc.controller.MainControllerTest" time="0.137"/>
  <testcase name="whenHomeUrlAccessedShouldReturnHomePage()" classname="id.ac.ui.cs.advprog.MyAc.controller.MainControllerTest" time="0.242"/>
  <system-out><![CDATA[2020-05-13 21:58:19.185  INFO 4932 --- [    Test worker] .b.t.a.w.s.WebMvcTestContextBootstrapper : Neither @ContextConfiguration nor @ContextHierarchy found for test class [id.ac.ui.cs.advprog.MyAc.controller.MainControllerTest], using SpringBootContextLoader
2020-05-13 21:58:19.188  INFO 4932 --- [    Test worker] o.s.t.c.support.AbstractContextLoader    : Could not detect default resource locations for test class [id.ac.ui.cs.advprog.MyAc.controller.MainControllerTest]: no resource found for suffixes {-context.xml, Context.groovy}.
2020-05-13 21:58:19.195  INFO 4932 --- [    Test worker] t.c.s.AnnotationConfigContextLoaderUtils : Could not detect default configuration classes for test class [id.ac.ui.cs.advprog.MyAc.controller.MainControllerTest]: MainControllerTest does not declare any static, non-private, non-final, nested classes annotated with @Configuration.
2020-05-13 21:58:19.226  INFO 4932 --- [    Test worker] .b.t.c.SpringBootTestContextBootstrapper : Found @SpringBootConfiguration id.ac.ui.cs.advprog.MyAc.MyAcApplication for test class id.ac.ui.cs.advprog.MyAc.controller.MainControllerTest
2020-05-13 21:58:19.232  INFO 4932 --- [    Test worker] .b.t.a.w.s.WebMvcTestContextBootstrapper : Loaded default TestExecutionListener class names from location [META-INF/spring.factories]: [org.springframework.security.test.context.support.WithSecurityContextTestExecutionListener, org.springframework.security.test.context.support.ReactorContextTestExecutionListener, org.springframework.boot.test.autoconfigure.restdocs.RestDocsTestExecutionListener, org.springframework.boot.test.autoconfigure.web.client.MockRestServiceServerResetTestExecutionListener, org.springframework.boot.test.autoconfigure.web.servlet.MockMvcPrintOnlyOnFailureTestExecutionListener, org.springframework.boot.test.autoconfigure.web.servlet.WebDriverTestExecutionListener, org.springframework.boot.test.mock.mockito.MockitoTestExecutionListener, org.springframework.boot.test.mock.mockito.ResetMocksTestExecutionListener, org.springframework.test.context.web.ServletTestExecutionListener, org.springframework.test.context.support.DirtiesContextBeforeModesTestExecutionListener, org.springframework.test.context.support.DependencyInjectionTestExecutionListener, org.springframework.test.context.support.DirtiesContextTestExecutionListener, org.springframework.test.context.transaction.TransactionalTestExecutionListener, org.springframework.test.context.jdbc.SqlScriptsTestExecutionListener, org.springframework.test.context.event.EventPublishingTestExecutionListener]
2020-05-13 21:58:19.308  INFO 4932 --- [    Test worker] .b.t.a.w.s.WebMvcTestContextBootstrapper : Using TestExecutionListeners: [org.springframework.test.context.web.ServletTestExecutionListener@51ac20f8, org.springframework.test.context.support.DirtiesContextBeforeModesTestExecutionListener@571d78e, org.springframework.boot.test.mock.mockito.MockitoTestExecutionListener@47d191c7, org.springframework.boot.test.autoconfigure.SpringBootDependencyInjectionTestExecutionListener@7276865, org.springframework.test.context.support.DirtiesContextTestExecutionListener@37bc2399, org.springframework.test.context.transaction.TransactionalTestExecutionListener@3c7a4f47, org.springframework.test.context.jdbc.SqlScriptsTestExecutionListener@77eebea6, org.springframework.security.test.context.support.WithSecurityContextTestExecutionListener@4bb6847e, org.springframework.test.context.event.EventPublishingTestExecutionListener@1dc0d67a, org.springframework.security.test.context.support.ReactorContextTestExecutionListener@732ea2f2, org.springframework.boot.test.autoconfigure.restdocs.RestDocsTestExecutionListener@71b729bf, org.springframework.boot.test.autoconfigure.web.client.MockRestServiceServerResetTestExecutionListener@e5dc683, org.springframework.boot.test.autoconfigure.web.servlet.MockMvcPrintOnlyOnFailureTestExecutionListener@1535b234, org.springframework.boot.test.autoconfigure.web.servlet.WebDriverTestExecutionListener@138abb52, org.springframework.boot.test.mock.mockito.ResetMocksTestExecutionListener@5bb8824d]

  .   ____          _            __ _ _
 /\\ / ___'_ __ _ _(_)_ __  __ _ \ \ \ \
( ( )\___ | '_ | '_| | '_ \/ _` | \ \ \ \
 \\/  ___)| |_)| | | | | || (_| |  ) ) ) )
  '  |____| .__|_| |_|_| |_\__, | / / / /
 =========|_|==============|___/=/_/_/_/
 :: Spring Boot ::        (v2.2.4.RELEASE)

2020-05-13 21:58:19.741  INFO 4932 --- [    Test worker] i.a.u.c.a.M.c.MainControllerTest         : Starting MainControllerTest on LAPTOP-82VCQFF9 with PID 4932 (started by Ali Irsyaad in C:\Users\Ali Irsyaad\OneDrive - UNIVERSITAS INDONESIA\Ali's Document\Semester 4\AdPro\myacademy\MyAc)
2020-05-13 21:58:19.816  INFO 4932 --- [    Test worker] i.a.u.c.a.M.c.MainControllerTest         : No active profile set, falling back to default profiles: default
2020-05-13 21:58:25.049  INFO 4932 --- [    Test worker] o.s.s.web.DefaultSecurityFilterChain     : Creating filter chain: any request, [org.springframework.security.web.context.request.async.WebAsyncManagerIntegrationFilter@5306ba6d, org.springframework.security.web.context.SecurityContextPersistenceFilter@450da31d, org.springframework.security.web.header.HeaderWriterFilter@f120455, org.springframework.security.web.csrf.CsrfFilter@6e07e59, org.springframework.security.web.authentication.logout.LogoutFilter@657bcaf8, org.springframework.security.web.authentication.UsernamePasswordAuthenticationFilter@1388c287, org.springframework.security.web.savedrequest.RequestCacheAwareFilter@421c706c, org.springframework.security.web.servletapi.SecurityContextHolderAwareRequestFilter@5d33e4d6, org.springframework.security.web.authentication.AnonymousAuthenticationFilter@407d9eba, org.springframework.security.web.session.SessionManagementFilter@401a1ff1, org.springframework.security.web.access.ExceptionTranslationFilter@563a358d, org.springframework.security.web.access.intercept.FilterSecurityInterceptor@59aed2a8]
2020-05-13 21:58:26.706  INFO 4932 --- [    Test worker] o.s.s.concurrent.ThreadPoolTaskExecutor  : Initializing ExecutorService 'applicationTaskExecutor'
2020-05-13 21:58:26.981  INFO 4932 --- [    Test worker] o.s.b.a.w.s.WelcomePageHandlerMapping    : Adding welcome page template: index
2020-05-13 21:58:28.954  INFO 4932 --- [    Test worker] o.s.b.t.m.w.SpringBootMockServletContext : Initializing Spring TestDispatcherServlet ''
2020-05-13 21:58:28.965  INFO 4932 --- [    Test worker] o.s.t.web.servlet.TestDispatcherServlet  : Initializing Servlet ''
2020-05-13 21:58:29.068  INFO 4932 --- [    Test worker] o.s.t.web.servlet.TestDispatcherServlet  : Completed initialization in 99 ms
2020-05-13 21:58:29.237  INFO 4932 --- [    Test worker] i.a.u.c.a.M.c.MainControllerTest         : Started MainControllerTest in 9.907 seconds (JVM running for 91.512)
]]></system-out>
  <system-err><![CDATA[]]></system-err>
</testsuite>
