<?xml version="1.0" encoding="UTF-8"?>
<testsuite name="id.ac.ui.cs.advprog.MyAc.controller.MainControllerTest" tests="3" skipped="0" failures="0" errors="0" timestamp="2020-05-12T06:44:18" hostname="DESKTOP-VVI2B95" time="0.392">
  <properties/>
  <testcase name="whenLoginUrlAccessedShouldReturnLoginPage()" classname="id.ac.ui.cs.advprog.MyAc.controller.MainControllerTest" time="0.354"/>
  <testcase name="whenIndexUrlAccessedShouldReturnIndexPage()" classname="id.ac.ui.cs.advprog.MyAc.controller.MainControllerTest" time="0.015"/>
  <testcase name="whenHomeUrlAccessedShouldReturnHomePage()" classname="id.ac.ui.cs.advprog.MyAc.controller.MainControllerTest" time="0.018"/>
  <system-out><![CDATA[2020-05-11 23:44:17.698  INFO 6368 --- [    Test worker] .b.t.a.w.s.WebMvcTestContextBootstrapper : Neither @ContextConfiguration nor @ContextHierarchy found for test class [id.ac.ui.cs.advprog.MyAc.controller.MainControllerTest], using SpringBootContextLoader
2020-05-11 23:44:17.698  INFO 6368 --- [    Test worker] o.s.t.c.support.AbstractContextLoader    : Could not detect default resource locations for test class [id.ac.ui.cs.advprog.MyAc.controller.MainControllerTest]: no resource found for suffixes {-context.xml, Context.groovy}.
2020-05-11 23:44:17.698  INFO 6368 --- [    Test worker] t.c.s.AnnotationConfigContextLoaderUtils : Could not detect default configuration classes for test class [id.ac.ui.cs.advprog.MyAc.controller.MainControllerTest]: MainControllerTest does not declare any static, non-private, non-final, nested classes annotated with @Configuration.
2020-05-11 23:44:17.698  INFO 6368 --- [    Test worker] .b.t.c.SpringBootTestContextBootstrapper : Found @SpringBootConfiguration id.ac.ui.cs.advprog.MyAc.MyAcApplication for test class id.ac.ui.cs.advprog.MyAc.controller.MainControllerTest
2020-05-11 23:44:17.698  INFO 6368 --- [    Test worker] .b.t.a.w.s.WebMvcTestContextBootstrapper : Loaded default TestExecutionListener class names from location [META-INF/spring.factories]: [org.springframework.security.test.context.support.WithSecurityContextTestExecutionListener, org.springframework.security.test.context.support.ReactorContextTestExecutionListener, org.springframework.boot.test.autoconfigure.restdocs.RestDocsTestExecutionListener, org.springframework.boot.test.autoconfigure.web.client.MockRestServiceServerResetTestExecutionListener, org.springframework.boot.test.autoconfigure.web.servlet.MockMvcPrintOnlyOnFailureTestExecutionListener, org.springframework.boot.test.autoconfigure.web.servlet.WebDriverTestExecutionListener, org.springframework.boot.test.mock.mockito.MockitoTestExecutionListener, org.springframework.boot.test.mock.mockito.ResetMocksTestExecutionListener, org.springframework.test.context.web.ServletTestExecutionListener, org.springframework.test.context.support.DirtiesContextBeforeModesTestExecutionListener, org.springframework.test.context.support.DependencyInjectionTestExecutionListener, org.springframework.test.context.support.DirtiesContextTestExecutionListener, org.springframework.test.context.transaction.TransactionalTestExecutionListener, org.springframework.test.context.jdbc.SqlScriptsTestExecutionListener, org.springframework.test.context.event.EventPublishingTestExecutionListener]
2020-05-11 23:44:17.698  INFO 6368 --- [    Test worker] .b.t.a.w.s.WebMvcTestContextBootstrapper : Using TestExecutionListeners: [org.springframework.test.context.web.ServletTestExecutionListener@20f18e17, org.springframework.test.context.support.DirtiesContextBeforeModesTestExecutionListener@58b06114, org.springframework.boot.test.mock.mockito.MockitoTestExecutionListener@28ad5fe1, org.springframework.boot.test.autoconfigure.SpringBootDependencyInjectionTestExecutionListener@6d52e6a8, org.springframework.test.context.support.DirtiesContextTestExecutionListener@417f4c23, org.springframework.test.context.transaction.TransactionalTestExecutionListener@1a9c3dd9, org.springframework.test.context.jdbc.SqlScriptsTestExecutionListener@580c3b3c, org.springframework.security.test.context.support.WithSecurityContextTestExecutionListener@2211e133, org.springframework.test.context.event.EventPublishingTestExecutionListener@19b4bf06, org.springframework.security.test.context.support.ReactorContextTestExecutionListener@623d3b1c, org.springframework.boot.test.autoconfigure.restdocs.RestDocsTestExecutionListener@5b5129bc, org.springframework.boot.test.autoconfigure.web.client.MockRestServiceServerResetTestExecutionListener@7664439c, org.springframework.boot.test.autoconfigure.web.servlet.MockMvcPrintOnlyOnFailureTestExecutionListener@4a948ed9, org.springframework.boot.test.autoconfigure.web.servlet.WebDriverTestExecutionListener@417aa94c, org.springframework.boot.test.mock.mockito.ResetMocksTestExecutionListener@13b46416]

  .   ____          _            __ _ _
 /\\ / ___'_ __ _ _(_)_ __  __ _ \ \ \ \
( ( )\___ | '_ | '_| | '_ \/ _` | \ \ \ \
 \\/  ___)| |_)| | | | | || (_| |  ) ) ) )
  '  |____| .__|_| |_|_| |_\__, | / / / /
 =========|_|==============|___/=/_/_/_/
 :: Spring Boot ::        (v2.2.4.RELEASE)

2020-05-11 23:44:17.761  INFO 6368 --- [    Test worker] i.a.u.c.a.M.c.MainControllerTest         : Starting MainControllerTest on DESKTOP-VVI2B95 with PID 6368 (started by USER in D:\Project\myacademy\myacademy\MyAc)
2020-05-11 23:44:17.777  INFO 6368 --- [    Test worker] i.a.u.c.a.M.c.MainControllerTest         : No active profile set, falling back to default profiles: default
2020-05-11 23:44:18.333  INFO 6368 --- [    Test worker] o.s.s.web.DefaultSecurityFilterChain     : Creating filter chain: any request, [org.springframework.security.web.context.request.async.WebAsyncManagerIntegrationFilter@5068da06, org.springframework.security.web.context.SecurityContextPersistenceFilter@54b78777, org.springframework.security.web.header.HeaderWriterFilter@5fbaa29f, org.springframework.security.web.csrf.CsrfFilter@426c5242, org.springframework.security.web.authentication.logout.LogoutFilter@1f6fb5c8, org.springframework.security.web.authentication.UsernamePasswordAuthenticationFilter@4893ab6c, org.springframework.security.web.savedrequest.RequestCacheAwareFilter@4054ce6f, org.springframework.security.web.servletapi.SecurityContextHolderAwareRequestFilter@4af022a0, org.springframework.security.web.authentication.AnonymousAuthenticationFilter@6d34584d, org.springframework.security.web.session.SessionManagementFilter@74e935ea, org.springframework.security.web.access.ExceptionTranslationFilter@2356f42a, org.springframework.security.web.access.intercept.FilterSecurityInterceptor@2f0501d7]
2020-05-11 23:44:18.536  INFO 6368 --- [    Test worker] o.s.s.concurrent.ThreadPoolTaskExecutor  : Initializing ExecutorService 'applicationTaskExecutor'
2020-05-11 23:44:18.583  INFO 6368 --- [    Test worker] o.s.b.a.w.s.WelcomePageHandlerMapping    : Adding welcome page template: index
2020-05-11 23:44:18.786  INFO 6368 --- [    Test worker] o.s.b.t.m.w.SpringBootMockServletContext : Initializing Spring TestDispatcherServlet ''
2020-05-11 23:44:18.786  INFO 6368 --- [    Test worker] o.s.t.web.servlet.TestDispatcherServlet  : Initializing Servlet ''
2020-05-11 23:44:18.806  INFO 6368 --- [    Test worker] o.s.t.web.servlet.TestDispatcherServlet  : Completed initialization in 20 ms
2020-05-11 23:44:18.832  INFO 6368 --- [    Test worker] i.a.u.c.a.M.c.MainControllerTest         : Started MainControllerTest in 1.118 seconds (JVM running for 12.188)
]]></system-out>
  <system-err><![CDATA[]]></system-err>
</testsuite>
