<?xml version="1.0" encoding="UTF-8"?>
<testsuite name="id.ac.ui.cs.advprog.MyAc.controller.ShortPlanControllerTest" tests="1" skipped="0" failures="0" errors="0" timestamp="2020-05-04T06:50:51" hostname="DESKTOP-VVI2B95" time="0.18">
  <properties/>
  <testcase name="testWhenComponentListURLIsAccessedItShouldContainCorrectDefaultComponentModel()" classname="id.ac.ui.cs.advprog.MyAc.controller.ShortPlanControllerTest" time="0.18"/>
  <system-out><![CDATA[2020-05-03 23:50:50.649  INFO 15332 --- [    Test worker] .b.t.a.w.s.WebMvcTestContextBootstrapper : Neither @ContextConfiguration nor @ContextHierarchy found for test class [id.ac.ui.cs.advprog.MyAc.controller.ShortPlanControllerTest], using SpringBootContextLoader
2020-05-03 23:50:50.650  INFO 15332 --- [    Test worker] o.s.t.c.support.AbstractContextLoader    : Could not detect default resource locations for test class [id.ac.ui.cs.advprog.MyAc.controller.ShortPlanControllerTest]: no resource found for suffixes {-context.xml, Context.groovy}.
2020-05-03 23:50:50.651  INFO 15332 --- [    Test worker] t.c.s.AnnotationConfigContextLoaderUtils : Could not detect default configuration classes for test class [id.ac.ui.cs.advprog.MyAc.controller.ShortPlanControllerTest]: ShortPlanControllerTest does not declare any static, non-private, non-final, nested classes annotated with @Configuration.
2020-05-03 23:50:50.658  INFO 15332 --- [    Test worker] .b.t.c.SpringBootTestContextBootstrapper : Found @SpringBootConfiguration id.ac.ui.cs.advprog.MyAc.MyAcApplication for test class id.ac.ui.cs.advprog.MyAc.controller.ShortPlanControllerTest
2020-05-03 23:50:50.659  INFO 15332 --- [    Test worker] .b.t.a.w.s.WebMvcTestContextBootstrapper : Loaded default TestExecutionListener class names from location [META-INF/spring.factories]: [org.springframework.security.test.context.support.WithSecurityContextTestExecutionListener, org.springframework.security.test.context.support.ReactorContextTestExecutionListener, org.springframework.boot.test.autoconfigure.restdocs.RestDocsTestExecutionListener, org.springframework.boot.test.autoconfigure.web.client.MockRestServiceServerResetTestExecutionListener, org.springframework.boot.test.autoconfigure.web.servlet.MockMvcPrintOnlyOnFailureTestExecutionListener, org.springframework.boot.test.autoconfigure.web.servlet.WebDriverTestExecutionListener, org.springframework.boot.test.mock.mockito.MockitoTestExecutionListener, org.springframework.boot.test.mock.mockito.ResetMocksTestExecutionListener, org.springframework.test.context.web.ServletTestExecutionListener, org.springframework.test.context.support.DirtiesContextBeforeModesTestExecutionListener, org.springframework.test.context.support.DependencyInjectionTestExecutionListener, org.springframework.test.context.support.DirtiesContextTestExecutionListener, org.springframework.test.context.transaction.TransactionalTestExecutionListener, org.springframework.test.context.jdbc.SqlScriptsTestExecutionListener, org.springframework.test.context.event.EventPublishingTestExecutionListener]
2020-05-03 23:50:50.662  INFO 15332 --- [    Test worker] .b.t.a.w.s.WebMvcTestContextBootstrapper : Using TestExecutionListeners: [org.springframework.test.context.web.ServletTestExecutionListener@5009d6f7, org.springframework.test.context.support.DirtiesContextBeforeModesTestExecutionListener@597ee8f1, org.springframework.boot.test.mock.mockito.MockitoTestExecutionListener@39da09b7, org.springframework.boot.test.autoconfigure.SpringBootDependencyInjectionTestExecutionListener@536293d3, org.springframework.test.context.support.DirtiesContextTestExecutionListener@4dc24926, org.springframework.test.context.transaction.TransactionalTestExecutionListener@6355190f, org.springframework.test.context.jdbc.SqlScriptsTestExecutionListener@a2b2363, org.springframework.security.test.context.support.WithSecurityContextTestExecutionListener@4d90d5fe, org.springframework.test.context.event.EventPublishingTestExecutionListener@12442e13, org.springframework.security.test.context.support.ReactorContextTestExecutionListener@5992d035, org.springframework.boot.test.autoconfigure.restdocs.RestDocsTestExecutionListener@af1d05f, org.springframework.boot.test.autoconfigure.web.client.MockRestServiceServerResetTestExecutionListener@4105cbda, org.springframework.boot.test.autoconfigure.web.servlet.MockMvcPrintOnlyOnFailureTestExecutionListener@7202515f, org.springframework.boot.test.autoconfigure.web.servlet.WebDriverTestExecutionListener@3dde2452, org.springframework.boot.test.mock.mockito.ResetMocksTestExecutionListener@3929789e]

  .   ____          _            __ _ _
 /\\ / ___'_ __ _ _(_)_ __  __ _ \ \ \ \
( ( )\___ | '_ | '_| | '_ \/ _` | \ \ \ \
 \\/  ___)| |_)| | | | | || (_| |  ) ) ) )
  '  |____| .__|_| |_|_| |_\__, | / / / /
 =========|_|==============|___/=/_/_/_/
 :: Spring Boot ::        (v2.2.4.RELEASE)

2020-05-03 23:50:50.702  INFO 15332 --- [    Test worker] i.a.u.c.a.M.c.ShortPlanControllerTest    : Starting ShortPlanControllerTest on DESKTOP-VVI2B95 with PID 15332 (started by USER in D:\Project\myacademy fix\myacademy\MyAc)
2020-05-03 23:50:50.702  INFO 15332 --- [    Test worker] i.a.u.c.a.M.c.ShortPlanControllerTest    : No active profile set, falling back to default profiles: default
2020-05-03 23:50:51.327  INFO 15332 --- [    Test worker] o.s.s.concurrent.ThreadPoolTaskExecutor  : Initializing ExecutorService 'applicationTaskExecutor'
2020-05-03 23:50:51.579  INFO 15332 --- [    Test worker] .s.s.UserDetailsServiceAutoConfiguration : 

Using generated security password: 1f1dcdfd-4738-452d-b529-96a817453dc4

2020-05-03 23:50:51.710  INFO 15332 --- [    Test worker] o.s.s.web.DefaultSecurityFilterChain     : Creating filter chain: any request, [org.springframework.security.web.context.request.async.WebAsyncManagerIntegrationFilter@58c61f8, org.springframework.security.web.context.SecurityContextPersistenceFilter@1a6417a6, org.springframework.security.web.header.HeaderWriterFilter@c2950db, org.springframework.security.web.csrf.CsrfFilter@7163a045, org.springframework.security.web.authentication.logout.LogoutFilter@41ddb1b, org.springframework.security.web.authentication.UsernamePasswordAuthenticationFilter@705bf97, org.springframework.security.web.authentication.ui.DefaultLoginPageGeneratingFilter@4db435cb, org.springframework.security.web.authentication.ui.DefaultLogoutPageGeneratingFilter@7c538e70, org.springframework.security.web.authentication.www.BasicAuthenticationFilter@68850cbc, org.springframework.security.web.savedrequest.RequestCacheAwareFilter@32883623, org.springframework.security.web.servletapi.SecurityContextHolderAwareRequestFilter@74611721, org.springframework.security.web.authentication.AnonymousAuthenticationFilter@56807f6a, org.springframework.security.web.session.SessionManagementFilter@7669f0a6, org.springframework.security.web.access.ExceptionTranslationFilter@4359e2f, org.springframework.security.web.access.intercept.FilterSecurityInterceptor@37e9d9e0]
2020-05-03 23:50:51.730  INFO 15332 --- [    Test worker] o.s.b.t.m.w.SpringBootMockServletContext : Initializing Spring TestDispatcherServlet ''
2020-05-03 23:50:51.738  INFO 15332 --- [    Test worker] o.s.t.web.servlet.TestDispatcherServlet  : Initializing Servlet ''
2020-05-03 23:50:51.740  INFO 15332 --- [    Test worker] o.s.t.web.servlet.TestDispatcherServlet  : Completed initialization in 2 ms
2020-05-03 23:50:51.758  INFO 15332 --- [    Test worker] i.a.u.c.a.M.c.ShortPlanControllerTest    : Started ShortPlanControllerTest in 1.097 seconds (JVM running for 13.035)
]]></system-out>
  <system-err><![CDATA[]]></system-err>
</testsuite>
