<?xml version="1.0" encoding="UTF-8"?>
<testsuite name="id.ac.ui.cs.advprog.MyAc.controller.PostControllerTest" tests="1" skipped="0" failures="0" errors="0" timestamp="2020-05-14T08:08:23" hostname="LAPTOP-82VCQFF9" time="1.074">
  <properties/>
  <testcase name="whenAddUrlIsAccessedItShouldContainNewPost()" classname="id.ac.ui.cs.advprog.MyAc.controller.PostControllerTest" time="1.074"/>
  <system-out><![CDATA[2020-05-14 15:08:15.860  INFO 7340 --- [    Test worker] .b.t.a.w.s.WebMvcTestContextBootstrapper : Neither @ContextConfiguration nor @ContextHierarchy found for test class [id.ac.ui.cs.advprog.MyAc.controller.PostControllerTest], using SpringBootContextLoader
2020-05-14 15:08:15.866  INFO 7340 --- [    Test worker] o.s.t.c.support.AbstractContextLoader    : Could not detect default resource locations for test class [id.ac.ui.cs.advprog.MyAc.controller.PostControllerTest]: no resource found for suffixes {-context.xml, Context.groovy}.
2020-05-14 15:08:15.866  INFO 7340 --- [    Test worker] t.c.s.AnnotationConfigContextLoaderUtils : Could not detect default configuration classes for test class [id.ac.ui.cs.advprog.MyAc.controller.PostControllerTest]: PostControllerTest does not declare any static, non-private, non-final, nested classes annotated with @Configuration.
2020-05-14 15:08:16.030  INFO 7340 --- [    Test worker] .b.t.c.SpringBootTestContextBootstrapper : Found @SpringBootConfiguration id.ac.ui.cs.advprog.MyAc.MyAcApplication for test class id.ac.ui.cs.advprog.MyAc.controller.PostControllerTest
2020-05-14 15:08:16.036  INFO 7340 --- [    Test worker] .b.t.a.w.s.WebMvcTestContextBootstrapper : Loaded default TestExecutionListener class names from location [META-INF/spring.factories]: [org.springframework.security.test.context.support.WithSecurityContextTestExecutionListener, org.springframework.security.test.context.support.ReactorContextTestExecutionListener, org.springframework.boot.test.autoconfigure.restdocs.RestDocsTestExecutionListener, org.springframework.boot.test.autoconfigure.web.client.MockRestServiceServerResetTestExecutionListener, org.springframework.boot.test.autoconfigure.web.servlet.MockMvcPrintOnlyOnFailureTestExecutionListener, org.springframework.boot.test.autoconfigure.web.servlet.WebDriverTestExecutionListener, org.springframework.boot.test.mock.mockito.MockitoTestExecutionListener, org.springframework.boot.test.mock.mockito.ResetMocksTestExecutionListener, org.springframework.test.context.web.ServletTestExecutionListener, org.springframework.test.context.support.DirtiesContextBeforeModesTestExecutionListener, org.springframework.test.context.support.DependencyInjectionTestExecutionListener, org.springframework.test.context.support.DirtiesContextTestExecutionListener, org.springframework.test.context.transaction.TransactionalTestExecutionListener, org.springframework.test.context.jdbc.SqlScriptsTestExecutionListener, org.springframework.test.context.event.EventPublishingTestExecutionListener]
2020-05-14 15:08:16.040  INFO 7340 --- [    Test worker] .b.t.a.w.s.WebMvcTestContextBootstrapper : Using TestExecutionListeners: [org.springframework.test.context.web.ServletTestExecutionListener@5866b148, org.springframework.test.context.support.DirtiesContextBeforeModesTestExecutionListener@2a6f553e, org.springframework.boot.test.mock.mockito.MockitoTestExecutionListener@af0ffda, org.springframework.boot.test.autoconfigure.SpringBootDependencyInjectionTestExecutionListener@726018f8, org.springframework.test.context.support.DirtiesContextTestExecutionListener@1fe10b0d, org.springframework.test.context.transaction.TransactionalTestExecutionListener@4f776b6a, org.springframework.test.context.jdbc.SqlScriptsTestExecutionListener@42f44371, org.springframework.security.test.context.support.WithSecurityContextTestExecutionListener@3021240f, org.springframework.test.context.event.EventPublishingTestExecutionListener@278fe865, org.springframework.security.test.context.support.ReactorContextTestExecutionListener@5357ebc5, org.springframework.boot.test.autoconfigure.restdocs.RestDocsTestExecutionListener@33d8c515, org.springframework.boot.test.autoconfigure.web.client.MockRestServiceServerResetTestExecutionListener@a609e3d, org.springframework.boot.test.autoconfigure.web.servlet.MockMvcPrintOnlyOnFailureTestExecutionListener@527483d4, org.springframework.boot.test.autoconfigure.web.servlet.WebDriverTestExecutionListener@3e91439c, org.springframework.boot.test.mock.mockito.ResetMocksTestExecutionListener@4b94c936]

  .   ____          _            __ _ _
 /\\ / ___'_ __ _ _(_)_ __  __ _ \ \ \ \
( ( )\___ | '_ | '_| | '_ \/ _` | \ \ \ \
 \\/  ___)| |_)| | | | | || (_| |  ) ) ) )
  '  |____| .__|_| |_|_| |_\__, | / / / /
 =========|_|==============|___/=/_/_/_/
 :: Spring Boot ::        (v2.2.4.RELEASE)

2020-05-14 15:08:16.438  INFO 7340 --- [    Test worker] i.a.u.c.a.M.c.PostControllerTest         : Starting PostControllerTest on LAPTOP-82VCQFF9 with PID 7340 (started by Ali Irsyaad in C:\Users\Ali Irsyaad\OneDrive - UNIVERSITAS INDONESIA\Ali's Document\Semester 4\AdPro\myacademy\MyAc)
2020-05-14 15:08:16.451  INFO 7340 --- [    Test worker] i.a.u.c.a.M.c.PostControllerTest         : No active profile set, falling back to default profiles: default
2020-05-14 15:08:19.811  INFO 7340 --- [    Test worker] o.s.s.web.DefaultSecurityFilterChain     : Creating filter chain: any request, [org.springframework.security.web.context.request.async.WebAsyncManagerIntegrationFilter@70c7bb29, org.springframework.security.web.context.SecurityContextPersistenceFilter@116f03d0, org.springframework.security.web.header.HeaderWriterFilter@2cb59ce, org.springframework.security.web.csrf.CsrfFilter@3b528bf7, org.springframework.security.web.authentication.logout.LogoutFilter@3036d2c7, org.springframework.security.web.authentication.UsernamePasswordAuthenticationFilter@1859b854, org.springframework.security.web.savedrequest.RequestCacheAwareFilter@56bfd5c2, org.springframework.security.web.servletapi.SecurityContextHolderAwareRequestFilter@e62e3f2, org.springframework.security.web.authentication.AnonymousAuthenticationFilter@5e757510, org.springframework.security.web.session.SessionManagementFilter@3ecd2acd, org.springframework.security.web.access.ExceptionTranslationFilter@60823fc, org.springframework.security.web.access.intercept.FilterSecurityInterceptor@324b893a]
2020-05-14 15:08:21.279  INFO 7340 --- [    Test worker] o.s.s.concurrent.ThreadPoolTaskExecutor  : Initializing ExecutorService 'applicationTaskExecutor'
2020-05-14 15:08:21.554  INFO 7340 --- [    Test worker] o.s.b.a.w.s.WelcomePageHandlerMapping    : Adding welcome page template: index
2020-05-14 15:08:22.847  INFO 7340 --- [    Test worker] o.s.b.t.m.w.SpringBootMockServletContext : Initializing Spring TestDispatcherServlet ''
2020-05-14 15:08:22.849  INFO 7340 --- [    Test worker] o.s.t.web.servlet.TestDispatcherServlet  : Initializing Servlet ''
2020-05-14 15:08:23.022  INFO 7340 --- [    Test worker] o.s.t.web.servlet.TestDispatcherServlet  : Completed initialization in 171 ms
2020-05-14 15:08:23.226  INFO 7340 --- [    Test worker] i.a.u.c.a.M.c.PostControllerTest         : Started PostControllerTest in 7.175 seconds (JVM running for 102.729)
]]></system-out>
  <system-err><![CDATA[]]></system-err>
</testsuite>
