<?xml version="1.0" encoding="UTF-8"?>
<<<<<<< HEAD
<testsuite name="id.ac.ui.cs.advprog.MyAc.model.UserTest" tests="8" skipped="0" failures="0" errors="0" timestamp="2020-05-12T06:44:23" hostname="DESKTOP-VVI2B95" time="0.019">
  <properties/>
  <testcase name="testSetPassword()" classname="id.ac.ui.cs.advprog.MyAc.model.UserTest" time="0.001"/>
  <testcase name="testGetPassword()" classname="id.ac.ui.cs.advprog.MyAc.model.UserTest" time="0.001"/>
  <testcase name="testGetEmail()" classname="id.ac.ui.cs.advprog.MyAc.model.UserTest" time="0.0"/>
  <testcase name="testSetFirstName()" classname="id.ac.ui.cs.advprog.MyAc.model.UserTest" time="0.001"/>
  <testcase name="testSetLastName()" classname="id.ac.ui.cs.advprog.MyAc.model.UserTest" time="0.001"/>
  <testcase name="testGetLastName()" classname="id.ac.ui.cs.advprog.MyAc.model.UserTest" time="0.001"/>
  <testcase name="testGetFirstName()" classname="id.ac.ui.cs.advprog.MyAc.model.UserTest" time="0.001"/>
  <testcase name="testSetEmail()" classname="id.ac.ui.cs.advprog.MyAc.model.UserTest" time="0.001"/>
=======
<testsuite name="id.ac.ui.cs.advprog.MyAc.model.UserTest" tests="8" skipped="0" failures="0" errors="0" timestamp="2020-05-13T13:50:46" hostname="LAPTOP-82VCQFF9" time="0.141">
  <properties/>
  <testcase name="testSetPassword()" classname="id.ac.ui.cs.advprog.MyAc.model.UserTest" time="0.003"/>
  <testcase name="testGetPassword()" classname="id.ac.ui.cs.advprog.MyAc.model.UserTest" time="0.002"/>
  <testcase name="testGetEmail()" classname="id.ac.ui.cs.advprog.MyAc.model.UserTest" time="0.004"/>
  <testcase name="testSetFirstName()" classname="id.ac.ui.cs.advprog.MyAc.model.UserTest" time="0.002"/>
  <testcase name="testSetLastName()" classname="id.ac.ui.cs.advprog.MyAc.model.UserTest" time="0.002"/>
  <testcase name="testGetLastName()" classname="id.ac.ui.cs.advprog.MyAc.model.UserTest" time="0.002"/>
  <testcase name="testGetFirstName()" classname="id.ac.ui.cs.advprog.MyAc.model.UserTest" time="0.003"/>
  <testcase name="testSetEmail()" classname="id.ac.ui.cs.advprog.MyAc.model.UserTest" time="0.011"/>
>>>>>>> ali
  <system-out><![CDATA[]]></system-out>
  <system-err><![CDATA[]]></system-err>
</testsuite>
