<?xml version="1.0" encoding="UTF-8"?>
<testsuite name="id.ac.ui.cs.advprog.MyAc.controller.PostControllerTest" tests="1" skipped="0" failures="0" errors="0" timestamp="2020-05-14T07:32:49" hostname="LAPTOP-930TCP7M" time="0.089">
  <properties/>
  <testcase name="whenAddUrlIsAccessedItShouldContainNewPost()" classname="id.ac.ui.cs.advprog.MyAc.controller.PostControllerTest" time="0.089"/>
  <system-out><![CDATA[2020-05-14 14:32:47.661  INFO 23072 --- [    Test worker] .b.t.a.w.s.WebMvcTestContextBootstrapper : Neither @ContextConfiguration nor @ContextHierarchy found for test class [id.ac.ui.cs.advprog.MyAc.controller.PostControllerTest], using SpringBootContextLoader
2020-05-14 14:32:47.665  INFO 23072 --- [    Test worker] o.s.t.c.support.AbstractContextLoader    : Could not detect default resource locations for test class [id.ac.ui.cs.advprog.MyAc.controller.PostControllerTest]: no resource found for suffixes {-context.xml, Context.groovy}.
2020-05-14 14:32:47.666  INFO 23072 --- [    Test worker] t.c.s.AnnotationConfigContextLoaderUtils : Could not detect default configuration classes for test class [id.ac.ui.cs.advprog.MyAc.controller.PostControllerTest]: PostControllerTest does not declare any static, non-private, non-final, nested classes annotated with @Configuration.
2020-05-14 14:32:47.678  INFO 23072 --- [    Test worker] .b.t.c.SpringBootTestContextBootstrapper : Found @SpringBootConfiguration id.ac.ui.cs.advprog.MyAc.MyAcApplication for test class id.ac.ui.cs.advprog.MyAc.controller.PostControllerTest
2020-05-14 14:32:47.679  INFO 23072 --- [    Test worker] .b.t.a.w.s.WebMvcTestContextBootstrapper : Loaded default TestExecutionListener class names from location [META-INF/spring.factories]: [org.springframework.security.test.context.support.WithSecurityContextTestExecutionListener, org.springframework.security.test.context.support.ReactorContextTestExecutionListener, org.springframework.boot.test.autoconfigure.restdocs.RestDocsTestExecutionListener, org.springframework.boot.test.autoconfigure.web.client.MockRestServiceServerResetTestExecutionListener, org.springframework.boot.test.autoconfigure.web.servlet.MockMvcPrintOnlyOnFailureTestExecutionListener, org.springframework.boot.test.autoconfigure.web.servlet.WebDriverTestExecutionListener, org.springframework.boot.test.mock.mockito.MockitoTestExecutionListener, org.springframework.boot.test.mock.mockito.ResetMocksTestExecutionListener, org.springframework.test.context.web.ServletTestExecutionListener, org.springframework.test.context.support.DirtiesContextBeforeModesTestExecutionListener, org.springframework.test.context.support.DependencyInjectionTestExecutionListener, org.springframework.test.context.support.DirtiesContextTestExecutionListener, org.springframework.test.context.transaction.TransactionalTestExecutionListener, org.springframework.test.context.jdbc.SqlScriptsTestExecutionListener, org.springframework.test.context.event.EventPublishingTestExecutionListener]
2020-05-14 14:32:47.681  INFO 23072 --- [    Test worker] .b.t.a.w.s.WebMvcTestContextBootstrapper : Using TestExecutionListeners: [org.springframework.test.context.web.ServletTestExecutionListener@4b6940c, org.springframework.test.context.support.DirtiesContextBeforeModesTestExecutionListener@223feda0, org.springframework.boot.test.mock.mockito.MockitoTestExecutionListener@4e7df2d4, org.springframework.boot.test.autoconfigure.SpringBootDependencyInjectionTestExecutionListener@5afda65d, org.springframework.test.context.support.DirtiesContextTestExecutionListener@6a5b5ffa, org.springframework.test.context.transaction.TransactionalTestExecutionListener@37d4edfc, org.springframework.test.context.jdbc.SqlScriptsTestExecutionListener@169e4280, org.springframework.security.test.context.support.WithSecurityContextTestExecutionListener@2166c140, org.springframework.test.context.event.EventPublishingTestExecutionListener@1172ee19, org.springframework.security.test.context.support.ReactorContextTestExecutionListener@1d94ac6, org.springframework.boot.test.autoconfigure.restdocs.RestDocsTestExecutionListener@65b7923f, org.springframework.boot.test.autoconfigure.web.client.MockRestServiceServerResetTestExecutionListener@72cc3308, org.springframework.boot.test.autoconfigure.web.servlet.MockMvcPrintOnlyOnFailureTestExecutionListener@74c8196e, org.springframework.boot.test.autoconfigure.web.servlet.WebDriverTestExecutionListener@3f0ce24b, org.springframework.boot.test.mock.mockito.ResetMocksTestExecutionListener@66f3a9ff]

  .   ____          _            __ _ _
 /\\ / ___'_ __ _ _(_)_ __  __ _ \ \ \ \
( ( )\___ | '_ | '_| | '_ \/ _` | \ \ \ \
 \\/  ___)| |_)| | | | | || (_| |  ) ) ) )
  '  |____| .__|_| |_|_| |_\__, | / / / /
 =========|_|==============|___/=/_/_/_/
 :: Spring Boot ::        (v2.2.4.RELEASE)

2020-05-14 14:32:47.815  INFO 23072 --- [    Test worker] i.a.u.c.a.M.c.PostControllerTest         : Starting PostControllerTest on LAPTOP-930TCP7M with PID 23072 (started by Gafi Irfandi in C:\Users\Gafi Irfandi\OneDrive\Documents\Semester 4\AdPro\MyAcClone\myacademy\MyAc)
2020-05-14 14:32:47.816  INFO 23072 --- [    Test worker] i.a.u.c.a.M.c.PostControllerTest         : No active profile set, falling back to default profiles: default
2020-05-14 14:32:48.577  INFO 23072 --- [    Test worker] o.s.s.web.DefaultSecurityFilterChain     : Creating filter chain: any request, [org.springframework.security.web.context.request.async.WebAsyncManagerIntegrationFilter@53ec3806, org.springframework.security.web.context.SecurityContextPersistenceFilter@1117c69b, org.springframework.security.web.header.HeaderWriterFilter@3a67bb7c, org.springframework.security.web.csrf.CsrfFilter@367b991f, org.springframework.security.web.authentication.logout.LogoutFilter@593b8ecd, org.springframework.security.web.authentication.UsernamePasswordAuthenticationFilter@33d8f8ed, org.springframework.security.web.savedrequest.RequestCacheAwareFilter@7a95a339, org.springframework.security.web.servletapi.SecurityContextHolderAwareRequestFilter@7dae5b4c, org.springframework.security.web.authentication.AnonymousAuthenticationFilter@45a80e2b, org.springframework.security.web.session.SessionManagementFilter@7bce1b9c, org.springframework.security.web.access.ExceptionTranslationFilter@9d7e8e, org.springframework.security.web.access.intercept.FilterSecurityInterceptor@1bd207cc]
2020-05-14 14:32:48.821  INFO 23072 --- [    Test worker] o.s.s.concurrent.ThreadPoolTaskExecutor  : Initializing ExecutorService 'applicationTaskExecutor'
2020-05-14 14:32:48.868  INFO 23072 --- [    Test worker] o.s.b.a.w.s.WelcomePageHandlerMapping    : Adding welcome page template: index
2020-05-14 14:32:49.144  INFO 23072 --- [    Test worker] o.s.b.t.m.w.SpringBootMockServletContext : Initializing Spring TestDispatcherServlet ''
2020-05-14 14:32:49.145  INFO 23072 --- [    Test worker] o.s.t.web.servlet.TestDispatcherServlet  : Initializing Servlet ''
2020-05-14 14:32:49.166  INFO 23072 --- [    Test worker] o.s.t.web.servlet.TestDispatcherServlet  : Completed initialization in 21 ms
2020-05-14 14:32:49.190  INFO 23072 --- [    Test worker] i.a.u.c.a.M.c.PostControllerTest         : Started PostControllerTest in 1.504 seconds (JVM running for 14.319)
]]></system-out>
  <system-err><![CDATA[]]></system-err>
</testsuite>
