<?xml version="1.0" encoding="UTF-8"?>
<testsuite name="id.ac.ui.cs.advprog.MyAc.controller.MainControllerTest" tests="3" skipped="0" failures="0" errors="0" timestamp="2020-05-14T06:23:44" hostname="LAPTOP-82VCQFF9" time="1.009">
  <properties/>
  <testcase name="whenLoginUrlAccessedShouldReturnLoginPage()" classname="id.ac.ui.cs.advprog.MyAc.controller.MainControllerTest" time="0.786"/>
  <testcase name="whenIndexUrlAccessedShouldReturnIndexPage()" classname="id.ac.ui.cs.advprog.MyAc.controller.MainControllerTest" time="0.102"/>
  <testcase name="whenHomeUrlAccessedShouldReturnHomePage()" classname="id.ac.ui.cs.advprog.MyAc.controller.MainControllerTest" time="0.099"/>
  <system-out><![CDATA[2020-05-14 13:23:38.496  INFO 15112 --- [    Test worker] .b.t.a.w.s.WebMvcTestContextBootstrapper : Neither @ContextConfiguration nor @ContextHierarchy found for test class [id.ac.ui.cs.advprog.MyAc.controller.MainControllerTest], using SpringBootContextLoader
2020-05-14 13:23:38.512  INFO 15112 --- [    Test worker] o.s.t.c.support.AbstractContextLoader    : Could not detect default resource locations for test class [id.ac.ui.cs.advprog.MyAc.controller.MainControllerTest]: no resource found for suffixes {-context.xml, Context.groovy}.
2020-05-14 13:23:38.512  INFO 15112 --- [    Test worker] t.c.s.AnnotationConfigContextLoaderUtils : Could not detect default configuration classes for test class [id.ac.ui.cs.advprog.MyAc.controller.MainControllerTest]: MainControllerTest does not declare any static, non-private, non-final, nested classes annotated with @Configuration.
2020-05-14 13:23:38.527  INFO 15112 --- [    Test worker] .b.t.c.SpringBootTestContextBootstrapper : Found @SpringBootConfiguration id.ac.ui.cs.advprog.MyAc.MyAcApplication for test class id.ac.ui.cs.advprog.MyAc.controller.MainControllerTest
2020-05-14 13:23:38.527  INFO 15112 --- [    Test worker] .b.t.a.w.s.WebMvcTestContextBootstrapper : Loaded default TestExecutionListener class names from location [META-INF/spring.factories]: [org.springframework.security.test.context.support.WithSecurityContextTestExecutionListener, org.springframework.security.test.context.support.ReactorContextTestExecutionListener, org.springframework.boot.test.autoconfigure.restdocs.RestDocsTestExecutionListener, org.springframework.boot.test.autoconfigure.web.client.MockRestServiceServerResetTestExecutionListener, org.springframework.boot.test.autoconfigure.web.servlet.MockMvcPrintOnlyOnFailureTestExecutionListener, org.springframework.boot.test.autoconfigure.web.servlet.WebDriverTestExecutionListener, org.springframework.boot.test.mock.mockito.MockitoTestExecutionListener, org.springframework.boot.test.mock.mockito.ResetMocksTestExecutionListener, org.springframework.test.context.web.ServletTestExecutionListener, org.springframework.test.context.support.DirtiesContextBeforeModesTestExecutionListener, org.springframework.test.context.support.DependencyInjectionTestExecutionListener, org.springframework.test.context.support.DirtiesContextTestExecutionListener, org.springframework.test.context.transaction.TransactionalTestExecutionListener, org.springframework.test.context.jdbc.SqlScriptsTestExecutionListener, org.springframework.test.context.event.EventPublishingTestExecutionListener]
2020-05-14 13:23:38.543  INFO 15112 --- [    Test worker] .b.t.a.w.s.WebMvcTestContextBootstrapper : Using TestExecutionListeners: [org.springframework.test.context.web.ServletTestExecutionListener@3d23613e, org.springframework.test.context.support.DirtiesContextBeforeModesTestExecutionListener@3e896a, org.springframework.boot.test.mock.mockito.MockitoTestExecutionListener@73769dab, org.springframework.boot.test.autoconfigure.SpringBootDependencyInjectionTestExecutionListener@216e6c1d, org.springframework.test.context.support.DirtiesContextTestExecutionListener@7e2c39f, org.springframework.test.context.transaction.TransactionalTestExecutionListener@73636fd0, org.springframework.test.context.jdbc.SqlScriptsTestExecutionListener@34bf2fd2, org.springframework.security.test.context.support.WithSecurityContextTestExecutionListener@6663b3dc, org.springframework.test.context.event.EventPublishingTestExecutionListener@778c7ab4, org.springframework.security.test.context.support.ReactorContextTestExecutionListener@1f79867a, org.springframework.boot.test.autoconfigure.restdocs.RestDocsTestExecutionListener@52f5ebf8, org.springframework.boot.test.autoconfigure.web.client.MockRestServiceServerResetTestExecutionListener@29735f29, org.springframework.boot.test.autoconfigure.web.servlet.MockMvcPrintOnlyOnFailureTestExecutionListener@3d3ec969, org.springframework.boot.test.autoconfigure.web.servlet.WebDriverTestExecutionListener@6e27c2e2, org.springframework.boot.test.mock.mockito.ResetMocksTestExecutionListener@13f05ef5]

  .   ____          _            __ _ _
 /\\ / ___'_ __ _ _(_)_ __  __ _ \ \ \ \
( ( )\___ | '_ | '_| | '_ \/ _` | \ \ \ \
 \\/  ___)| |_)| | | | | || (_| |  ) ) ) )
  '  |____| .__|_| |_|_| |_\__, | / / / /
 =========|_|==============|___/=/_/_/_/
 :: Spring Boot ::        (v2.2.4.RELEASE)

2020-05-14 13:23:38.840  INFO 15112 --- [    Test worker] i.a.u.c.a.M.c.MainControllerTest         : Starting MainControllerTest on LAPTOP-82VCQFF9 with PID 15112 (started by Ali Irsyaad in C:\Users\Ali Irsyaad\OneDrive - UNIVERSITAS INDONESIA\Ali's Document\Semester 4\AdPro\myacademy\MyAc)
2020-05-14 13:23:38.840  INFO 15112 --- [    Test worker] i.a.u.c.a.M.c.MainControllerTest         : No active profile set, falling back to default profiles: default
2020-05-14 13:23:41.668  INFO 15112 --- [    Test worker] o.s.s.web.DefaultSecurityFilterChain     : Creating filter chain: any request, [org.springframework.security.web.context.request.async.WebAsyncManagerIntegrationFilter@6ae36d03, org.springframework.security.web.context.SecurityContextPersistenceFilter@3da3b577, org.springframework.security.web.header.HeaderWriterFilter@2a9c293f, org.springframework.security.web.csrf.CsrfFilter@45d4f71, org.springframework.security.web.authentication.logout.LogoutFilter@5c6b9b0b, org.springframework.security.web.authentication.UsernamePasswordAuthenticationFilter@60de3f0a, org.springframework.security.web.savedrequest.RequestCacheAwareFilter@3e4a3cf6, org.springframework.security.web.servletapi.SecurityContextHolderAwareRequestFilter@75543fd1, org.springframework.security.web.authentication.AnonymousAuthenticationFilter@7ab0a536, org.springframework.security.web.session.SessionManagementFilter@536b5eac, org.springframework.security.web.access.ExceptionTranslationFilter@648cfcc1, org.springframework.security.web.access.intercept.FilterSecurityInterceptor@152588d]
2020-05-14 13:23:42.715  INFO 15112 --- [    Test worker] o.s.s.concurrent.ThreadPoolTaskExecutor  : Initializing ExecutorService 'applicationTaskExecutor'
2020-05-14 13:23:42.887  INFO 15112 --- [    Test worker] o.s.b.a.w.s.WelcomePageHandlerMapping    : Adding welcome page template: index
2020-05-14 13:23:43.856  INFO 15112 --- [    Test worker] o.s.b.t.m.w.SpringBootMockServletContext : Initializing Spring TestDispatcherServlet ''
2020-05-14 13:23:43.856  INFO 15112 --- [    Test worker] o.s.t.web.servlet.TestDispatcherServlet  : Initializing Servlet ''
2020-05-14 13:23:43.918  INFO 15112 --- [    Test worker] o.s.t.web.servlet.TestDispatcherServlet  : Completed initialization in 62 ms
2020-05-14 13:23:44.028  INFO 15112 --- [    Test worker] i.a.u.c.a.M.c.MainControllerTest         : Started MainControllerTest in 5.454 seconds (JVM running for 42.644)
]]></system-out>
  <system-err><![CDATA[]]></system-err>
</testsuite>
