<?xml version="1.0" encoding="UTF-8"?>
<testsuite name="id.ac.ui.cs.advprog.MyAc.controller.ForumControllerTest" tests="1" skipped="0" failures="0" errors="0" timestamp="2020-05-14T08:07:44" hostname="LAPTOP-82VCQFF9" time="4.408">
  <properties/>
  <testcase name="whenForumUrlIsAccessedItShouldContainCorrectPostList()" classname="id.ac.ui.cs.advprog.MyAc.controller.ForumControllerTest" time="4.408"/>
  <system-out><![CDATA[15:07:03.651 [Test worker] DEBUG org.springframework.test.context.BootstrapUtils - Instantiating CacheAwareContextLoaderDelegate from class [org.springframework.test.context.cache.DefaultCacheAwareContextLoaderDelegate]
15:07:03.984 [Test worker] DEBUG org.springframework.test.context.BootstrapUtils - Instantiating BootstrapContext using constructor [public org.springframework.test.context.support.DefaultBootstrapContext(java.lang.Class,org.springframework.test.context.CacheAwareContextLoaderDelegate)]
15:07:04.488 [Test worker] DEBUG org.springframework.test.context.BootstrapUtils - Instantiating TestContextBootstrapper for test class [id.ac.ui.cs.advprog.MyAc.controller.ForumControllerTest] from class [org.springframework.boot.test.autoconfigure.web.servlet.WebMvcTestContextBootstrapper]
15:07:04.859 [Test worker] INFO org.springframework.boot.test.autoconfigure.web.servlet.WebMvcTestContextBootstrapper - Neither @ContextConfiguration nor @ContextHierarchy found for test class [id.ac.ui.cs.advprog.MyAc.controller.ForumControllerTest], using SpringBootContextLoader
15:07:04.919 [Test worker] DEBUG org.springframework.test.context.support.AbstractContextLoader - Did not detect default resource location for test class [id.ac.ui.cs.advprog.MyAc.controller.ForumControllerTest]: class path resource [id/ac/ui/cs/advprog/MyAc/controller/ForumControllerTest-context.xml] does not exist
15:07:04.927 [Test worker] DEBUG org.springframework.test.context.support.AbstractContextLoader - Did not detect default resource location for test class [id.ac.ui.cs.advprog.MyAc.controller.ForumControllerTest]: class path resource [id/ac/ui/cs/advprog/MyAc/controller/ForumControllerTestContext.groovy] does not exist
15:07:04.939 [Test worker] INFO org.springframework.test.context.support.AbstractContextLoader - Could not detect default resource locations for test class [id.ac.ui.cs.advprog.MyAc.controller.ForumControllerTest]: no resource found for suffixes {-context.xml, Context.groovy}.
15:07:05.032 [Test worker] INFO org.springframework.test.context.support.AnnotationConfigContextLoaderUtils - Could not detect default configuration classes for test class [id.ac.ui.cs.advprog.MyAc.controller.ForumControllerTest]: ForumControllerTest does not declare any static, non-private, non-final, nested classes annotated with @Configuration.
15:07:05.921 [Test worker] DEBUG org.springframework.test.context.support.ActiveProfilesUtils - Could not find an 'annotation declaring class' for annotation type [org.springframework.test.context.ActiveProfiles] and class [id.ac.ui.cs.advprog.MyAc.controller.ForumControllerTest]
15:07:07.141 [Test worker] DEBUG org.springframework.context.annotation.ClassPathScanningCandidateComponentProvider - Identified candidate component class: file [C:\Users\Ali Irsyaad\OneDrive - UNIVERSITAS INDONESIA\Ali's Document\Semester 4\AdPro\myacademy\MyAc\build\classes\java\main\id\ac\ui\cs\advprog\MyAc\MyAcApplication.class]
15:07:07.147 [Test worker] INFO org.springframework.boot.test.context.SpringBootTestContextBootstrapper - Found @SpringBootConfiguration id.ac.ui.cs.advprog.MyAc.MyAcApplication for test class id.ac.ui.cs.advprog.MyAc.controller.ForumControllerTest
15:07:07.159 [Test worker] DEBUG org.springframework.boot.test.autoconfigure.web.servlet.WebMvcTestContextBootstrapper - @TestExecutionListeners is not present for class [id.ac.ui.cs.advprog.MyAc.controller.ForumControllerTest]: using defaults.
15:07:07.166 [Test worker] INFO org.springframework.boot.test.autoconfigure.web.servlet.WebMvcTestContextBootstrapper - Loaded default TestExecutionListener class names from location [META-INF/spring.factories]: [org.springframework.security.test.context.support.WithSecurityContextTestExecutionListener, org.springframework.security.test.context.support.ReactorContextTestExecutionListener, org.springframework.boot.test.autoconfigure.restdocs.RestDocsTestExecutionListener, org.springframework.boot.test.autoconfigure.web.client.MockRestServiceServerResetTestExecutionListener, org.springframework.boot.test.autoconfigure.web.servlet.MockMvcPrintOnlyOnFailureTestExecutionListener, org.springframework.boot.test.autoconfigure.web.servlet.WebDriverTestExecutionListener, org.springframework.boot.test.mock.mockito.MockitoTestExecutionListener, org.springframework.boot.test.mock.mockito.ResetMocksTestExecutionListener, org.springframework.test.context.web.ServletTestExecutionListener, org.springframework.test.context.support.DirtiesContextBeforeModesTestExecutionListener, org.springframework.test.context.support.DependencyInjectionTestExecutionListener, org.springframework.test.context.support.DirtiesContextTestExecutionListener, org.springframework.test.context.transaction.TransactionalTestExecutionListener, org.springframework.test.context.jdbc.SqlScriptsTestExecutionListener, org.springframework.test.context.event.EventPublishingTestExecutionListener]
15:07:07.458 [Test worker] INFO org.springframework.boot.test.autoconfigure.web.servlet.WebMvcTestContextBootstrapper - Using TestExecutionListeners: [org.springframework.test.context.web.ServletTestExecutionListener@e099c04, org.springframework.test.context.support.DirtiesContextBeforeModesTestExecutionListener@4ee7d443, org.springframework.boot.test.mock.mockito.MockitoTestExecutionListener@2e82fee4, org.springframework.boot.test.autoconfigure.SpringBootDependencyInjectionTestExecutionListener@6278a794, org.springframework.test.context.support.DirtiesContextTestExecutionListener@2053ee63, org.springframework.test.context.transaction.TransactionalTestExecutionListener@506663e6, org.springframework.test.context.jdbc.SqlScriptsTestExecutionListener@69aac2d0, org.springframework.security.test.context.support.WithSecurityContextTestExecutionListener@4ec99c76, org.springframework.test.context.event.EventPublishingTestExecutionListener@7156533a, org.springframework.security.test.context.support.ReactorContextTestExecutionListener@124c77a5, org.springframework.boot.test.autoconfigure.restdocs.RestDocsTestExecutionListener@2d4f8b7e, org.springframework.boot.test.autoconfigure.web.client.MockRestServiceServerResetTestExecutionListener@2fe7988d, org.springframework.boot.test.autoconfigure.web.servlet.MockMvcPrintOnlyOnFailureTestExecutionListener@6cebd1c8, org.springframework.boot.test.autoconfigure.web.servlet.WebDriverTestExecutionListener@1d6b62af, org.springframework.boot.test.mock.mockito.ResetMocksTestExecutionListener@4cae1e07]
15:07:07.568 [Test worker] DEBUG org.springframework.test.context.support.AbstractDirtiesContextTestExecutionListener - Before test class: context [DefaultTestContext@a8609b7 testClass = ForumControllerTest, testInstance = [null], testMethod = [null], testException = [null], mergedContextConfiguration = [WebMergedContextConfiguration@3d050257 testClass = ForumControllerTest, locations = '{}', classes = '{class id.ac.ui.cs.advprog.MyAc.MyAcApplication}', contextInitializerClasses = '[]', activeProfiles = '{}', propertySourceLocations = '{}', propertySourceProperties = '{org.springframework.boot.test.autoconfigure.web.servlet.WebMvcTestContextBootstrapper=true}', contextCustomizers = set[org.springframework.boot.test.autoconfigure.OverrideAutoConfigurationContextCustomizerFactory$DisableAutoConfigurationContextCustomizer@4ab16054, org.springframework.boot.test.autoconfigure.filter.TypeExcludeFiltersContextCustomizer@d7b034f5, org.springframework.boot.test.autoconfigure.properties.PropertyMappingContextCustomizer@3a8103af, org.springframework.boot.test.autoconfigure.web.servlet.WebDriverContextCustomizerFactory$Customizer@3036fe71, [ImportsContextCustomizer@43c1d110 key = [org.springframework.boot.autoconfigure.cache.CacheAutoConfiguration, org.springframework.boot.autoconfigure.context.MessageSourceAutoConfiguration, org.springframework.boot.autoconfigure.data.web.SpringDataWebAutoConfiguration, org.springframework.boot.autoconfigure.freemarker.FreeMarkerAutoConfiguration, org.springframework.boot.autoconfigure.groovy.template.GroovyTemplateAutoConfiguration, org.springframework.boot.autoconfigure.gson.GsonAutoConfiguration, org.springframework.boot.autoconfigure.hateoas.HypermediaAutoConfiguration, org.springframework.boot.autoconfigure.http.HttpMessageConvertersAutoConfiguration, org.springframework.boot.autoconfigure.jackson.JacksonAutoConfiguration, org.springframework.boot.autoconfigure.jsonb.JsonbAutoConfiguration, org.springframework.boot.autoconfigure.mustache.MustacheAutoConfiguration, org.springframework.boot.autoconfigure.task.TaskExecutionAutoConfiguration, org.springframework.boot.autoconfigure.thymeleaf.ThymeleafAutoConfiguration, org.springframework.boot.autoconfigure.validation.ValidationAutoConfiguration, org.springframework.boot.autoconfigure.web.servlet.error.ErrorMvcAutoConfiguration, org.springframework.boot.autoconfigure.web.servlet.WebMvcAutoConfiguration, org.springframework.boot.test.autoconfigure.web.servlet.MockMvcAutoConfiguration, org.springframework.boot.test.autoconfigure.web.servlet.MockMvcWebClientAutoConfiguration, org.springframework.boot.test.autoconfigure.web.servlet.MockMvcWebDriverAutoConfiguration, org.springframework.boot.autoconfigure.security.servlet.SecurityAutoConfiguration, org.springframework.boot.autoconfigure.security.servlet.UserDetailsServiceAutoConfiguration, org.springframework.boot.test.autoconfigure.web.servlet.MockMvcSecurityConfiguration]], org.springframework.boot.test.context.filter.ExcludeFilterContextCustomizer@1c18d06f, org.springframework.boot.test.json.DuplicateJsonObjectContextCustomizerFactory$DuplicateJsonObjectContextCustomizer@39af8e90, org.springframework.boot.test.mock.mockito.MockitoContextCustomizer@4acea6a8], resourceBasePath = 'src/main/webapp', contextLoader = 'org.springframework.boot.test.context.SpringBootContextLoader', parent = [null]], attributes = map[[empty]]], class annotated with @DirtiesContext [false] with mode [null].
15:07:08.817 [Test worker] DEBUG org.springframework.test.context.support.TestPropertySourceUtils - Adding inlined properties to environment: {spring.jmx.enabled=false, org.springframework.boot.test.autoconfigure.web.servlet.WebMvcTestContextBootstrapper=true, server.port=-1}

  .   ____          _            __ _ _
 /\\ / ___'_ __ _ _(_)_ __  __ _ \ \ \ \
( ( )\___ | '_ | '_| | '_ \/ _` | \ \ \ \
 \\/  ___)| |_)| | | | | || (_| |  ) ) ) )
  '  |____| .__|_| |_|_| |_\__, | / / / /
 =========|_|==============|___/=/_/_/_/
 :: Spring Boot ::        (v2.2.4.RELEASE)

2020-05-14 15:07:14.232  INFO 7340 --- [    Test worker] i.a.u.c.a.M.c.ForumControllerTest        : Starting ForumControllerTest on LAPTOP-82VCQFF9 with PID 7340 (started by Ali Irsyaad in C:\Users\Ali Irsyaad\OneDrive - UNIVERSITAS INDONESIA\Ali's Document\Semester 4\AdPro\myacademy\MyAc)
2020-05-14 15:07:14.244  INFO 7340 --- [    Test worker] i.a.u.c.a.M.c.ForumControllerTest        : No active profile set, falling back to default profiles: default
2020-05-14 15:07:36.629  INFO 7340 --- [    Test worker] o.s.s.web.DefaultSecurityFilterChain     : Creating filter chain: any request, [org.springframework.security.web.context.request.async.WebAsyncManagerIntegrationFilter@76e177d7, org.springframework.security.web.context.SecurityContextPersistenceFilter@4e900e58, org.springframework.security.web.header.HeaderWriterFilter@16848370, org.springframework.security.web.csrf.CsrfFilter@67e2afb, org.springframework.security.web.authentication.logout.LogoutFilter@63a6fead, org.springframework.security.web.authentication.UsernamePasswordAuthenticationFilter@531be799, org.springframework.security.web.savedrequest.RequestCacheAwareFilter@54c8249a, org.springframework.security.web.servletapi.SecurityContextHolderAwareRequestFilter@7ce1be8f, org.springframework.security.web.authentication.AnonymousAuthenticationFilter@6c241ae0, org.springframework.security.web.session.SessionManagementFilter@7b00020, org.springframework.security.web.access.ExceptionTranslationFilter@6fadbbce, org.springframework.security.web.access.intercept.FilterSecurityInterceptor@4e7d0904]
2020-05-14 15:07:39.147  INFO 7340 --- [    Test worker] o.s.s.concurrent.ThreadPoolTaskExecutor  : Initializing ExecutorService 'applicationTaskExecutor'
2020-05-14 15:07:40.009  INFO 7340 --- [    Test worker] o.s.b.a.w.s.WelcomePageHandlerMapping    : Adding welcome page template: index
2020-05-14 15:07:43.340  INFO 7340 --- [    Test worker] o.s.b.t.m.w.SpringBootMockServletContext : Initializing Spring TestDispatcherServlet ''
2020-05-14 15:07:43.343  INFO 7340 --- [    Test worker] o.s.t.web.servlet.TestDispatcherServlet  : Initializing Servlet ''
2020-05-14 15:07:43.601  INFO 7340 --- [    Test worker] o.s.t.web.servlet.TestDispatcherServlet  : Completed initialization in 257 ms
2020-05-14 15:07:44.361  INFO 7340 --- [    Test worker] i.a.u.c.a.M.c.ForumControllerTest        : Started ForumControllerTest in 35.291 seconds (JVM running for 63.864)
]]></system-out>
  <system-err><![CDATA[]]></system-err>
</testsuite>
