<?xml version="1.0" encoding="UTF-8"?>
<testsuite name="id.ac.ui.cs.advprog.MyAc.model.RoleTest" tests="2" skipped="0" failures="0" errors="0" timestamp="2020-05-14T08:08:40" hostname="LAPTOP-82VCQFF9" time="0.009">
  <properties/>
  <testcase name="testGetName()" classname="id.ac.ui.cs.advprog.MyAc.model.RoleTest" time="0.003"/>
  <testcase name="testSetName()" classname="id.ac.ui.cs.advprog.MyAc.model.RoleTest" time="0.004"/>
  <system-out><![CDATA[]]></system-out>
  <system-err><![CDATA[]]></system-err>
</testsuite>
