<?xml version="1.0" encoding="UTF-8"?>
<testsuite name="id.ac.ui.cs.advprog.MyAc.model.LongPlanTest" tests="3" skipped="0" failures="0" errors="0" timestamp="2020-05-14T06:24:01" hostname="LAPTOP-82VCQFF9" time="0.019">
  <properties/>
  <testcase name="testGetId()" classname="id.ac.ui.cs.advprog.MyAc.model.LongPlanTest" time="0.004"/>
  <testcase name="testGetNamaLongPlan()" classname="id.ac.ui.cs.advprog.MyAc.model.LongPlanTest" time="0.004"/>
  <testcase name="testGetKodeUser()" classname="id.ac.ui.cs.advprog.MyAc.model.LongPlanTest" time="0.005"/>
  <system-out><![CDATA[]]></system-out>
  <system-err><![CDATA[]]></system-err>
</testsuite>
