<?xml version="1.0" encoding="UTF-8"?>
<testsuite name="id.ac.ui.cs.advprog.MyAc.model.RoleTest" tests="2" skipped="0" failures="0" errors="0" timestamp="2020-05-04T06:50:52" hostname="DESKTOP-VVI2B95" time="0.003">
  <properties/>
  <testcase name="testGetName()" classname="id.ac.ui.cs.advprog.MyAc.model.RoleTest" time="0.001"/>
  <testcase name="testSetName()" classname="id.ac.ui.cs.advprog.MyAc.model.RoleTest" time="0.001"/>
  <system-out><![CDATA[]]></system-out>
  <system-err><![CDATA[]]></system-err>
</testsuite>
