<?xml version="1.0" encoding="UTF-8"?>
<testsuite name="id.ac.ui.cs.advprog.MyAc.controller.ShortPlanControllerTest" tests="1" skipped="0" failures="0" errors="0" timestamp="2020-05-14T22:38:29" hostname="DESKTOP-VVI2B95" time="0.049">
  <properties/>
  <testcase name="testWhenComponentListURLIsAccessedItShouldContainCorrectDefaultComponentModel()" classname="id.ac.ui.cs.advprog.MyAc.controller.ShortPlanControllerTest" time="0.049"/>
  <system-out><![CDATA[2020-05-14 15:38:28.132  INFO 18852 --- [    Test worker] .b.t.a.w.s.WebMvcTestContextBootstrapper : Neither @ContextConfiguration nor @ContextHierarchy found for test class [id.ac.ui.cs.advprog.MyAc.controller.ShortPlanControllerTest], using SpringBootContextLoader
2020-05-14 15:38:28.133  INFO 18852 --- [    Test worker] o.s.t.c.support.AbstractContextLoader    : Could not detect default resource locations for test class [id.ac.ui.cs.advprog.MyAc.controller.ShortPlanControllerTest]: no resource found for suffixes {-context.xml, Context.groovy}.
2020-05-14 15:38:28.133  INFO 18852 --- [    Test worker] t.c.s.AnnotationConfigContextLoaderUtils : Could not detect default configuration classes for test class [id.ac.ui.cs.advprog.MyAc.controller.ShortPlanControllerTest]: ShortPlanControllerTest does not declare any static, non-private, non-final, nested classes annotated with @Configuration.
2020-05-14 15:38:28.138  INFO 18852 --- [    Test worker] .b.t.c.SpringBootTestContextBootstrapper : Found @SpringBootConfiguration id.ac.ui.cs.advprog.MyAc.MyAcApplication for test class id.ac.ui.cs.advprog.MyAc.controller.ShortPlanControllerTest
2020-05-14 15:38:28.138  INFO 18852 --- [    Test worker] .b.t.a.w.s.WebMvcTestContextBootstrapper : Loaded default TestExecutionListener class names from location [META-INF/spring.factories]: [org.springframework.security.test.context.support.WithSecurityContextTestExecutionListener, org.springframework.security.test.context.support.ReactorContextTestExecutionListener, org.springframework.boot.test.autoconfigure.restdocs.RestDocsTestExecutionListener, org.springframework.boot.test.autoconfigure.web.client.MockRestServiceServerResetTestExecutionListener, org.springframework.boot.test.autoconfigure.web.servlet.MockMvcPrintOnlyOnFailureTestExecutionListener, org.springframework.boot.test.autoconfigure.web.servlet.WebDriverTestExecutionListener, org.springframework.boot.test.mock.mockito.MockitoTestExecutionListener, org.springframework.boot.test.mock.mockito.ResetMocksTestExecutionListener, org.springframework.test.context.web.ServletTestExecutionListener, org.springframework.test.context.support.DirtiesContextBeforeModesTestExecutionListener, org.springframework.test.context.support.DependencyInjectionTestExecutionListener, org.springframework.test.context.support.DirtiesContextTestExecutionListener, org.springframework.test.context.transaction.TransactionalTestExecutionListener, org.springframework.test.context.jdbc.SqlScriptsTestExecutionListener, org.springframework.test.context.event.EventPublishingTestExecutionListener]
2020-05-14 15:38:28.140  INFO 18852 --- [    Test worker] .b.t.a.w.s.WebMvcTestContextBootstrapper : Using TestExecutionListeners: [org.springframework.test.context.web.ServletTestExecutionListener@34ab9e75, org.springframework.test.context.support.DirtiesContextBeforeModesTestExecutionListener@1020f6be, org.springframework.boot.test.mock.mockito.MockitoTestExecutionListener@6c57b3fa, org.springframework.boot.test.autoconfigure.SpringBootDependencyInjectionTestExecutionListener@77a72fb, org.springframework.test.context.support.DirtiesContextTestExecutionListener@6f4a1c57, org.springframework.test.context.transaction.TransactionalTestExecutionListener@78c88206, org.springframework.test.context.jdbc.SqlScriptsTestExecutionListener@29d12686, org.springframework.security.test.context.support.WithSecurityContextTestExecutionListener@7de874ed, org.springframework.test.context.event.EventPublishingTestExecutionListener@427f77a3, org.springframework.security.test.context.support.ReactorContextTestExecutionListener@7e9b1558, org.springframework.boot.test.autoconfigure.restdocs.RestDocsTestExecutionListener@5e5ee91b, org.springframework.boot.test.autoconfigure.web.client.MockRestServiceServerResetTestExecutionListener@602fb121, org.springframework.boot.test.autoconfigure.web.servlet.MockMvcPrintOnlyOnFailureTestExecutionListener@595410e8, org.springframework.boot.test.autoconfigure.web.servlet.WebDriverTestExecutionListener@7fc3ef4f, org.springframework.boot.test.mock.mockito.ResetMocksTestExecutionListener@567cc79d]

  .   ____          _            __ _ _
 /\\ / ___'_ __ _ _(_)_ __  __ _ \ \ \ \
( ( )\___ | '_ | '_| | '_ \/ _` | \ \ \ \
 \\/  ___)| |_)| | | | | || (_| |  ) ) ) )
  '  |____| .__|_| |_|_| |_\__, | / / / /
 =========|_|==============|___/=/_/_/_/
 :: Spring Boot ::        (v2.2.4.RELEASE)

2020-05-14 15:38:28.179  INFO 18852 --- [    Test worker] i.a.u.c.a.M.c.ShortPlanControllerTest    : Starting ShortPlanControllerTest on DESKTOP-VVI2B95 with PID 18852 (started by USER in D:\Project\myacademy\myacademy\MyAc)
2020-05-14 15:38:28.181  INFO 18852 --- [    Test worker] i.a.u.c.a.M.c.ShortPlanControllerTest    : No active profile set, falling back to default profiles: default
2020-05-14 15:38:28.745  INFO 18852 --- [    Test worker] o.s.s.web.DefaultSecurityFilterChain     : Creating filter chain: any request, [org.springframework.security.web.context.request.async.WebAsyncManagerIntegrationFilter@346317f1, org.springframework.security.web.context.SecurityContextPersistenceFilter@255d1c65, org.springframework.security.web.header.HeaderWriterFilter@7fff73db, org.springframework.security.web.csrf.CsrfFilter@3d36b199, org.springframework.security.web.authentication.logout.LogoutFilter@1bcaca19, org.springframework.security.web.authentication.UsernamePasswordAuthenticationFilter@17706453, org.springframework.security.web.savedrequest.RequestCacheAwareFilter@1b1a4c1, org.springframework.security.web.servletapi.SecurityContextHolderAwareRequestFilter@5d46e87, org.springframework.security.web.authentication.AnonymousAuthenticationFilter@791640c5, org.springframework.security.web.session.SessionManagementFilter@2d6fda28, org.springframework.security.web.access.ExceptionTranslationFilter@59afbceb, org.springframework.security.web.access.intercept.FilterSecurityInterceptor@530f11c9]
2020-05-14 15:38:28.932  INFO 18852 --- [    Test worker] o.s.s.concurrent.ThreadPoolTaskExecutor  : Initializing ExecutorService 'applicationTaskExecutor'
2020-05-14 15:38:28.978  INFO 18852 --- [    Test worker] o.s.b.a.w.s.WelcomePageHandlerMapping    : Adding welcome page template: index
2020-05-14 15:38:29.176  INFO 18852 --- [    Test worker] o.s.b.t.m.w.SpringBootMockServletContext : Initializing Spring TestDispatcherServlet ''
2020-05-14 15:38:29.176  INFO 18852 --- [    Test worker] o.s.t.web.servlet.TestDispatcherServlet  : Initializing Servlet ''
2020-05-14 15:38:29.187  INFO 18852 --- [    Test worker] o.s.t.web.servlet.TestDispatcherServlet  : Completed initialization in 10 ms
2020-05-14 15:38:29.204  INFO 18852 --- [    Test worker] i.a.u.c.a.M.c.ShortPlanControllerTest    : Started ShortPlanControllerTest in 1.059 seconds (JVM running for 17.219)
]]></system-out>
  <system-err><![CDATA[]]></system-err>
</testsuite>
