<?xml version="1.0" encoding="UTF-8"?>
<testsuite name="id.ac.ui.cs.advprog.MyAc.dto.UserRegistrationDtoTest" tests="1" skipped="0" failures="0" errors="0" timestamp="2020-05-14T07:59:49" hostname="LAPTOP-82VCQFF9" time="0.049">
  <properties/>
  <testcase name="testSetFirstName()" classname="id.ac.ui.cs.advprog.MyAc.dto.UserRegistrationDtoTest" time="0.049"/>
  <system-out><![CDATA[]]></system-out>
  <system-err><![CDATA[]]></system-err>
</testsuite>
