<?xml version="1.0" encoding="UTF-8"?>
<testsuite name="id.ac.ui.cs.advprog.MyAc.service.ShortPlanServiceImplTest" tests="4" skipped="0" failures="0" errors="0" timestamp="2020-05-01T06:59:26" hostname="DESKTOP-VVI2B95" time="0.006">
  <properties/>
  <testcase name="testGetGrade()" classname="id.ac.ui.cs.advprog.MyAc.service.ShortPlanServiceImplTest" time="0.002"/>
  <testcase name="testGetFinalScore()" classname="id.ac.ui.cs.advprog.MyAc.service.ShortPlanServiceImplTest" time="0.001"/>
  <testcase name="testGetComponents()" classname="id.ac.ui.cs.advprog.MyAc.service.ShortPlanServiceImplTest" time="0.001"/>
  <testcase name="testAddComponents()" classname="id.ac.ui.cs.advprog.MyAc.service.ShortPlanServiceImplTest" time="0.002"/>
  <system-out><![CDATA[]]></system-out>
  <system-err><![CDATA[]]></system-err>
</testsuite>
