<?xml version="1.0" encoding="UTF-8"?>
<testsuite name="id.ac.ui.cs.advprog.MyAc.service.ForumServiceImplTest" tests="4" skipped="0" failures="0" errors="0" timestamp="2020-04-20T15:23:31" hostname="LAPTOP-CAQMALIR" time="1.857">
  <properties/>
  <testcase name="whenSaveIsCalledItShouldCallForumRepositorySave()" classname="id.ac.ui.cs.advprog.MyAc.service.ForumServiceImplTest" time="1.825"/>
  <testcase name="whenGetIsCalledItShouldCallForumRepositoryFindById()" classname="id.ac.ui.cs.advprog.MyAc.service.ForumServiceImplTest" time="0.008"/>
  <testcase name="whenFindAllIsCalledItShouldCallForumRepositoryFindAll()" classname="id.ac.ui.cs.advprog.MyAc.service.ForumServiceImplTest" time="0.01"/>
  <testcase name="whenDeleteIsCalledItShouldCallForumRepositoryDeleteById()" classname="id.ac.ui.cs.advprog.MyAc.service.ForumServiceImplTest" time="0.006"/>
  <system-out><![CDATA[]]></system-out>
  <system-err><![CDATA[]]></system-err>
</testsuite>
