<?xml version="1.0" encoding="UTF-8"?>
<testsuite name="id.ac.ui.cs.advprog.MyAc.controller.UserRegistrationControllerTest" tests="1" skipped="0" failures="0" errors="0" timestamp="2020-05-14T06:24:00" hostname="LAPTOP-82VCQFF9" time="0.393">
  <properties/>
  <testcase name="whenShowRegistrationFormCalledShouldReturnRegistrationFormPage()" classname="id.ac.ui.cs.advprog.MyAc.controller.UserRegistrationControllerTest" time="0.393"/>
  <system-out><![CDATA[2020-05-14 13:23:56.200  INFO 15112 --- [    Test worker] .b.t.a.w.s.WebMvcTestContextBootstrapper : Neither @ContextConfiguration nor @ContextHierarchy found for test class [id.ac.ui.cs.advprog.MyAc.controller.UserRegistrationControllerTest], using SpringBootContextLoader
2020-05-14 13:23:56.200  INFO 15112 --- [    Test worker] o.s.t.c.support.AbstractContextLoader    : Could not detect default resource locations for test class [id.ac.ui.cs.advprog.MyAc.controller.UserRegistrationControllerTest]: no resource found for suffixes {-context.xml, Context.groovy}.
2020-05-14 13:23:56.200  INFO 15112 --- [    Test worker] t.c.s.AnnotationConfigContextLoaderUtils : Could not detect default configuration classes for test class [id.ac.ui.cs.advprog.MyAc.controller.UserRegistrationControllerTest]: UserRegistrationControllerTest does not declare any static, non-private, non-final, nested classes annotated with @Configuration.
2020-05-14 13:23:56.216  INFO 15112 --- [    Test worker] .b.t.c.SpringBootTestContextBootstrapper : Found @SpringBootConfiguration id.ac.ui.cs.advprog.MyAc.MyAcApplication for test class id.ac.ui.cs.advprog.MyAc.controller.UserRegistrationControllerTest
2020-05-14 13:23:56.216  INFO 15112 --- [    Test worker] .b.t.a.w.s.WebMvcTestContextBootstrapper : Loaded default TestExecutionListener class names from location [META-INF/spring.factories]: [org.springframework.security.test.context.support.WithSecurityContextTestExecutionListener, org.springframework.security.test.context.support.ReactorContextTestExecutionListener, org.springframework.boot.test.autoconfigure.restdocs.RestDocsTestExecutionListener, org.springframework.boot.test.autoconfigure.web.client.MockRestServiceServerResetTestExecutionListener, org.springframework.boot.test.autoconfigure.web.servlet.MockMvcPrintOnlyOnFailureTestExecutionListener, org.springframework.boot.test.autoconfigure.web.servlet.WebDriverTestExecutionListener, org.springframework.boot.test.mock.mockito.MockitoTestExecutionListener, org.springframework.boot.test.mock.mockito.ResetMocksTestExecutionListener, org.springframework.test.context.web.ServletTestExecutionListener, org.springframework.test.context.support.DirtiesContextBeforeModesTestExecutionListener, org.springframework.test.context.support.DependencyInjectionTestExecutionListener, org.springframework.test.context.support.DirtiesContextTestExecutionListener, org.springframework.test.context.transaction.TransactionalTestExecutionListener, org.springframework.test.context.jdbc.SqlScriptsTestExecutionListener, org.springframework.test.context.event.EventPublishingTestExecutionListener]
2020-05-14 13:23:56.216  INFO 15112 --- [    Test worker] .b.t.a.w.s.WebMvcTestContextBootstrapper : Using TestExecutionListeners: [org.springframework.test.context.web.ServletTestExecutionListener@38778f52, org.springframework.test.context.support.DirtiesContextBeforeModesTestExecutionListener@212371de, org.springframework.boot.test.mock.mockito.MockitoTestExecutionListener@429046ca, org.springframework.boot.test.autoconfigure.SpringBootDependencyInjectionTestExecutionListener@90afc22, org.springframework.test.context.support.DirtiesContextTestExecutionListener@d83ef4e, org.springframework.test.context.transaction.TransactionalTestExecutionListener@3714d2a1, org.springframework.test.context.jdbc.SqlScriptsTestExecutionListener@7772749f, org.springframework.security.test.context.support.WithSecurityContextTestExecutionListener@29c77dbf, org.springframework.test.context.event.EventPublishingTestExecutionListener@3bac1e56, org.springframework.security.test.context.support.ReactorContextTestExecutionListener@2a3c5258, org.springframework.boot.test.autoconfigure.restdocs.RestDocsTestExecutionListener@4e0e1d0c, org.springframework.boot.test.autoconfigure.web.client.MockRestServiceServerResetTestExecutionListener@5c36bbf7, org.springframework.boot.test.autoconfigure.web.servlet.MockMvcPrintOnlyOnFailureTestExecutionListener@7b34089, org.springframework.boot.test.autoconfigure.web.servlet.WebDriverTestExecutionListener@4f556cb5, org.springframework.boot.test.mock.mockito.ResetMocksTestExecutionListener@718dee2e]

  .   ____          _            __ _ _
 /\\ / ___'_ __ _ _(_)_ __  __ _ \ \ \ \
( ( )\___ | '_ | '_| | '_ \/ _` | \ \ \ \
 \\/  ___)| |_)| | | | | || (_| |  ) ) ) )
  '  |____| .__|_| |_|_| |_\__, | / / / /
 =========|_|==============|___/=/_/_/_/
 :: Spring Boot ::        (v2.2.4.RELEASE)

2020-05-14 13:23:56.372  INFO 15112 --- [    Test worker] u.c.a.M.c.UserRegistrationControllerTest : Starting UserRegistrationControllerTest on LAPTOP-82VCQFF9 with PID 15112 (started by Ali Irsyaad in C:\Users\Ali Irsyaad\OneDrive - UNIVERSITAS INDONESIA\Ali's Document\Semester 4\AdPro\myacademy\MyAc)
2020-05-14 13:23:56.388  INFO 15112 --- [    Test worker] u.c.a.M.c.UserRegistrationControllerTest : No active profile set, falling back to default profiles: default
2020-05-14 13:23:58.685  INFO 15112 --- [    Test worker] o.s.s.web.DefaultSecurityFilterChain     : Creating filter chain: any request, [org.springframework.security.web.context.request.async.WebAsyncManagerIntegrationFilter@2921b0f, org.springframework.security.web.context.SecurityContextPersistenceFilter@5a23277a, org.springframework.security.web.header.HeaderWriterFilter@42524239, org.springframework.security.web.csrf.CsrfFilter@7230e4db, org.springframework.security.web.authentication.logout.LogoutFilter@6960b05c, org.springframework.security.web.authentication.UsernamePasswordAuthenticationFilter@537abdf0, org.springframework.security.web.savedrequest.RequestCacheAwareFilter@5504ba62, org.springframework.security.web.servletapi.SecurityContextHolderAwareRequestFilter@5977971, org.springframework.security.web.authentication.AnonymousAuthenticationFilter@656470b3, org.springframework.security.web.session.SessionManagementFilter@2fc01865, org.springframework.security.web.access.ExceptionTranslationFilter@725faee2, org.springframework.security.web.access.intercept.FilterSecurityInterceptor@533831df]
2020-05-14 13:23:59.435  INFO 15112 --- [    Test worker] o.s.s.concurrent.ThreadPoolTaskExecutor  : Initializing ExecutorService 'applicationTaskExecutor'
2020-05-14 13:23:59.669  INFO 15112 --- [    Test worker] o.s.b.a.w.s.WelcomePageHandlerMapping    : Adding welcome page template: index
2020-05-14 13:24:00.560  INFO 15112 --- [    Test worker] o.s.b.t.m.w.SpringBootMockServletContext : Initializing Spring TestDispatcherServlet ''
2020-05-14 13:24:00.560  INFO 15112 --- [    Test worker] o.s.t.web.servlet.TestDispatcherServlet  : Initializing Servlet ''
2020-05-14 13:24:00.591  INFO 15112 --- [    Test worker] o.s.t.web.servlet.TestDispatcherServlet  : Completed initialization in 31 ms
2020-05-14 13:24:00.732  INFO 15112 --- [    Test worker] u.c.a.M.c.UserRegistrationControllerTest : Started UserRegistrationControllerTest in 4.495 seconds (JVM running for 59.35)
]]></system-out>
  <system-err><![CDATA[]]></system-err>
</testsuite>
