<?xml version="1.0" encoding="UTF-8"?>
<testsuite name="id.ac.ui.cs.advprog.MyAc.controller.MainControllerTest" tests="3" skipped="0" failures="0" errors="0" timestamp="2020-05-14T08:08:14" hostname="LAPTOP-82VCQFF9" time="1.081">
  <properties/>
  <testcase name="whenLoginUrlAccessedShouldReturnLoginPage()" classname="id.ac.ui.cs.advprog.MyAc.controller.MainControllerTest" time="0.712"/>
  <testcase name="whenIndexUrlAccessedShouldReturnIndexPage()" classname="id.ac.ui.cs.advprog.MyAc.controller.MainControllerTest" time="0.196"/>
  <testcase name="whenHomeUrlAccessedShouldReturnHomePage()" classname="id.ac.ui.cs.advprog.MyAc.controller.MainControllerTest" time="0.148"/>
  <system-out><![CDATA[2020-05-14 15:08:02.210  INFO 7340 --- [    Test worker] .b.t.a.w.s.WebMvcTestContextBootstrapper : Neither @ContextConfiguration nor @ContextHierarchy found for test class [id.ac.ui.cs.advprog.MyAc.controller.MainControllerTest], using SpringBootContextLoader
2020-05-14 15:08:02.217  INFO 7340 --- [    Test worker] o.s.t.c.support.AbstractContextLoader    : Could not detect default resource locations for test class [id.ac.ui.cs.advprog.MyAc.controller.MainControllerTest]: no resource found for suffixes {-context.xml, Context.groovy}.
2020-05-14 15:08:02.219  INFO 7340 --- [    Test worker] t.c.s.AnnotationConfigContextLoaderUtils : Could not detect default configuration classes for test class [id.ac.ui.cs.advprog.MyAc.controller.MainControllerTest]: MainControllerTest does not declare any static, non-private, non-final, nested classes annotated with @Configuration.
2020-05-14 15:08:02.329  INFO 7340 --- [    Test worker] .b.t.c.SpringBootTestContextBootstrapper : Found @SpringBootConfiguration id.ac.ui.cs.advprog.MyAc.MyAcApplication for test class id.ac.ui.cs.advprog.MyAc.controller.MainControllerTest
2020-05-14 15:08:02.344  INFO 7340 --- [    Test worker] .b.t.a.w.s.WebMvcTestContextBootstrapper : Loaded default TestExecutionListener class names from location [META-INF/spring.factories]: [org.springframework.security.test.context.support.WithSecurityContextTestExecutionListener, org.springframework.security.test.context.support.ReactorContextTestExecutionListener, org.springframework.boot.test.autoconfigure.restdocs.RestDocsTestExecutionListener, org.springframework.boot.test.autoconfigure.web.client.MockRestServiceServerResetTestExecutionListener, org.springframework.boot.test.autoconfigure.web.servlet.MockMvcPrintOnlyOnFailureTestExecutionListener, org.springframework.boot.test.autoconfigure.web.servlet.WebDriverTestExecutionListener, org.springframework.boot.test.mock.mockito.MockitoTestExecutionListener, org.springframework.boot.test.mock.mockito.ResetMocksTestExecutionListener, org.springframework.test.context.web.ServletTestExecutionListener, org.springframework.test.context.support.DirtiesContextBeforeModesTestExecutionListener, org.springframework.test.context.support.DependencyInjectionTestExecutionListener, org.springframework.test.context.support.DirtiesContextTestExecutionListener, org.springframework.test.context.transaction.TransactionalTestExecutionListener, org.springframework.test.context.jdbc.SqlScriptsTestExecutionListener, org.springframework.test.context.event.EventPublishingTestExecutionListener]
2020-05-14 15:08:02.358  INFO 7340 --- [    Test worker] .b.t.a.w.s.WebMvcTestContextBootstrapper : Using TestExecutionListeners: [org.springframework.test.context.web.ServletTestExecutionListener@2f7c241e, org.springframework.test.context.support.DirtiesContextBeforeModesTestExecutionListener@3598e968, org.springframework.boot.test.mock.mockito.MockitoTestExecutionListener@66b57042, org.springframework.boot.test.autoconfigure.SpringBootDependencyInjectionTestExecutionListener@56d74627, org.springframework.test.context.support.DirtiesContextTestExecutionListener@1845d437, org.springframework.test.context.transaction.TransactionalTestExecutionListener@6a64adfe, org.springframework.test.context.jdbc.SqlScriptsTestExecutionListener@271ee790, org.springframework.security.test.context.support.WithSecurityContextTestExecutionListener@4b946b2a, org.springframework.test.context.event.EventPublishingTestExecutionListener@7d46fa03, org.springframework.security.test.context.support.ReactorContextTestExecutionListener@3282b308, org.springframework.boot.test.autoconfigure.restdocs.RestDocsTestExecutionListener@62f0f0af, org.springframework.boot.test.autoconfigure.web.client.MockRestServiceServerResetTestExecutionListener@a550ae0, org.springframework.boot.test.autoconfigure.web.servlet.MockMvcPrintOnlyOnFailureTestExecutionListener@40097f4b, org.springframework.boot.test.autoconfigure.web.servlet.WebDriverTestExecutionListener@67348eb1, org.springframework.boot.test.mock.mockito.ResetMocksTestExecutionListener@2a46f70]

  .   ____          _            __ _ _
 /\\ / ___'_ __ _ _(_)_ __  __ _ \ \ \ \
( ( )\___ | '_ | '_| | '_ \/ _` | \ \ \ \
 \\/  ___)| |_)| | | | | || (_| |  ) ) ) )
  '  |____| .__|_| |_|_| |_\__, | / / / /
 =========|_|==============|___/=/_/_/_/
 :: Spring Boot ::        (v2.2.4.RELEASE)

2020-05-14 15:08:02.856  INFO 7340 --- [    Test worker] i.a.u.c.a.M.c.MainControllerTest         : Starting MainControllerTest on LAPTOP-82VCQFF9 with PID 7340 (started by Ali Irsyaad in C:\Users\Ali Irsyaad\OneDrive - UNIVERSITAS INDONESIA\Ali's Document\Semester 4\AdPro\myacademy\MyAc)
2020-05-14 15:08:02.858  INFO 7340 --- [    Test worker] i.a.u.c.a.M.c.MainControllerTest         : No active profile set, falling back to default profiles: default
2020-05-14 15:08:09.112  INFO 7340 --- [    Test worker] o.s.s.web.DefaultSecurityFilterChain     : Creating filter chain: any request, [org.springframework.security.web.context.request.async.WebAsyncManagerIntegrationFilter@f939315, org.springframework.security.web.context.SecurityContextPersistenceFilter@42df329c, org.springframework.security.web.header.HeaderWriterFilter@1150f4ea, org.springframework.security.web.csrf.CsrfFilter@2b7b0b54, org.springframework.security.web.authentication.logout.LogoutFilter@1c26c135, org.springframework.security.web.authentication.UsernamePasswordAuthenticationFilter@105bc517, org.springframework.security.web.savedrequest.RequestCacheAwareFilter@6d145cef, org.springframework.security.web.servletapi.SecurityContextHolderAwareRequestFilter@7bf50203, org.springframework.security.web.authentication.AnonymousAuthenticationFilter@3f005501, org.springframework.security.web.session.SessionManagementFilter@310dbe42, org.springframework.security.web.access.ExceptionTranslationFilter@175c23a, org.springframework.security.web.access.intercept.FilterSecurityInterceptor@781c84b4]
2020-05-14 15:08:11.360  INFO 7340 --- [    Test worker] o.s.s.concurrent.ThreadPoolTaskExecutor  : Initializing ExecutorService 'applicationTaskExecutor'
2020-05-14 15:08:11.763  INFO 7340 --- [    Test worker] o.s.b.a.w.s.WelcomePageHandlerMapping    : Adding welcome page template: index
2020-05-14 15:08:14.116  INFO 7340 --- [    Test worker] o.s.b.t.m.w.SpringBootMockServletContext : Initializing Spring TestDispatcherServlet ''
2020-05-14 15:08:14.120  INFO 7340 --- [    Test worker] o.s.t.web.servlet.TestDispatcherServlet  : Initializing Servlet ''
2020-05-14 15:08:14.188  INFO 7340 --- [    Test worker] o.s.t.web.servlet.TestDispatcherServlet  : Completed initialization in 59 ms
2020-05-14 15:08:14.729  INFO 7340 --- [    Test worker] i.a.u.c.a.M.c.MainControllerTest         : Started MainControllerTest in 12.351 seconds (JVM running for 94.232)
]]></system-out>
  <system-err><![CDATA[]]></system-err>
</testsuite>
