<?xml version="1.0" encoding="UTF-8"?>
<testsuite name="id.ac.ui.cs.advprog.MyAc.MyAcApplicationTest" tests="1" skipped="0" failures="0" errors="0" timestamp="2020-05-15T08:43:06" hostname="DESKTOP-VVI2B95" time="0.009">
  <properties/>
  <testcase name="contextLoads()" classname="id.ac.ui.cs.advprog.MyAc.MyAcApplicationTest" time="0.009"/>
  <system-out><![CDATA[2020-05-15 01:42:52.801  INFO 17616 --- [    Test worker] .b.t.c.SpringBootTestContextBootstrapper : Neither @ContextConfiguration nor @ContextHierarchy found for test class [id.ac.ui.cs.advprog.MyAc.MyAcApplicationTest], using SpringBootContextLoader
2020-05-15 01:42:52.803  INFO 17616 --- [    Test worker] o.s.t.c.support.AbstractContextLoader    : Could not detect default resource locations for test class [id.ac.ui.cs.advprog.MyAc.MyAcApplicationTest]: no resource found for suffixes {-context.xml, Context.groovy}.
2020-05-15 01:42:52.805  INFO 17616 --- [    Test worker] t.c.s.AnnotationConfigContextLoaderUtils : Could not detect default configuration classes for test class [id.ac.ui.cs.advprog.MyAc.MyAcApplicationTest]: MyAcApplicationTest does not declare any static, non-private, non-final, nested classes annotated with @Configuration.
2020-05-15 01:42:52.819  INFO 17616 --- [    Test worker] .b.t.c.SpringBootTestContextBootstrapper : Found @SpringBootConfiguration id.ac.ui.cs.advprog.MyAc.MyAcApplication for test class id.ac.ui.cs.advprog.MyAc.MyAcApplicationTest
2020-05-15 01:42:52.823  INFO 17616 --- [    Test worker] .b.t.c.SpringBootTestContextBootstrapper : Loaded default TestExecutionListener class names from location [META-INF/spring.factories]: [org.springframework.security.test.context.support.WithSecurityContextTestExecutionListener, org.springframework.security.test.context.support.ReactorContextTestExecutionListener, org.springframework.boot.test.autoconfigure.restdocs.RestDocsTestExecutionListener, org.springframework.boot.test.autoconfigure.web.client.MockRestServiceServerResetTestExecutionListener, org.springframework.boot.test.autoconfigure.web.servlet.MockMvcPrintOnlyOnFailureTestExecutionListener, org.springframework.boot.test.autoconfigure.web.servlet.WebDriverTestExecutionListener, org.springframework.boot.test.mock.mockito.MockitoTestExecutionListener, org.springframework.boot.test.mock.mockito.ResetMocksTestExecutionListener, org.springframework.test.context.web.ServletTestExecutionListener, org.springframework.test.context.support.DirtiesContextBeforeModesTestExecutionListener, org.springframework.test.context.support.DependencyInjectionTestExecutionListener, org.springframework.test.context.support.DirtiesContextTestExecutionListener, org.springframework.test.context.transaction.TransactionalTestExecutionListener, org.springframework.test.context.jdbc.SqlScriptsTestExecutionListener, org.springframework.test.context.event.EventPublishingTestExecutionListener]
2020-05-15 01:42:52.826  INFO 17616 --- [    Test worker] .b.t.c.SpringBootTestContextBootstrapper : Using TestExecutionListeners: [org.springframework.test.context.web.ServletTestExecutionListener@137b0e26, org.springframework.test.context.support.DirtiesContextBeforeModesTestExecutionListener@46dc2e6b, org.springframework.boot.test.mock.mockito.MockitoTestExecutionListener@36c33897, org.springframework.boot.test.autoconfigure.SpringBootDependencyInjectionTestExecutionListener@78dfa8d1, org.springframework.test.context.support.DirtiesContextTestExecutionListener@339e93d2, org.springframework.test.context.transaction.TransactionalTestExecutionListener@14164cbc, org.springframework.test.context.jdbc.SqlScriptsTestExecutionListener@3b3ec929, org.springframework.security.test.context.support.WithSecurityContextTestExecutionListener@3e2277bf, org.springframework.test.context.event.EventPublishingTestExecutionListener@79e563aa, org.springframework.security.test.context.support.ReactorContextTestExecutionListener@5f30b386, org.springframework.boot.test.autoconfigure.restdocs.RestDocsTestExecutionListener@128a5ec8, org.springframework.boot.test.autoconfigure.web.client.MockRestServiceServerResetTestExecutionListener@3fb84ca9, org.springframework.boot.test.autoconfigure.web.servlet.MockMvcPrintOnlyOnFailureTestExecutionListener@6d1290c7, org.springframework.boot.test.autoconfigure.web.servlet.WebDriverTestExecutionListener@37e4a260, org.springframework.boot.test.mock.mockito.ResetMocksTestExecutionListener@77d8d64a]

  .   ____          _            __ _ _
 /\\ / ___'_ __ _ _(_)_ __  __ _ \ \ \ \
( ( )\___ | '_ | '_| | '_ \/ _` | \ \ \ \
 \\/  ___)| |_)| | | | | || (_| |  ) ) ) )
  '  |____| .__|_| |_|_| |_\__, | / / / /
 =========|_|==============|___/=/_/_/_/
 :: Spring Boot ::        (v2.2.4.RELEASE)

2020-05-15 01:42:52.892  INFO 17616 --- [    Test worker] i.a.u.c.a.MyAc.MyAcApplicationTest       : Starting MyAcApplicationTest on DESKTOP-VVI2B95 with PID 17616 (started by USER in D:\Project\myacademy\myacademy\MyAc)
2020-05-15 01:42:52.895  INFO 17616 --- [    Test worker] i.a.u.c.a.MyAc.MyAcApplicationTest       : No active profile set, falling back to default profiles: default
2020-05-15 01:42:54.008  INFO 17616 --- [    Test worker] .s.d.r.c.RepositoryConfigurationDelegate : Bootstrapping Spring Data JPA repositories in DEFAULT mode.
2020-05-15 01:42:54.269  INFO 17616 --- [    Test worker] .s.d.r.c.RepositoryConfigurationDelegate : Finished Spring Data repository scanning in 205ms. Found 1 JPA repository interfaces.
2020-05-15 01:42:54.968  INFO 17616 --- [    Test worker] trationDelegate$BeanPostProcessorChecker : Bean 'org.springframework.transaction.annotation.ProxyTransactionManagementConfiguration' of type [org.springframework.transaction.annotation.ProxyTransactionManagementConfiguration] is not eligible for getting processed by all BeanPostProcessors (for example: not eligible for auto-proxying)
2020-05-15 01:42:55.849  INFO 17616 --- [    Test worker] o.hibernate.jpa.internal.util.LogHelper  : HHH000204: Processing PersistenceUnitInfo [name: default]
2020-05-15 01:42:56.563  INFO 17616 --- [    Test worker] org.hibernate.Version                    : HHH000412: Hibernate Core {5.4.10.Final}
2020-05-15 01:42:56.825  INFO 17616 --- [    Test worker] o.hibernate.annotations.common.Version   : HCANN000001: Hibernate Commons Annotations {5.1.0.Final}
2020-05-15 01:42:57.523  INFO 17616 --- [    Test worker] com.zaxxer.hikari.HikariDataSource       : HikariPool-1 - Starting...
2020-05-15 01:42:58.287  INFO 17616 --- [    Test worker] com.zaxxer.hikari.HikariDataSource       : HikariPool-1 - Start completed.
2020-05-15 01:42:58.463  INFO 17616 --- [    Test worker] org.hibernate.dialect.Dialect            : HHH000400: Using dialect: org.hibernate.dialect.PostgreSQLDialect
2020-05-15 01:43:03.296  INFO 17616 --- [    Test worker] o.h.e.t.j.p.i.JtaPlatformInitiator       : HHH000490: Using JtaPlatform implementation: [org.hibernate.engine.transaction.jta.platform.internal.NoJtaPlatform]
2020-05-15 01:43:03.341  INFO 17616 --- [    Test worker] j.LocalContainerEntityManagerFactoryBean : Initialized JPA EntityManagerFactory for persistence unit 'default'
2020-05-15 01:43:03.523  WARN 17616 --- [    Test worker] JpaBaseConfiguration$JpaWebConfiguration : spring.jpa.open-in-view is enabled by default. Therefore, database queries may be performed during view rendering. Explicitly configure spring.jpa.open-in-view to disable this warning
2020-05-15 01:43:05.213  INFO 17616 --- [    Test worker] o.s.s.web.DefaultSecurityFilterChain     : Creating filter chain: any request, [org.springframework.security.web.context.request.async.WebAsyncManagerIntegrationFilter@586c4e5c, org.springframework.security.web.context.SecurityContextPersistenceFilter@1759b4ac, org.springframework.security.web.header.HeaderWriterFilter@36678fc6, org.springframework.security.web.csrf.CsrfFilter@75d00cbf, org.springframework.security.web.authentication.logout.LogoutFilter@2da58c11, org.springframework.security.web.authentication.UsernamePasswordAuthenticationFilter@333fb7b4, org.springframework.security.web.savedrequest.RequestCacheAwareFilter@50e900df, org.springframework.security.web.servletapi.SecurityContextHolderAwareRequestFilter@5a7abcbb, org.springframework.security.web.authentication.AnonymousAuthenticationFilter@1372321, org.springframework.security.web.session.SessionManagementFilter@6219f9a4, org.springframework.security.web.access.ExceptionTranslationFilter@f3919c9, org.springframework.security.web.access.intercept.FilterSecurityInterceptor@1fc0866d]
2020-05-15 01:43:06.004  INFO 17616 --- [    Test worker] o.s.s.concurrent.ThreadPoolTaskExecutor  : Initializing ExecutorService 'applicationTaskExecutor'
2020-05-15 01:43:06.095  INFO 17616 --- [    Test worker] o.s.b.a.w.s.WelcomePageHandlerMapping    : Adding welcome page template: index
2020-05-15 01:43:06.666  INFO 17616 --- [    Test worker] i.a.u.c.a.MyAc.MyAcApplicationTest       : Started MyAcApplicationTest in 13.832 seconds (JVM running for 43.274)
]]></system-out>
  <system-err><![CDATA[]]></system-err>
</testsuite>
