<?xml version="1.0" encoding="UTF-8"?>
<testsuite name="id.ac.ui.cs.advprog.MyAc.controller.UserRegistrationControllerTest" tests="1" skipped="0" failures="0" errors="0" timestamp="2020-05-14T06:48:06" hostname="LAPTOP-82VCQFF9" time="0.355">
  <properties/>
  <testcase name="whenShowRegistrationFormCalledShouldReturnRegistrationFormPage()" classname="id.ac.ui.cs.advprog.MyAc.controller.UserRegistrationControllerTest" time="0.355"/>
  <system-out><![CDATA[2020-05-14 13:48:03.242  INFO 15060 --- [    Test worker] .b.t.a.w.s.WebMvcTestContextBootstrapper : Neither @ContextConfiguration nor @ContextHierarchy found for test class [id.ac.ui.cs.advprog.MyAc.controller.UserRegistrationControllerTest], using SpringBootContextLoader
2020-05-14 13:48:03.242  INFO 15060 --- [    Test worker] o.s.t.c.support.AbstractContextLoader    : Could not detect default resource locations for test class [id.ac.ui.cs.advprog.MyAc.controller.UserRegistrationControllerTest]: no resource found for suffixes {-context.xml, Context.groovy}.
2020-05-14 13:48:03.242  INFO 15060 --- [    Test worker] t.c.s.AnnotationConfigContextLoaderUtils : Could not detect default configuration classes for test class [id.ac.ui.cs.advprog.MyAc.controller.UserRegistrationControllerTest]: UserRegistrationControllerTest does not declare any static, non-private, non-final, nested classes annotated with @Configuration.
2020-05-14 13:48:03.242  INFO 15060 --- [    Test worker] .b.t.c.SpringBootTestContextBootstrapper : Found @SpringBootConfiguration id.ac.ui.cs.advprog.MyAc.MyAcApplication for test class id.ac.ui.cs.advprog.MyAc.controller.UserRegistrationControllerTest
2020-05-14 13:48:03.242  INFO 15060 --- [    Test worker] .b.t.a.w.s.WebMvcTestContextBootstrapper : Loaded default TestExecutionListener class names from location [META-INF/spring.factories]: [org.springframework.security.test.context.support.WithSecurityContextTestExecutionListener, org.springframework.security.test.context.support.ReactorContextTestExecutionListener, org.springframework.boot.test.autoconfigure.restdocs.RestDocsTestExecutionListener, org.springframework.boot.test.autoconfigure.web.client.MockRestServiceServerResetTestExecutionListener, org.springframework.boot.test.autoconfigure.web.servlet.MockMvcPrintOnlyOnFailureTestExecutionListener, org.springframework.boot.test.autoconfigure.web.servlet.WebDriverTestExecutionListener, org.springframework.boot.test.mock.mockito.MockitoTestExecutionListener, org.springframework.boot.test.mock.mockito.ResetMocksTestExecutionListener, org.springframework.test.context.web.ServletTestExecutionListener, org.springframework.test.context.support.DirtiesContextBeforeModesTestExecutionListener, org.springframework.test.context.support.DependencyInjectionTestExecutionListener, org.springframework.test.context.support.DirtiesContextTestExecutionListener, org.springframework.test.context.transaction.TransactionalTestExecutionListener, org.springframework.test.context.jdbc.SqlScriptsTestExecutionListener, org.springframework.test.context.event.EventPublishingTestExecutionListener]
2020-05-14 13:48:03.258  INFO 15060 --- [    Test worker] .b.t.a.w.s.WebMvcTestContextBootstrapper : Using TestExecutionListeners: [org.springframework.test.context.web.ServletTestExecutionListener@36b1a515, org.springframework.test.context.support.DirtiesContextBeforeModesTestExecutionListener@54f2beac, org.springframework.boot.test.mock.mockito.MockitoTestExecutionListener@6af671e3, org.springframework.boot.test.autoconfigure.SpringBootDependencyInjectionTestExecutionListener@6bee3597, org.springframework.test.context.support.DirtiesContextTestExecutionListener@504cacf2, org.springframework.test.context.transaction.TransactionalTestExecutionListener@110a7f89, org.springframework.test.context.jdbc.SqlScriptsTestExecutionListener@48aa6d22, org.springframework.security.test.context.support.WithSecurityContextTestExecutionListener@52f2bb2d, org.springframework.test.context.event.EventPublishingTestExecutionListener@67ecb6bd, org.springframework.security.test.context.support.ReactorContextTestExecutionListener@25586bfe, org.springframework.boot.test.autoconfigure.restdocs.RestDocsTestExecutionListener@3e00c10a, org.springframework.boot.test.autoconfigure.web.client.MockRestServiceServerResetTestExecutionListener@796c3e34, org.springframework.boot.test.autoconfigure.web.servlet.MockMvcPrintOnlyOnFailureTestExecutionListener@7bb736fa, org.springframework.boot.test.autoconfigure.web.servlet.WebDriverTestExecutionListener@1dd6b5e9, org.springframework.boot.test.mock.mockito.ResetMocksTestExecutionListener@25e63fc8]

  .   ____          _            __ _ _
 /\\ / ___'_ __ _ _(_)_ __  __ _ \ \ \ \
( ( )\___ | '_ | '_| | '_ \/ _` | \ \ \ \
 \\/  ___)| |_)| | | | | || (_| |  ) ) ) )
  '  |____| .__|_| |_|_| |_\__, | / / / /
 =========|_|==============|___/=/_/_/_/
 :: Spring Boot ::        (v2.2.4.RELEASE)

2020-05-14 13:48:03.414  INFO 15060 --- [    Test worker] u.c.a.M.c.UserRegistrationControllerTest : Starting UserRegistrationControllerTest on LAPTOP-82VCQFF9 with PID 15060 (started by Ali Irsyaad in C:\Users\Ali Irsyaad\OneDrive - UNIVERSITAS INDONESIA\Ali's Document\Semester 4\AdPro\myacademy\MyAc)
2020-05-14 13:48:03.430  INFO 15060 --- [    Test worker] u.c.a.M.c.UserRegistrationControllerTest : No active profile set, falling back to default profiles: default
2020-05-14 13:48:05.508  INFO 15060 --- [    Test worker] o.s.s.web.DefaultSecurityFilterChain     : Creating filter chain: any request, [org.springframework.security.web.context.request.async.WebAsyncManagerIntegrationFilter@645b0001, org.springframework.security.web.context.SecurityContextPersistenceFilter@7fb1e348, org.springframework.security.web.header.HeaderWriterFilter@62371196, org.springframework.security.web.csrf.CsrfFilter@713d25ad, org.springframework.security.web.authentication.logout.LogoutFilter@531f81c1, org.springframework.security.web.authentication.UsernamePasswordAuthenticationFilter@3b733408, org.springframework.security.web.savedrequest.RequestCacheAwareFilter@53246d2c, org.springframework.security.web.servletapi.SecurityContextHolderAwareRequestFilter@9457d7f, org.springframework.security.web.authentication.AnonymousAuthenticationFilter@7ad59339, org.springframework.security.web.session.SessionManagementFilter@67b9a25f, org.springframework.security.web.access.ExceptionTranslationFilter@6ff8783a, org.springframework.security.web.access.intercept.FilterSecurityInterceptor@1e6eaa48]
2020-05-14 13:48:06.117  INFO 15060 --- [    Test worker] o.s.s.concurrent.ThreadPoolTaskExecutor  : Initializing ExecutorService 'applicationTaskExecutor'
2020-05-14 13:48:06.211  INFO 15060 --- [    Test worker] o.s.b.a.w.s.WelcomePageHandlerMapping    : Adding welcome page template: index
2020-05-14 13:48:06.852  INFO 15060 --- [    Test worker] o.s.b.t.m.w.SpringBootMockServletContext : Initializing Spring TestDispatcherServlet ''
2020-05-14 13:48:06.852  INFO 15060 --- [    Test worker] o.s.t.web.servlet.TestDispatcherServlet  : Initializing Servlet ''
2020-05-14 13:48:06.867  INFO 15060 --- [    Test worker] o.s.t.web.servlet.TestDispatcherServlet  : Completed initialization in 15 ms
2020-05-14 13:48:06.914  INFO 15060 --- [    Test worker] u.c.a.M.c.UserRegistrationControllerTest : Started UserRegistrationControllerTest in 3.657 seconds (JVM running for 74.545)
]]></system-out>
  <system-err><![CDATA[]]></system-err>
</testsuite>
