<?xml version="1.0" encoding="UTF-8"?>
<testsuite name="id.ac.ui.cs.advprog.MyAc.model.SemesterPlanTest" tests="3" skipped="0" failures="0" errors="0" timestamp="2020-05-14T08:08:40" hostname="LAPTOP-82VCQFF9" time="0.046">
  <properties/>
  <testcase name="testGetSemester()" classname="id.ac.ui.cs.advprog.MyAc.model.SemesterPlanTest" time="0.004"/>
  <testcase name="testGetId()" classname="id.ac.ui.cs.advprog.MyAc.model.SemesterPlanTest" time="0.003"/>
  <testcase name="testGetIdLong()" classname="id.ac.ui.cs.advprog.MyAc.model.SemesterPlanTest" time="0.025"/>
  <system-out><![CDATA[]]></system-out>
  <system-err><![CDATA[]]></system-err>
</testsuite>
