<?xml version="1.0" encoding="UTF-8"?>
<testsuite name="id.ac.ui.cs.advprog.MyAc.controller.PostControllerTest" tests="1" skipped="0" failures="0" errors="0" timestamp="2020-05-14T06:47:57" hostname="LAPTOP-82VCQFF9" time="0.332">
  <properties/>
  <testcase name="whenAddUrlIsAccessedItShouldContainNewPost()" classname="id.ac.ui.cs.advprog.MyAc.controller.PostControllerTest" time="0.332"/>
  <system-out><![CDATA[2020-05-14 13:47:53.351  INFO 15060 --- [    Test worker] .b.t.a.w.s.WebMvcTestContextBootstrapper : Neither @ContextConfiguration nor @ContextHierarchy found for test class [id.ac.ui.cs.advprog.MyAc.controller.PostControllerTest], using SpringBootContextLoader
2020-05-14 13:47:53.351  INFO 15060 --- [    Test worker] o.s.t.c.support.AbstractContextLoader    : Could not detect default resource locations for test class [id.ac.ui.cs.advprog.MyAc.controller.PostControllerTest]: no resource found for suffixes {-context.xml, Context.groovy}.
2020-05-14 13:47:53.367  INFO 15060 --- [    Test worker] t.c.s.AnnotationConfigContextLoaderUtils : Could not detect default configuration classes for test class [id.ac.ui.cs.advprog.MyAc.controller.PostControllerTest]: PostControllerTest does not declare any static, non-private, non-final, nested classes annotated with @Configuration.
2020-05-14 13:47:53.460  INFO 15060 --- [    Test worker] .b.t.c.SpringBootTestContextBootstrapper : Found @SpringBootConfiguration id.ac.ui.cs.advprog.MyAc.MyAcApplication for test class id.ac.ui.cs.advprog.MyAc.controller.PostControllerTest
2020-05-14 13:47:53.476  INFO 15060 --- [    Test worker] .b.t.a.w.s.WebMvcTestContextBootstrapper : Loaded default TestExecutionListener class names from location [META-INF/spring.factories]: [org.springframework.security.test.context.support.WithSecurityContextTestExecutionListener, org.springframework.security.test.context.support.ReactorContextTestExecutionListener, org.springframework.boot.test.autoconfigure.restdocs.RestDocsTestExecutionListener, org.springframework.boot.test.autoconfigure.web.client.MockRestServiceServerResetTestExecutionListener, org.springframework.boot.test.autoconfigure.web.servlet.MockMvcPrintOnlyOnFailureTestExecutionListener, org.springframework.boot.test.autoconfigure.web.servlet.WebDriverTestExecutionListener, org.springframework.boot.test.mock.mockito.MockitoTestExecutionListener, org.springframework.boot.test.mock.mockito.ResetMocksTestExecutionListener, org.springframework.test.context.web.ServletTestExecutionListener, org.springframework.test.context.support.DirtiesContextBeforeModesTestExecutionListener, org.springframework.test.context.support.DependencyInjectionTestExecutionListener, org.springframework.test.context.support.DirtiesContextTestExecutionListener, org.springframework.test.context.transaction.TransactionalTestExecutionListener, org.springframework.test.context.jdbc.SqlScriptsTestExecutionListener, org.springframework.test.context.event.EventPublishingTestExecutionListener]
2020-05-14 13:47:53.476  INFO 15060 --- [    Test worker] .b.t.a.w.s.WebMvcTestContextBootstrapper : Using TestExecutionListeners: [org.springframework.test.context.web.ServletTestExecutionListener@7884f9c3, org.springframework.test.context.support.DirtiesContextBeforeModesTestExecutionListener@7cca05da, org.springframework.boot.test.mock.mockito.MockitoTestExecutionListener@33404929, org.springframework.boot.test.autoconfigure.SpringBootDependencyInjectionTestExecutionListener@d227f6a, org.springframework.test.context.support.DirtiesContextTestExecutionListener@52b7c5ec, org.springframework.test.context.transaction.TransactionalTestExecutionListener@7efffeb5, org.springframework.test.context.jdbc.SqlScriptsTestExecutionListener@4fc7e942, org.springframework.security.test.context.support.WithSecurityContextTestExecutionListener@518006ff, org.springframework.test.context.event.EventPublishingTestExecutionListener@3df43186, org.springframework.security.test.context.support.ReactorContextTestExecutionListener@3cff7adb, org.springframework.boot.test.autoconfigure.restdocs.RestDocsTestExecutionListener@4c8219ff, org.springframework.boot.test.autoconfigure.web.client.MockRestServiceServerResetTestExecutionListener@1d64596e, org.springframework.boot.test.autoconfigure.web.servlet.MockMvcPrintOnlyOnFailureTestExecutionListener@1002345, org.springframework.boot.test.autoconfigure.web.servlet.WebDriverTestExecutionListener@466ea81c, org.springframework.boot.test.mock.mockito.ResetMocksTestExecutionListener@1a7f0ccf]

  .   ____          _            __ _ _
 /\\ / ___'_ __ _ _(_)_ __  __ _ \ \ \ \
( ( )\___ | '_ | '_| | '_ \/ _` | \ \ \ \
 \\/  ___)| |_)| | | | | || (_| |  ) ) ) )
  '  |____| .__|_| |_|_| |_\__, | / / / /
 =========|_|==============|___/=/_/_/_/
 :: Spring Boot ::        (v2.2.4.RELEASE)

2020-05-14 13:47:53.648  INFO 15060 --- [    Test worker] i.a.u.c.a.M.c.PostControllerTest         : Starting PostControllerTest on LAPTOP-82VCQFF9 with PID 15060 (started by Ali Irsyaad in C:\Users\Ali Irsyaad\OneDrive - UNIVERSITAS INDONESIA\Ali's Document\Semester 4\AdPro\myacademy\MyAc)
2020-05-14 13:47:53.648  INFO 15060 --- [    Test worker] i.a.u.c.a.M.c.PostControllerTest         : No active profile set, falling back to default profiles: default
2020-05-14 13:47:55.851  INFO 15060 --- [    Test worker] o.s.s.web.DefaultSecurityFilterChain     : Creating filter chain: any request, [org.springframework.security.web.context.request.async.WebAsyncManagerIntegrationFilter@37a3a299, org.springframework.security.web.context.SecurityContextPersistenceFilter@2affe55f, org.springframework.security.web.header.HeaderWriterFilter@57369246, org.springframework.security.web.csrf.CsrfFilter@7424eba, org.springframework.security.web.authentication.logout.LogoutFilter@21de0586, org.springframework.security.web.authentication.UsernamePasswordAuthenticationFilter@4bf0840b, org.springframework.security.web.savedrequest.RequestCacheAwareFilter@424d1388, org.springframework.security.web.servletapi.SecurityContextHolderAwareRequestFilter@218a1d25, org.springframework.security.web.authentication.AnonymousAuthenticationFilter@57a88c03, org.springframework.security.web.session.SessionManagementFilter@3f5d4b90, org.springframework.security.web.access.ExceptionTranslationFilter@71d33131, org.springframework.security.web.access.intercept.FilterSecurityInterceptor@7fe73c31]
2020-05-14 13:47:56.476  INFO 15060 --- [    Test worker] o.s.s.concurrent.ThreadPoolTaskExecutor  : Initializing ExecutorService 'applicationTaskExecutor'
2020-05-14 13:47:56.711  INFO 15060 --- [    Test worker] o.s.b.a.w.s.WelcomePageHandlerMapping    : Adding welcome page template: index
2020-05-14 13:47:57.554  INFO 15060 --- [    Test worker] o.s.b.t.m.w.SpringBootMockServletContext : Initializing Spring TestDispatcherServlet ''
2020-05-14 13:47:57.570  INFO 15060 --- [    Test worker] o.s.t.web.servlet.TestDispatcherServlet  : Initializing Servlet ''
2020-05-14 13:47:57.586  INFO 15060 --- [    Test worker] o.s.t.web.servlet.TestDispatcherServlet  : Completed initialization in 16 ms
2020-05-14 13:47:57.664  INFO 15060 --- [    Test worker] i.a.u.c.a.M.c.PostControllerTest         : Started PostControllerTest in 4.172 seconds (JVM running for 65.291)
]]></system-out>
  <system-err><![CDATA[]]></system-err>
</testsuite>
