<?xml version="1.0" encoding="UTF-8"?>
<testsuite name="id.ac.ui.cs.advprog.MyAc.controller.MainControllerTest" tests="2" skipped="0" failures="0" errors="0" timestamp="2020-05-04T14:25:21" hostname="DESKTOP-VVI2B95" time="0.463">
  <properties/>
  <testcase name="whenLoginUrlAccessedShouldReturnLoginPage()" classname="id.ac.ui.cs.advprog.MyAc.controller.MainControllerTest" time="0.431"/>
  <testcase name="whenIndexUrlAccessedShouldReturnIndexPage()" classname="id.ac.ui.cs.advprog.MyAc.controller.MainControllerTest" time="0.029"/>
  <system-out><![CDATA[2020-05-04 07:25:19.748  INFO 780 --- [    Test worker] .b.t.a.w.s.WebMvcTestContextBootstrapper : Neither @ContextConfiguration nor @ContextHierarchy found for test class [id.ac.ui.cs.advprog.MyAc.controller.MainControllerTest], using SpringBootContextLoader
2020-05-04 07:25:19.749  INFO 780 --- [    Test worker] o.s.t.c.support.AbstractContextLoader    : Could not detect default resource locations for test class [id.ac.ui.cs.advprog.MyAc.controller.MainControllerTest]: no resource found for suffixes {-context.xml, Context.groovy}.
2020-05-04 07:25:19.750  INFO 780 --- [    Test worker] t.c.s.AnnotationConfigContextLoaderUtils : Could not detect default configuration classes for test class [id.ac.ui.cs.advprog.MyAc.controller.MainControllerTest]: MainControllerTest does not declare any static, non-private, non-final, nested classes annotated with @Configuration.
2020-05-04 07:25:19.757  INFO 780 --- [    Test worker] .b.t.c.SpringBootTestContextBootstrapper : Found @SpringBootConfiguration id.ac.ui.cs.advprog.MyAc.MyAcApplication for test class id.ac.ui.cs.advprog.MyAc.controller.MainControllerTest
2020-05-04 07:25:19.758  INFO 780 --- [    Test worker] .b.t.a.w.s.WebMvcTestContextBootstrapper : Loaded default TestExecutionListener class names from location [META-INF/spring.factories]: [org.springframework.security.test.context.support.WithSecurityContextTestExecutionListener, org.springframework.security.test.context.support.ReactorContextTestExecutionListener, org.springframework.boot.test.autoconfigure.restdocs.RestDocsTestExecutionListener, org.springframework.boot.test.autoconfigure.web.client.MockRestServiceServerResetTestExecutionListener, org.springframework.boot.test.autoconfigure.web.servlet.MockMvcPrintOnlyOnFailureTestExecutionListener, org.springframework.boot.test.autoconfigure.web.servlet.WebDriverTestExecutionListener, org.springframework.boot.test.mock.mockito.MockitoTestExecutionListener, org.springframework.boot.test.mock.mockito.ResetMocksTestExecutionListener, org.springframework.test.context.web.ServletTestExecutionListener, org.springframework.test.context.support.DirtiesContextBeforeModesTestExecutionListener, org.springframework.test.context.support.DependencyInjectionTestExecutionListener, org.springframework.test.context.support.DirtiesContextTestExecutionListener, org.springframework.test.context.transaction.TransactionalTestExecutionListener, org.springframework.test.context.jdbc.SqlScriptsTestExecutionListener, org.springframework.test.context.event.EventPublishingTestExecutionListener]
2020-05-04 07:25:19.760  INFO 780 --- [    Test worker] .b.t.a.w.s.WebMvcTestContextBootstrapper : Using TestExecutionListeners: [org.springframework.test.context.web.ServletTestExecutionListener@379063bf, org.springframework.test.context.support.DirtiesContextBeforeModesTestExecutionListener@7701638f, org.springframework.boot.test.mock.mockito.MockitoTestExecutionListener@5211cd64, org.springframework.boot.test.autoconfigure.SpringBootDependencyInjectionTestExecutionListener@622d8a50, org.springframework.test.context.support.DirtiesContextTestExecutionListener@56149031, org.springframework.test.context.transaction.TransactionalTestExecutionListener@2af58c67, org.springframework.test.context.jdbc.SqlScriptsTestExecutionListener@76531eb0, org.springframework.security.test.context.support.WithSecurityContextTestExecutionListener@78227520, org.springframework.test.context.event.EventPublishingTestExecutionListener@ac5e70d, org.springframework.security.test.context.support.ReactorContextTestExecutionListener@cd5d486, org.springframework.boot.test.autoconfigure.restdocs.RestDocsTestExecutionListener@621ded32, org.springframework.boot.test.autoconfigure.web.client.MockRestServiceServerResetTestExecutionListener@97d1f24, org.springframework.boot.test.autoconfigure.web.servlet.MockMvcPrintOnlyOnFailureTestExecutionListener@2c257c89, org.springframework.boot.test.autoconfigure.web.servlet.WebDriverTestExecutionListener@ef6ec6f, org.springframework.boot.test.mock.mockito.ResetMocksTestExecutionListener@30ff4fe]

  .   ____          _            __ _ _
 /\\ / ___'_ __ _ _(_)_ __  __ _ \ \ \ \
( ( )\___ | '_ | '_| | '_ \/ _` | \ \ \ \
 \\/  ___)| |_)| | | | | || (_| |  ) ) ) )
  '  |____| .__|_| |_|_| |_\__, | / / / /
 =========|_|==============|___/=/_/_/_/
 :: Spring Boot ::        (v2.2.4.RELEASE)

2020-05-04 07:25:19.818  INFO 780 --- [    Test worker] i.a.u.c.a.M.c.MainControllerTest         : Starting MainControllerTest on DESKTOP-VVI2B95 with PID 780 (started by USER in D:\Project\myacademy fix\myacademy\MyAc)
2020-05-04 07:25:19.823  INFO 780 --- [    Test worker] i.a.u.c.a.M.c.MainControllerTest         : No active profile set, falling back to default profiles: default
2020-05-04 07:25:20.668  INFO 780 --- [    Test worker] o.s.s.web.DefaultSecurityFilterChain     : Creating filter chain: any request, [org.springframework.security.web.context.request.async.WebAsyncManagerIntegrationFilter@6a560f6c, org.springframework.security.web.context.SecurityContextPersistenceFilter@63bd2b69, org.springframework.security.web.header.HeaderWriterFilter@511302aa, org.springframework.security.web.csrf.CsrfFilter@60db7426, org.springframework.security.web.authentication.logout.LogoutFilter@1efd4ca6, org.springframework.security.web.authentication.UsernamePasswordAuthenticationFilter@e73b1d1, org.springframework.security.web.savedrequest.RequestCacheAwareFilter@656a34c5, org.springframework.security.web.servletapi.SecurityContextHolderAwareRequestFilter@2c256c90, org.springframework.security.web.authentication.AnonymousAuthenticationFilter@1ea7803a, org.springframework.security.web.session.SessionManagementFilter@587c1e04, org.springframework.security.web.access.ExceptionTranslationFilter@2e851a89, org.springframework.security.web.access.intercept.FilterSecurityInterceptor@23ce6fbd]
2020-05-04 07:25:20.982  INFO 780 --- [    Test worker] o.s.s.concurrent.ThreadPoolTaskExecutor  : Initializing ExecutorService 'applicationTaskExecutor'
2020-05-04 07:25:21.055  INFO 780 --- [    Test worker] o.s.b.a.w.s.WelcomePageHandlerMapping    : Adding welcome page template: index
2020-05-04 07:25:21.350  INFO 780 --- [    Test worker] o.s.b.t.m.w.SpringBootMockServletContext : Initializing Spring TestDispatcherServlet ''
2020-05-04 07:25:21.350  INFO 780 --- [    Test worker] o.s.t.web.servlet.TestDispatcherServlet  : Initializing Servlet ''
2020-05-04 07:25:21.368  INFO 780 --- [    Test worker] o.s.t.web.servlet.TestDispatcherServlet  : Completed initialization in 18 ms
2020-05-04 07:25:21.407  INFO 780 --- [    Test worker] i.a.u.c.a.M.c.MainControllerTest         : Started MainControllerTest in 1.632 seconds (JVM running for 10.68)
]]></system-out>
  <system-err><![CDATA[]]></system-err>
</testsuite>
