<?xml version="1.0" encoding="UTF-8"?>
<testsuite name="id.ac.ui.cs.advprog.MyAc.controller.PostControllerTest" tests="1" skipped="0" failures="0" errors="0" timestamp="2020-05-04T14:25:23" hostname="DESKTOP-VVI2B95" time="0.195">
  <properties/>
  <testcase name="whenAddUrlIsAccessedItShouldContainNewPost()" classname="id.ac.ui.cs.advprog.MyAc.controller.PostControllerTest" time="0.195"/>
  <system-out><![CDATA[2020-05-04 07:25:21.903  INFO 780 --- [    Test worker] .b.t.a.w.s.WebMvcTestContextBootstrapper : Neither @ContextConfiguration nor @ContextHierarchy found for test class [id.ac.ui.cs.advprog.MyAc.controller.PostControllerTest], using SpringBootContextLoader
2020-05-04 07:25:21.903  INFO 780 --- [    Test worker] o.s.t.c.support.AbstractContextLoader    : Could not detect default resource locations for test class [id.ac.ui.cs.advprog.MyAc.controller.PostControllerTest]: no resource found for suffixes {-context.xml, Context.groovy}.
2020-05-04 07:25:21.906  INFO 780 --- [    Test worker] t.c.s.AnnotationConfigContextLoaderUtils : Could not detect default configuration classes for test class [id.ac.ui.cs.advprog.MyAc.controller.PostControllerTest]: PostControllerTest does not declare any static, non-private, non-final, nested classes annotated with @Configuration.
2020-05-04 07:25:21.915  INFO 780 --- [    Test worker] .b.t.c.SpringBootTestContextBootstrapper : Found @SpringBootConfiguration id.ac.ui.cs.advprog.MyAc.MyAcApplication for test class id.ac.ui.cs.advprog.MyAc.controller.PostControllerTest
2020-05-04 07:25:21.916  INFO 780 --- [    Test worker] .b.t.a.w.s.WebMvcTestContextBootstrapper : Loaded default TestExecutionListener class names from location [META-INF/spring.factories]: [org.springframework.security.test.context.support.WithSecurityContextTestExecutionListener, org.springframework.security.test.context.support.ReactorContextTestExecutionListener, org.springframework.boot.test.autoconfigure.restdocs.RestDocsTestExecutionListener, org.springframework.boot.test.autoconfigure.web.client.MockRestServiceServerResetTestExecutionListener, org.springframework.boot.test.autoconfigure.web.servlet.MockMvcPrintOnlyOnFailureTestExecutionListener, org.springframework.boot.test.autoconfigure.web.servlet.WebDriverTestExecutionListener, org.springframework.boot.test.mock.mockito.MockitoTestExecutionListener, org.springframework.boot.test.mock.mockito.ResetMocksTestExecutionListener, org.springframework.test.context.web.ServletTestExecutionListener, org.springframework.test.context.support.DirtiesContextBeforeModesTestExecutionListener, org.springframework.test.context.support.DependencyInjectionTestExecutionListener, org.springframework.test.context.support.DirtiesContextTestExecutionListener, org.springframework.test.context.transaction.TransactionalTestExecutionListener, org.springframework.test.context.jdbc.SqlScriptsTestExecutionListener, org.springframework.test.context.event.EventPublishingTestExecutionListener]
2020-05-04 07:25:21.918  INFO 780 --- [    Test worker] .b.t.a.w.s.WebMvcTestContextBootstrapper : Using TestExecutionListeners: [org.springframework.test.context.web.ServletTestExecutionListener@211bacc, org.springframework.test.context.support.DirtiesContextBeforeModesTestExecutionListener@7e9ce2c0, org.springframework.boot.test.mock.mockito.MockitoTestExecutionListener@1d63b2da, org.springframework.boot.test.autoconfigure.SpringBootDependencyInjectionTestExecutionListener@533834aa, org.springframework.test.context.support.DirtiesContextTestExecutionListener@5cf023db, org.springframework.test.context.transaction.TransactionalTestExecutionListener@45e34067, org.springframework.test.context.jdbc.SqlScriptsTestExecutionListener@4516cf63, org.springframework.security.test.context.support.WithSecurityContextTestExecutionListener@57192e0f, org.springframework.test.context.event.EventPublishingTestExecutionListener@a2a31cc, org.springframework.security.test.context.support.ReactorContextTestExecutionListener@5515b896, org.springframework.boot.test.autoconfigure.restdocs.RestDocsTestExecutionListener@260b0880, org.springframework.boot.test.autoconfigure.web.client.MockRestServiceServerResetTestExecutionListener@38fc3318, org.springframework.boot.test.autoconfigure.web.servlet.MockMvcPrintOnlyOnFailureTestExecutionListener@6383d19a, org.springframework.boot.test.autoconfigure.web.servlet.WebDriverTestExecutionListener@1baa0474, org.springframework.boot.test.mock.mockito.ResetMocksTestExecutionListener@659b5089]

  .   ____          _            __ _ _
 /\\ / ___'_ __ _ _(_)_ __  __ _ \ \ \ \
( ( )\___ | '_ | '_| | '_ \/ _` | \ \ \ \
 \\/  ___)| |_)| | | | | || (_| |  ) ) ) )
  '  |____| .__|_| |_|_| |_\__, | / / / /
 =========|_|==============|___/=/_/_/_/
 :: Spring Boot ::        (v2.2.4.RELEASE)

2020-05-04 07:25:21.968  INFO 780 --- [    Test worker] i.a.u.c.a.M.c.PostControllerTest         : Starting PostControllerTest on DESKTOP-VVI2B95 with PID 780 (started by USER in D:\Project\myacademy fix\myacademy\MyAc)
2020-05-04 07:25:21.969  INFO 780 --- [    Test worker] i.a.u.c.a.M.c.PostControllerTest         : No active profile set, falling back to default profiles: default
2020-05-04 07:25:22.604  INFO 780 --- [    Test worker] o.s.s.web.DefaultSecurityFilterChain     : Creating filter chain: any request, [org.springframework.security.web.context.request.async.WebAsyncManagerIntegrationFilter@661bccc5, org.springframework.security.web.context.SecurityContextPersistenceFilter@14a88d56, org.springframework.security.web.header.HeaderWriterFilter@33878ff3, org.springframework.security.web.csrf.CsrfFilter@2725d8e2, org.springframework.security.web.authentication.logout.LogoutFilter@12909aed, org.springframework.security.web.authentication.UsernamePasswordAuthenticationFilter@6e2b3ffe, org.springframework.security.web.savedrequest.RequestCacheAwareFilter@4d10f29c, org.springframework.security.web.servletapi.SecurityContextHolderAwareRequestFilter@426704da, org.springframework.security.web.authentication.AnonymousAuthenticationFilter@c3ef094, org.springframework.security.web.session.SessionManagementFilter@1dc3a4c4, org.springframework.security.web.access.ExceptionTranslationFilter@614714d3, org.springframework.security.web.access.intercept.FilterSecurityInterceptor@57148793]
2020-05-04 07:25:22.861  INFO 780 --- [    Test worker] o.s.s.concurrent.ThreadPoolTaskExecutor  : Initializing ExecutorService 'applicationTaskExecutor'
2020-05-04 07:25:22.918  INFO 780 --- [    Test worker] o.s.b.a.w.s.WelcomePageHandlerMapping    : Adding welcome page template: index
2020-05-04 07:25:23.281  INFO 780 --- [    Test worker] o.s.b.t.m.w.SpringBootMockServletContext : Initializing Spring TestDispatcherServlet ''
2020-05-04 07:25:23.282  INFO 780 --- [    Test worker] o.s.t.web.servlet.TestDispatcherServlet  : Initializing Servlet ''
2020-05-04 07:25:23.311  INFO 780 --- [    Test worker] o.s.t.web.servlet.TestDispatcherServlet  : Completed initialization in 27 ms
2020-05-04 07:25:23.373  INFO 780 --- [    Test worker] i.a.u.c.a.M.c.PostControllerTest         : Started PostControllerTest in 1.449 seconds (JVM running for 12.655)
]]></system-out>
  <system-err><![CDATA[]]></system-err>
</testsuite>
