<?xml version="1.0" encoding="UTF-8"?>
<<<<<<< HEAD
<testsuite name="id.ac.ui.cs.advprog.MyAc.model.MatkulTest" tests="4" skipped="0" failures="0" errors="0" timestamp="2020-05-12T06:44:23" hostname="DESKTOP-VVI2B95" time="0.005">
  <properties/>
  <testcase name="testGetIsiPost()" classname="id.ac.ui.cs.advprog.MyAc.model.MatkulTest" time="0.001"/>
  <testcase name="testGetKode()" classname="id.ac.ui.cs.advprog.MyAc.model.MatkulTest" time="0.001"/>
  <testcase name="testGetNama()" classname="id.ac.ui.cs.advprog.MyAc.model.MatkulTest" time="0.001"/>
  <testcase name="testGetTopikMataKuliah()" classname="id.ac.ui.cs.advprog.MyAc.model.MatkulTest" time="0.001"/>
=======
<testsuite name="id.ac.ui.cs.advprog.MyAc.model.MatkulTest" tests="4" skipped="0" failures="0" errors="0" timestamp="2020-05-13T13:50:45" hostname="LAPTOP-82VCQFF9" time="0.089">
  <properties/>
  <testcase name="testGetIsiPost()" classname="id.ac.ui.cs.advprog.MyAc.model.MatkulTest" time="0.004"/>
  <testcase name="testGetKode()" classname="id.ac.ui.cs.advprog.MyAc.model.MatkulTest" time="0.005"/>
  <testcase name="testGetNama()" classname="id.ac.ui.cs.advprog.MyAc.model.MatkulTest" time="0.057"/>
  <testcase name="testGetTopikMataKuliah()" classname="id.ac.ui.cs.advprog.MyAc.model.MatkulTest" time="0.005"/>
>>>>>>> ali
  <system-out><![CDATA[]]></system-out>
  <system-err><![CDATA[]]></system-err>
</testsuite>
