<?xml version="1.0" encoding="UTF-8"?>
<testsuite name="id.ac.ui.cs.advprog.MyAc.controller.ForumControllerTest" tests="1" skipped="0" failures="0" errors="0" timestamp="2020-05-14T07:32:44" hostname="LAPTOP-930TCP7M" time="0.964">
  <properties/>
  <testcase name="whenForumUrlIsAccessedItShouldContainCorrectPostList()" classname="id.ac.ui.cs.advprog.MyAc.controller.ForumControllerTest" time="0.964"/>
  <system-out><![CDATA[14:32:38.141 [Test worker] DEBUG org.springframework.test.context.BootstrapUtils - Instantiating CacheAwareContextLoaderDelegate from class [org.springframework.test.context.cache.DefaultCacheAwareContextLoaderDelegate]
14:32:38.209 [Test worker] DEBUG org.springframework.test.context.BootstrapUtils - Instantiating BootstrapContext using constructor [public org.springframework.test.context.support.DefaultBootstrapContext(java.lang.Class,org.springframework.test.context.CacheAwareContextLoaderDelegate)]
14:32:38.314 [Test worker] DEBUG org.springframework.test.context.BootstrapUtils - Instantiating TestContextBootstrapper for test class [id.ac.ui.cs.advprog.MyAc.controller.ForumControllerTest] from class [org.springframework.boot.test.autoconfigure.web.servlet.WebMvcTestContextBootstrapper]
14:32:38.360 [Test worker] INFO org.springframework.boot.test.autoconfigure.web.servlet.WebMvcTestContextBootstrapper - Neither @ContextConfiguration nor @ContextHierarchy found for test class [id.ac.ui.cs.advprog.MyAc.controller.ForumControllerTest], using SpringBootContextLoader
14:32:38.374 [Test worker] DEBUG org.springframework.test.context.support.AbstractContextLoader - Did not detect default resource location for test class [id.ac.ui.cs.advprog.MyAc.controller.ForumControllerTest]: class path resource [id/ac/ui/cs/advprog/MyAc/controller/ForumControllerTest-context.xml] does not exist
14:32:38.376 [Test worker] DEBUG org.springframework.test.context.support.AbstractContextLoader - Did not detect default resource location for test class [id.ac.ui.cs.advprog.MyAc.controller.ForumControllerTest]: class path resource [id/ac/ui/cs/advprog/MyAc/controller/ForumControllerTestContext.groovy] does not exist
14:32:38.377 [Test worker] INFO org.springframework.test.context.support.AbstractContextLoader - Could not detect default resource locations for test class [id.ac.ui.cs.advprog.MyAc.controller.ForumControllerTest]: no resource found for suffixes {-context.xml, Context.groovy}.
14:32:38.380 [Test worker] INFO org.springframework.test.context.support.AnnotationConfigContextLoaderUtils - Could not detect default configuration classes for test class [id.ac.ui.cs.advprog.MyAc.controller.ForumControllerTest]: ForumControllerTest does not declare any static, non-private, non-final, nested classes annotated with @Configuration.
14:32:38.555 [Test worker] DEBUG org.springframework.test.context.support.ActiveProfilesUtils - Could not find an 'annotation declaring class' for annotation type [org.springframework.test.context.ActiveProfiles] and class [id.ac.ui.cs.advprog.MyAc.controller.ForumControllerTest]
14:32:38.759 [Test worker] DEBUG org.springframework.context.annotation.ClassPathScanningCandidateComponentProvider - Identified candidate component class: file [C:\Users\Gafi Irfandi\OneDrive\Documents\Semester 4\AdPro\MyAcClone\myacademy\MyAc\build\classes\java\main\id\ac\ui\cs\advprog\MyAc\MyAcApplication.class]
14:32:38.761 [Test worker] INFO org.springframework.boot.test.context.SpringBootTestContextBootstrapper - Found @SpringBootConfiguration id.ac.ui.cs.advprog.MyAc.MyAcApplication for test class id.ac.ui.cs.advprog.MyAc.controller.ForumControllerTest
14:32:38.766 [Test worker] DEBUG org.springframework.boot.test.autoconfigure.web.servlet.WebMvcTestContextBootstrapper - @TestExecutionListeners is not present for class [id.ac.ui.cs.advprog.MyAc.controller.ForumControllerTest]: using defaults.
14:32:38.768 [Test worker] INFO org.springframework.boot.test.autoconfigure.web.servlet.WebMvcTestContextBootstrapper - Loaded default TestExecutionListener class names from location [META-INF/spring.factories]: [org.springframework.security.test.context.support.WithSecurityContextTestExecutionListener, org.springframework.security.test.context.support.ReactorContextTestExecutionListener, org.springframework.boot.test.autoconfigure.restdocs.RestDocsTestExecutionListener, org.springframework.boot.test.autoconfigure.web.client.MockRestServiceServerResetTestExecutionListener, org.springframework.boot.test.autoconfigure.web.servlet.MockMvcPrintOnlyOnFailureTestExecutionListener, org.springframework.boot.test.autoconfigure.web.servlet.WebDriverTestExecutionListener, org.springframework.boot.test.mock.mockito.MockitoTestExecutionListener, org.springframework.boot.test.mock.mockito.ResetMocksTestExecutionListener, org.springframework.test.context.web.ServletTestExecutionListener, org.springframework.test.context.support.DirtiesContextBeforeModesTestExecutionListener, org.springframework.test.context.support.DependencyInjectionTestExecutionListener, org.springframework.test.context.support.DirtiesContextTestExecutionListener, org.springframework.test.context.transaction.TransactionalTestExecutionListener, org.springframework.test.context.jdbc.SqlScriptsTestExecutionListener, org.springframework.test.context.event.EventPublishingTestExecutionListener]
14:32:38.860 [Test worker] INFO org.springframework.boot.test.autoconfigure.web.servlet.WebMvcTestContextBootstrapper - Using TestExecutionListeners: [org.springframework.test.context.web.ServletTestExecutionListener@40255dac, org.springframework.test.context.support.DirtiesContextBeforeModesTestExecutionListener@7deac309, org.springframework.boot.test.mock.mockito.MockitoTestExecutionListener@2f1631cc, org.springframework.boot.test.autoconfigure.SpringBootDependencyInjectionTestExecutionListener@a765a69, org.springframework.test.context.support.DirtiesContextTestExecutionListener@60d4aeb6, org.springframework.test.context.transaction.TransactionalTestExecutionListener@4b8ddb2e, org.springframework.test.context.jdbc.SqlScriptsTestExecutionListener@558b0bc2, org.springframework.security.test.context.support.WithSecurityContextTestExecutionListener@6d96b608, org.springframework.test.context.event.EventPublishingTestExecutionListener@28f21412, org.springframework.security.test.context.support.ReactorContextTestExecutionListener@d03ee89, org.springframework.boot.test.autoconfigure.restdocs.RestDocsTestExecutionListener@db31f0, org.springframework.boot.test.autoconfigure.web.client.MockRestServiceServerResetTestExecutionListener@58a5f115, org.springframework.boot.test.autoconfigure.web.servlet.MockMvcPrintOnlyOnFailureTestExecutionListener@604f3c97, org.springframework.boot.test.autoconfigure.web.servlet.WebDriverTestExecutionListener@72aae1b1, org.springframework.boot.test.mock.mockito.ResetMocksTestExecutionListener@2ba71aa5]
14:32:38.880 [Test worker] DEBUG org.springframework.test.context.support.AbstractDirtiesContextTestExecutionListener - Before test class: context [DefaultTestContext@6cbc17ab testClass = ForumControllerTest, testInstance = [null], testMethod = [null], testException = [null], mergedContextConfiguration = [WebMergedContextConfiguration@6bdd392c testClass = ForumControllerTest, locations = '{}', classes = '{class id.ac.ui.cs.advprog.MyAc.MyAcApplication}', contextInitializerClasses = '[]', activeProfiles = '{}', propertySourceLocations = '{}', propertySourceProperties = '{org.springframework.boot.test.autoconfigure.web.servlet.WebMvcTestContextBootstrapper=true}', contextCustomizers = set[org.springframework.boot.test.autoconfigure.OverrideAutoConfigurationContextCustomizerFactory$DisableAutoConfigurationContextCustomizer@6541feb8, org.springframework.boot.test.autoconfigure.filter.TypeExcludeFiltersContextCustomizer@b69125ce, org.springframework.boot.test.autoconfigure.properties.PropertyMappingContextCustomizer@1b243dc1, org.springframework.boot.test.autoconfigure.web.servlet.WebDriverContextCustomizerFactory$Customizer@6ff68f96, [ImportsContextCustomizer@33b401d key = [org.springframework.boot.autoconfigure.cache.CacheAutoConfiguration, org.springframework.boot.autoconfigure.context.MessageSourceAutoConfiguration, org.springframework.boot.autoconfigure.data.web.SpringDataWebAutoConfiguration, org.springframework.boot.autoconfigure.freemarker.FreeMarkerAutoConfiguration, org.springframework.boot.autoconfigure.groovy.template.GroovyTemplateAutoConfiguration, org.springframework.boot.autoconfigure.gson.GsonAutoConfiguration, org.springframework.boot.autoconfigure.hateoas.HypermediaAutoConfiguration, org.springframework.boot.autoconfigure.http.HttpMessageConvertersAutoConfiguration, org.springframework.boot.autoconfigure.jackson.JacksonAutoConfiguration, org.springframework.boot.autoconfigure.jsonb.JsonbAutoConfiguration, org.springframework.boot.autoconfigure.mustache.MustacheAutoConfiguration, org.springframework.boot.autoconfigure.task.TaskExecutionAutoConfiguration, org.springframework.boot.autoconfigure.thymeleaf.ThymeleafAutoConfiguration, org.springframework.boot.autoconfigure.validation.ValidationAutoConfiguration, org.springframework.boot.autoconfigure.web.servlet.error.ErrorMvcAutoConfiguration, org.springframework.boot.autoconfigure.web.servlet.WebMvcAutoConfiguration, org.springframework.boot.test.autoconfigure.web.servlet.MockMvcAutoConfiguration, org.springframework.boot.test.autoconfigure.web.servlet.MockMvcWebClientAutoConfiguration, org.springframework.boot.test.autoconfigure.web.servlet.MockMvcWebDriverAutoConfiguration, org.springframework.boot.autoconfigure.security.servlet.SecurityAutoConfiguration, org.springframework.boot.autoconfigure.security.servlet.UserDetailsServiceAutoConfiguration, org.springframework.boot.test.autoconfigure.web.servlet.MockMvcSecurityConfiguration]], org.springframework.boot.test.context.filter.ExcludeFilterContextCustomizer@6e353003, org.springframework.boot.test.json.DuplicateJsonObjectContextCustomizerFactory$DuplicateJsonObjectContextCustomizer@3bf8950e, org.springframework.boot.test.mock.mockito.MockitoContextCustomizer@34d14342], resourceBasePath = 'src/main/webapp', contextLoader = 'org.springframework.boot.test.context.SpringBootContextLoader', parent = [null]], attributes = map[[empty]]], class annotated with @DirtiesContext [false] with mode [null].
14:32:39.186 [Test worker] DEBUG org.springframework.test.context.support.TestPropertySourceUtils - Adding inlined properties to environment: {spring.jmx.enabled=false, org.springframework.boot.test.autoconfigure.web.servlet.WebMvcTestContextBootstrapper=true, server.port=-1}

  .   ____          _            __ _ _
 /\\ / ___'_ __ _ _(_)_ __  __ _ \ \ \ \
( ( )\___ | '_ | '_| | '_ \/ _` | \ \ \ \
 \\/  ___)| |_)| | | | | || (_| |  ) ) ) )
  '  |____| .__|_| |_|_| |_\__, | / / / /
 =========|_|==============|___/=/_/_/_/
 :: Spring Boot ::        (v2.2.4.RELEASE)

2020-05-14 14:32:39.885  INFO 23072 --- [    Test worker] i.a.u.c.a.M.c.ForumControllerTest        : Starting ForumControllerTest on LAPTOP-930TCP7M with PID 23072 (started by Gafi Irfandi in C:\Users\Gafi Irfandi\OneDrive\Documents\Semester 4\AdPro\MyAcClone\myacademy\MyAc)
2020-05-14 14:32:39.891  INFO 23072 --- [    Test worker] i.a.u.c.a.M.c.ForumControllerTest        : No active profile set, falling back to default profiles: default
2020-05-14 14:32:43.522  INFO 23072 --- [    Test worker] o.s.s.web.DefaultSecurityFilterChain     : Creating filter chain: any request, [org.springframework.security.web.context.request.async.WebAsyncManagerIntegrationFilter@67f1280, org.springframework.security.web.context.SecurityContextPersistenceFilter@459ceb72, org.springframework.security.web.header.HeaderWriterFilter@71347112, org.springframework.security.web.csrf.CsrfFilter@11d9bdac, org.springframework.security.web.authentication.logout.LogoutFilter@6a9452e1, org.springframework.security.web.authentication.UsernamePasswordAuthenticationFilter@3fc477f7, org.springframework.security.web.savedrequest.RequestCacheAwareFilter@2e8517a9, org.springframework.security.web.servletapi.SecurityContextHolderAwareRequestFilter@1bb0a797, org.springframework.security.web.authentication.AnonymousAuthenticationFilter@5a893ab8, org.springframework.security.web.session.SessionManagementFilter@1e377cbb, org.springframework.security.web.access.ExceptionTranslationFilter@79cf7cbf, org.springframework.security.web.access.intercept.FilterSecurityInterceptor@52e242cf]
2020-05-14 14:32:44.111  INFO 23072 --- [    Test worker] o.s.s.concurrent.ThreadPoolTaskExecutor  : Initializing ExecutorService 'applicationTaskExecutor'
2020-05-14 14:32:44.327  INFO 23072 --- [    Test worker] o.s.b.a.w.s.WelcomePageHandlerMapping    : Adding welcome page template: index
2020-05-14 14:32:44.798  INFO 23072 --- [    Test worker] o.s.b.t.m.w.SpringBootMockServletContext : Initializing Spring TestDispatcherServlet ''
2020-05-14 14:32:44.798  INFO 23072 --- [    Test worker] o.s.t.web.servlet.TestDispatcherServlet  : Initializing Servlet ''
2020-05-14 14:32:44.830  INFO 23072 --- [    Test worker] o.s.t.web.servlet.TestDispatcherServlet  : Completed initialization in 31 ms
2020-05-14 14:32:44.920  INFO 23072 --- [    Test worker] i.a.u.c.a.M.c.ForumControllerTest        : Started ForumControllerTest in 5.708 seconds (JVM running for 10.048)
]]></system-out>
  <system-err><![CDATA[]]></system-err>
</testsuite>
