<?xml version="1.0" encoding="UTF-8"?>
<testsuite name="id.ac.ui.cs.advprog.MyAc.model.UserTest" tests="8" skipped="0" failures="0" errors="0" timestamp="2020-05-04T06:50:52" hostname="DESKTOP-VVI2B95" time="0.011">
  <properties/>
  <testcase name="testSetPassword()" classname="id.ac.ui.cs.advprog.MyAc.model.UserTest" time="0.001"/>
  <testcase name="testGetPassword()" classname="id.ac.ui.cs.advprog.MyAc.model.UserTest" time="0.001"/>
  <testcase name="testGetEmail()" classname="id.ac.ui.cs.advprog.MyAc.model.UserTest" time="0.0"/>
  <testcase name="testSetFirstName()" classname="id.ac.ui.cs.advprog.MyAc.model.UserTest" time="0.001"/>
  <testcase name="testSetLastName()" classname="id.ac.ui.cs.advprog.MyAc.model.UserTest" time="0.001"/>
  <testcase name="testGetLastName()" classname="id.ac.ui.cs.advprog.MyAc.model.UserTest" time="0.001"/>
  <testcase name="testGetFirstName()" classname="id.ac.ui.cs.advprog.MyAc.model.UserTest" time="0.001"/>
  <testcase name="testSetEmail()" classname="id.ac.ui.cs.advprog.MyAc.model.UserTest" time="0.001"/>
  <system-out><![CDATA[]]></system-out>
  <system-err><![CDATA[]]></system-err>
</testsuite>
