<?xml version="1.0" encoding="UTF-8"?>
<testsuite name="id.ac.ui.cs.advprog.MyAc.controller.ShortPlanControllerTest" tests="1" skipped="0" failures="0" errors="0" timestamp="2020-05-14T06:23:55" hostname="LAPTOP-82VCQFF9" time="0.263">
  <properties/>
  <testcase name="testWhenComponentListURLIsAccessedItShouldContainCorrectDefaultComponentModel()" classname="id.ac.ui.cs.advprog.MyAc.controller.ShortPlanControllerTest" time="0.263"/>
  <system-out><![CDATA[2020-05-14 13:23:50.622  INFO 15112 --- [    Test worker] .b.t.a.w.s.WebMvcTestContextBootstrapper : Neither @ContextConfiguration nor @ContextHierarchy found for test class [id.ac.ui.cs.advprog.MyAc.controller.ShortPlanControllerTest], using SpringBootContextLoader
2020-05-14 13:23:50.638  INFO 15112 --- [    Test worker] o.s.t.c.support.AbstractContextLoader    : Could not detect default resource locations for test class [id.ac.ui.cs.advprog.MyAc.controller.ShortPlanControllerTest]: no resource found for suffixes {-context.xml, Context.groovy}.
2020-05-14 13:23:50.638  INFO 15112 --- [    Test worker] t.c.s.AnnotationConfigContextLoaderUtils : Could not detect default configuration classes for test class [id.ac.ui.cs.advprog.MyAc.controller.ShortPlanControllerTest]: ShortPlanControllerTest does not declare any static, non-private, non-final, nested classes annotated with @Configuration.
2020-05-14 13:23:50.700  INFO 15112 --- [    Test worker] .b.t.c.SpringBootTestContextBootstrapper : Found @SpringBootConfiguration id.ac.ui.cs.advprog.MyAc.MyAcApplication for test class id.ac.ui.cs.advprog.MyAc.controller.ShortPlanControllerTest
2020-05-14 13:23:50.700  INFO 15112 --- [    Test worker] .b.t.a.w.s.WebMvcTestContextBootstrapper : Loaded default TestExecutionListener class names from location [META-INF/spring.factories]: [org.springframework.security.test.context.support.WithSecurityContextTestExecutionListener, org.springframework.security.test.context.support.ReactorContextTestExecutionListener, org.springframework.boot.test.autoconfigure.restdocs.RestDocsTestExecutionListener, org.springframework.boot.test.autoconfigure.web.client.MockRestServiceServerResetTestExecutionListener, org.springframework.boot.test.autoconfigure.web.servlet.MockMvcPrintOnlyOnFailureTestExecutionListener, org.springframework.boot.test.autoconfigure.web.servlet.WebDriverTestExecutionListener, org.springframework.boot.test.mock.mockito.MockitoTestExecutionListener, org.springframework.boot.test.mock.mockito.ResetMocksTestExecutionListener, org.springframework.test.context.web.ServletTestExecutionListener, org.springframework.test.context.support.DirtiesContextBeforeModesTestExecutionListener, org.springframework.test.context.support.DependencyInjectionTestExecutionListener, org.springframework.test.context.support.DirtiesContextTestExecutionListener, org.springframework.test.context.transaction.TransactionalTestExecutionListener, org.springframework.test.context.jdbc.SqlScriptsTestExecutionListener, org.springframework.test.context.event.EventPublishingTestExecutionListener]
2020-05-14 13:23:50.716  INFO 15112 --- [    Test worker] .b.t.a.w.s.WebMvcTestContextBootstrapper : Using TestExecutionListeners: [org.springframework.test.context.web.ServletTestExecutionListener@44c63cc1, org.springframework.test.context.support.DirtiesContextBeforeModesTestExecutionListener@7ea52c33, org.springframework.boot.test.mock.mockito.MockitoTestExecutionListener@5490986f, org.springframework.boot.test.autoconfigure.SpringBootDependencyInjectionTestExecutionListener@4aaa6f9, org.springframework.test.context.support.DirtiesContextTestExecutionListener@71ffa299, org.springframework.test.context.transaction.TransactionalTestExecutionListener@266ccc21, org.springframework.test.context.jdbc.SqlScriptsTestExecutionListener@76ef6b63, org.springframework.security.test.context.support.WithSecurityContextTestExecutionListener@27a39629, org.springframework.test.context.event.EventPublishingTestExecutionListener@2b44032e, org.springframework.security.test.context.support.ReactorContextTestExecutionListener@6b89dfa3, org.springframework.boot.test.autoconfigure.restdocs.RestDocsTestExecutionListener@663015c2, org.springframework.boot.test.autoconfigure.web.client.MockRestServiceServerResetTestExecutionListener@5d99d5f3, org.springframework.boot.test.autoconfigure.web.servlet.MockMvcPrintOnlyOnFailureTestExecutionListener@564fe01d, org.springframework.boot.test.autoconfigure.web.servlet.WebDriverTestExecutionListener@731e59b0, org.springframework.boot.test.mock.mockito.ResetMocksTestExecutionListener@1566cc14]

  .   ____          _            __ _ _
 /\\ / ___'_ __ _ _(_)_ __  __ _ \ \ \ \
( ( )\___ | '_ | '_| | '_ \/ _` | \ \ \ \
 \\/  ___)| |_)| | | | | || (_| |  ) ) ) )
  '  |____| .__|_| |_|_| |_\__, | / / / /
 =========|_|==============|___/=/_/_/_/
 :: Spring Boot ::        (v2.2.4.RELEASE)

2020-05-14 13:23:50.934  INFO 15112 --- [    Test worker] i.a.u.c.a.M.c.ShortPlanControllerTest    : Starting ShortPlanControllerTest on LAPTOP-82VCQFF9 with PID 15112 (started by Ali Irsyaad in C:\Users\Ali Irsyaad\OneDrive - UNIVERSITAS INDONESIA\Ali's Document\Semester 4\AdPro\myacademy\MyAc)
2020-05-14 13:23:50.934  INFO 15112 --- [    Test worker] i.a.u.c.a.M.c.ShortPlanControllerTest    : No active profile set, falling back to default profiles: default
2020-05-14 13:23:53.810  INFO 15112 --- [    Test worker] o.s.s.web.DefaultSecurityFilterChain     : Creating filter chain: any request, [org.springframework.security.web.context.request.async.WebAsyncManagerIntegrationFilter@1aa2b9c1, org.springframework.security.web.context.SecurityContextPersistenceFilter@54b62465, org.springframework.security.web.header.HeaderWriterFilter@69b41ff3, org.springframework.security.web.csrf.CsrfFilter@550375f7, org.springframework.security.web.authentication.logout.LogoutFilter@17d2a543, org.springframework.security.web.authentication.UsernamePasswordAuthenticationFilter@31950c4c, org.springframework.security.web.savedrequest.RequestCacheAwareFilter@3fcfdd1, org.springframework.security.web.servletapi.SecurityContextHolderAwareRequestFilter@4afe21da, org.springframework.security.web.authentication.AnonymousAuthenticationFilter@75f31d4c, org.springframework.security.web.session.SessionManagementFilter@1a545615, org.springframework.security.web.access.ExceptionTranslationFilter@6ea3efc, org.springframework.security.web.access.intercept.FilterSecurityInterceptor@7b67c960]
2020-05-14 13:23:54.685  INFO 15112 --- [    Test worker] o.s.s.concurrent.ThreadPoolTaskExecutor  : Initializing ExecutorService 'applicationTaskExecutor'
2020-05-14 13:23:54.919  INFO 15112 --- [    Test worker] o.s.b.a.w.s.WelcomePageHandlerMapping    : Adding welcome page template: index
2020-05-14 13:23:55.747  INFO 15112 --- [    Test worker] o.s.b.t.m.w.SpringBootMockServletContext : Initializing Spring TestDispatcherServlet ''
2020-05-14 13:23:55.747  INFO 15112 --- [    Test worker] o.s.t.web.servlet.TestDispatcherServlet  : Initializing Servlet ''
2020-05-14 13:23:55.779  INFO 15112 --- [    Test worker] o.s.t.web.servlet.TestDispatcherServlet  : Completed initialization in 16 ms
2020-05-14 13:23:55.904  INFO 15112 --- [    Test worker] i.a.u.c.a.M.c.ShortPlanControllerTest    : Started ShortPlanControllerTest in 5.176 seconds (JVM running for 54.524)
]]></system-out>
  <system-err><![CDATA[]]></system-err>
</testsuite>
