<?xml version="1.0" encoding="UTF-8"?>
<testsuite name="id.ac.ui.cs.advprog.tutorial5.model.SoulTest" tests="10" skipped="0" failures="0" errors="0" timestamp="2020-03-11T06:30:09" hostname="LAPTOP-930TCP7M" time="0.157">
  <properties/>
  <testcase name="getAge()" classname="id.ac.ui.cs.advprog.tutorial5.model.SoulTest" time="0.115"/>
  <testcase name="setAge()" classname="id.ac.ui.cs.advprog.tutorial5.model.SoulTest" time="0.002"/>
  <testcase name="getName()" classname="id.ac.ui.cs.advprog.tutorial5.model.SoulTest" time="0.002"/>
  <testcase name="getId()" classname="id.ac.ui.cs.advprog.tutorial5.model.SoulTest" time="0.003"/>
  <testcase name="setId()" classname="id.ac.ui.cs.advprog.tutorial5.model.SoulTest" time="0.001"/>
  <testcase name="setGender()" classname="id.ac.ui.cs.advprog.tutorial5.model.SoulTest" time="0.001"/>
  <testcase name="getGender()" classname="id.ac.ui.cs.advprog.tutorial5.model.SoulTest" time="0.002"/>
  <testcase name="getOccupation()" classname="id.ac.ui.cs.advprog.tutorial5.model.SoulTest" time="0.005"/>
  <testcase name="setName()" classname="id.ac.ui.cs.advprog.tutorial5.model.SoulTest" time="0.003"/>
  <testcase name="setOccupation()" classname="id.ac.ui.cs.advprog.tutorial5.model.SoulTest" time="0.005"/>
  <system-out><![CDATA[]]></system-out>
  <system-err><![CDATA[]]></system-err>
</testsuite>
